{"name": "test_create_aim_psychologist", "status": "broken", "statusDetails": {"message": "selenium.common.exceptions.TimeoutException: Message: \nStacktrace:\nBacktrace:\n\tGetHandleVerifier [0x00007FF640543E62+57250]\n\t(No symbol) [0x00007FF6404BBC02]\n\t(No symbol) [0x00007FF64038E0BB]\n\t(No symbol) [0x00007FF6403C765E]\n\t(No symbol) [0x00007FF6403C774C]\n\t(No symbol) [0x00007FF640400267]\n\t(No symbol) [0x00007FF6403E67EF]\n\t(No symbol) [0x00007FF6403FE312]\n\t(No symbol) [0x00007FF6403E6583]\n\t(No symbol) [0x00007FF6403BCC71]\n\t(No symbol) [0x00007FF6403BDE54]\n\tGetHandleVerifier [0x00007FF6407F4CF2+2879026]\n\tGetHandleVerifier [0x00007FF640846F30+3215472]\n\tGetHandleVerifier [0x00007FF64083FD4F+3186319]\n\tGetHandleVerifier [0x00007FF6405D5505+652869]\n\t(No symbol) [0x00007FF6404C7518]\n\t(No symbol) [0x00007FF6404C35F4]\n\t(No symbol) [0x00007FF6404C36EC]\n\t(No symbol) [0x00007FF6404B38E3]\n\tBaseThreadInitThunk [0x00007FFD63ED7344+20]\n\tRtlUserThreadStart [0x00007FFD659C26B1+33]", "trace": "authorization_page = <pages.authorization_page.AuthorizationPage object at 0x000001A965594D90>\n\n    def test_create_aim_psychologist(authorization_page):\n        authorization_page.click_to_login_button()\n        authorization_page.click_to_login_w_password_button()\n        authorization_page.set_email_psychologist()\n        authorization_page.set_password_pass()\n        authorization_page.click_to_authorize_button()\n        authorization_page.click_to_clients_and_aims_menu_psychologist()\n        authorization_page.select_aygul_clients_and_aims_menu_psychologist()\n>       authorization_page.click_add_new_aim_button_psychologist()\n\ntests\\test_authorization.py:541: \n_ _ _ _ _ _ _ _ _ _ _ _ _ _ _ _ _ _ _ _ _ _ _ _ _ _ _ _ _ _ _ _ _ _ _ _ _ _ _ _ _ _ _ _ _ _ _ _ _ _ _ _ _ _ _ _ _ _ _ _ _ _ _ _ _ _ _ _ _ _ _ _ _ _ _ \npages\\authorization_page.py:842: in click_add_new_aim_button_psychologist\n    self.to_click(AuthorizationLocators.ADD_NEW_AIM_BUTTON_PSYCHOLOGIST)\nbase\\base_object.py:32: in to_click\n    self.is_clickable(locator).click()\nbase\\base_object.py:24: in is_clickable\n    return self.wait.until(ec.element_to_be_clickable(locator))\n_ _ _ _ _ _ _ _ _ _ _ _ _ _ _ _ _ _ _ _ _ _ _ _ _ _ _ _ _ _ _ _ _ _ _ _ _ _ _ _ _ _ _ _ _ _ _ _ _ _ _ _ _ _ _ _ _ _ _ _ _ _ _ _ _ _ _ _ _ _ _ _ _ _ _ \n\nself = <selenium.webdriver.support.wait.WebDriverWait (session=\"7588f710d7b144f93830863672166ed4\")>\nmethod = <function element_to_be_clickable.<locals>._predicate at 0x000001A965598430>, message = ''\n\n    def until(self, method, message: str = \"\"):\n        \"\"\"Calls the method provided with the driver as an argument until the \\\n        return value does not evaluate to ``False``.\n    \n        :param method: callable(WebDriver)\n        :param message: optional message for :exc:`TimeoutException`\n        :returns: the result of the last call to `method`\n        :raises: :exc:`selenium.common.exceptions.TimeoutException` if timeout occurs\n        \"\"\"\n        screen = None\n        stacktrace = None\n    \n        end_time = time.monotonic() + self._timeout\n        while True:\n            try:\n                value = method(self._driver)\n                if value:\n                    return value\n            except self._ignored_exceptions as exc:\n                screen = getattr(exc, \"screen\", None)\n                stacktrace = getattr(exc, \"stacktrace\", None)\n            time.sleep(self._poll)\n            if time.monotonic() > end_time:\n                break\n>       raise TimeoutException(message, screen, stacktrace)\nE       selenium.common.exceptions.TimeoutException: Message: \nE       Stacktrace:\nE       Backtrace:\nE       \tGetHandleVerifier [0x00007FF640543E62+57250]\nE       \t(No symbol) [0x00007FF6404BBC02]\nE       \t(No symbol) [0x00007FF64038E0BB]\nE       \t(No symbol) [0x00007FF6403C765E]\nE       \t(No symbol) [0x00007FF6403C774C]\nE       \t(No symbol) [0x00007FF640400267]\nE       \t(No symbol) [0x00007FF6403E67EF]\nE       \t(No symbol) [0x00007FF6403FE312]\nE       \t(No symbol) [0x00007FF6403E6583]\nE       \t(No symbol) [0x00007FF6403BCC71]\nE       \t(No symbol) [0x00007FF6403BDE54]\nE       \tGetHandleVerifier [0x00007FF6407F4CF2+2879026]\nE       \tGetHandleVerifier [0x00007FF640846F30+3215472]\nE       \tGetHandleVerifier [0x00007FF64083FD4F+3186319]\nE       \tGetHandleVerifier [0x00007FF6405D5505+652869]\nE       \t(No symbol) [0x00007FF6404C7518]\nE       \t(No symbol) [0x00007FF6404C35F4]\nE       \t(No symbol) [0x00007FF6404C36EC]\nE       \t(No symbol) [0x00007FF6404B38E3]\nE       \tBaseThreadInitThunk [0x00007FFD63ED7344+20]\nE       \tRtlUserThreadStart [0x00007FFD659C26B1+33]\n\nvenv\\lib\\site-packages\\selenium\\webdriver\\support\\wait.py:95: TimeoutException"}, "steps": [{"name": "clicking to \"Login\" button", "status": "passed", "start": 1694674999052, "stop": 1694675002688}, {"name": "clicking to \"Login with password\" button", "status": "passed", "start": 1694675002689, "stop": 1694675002933}, {"name": "set up password", "status": "passed", "start": 1694675003363, "stop": 1694675003594}, {"name": "clicking to \"Authorize\" button", "status": "passed", "start": 1694675003594, "stop": 1694675003746}, {"name": "click to \"clients and aims\" button in menu navigation of psychologist account", "status": "passed", "start": 1694675003746, "stop": 1694675007144}, {"name": "select Aygul-test in \"clients and aims\" of menu navigation of psychologist account", "status": "passed", "start": 1694675007144, "stop": 1694675007392}, {"name": "click \"Add new aim\" button psychologist account", "status": "broken", "statusDetails": {"message": "selenium.common.exceptions.TimeoutException: Message: \nStacktrace:\nBacktrace:\n\tGetHandleVerifier [0x00007FF640543E62+57250]\n\t(No symbol) [0x00007FF6404BBC02]\n\t(No symbol) [0x00007FF64038E0BB]\n\t(No symbol) [0x00007FF6403C765E]\n\t(No symbol) [0x00007FF6403C774C]\n\t(No symbol) [0x00007FF640400267]\n\t(No symbol) [0x00007FF6403E67EF]\n\t(No symbol) [0x00007FF6403FE312]\n\t(No symbol) [0x00007FF6403E6583]\n\t(No symbol) [0x00007FF6403BCC71]\n\t(No symbol) [0x00007FF6403BDE54]\n\tGetHandleVerifier [0x00007FF6407F4CF2+2879026]\n\tGetHandleVerifier [0x00007FF640846F30+3215472]\n\tGetHandleVerifier [0x00007FF64083FD4F+3186319]\n\tGetHandleVerifier [0x00007FF6405D5505+652869]\n\t(No symbol) [0x00007FF6404C7518]\n\t(No symbol) [0x00007FF6404C35F4]\n\t(No symbol) [0x00007FF6404C36EC]\n\t(No symbol) [0x00007FF6404B38E3]\n\tBaseThreadInitThunk [0x00007FFD63ED7344+20]\n\tRtlUserThreadStart [0x00007FFD659C26B1+33]\n\n", "trace": "  File \"C:\\Users\\Owner\\PycharmProjects\\LifeHelp\\venv\\lib\\site-packages\\allure_commons\\_allure.py\", line 192, in impl\n    return func(*a, **kw)\n  File \"C:\\Users\\Owner\\PycharmProjects\\LifeHelp\\pages\\authorization_page.py\", line 842, in click_add_new_aim_button_psychologist\n    self.to_click(AuthorizationLocators.ADD_NEW_AIM_BUTTON_PSYCHOLOGIST)\n  File \"C:\\Users\\Owner\\PycharmProjects\\LifeHelp\\base\\base_object.py\", line 32, in to_click\n    self.is_clickable(locator).click()\n  File \"C:\\Users\\Owner\\PycharmProjects\\LifeHelp\\base\\base_object.py\", line 24, in is_clickable\n    return self.wait.until(ec.element_to_be_clickable(locator))\n  File \"C:\\Users\\Owner\\PycharmProjects\\LifeHelp\\venv\\lib\\site-packages\\selenium\\webdriver\\support\\wait.py\", line 95, in until\n    raise TimeoutException(message, screen, stacktrace)\n"}, "start": 1694675007393, "stop": 1694675012753}], "start": 1694674999052, "stop": 1694675012786, "uuid": "b50be7f6-a5d5-4b7f-8321-c371991038eb", "historyId": "433ad808c381eb4345eb4553c6505def", "testCaseId": "fbe9c81eddfab88b79096636cb0e514a", "fullName": "tests.test_authorization#test_create_aim_psychologist", "labels": [{"name": "parentSuite", "value": "tests"}, {"name": "suite", "value": "test_authorization"}, {"name": "host", "value": "DESKTOP-MNCDD93"}, {"name": "thread", "value": "17844-MainThread"}, {"name": "framework", "value": "pytest"}, {"name": "language", "value": "cpython3"}, {"name": "package", "value": "tests.test_authorization"}]}