{"name": "test_client_second_session_order_tinkoff_kassa", "status": "broken", "statusDetails": {"message": "selenium.common.exceptions.TimeoutException: Message: \nStacktrace:\nBacktrace:\n\tGetHandleVerifier [0x00007FF79C603E62+57250]\n\t(No symbol) [0x00007FF79C57BC02]\n\t(No symbol) [0x00007FF79C44E0BB]\n\t(No symbol) [0x00007FF79C48765E]\n\t(No symbol) [0x00007FF79C48774C]\n\t(No symbol) [0x00007FF79C4C0267]\n\t(No symbol) [0x00007FF79C4A67EF]\n\t(No symbol) [0x00007FF79C4BE312]\n\t(No symbol) [0x00007FF79C4A6583]\n\t(No symbol) [0x00007FF79C47CC71]\n\t(No symbol) [0x00007FF79C47DE54]\n\tGetHandleVerifier [0x00007FF79C8B4CF2+2879026]\n\tGetHandleVerifier [0x00007FF79C906F30+3215472]\n\tGetHandleVerifier [0x00007FF79C8FFD4F+3186319]\n\tGetHandleVerifier [0x00007FF79C695505+652869]\n\t(No symbol) [0x00007FF79C587518]\n\t(No symbol) [0x00007FF79C5835F4]\n\t(No symbol) [0x00007FF79C5836EC]\n\t(No symbol) [0x00007FF79C5738E3]\n\tBaseThreadInitThunk [0x00007FFF1B0A7614+20]\n\tRtlUserThreadStart [0x00007FFF1B8426B1+33]", "trace": "authorization_page = <pages.authorization_page.AuthorizationPage object at 0x000002CD7CF980A0>\n\n    def test_client_second_session_order_tinkoff_kassa (authorization_page):\n        authorization_page.click_to_login_button()\n        authorization_page.click_to_login_w_password_button()\n        authorization_page.set_phone_password_authorization()\n        authorization_page.set_password_pass()\n        authorization_page.click_to_authorize_button()\n        authorization_page.click_terminated_sessions_title()\n        authorization_page.click_order_session_again_button()\n        authorization_page.select_time_session_schedule_psychologist()\n        authorization_page.click_rapid_go_payment_btn()\n        authorization_page.click_card_rf_button_session()\n        authorization_page.click_pay_online_button_session()\n        authorization_page.click_no_continue_payment_button_order_page()\n>       authorization_page.verify_location_tinkoff_kassa_page()\n\ntests\\test_authorization.py:177: \n_ _ _ _ _ _ _ _ _ _ _ _ _ _ _ _ _ _ _ _ _ _ _ _ _ _ _ _ _ _ _ _ _ _ _ _ _ _ _ _ _ _ _ _ _ _ _ _ _ _ _ _ _ _ _ _ _ _ _ _ _ _ _ _ _ _ _ _ _ _ _ _ _ _ _ \npages\\authorization_page.py:261: in verify_location_tinkoff_kassa_page\n    actual_result = self.get_text_title_of_element(AuthorizationLocators.PAY_BY_CARD_TINKOFF_KASSA_PAGE)\nbase\\base_object.py:26: in get_text_title_of_element\n    return self.is_visible(locator).text\nbase\\base_object.py:11: in is_visible\n    return self.wait.until(ec.visibility_of_element_located(locator))\n_ _ _ _ _ _ _ _ _ _ _ _ _ _ _ _ _ _ _ _ _ _ _ _ _ _ _ _ _ _ _ _ _ _ _ _ _ _ _ _ _ _ _ _ _ _ _ _ _ _ _ _ _ _ _ _ _ _ _ _ _ _ _ _ _ _ _ _ _ _ _ _ _ _ _ \n\nself = <selenium.webdriver.support.wait.WebDriverWait (session=\"a5d07b34e5002d14e09ac7bc477f4f30\")>\nmethod = <function visibility_of_element_located.<locals>._predicate at 0x000002CD7C8E8820>, message = ''\n\n    def until(self, method, message: str = \"\"):\n        \"\"\"Calls the method provided with the driver as an argument until the \\\n        return value does not evaluate to ``False``.\n    \n        :param method: callable(WebDriver)\n        :param message: optional message for :exc:`TimeoutException`\n        :returns: the result of the last call to `method`\n        :raises: :exc:`selenium.common.exceptions.TimeoutException` if timeout occurs\n        \"\"\"\n        screen = None\n        stacktrace = None\n    \n        end_time = time.monotonic() + self._timeout\n        while True:\n            try:\n                value = method(self._driver)\n                if value:\n                    return value\n            except self._ignored_exceptions as exc:\n                screen = getattr(exc, \"screen\", None)\n                stacktrace = getattr(exc, \"stacktrace\", None)\n            time.sleep(self._poll)\n            if time.monotonic() > end_time:\n                break\n>       raise TimeoutException(message, screen, stacktrace)\nE       selenium.common.exceptions.TimeoutException: Message: \nE       Stacktrace:\nE       Backtrace:\nE       \tGetHandleVerifier [0x00007FF79C603E62+57250]\nE       \t(No symbol) [0x00007FF79C57BC02]\nE       \t(No symbol) [0x00007FF79C44E0BB]\nE       \t(No symbol) [0x00007FF79C48765E]\nE       \t(No symbol) [0x00007FF79C48774C]\nE       \t(No symbol) [0x00007FF79C4C0267]\nE       \t(No symbol) [0x00007FF79C4A67EF]\nE       \t(No symbol) [0x00007FF79C4BE312]\nE       \t(No symbol) [0x00007FF79C4A6583]\nE       \t(No symbol) [0x00007FF79C47CC71]\nE       \t(No symbol) [0x00007FF79C47DE54]\nE       \tGetHandleVerifier [0x00007FF79C8B4CF2+2879026]\nE       \tGetHandleVerifier [0x00007FF79C906F30+3215472]\nE       \tGetHandleVerifier [0x00007FF79C8FFD4F+3186319]\nE       \tGetHandleVerifier [0x00007FF79C695505+652869]\nE       \t(No symbol) [0x00007FF79C587518]\nE       \t(No symbol) [0x00007FF79C5835F4]\nE       \t(No symbol) [0x00007FF79C5836EC]\nE       \t(No symbol) [0x00007FF79C5738E3]\nE       \tBaseThreadInitThunk [0x00007FFF1B0A7614+20]\nE       \tRtlUserThreadStart [0x00007FFF1B8426B1+33]\n\nvenv\\lib\\site-packages\\selenium\\webdriver\\support\\wait.py:95: TimeoutException"}, "steps": [{"name": "clicking to \"Login\" button", "status": "passed", "start": 1691038406675, "stop": 1691038412507}, {"name": "clicking to \"Login with password\" button", "status": "passed", "start": 1691038412507, "stop": 1691038412683}, {"name": "set up password", "status": "passed", "start": 1691038413036, "stop": 1691038413247}, {"name": "clicking to \"Authorize\" button", "status": "passed", "start": 1691038413247, "stop": 1691038413387}, {"name": "click terminated sessions title in client account", "status": "passed", "start": 1691038413387, "stop": 1691038416295}, {"name": "click order session again in client account", "status": "passed", "start": 1691038416295, "stop": 1691038417900}, {"name": "select the nearest time for second session", "status": "passed", "start": 1691038417900, "stop": 1691038418868}, {"name": "click to \"go to payment\" button", "status": "passed", "start": 1691038418868, "stop": 1691038421813}, {"name": "click to \"card RF\" button", "status": "passed", "start": 1691038421813, "stop": 1691038423381}, {"name": "click to \"pay online\" green button", "status": "passed", "start": 1691038423382, "stop": 1691038423568}, {"name": "click to \"no, continue payment\" button to the question to see the package on the order page ", "status": "passed", "start": 1691038423568, "stop": 1691038424255}, {"name": "verify correct location on the tinkoff kassa page", "status": "broken", "statusDetails": {"message": "selenium.common.exceptions.TimeoutException: Message: \nStacktrace:\nBacktrace:\n\tGetHandleVerifier [0x00007FF79C603E62+57250]\n\t(No symbol) [0x00007FF79C57BC02]\n\t(No symbol) [0x00007FF79C44E0BB]\n\t(No symbol) [0x00007FF79C48765E]\n\t(No symbol) [0x00007FF79C48774C]\n\t(No symbol) [0x00007FF79C4C0267]\n\t(No symbol) [0x00007FF79C4A67EF]\n\t(No symbol) [0x00007FF79C4BE312]\n\t(No symbol) [0x00007FF79C4A6583]\n\t(No symbol) [0x00007FF79C47CC71]\n\t(No symbol) [0x00007FF79C47DE54]\n\tGetHandleVerifier [0x00007FF79C8B4CF2+2879026]\n\tGetHandleVerifier [0x00007FF79C906F30+3215472]\n\tGetHandleVerifier [0x00007FF79C8FFD4F+3186319]\n\tGetHandleVerifier [0x00007FF79C695505+652869]\n\t(No symbol) [0x00007FF79C587518]\n\t(No symbol) [0x00007FF79C5835F4]\n\t(No symbol) [0x00007FF79C5836EC]\n\t(No symbol) [0x00007FF79C5738E3]\n\tBaseThreadInitThunk [0x00007FFF1B0A7614+20]\n\tRtlUserThreadStart [0x00007FFF1B8426B1+33]\n\n", "trace": "  File \"C:\\Users\\Owner\\PycharmProjects\\LifeHelp\\venv\\lib\\site-packages\\allure_commons\\_allure.py\", line 192, in impl\n    return func(*a, **kw)\n  File \"C:\\Users\\Owner\\PycharmProjects\\LifeHelp\\pages\\authorization_page.py\", line 261, in verify_location_tinkoff_kassa_page\n    actual_result = self.get_text_title_of_element(AuthorizationLocators.PAY_BY_CARD_TINKOFF_KASSA_PAGE)\n  File \"C:\\Users\\Owner\\PycharmProjects\\LifeHelp\\base\\base_object.py\", line 26, in get_text_title_of_element\n    return self.is_visible(locator).text\n  File \"C:\\Users\\Owner\\PycharmProjects\\LifeHelp\\base\\base_object.py\", line 11, in is_visible\n    return self.wait.until(ec.visibility_of_element_located(locator))\n  File \"C:\\Users\\Owner\\PycharmProjects\\LifeHelp\\venv\\lib\\site-packages\\selenium\\webdriver\\support\\wait.py\", line 95, in until\n    raise TimeoutException(message, screen, stacktrace)\n"}, "start": 1691038424257, "stop": 1691038430004}], "start": 1691038406674, "stop": 1691038430048, "uuid": "1c21a4ca-87e7-4568-8c8c-d25f5eced130", "historyId": "aa3d47b04c17e5c23096a548d8892486", "testCaseId": "11c07a0475d53b48b14b696986baaec6", "fullName": "tests.test_authorization#test_client_second_session_order_tinkoff_kassa", "labels": [{"name": "parentSuite", "value": "tests"}, {"name": "suite", "value": "test_authorization"}, {"name": "host", "value": "DESKTOP-MNCDD93"}, {"name": "thread", "value": "24836-MainThread"}, {"name": "framework", "value": "pytest"}, {"name": "language", "value": "cpython3"}, {"name": "package", "value": "tests.test_authorization"}]}