{"name": "test_order_session_in_package_4", "status": "broken", "statusDetails": {"message": "selenium.common.exceptions.TimeoutException: Message: \nStacktrace:\nBacktrace:\n\tGetHandleVerifier [0x00007FF619DF3E62+57250]\n\t(No symbol) [0x00007FF619D6BC02]\n\t(No symbol) [0x00007FF619C3E0BB]\n\t(No symbol) [0x00007FF619C7765E]\n\t(No symbol) [0x00007FF619C7774C]\n\t(No symbol) [0x00007FF619CB0267]\n\t(No symbol) [0x00007FF619C967EF]\n\t(No symbol) [0x00007FF619CAE312]\n\t(No symbol) [0x00007FF619C96583]\n\t(No symbol) [0x00007FF619C6CC71]\n\t(No symbol) [0x00007FF619C6DE54]\n\tGetHandleVerifier [0x00007FF61A0A4CF2+2879026]\n\tGetHandleVerifier [0x00007FF61A0F6F30+3215472]\n\tGetHandleVerifier [0x00007FF61A0EFD4F+3186319]\n\tGetHandleVerifier [0x00007FF619E85505+652869]\n\t(No symbol) [0x00007FF619D77518]\n\t(No symbol) [0x00007FF619D735F4]\n\t(No symbol) [0x00007FF619D736EC]\n\t(No symbol) [0x00007FF619D638E3]\n\tBaseThreadInitThunk [0x00007FFE057C7614+20]\n\tRtlUserThreadStart [0x00007FFE061626B1+33]", "trace": "authorization_page = <pages.authorization_page.AuthorizationPage object at 0x00000231EB549E70>\n\n    def test_order_session_in_package_4(authorization_page):\n        authorization_page.click_to_login_button()\n        authorization_page.click_to_login_w_password_button()\n        authorization_page.set_email_email()\n        authorization_page.set_password_pass()\n        authorization_page.click_to_authorize_button()\n        authorization_page.click_my_balance_menu_navigation()\n        authorization_page.scroll_to_empty_element_order_session_package()\n        # authorization_page.click_to_order_session_package()\n        # authorization_page.save_selected_time_to_order_session_package()\n        authorization_page.select_time_to_order_session_package()\n        authorization_page.submit_selected_time_to_order_session_package()\n        # authorization_page.save_ordered_time_session_package()\n>       authorization_page.verify_presence_ordered_session_package()\n\ntests\\test_authorization.py:466: \n_ _ _ _ _ _ _ _ _ _ _ _ _ _ _ _ _ _ _ _ _ _ _ _ _ _ _ _ _ _ _ _ _ _ _ _ _ _ _ _ _ _ _ _ _ _ _ _ _ _ _ _ _ _ _ _ _ _ _ _ _ _ _ _ _ _ _ _ _ _ _ _ _ _ _ \npages\\authorization_page.py:682: in verify_presence_ordered_session_package\n    actual_result = self.get_text_title_of_element(AuthorizationLocators.GO_TO_VIDEOSESSION_BUTTON_PACKAGE_SESSION)\nbase\\base_object.py:26: in get_text_title_of_element\n    return self.is_visible(locator).text\nbase\\base_object.py:11: in is_visible\n    return self.wait.until(ec.visibility_of_element_located(locator))\n_ _ _ _ _ _ _ _ _ _ _ _ _ _ _ _ _ _ _ _ _ _ _ _ _ _ _ _ _ _ _ _ _ _ _ _ _ _ _ _ _ _ _ _ _ _ _ _ _ _ _ _ _ _ _ _ _ _ _ _ _ _ _ _ _ _ _ _ _ _ _ _ _ _ _ \n\nself = <selenium.webdriver.support.wait.WebDriverWait (session=\"66de15debe32f79e07093672a7b766cd\")>\nmethod = <function visibility_of_element_located.<locals>._predicate at 0x00000231EAB47BE0>, message = ''\n\n    def until(self, method, message: str = \"\"):\n        \"\"\"Calls the method provided with the driver as an argument until the \\\n        return value does not evaluate to ``False``.\n    \n        :param method: callable(WebDriver)\n        :param message: optional message for :exc:`TimeoutException`\n        :returns: the result of the last call to `method`\n        :raises: :exc:`selenium.common.exceptions.TimeoutException` if timeout occurs\n        \"\"\"\n        screen = None\n        stacktrace = None\n    \n        end_time = time.monotonic() + self._timeout\n        while True:\n            try:\n                value = method(self._driver)\n                if value:\n                    return value\n            except self._ignored_exceptions as exc:\n                screen = getattr(exc, \"screen\", None)\n                stacktrace = getattr(exc, \"stacktrace\", None)\n            time.sleep(self._poll)\n            if time.monotonic() > end_time:\n                break\n>       raise TimeoutException(message, screen, stacktrace)\nE       selenium.common.exceptions.TimeoutException: Message: \nE       Stacktrace:\nE       Backtrace:\nE       \tGetHandleVerifier [0x00007FF619DF3E62+57250]\nE       \t(No symbol) [0x00007FF619D6BC02]\nE       \t(No symbol) [0x00007FF619C3E0BB]\nE       \t(No symbol) [0x00007FF619C7765E]\nE       \t(No symbol) [0x00007FF619C7774C]\nE       \t(No symbol) [0x00007FF619CB0267]\nE       \t(No symbol) [0x00007FF619C967EF]\nE       \t(No symbol) [0x00007FF619CAE312]\nE       \t(No symbol) [0x00007FF619C96583]\nE       \t(No symbol) [0x00007FF619C6CC71]\nE       \t(No symbol) [0x00007FF619C6DE54]\nE       \tGetHandleVerifier [0x00007FF61A0A4CF2+2879026]\nE       \tGetHandleVerifier [0x00007FF61A0F6F30+3215472]\nE       \tGetHandleVerifier [0x00007FF61A0EFD4F+3186319]\nE       \tGetHandleVerifier [0x00007FF619E85505+652869]\nE       \t(No symbol) [0x00007FF619D77518]\nE       \t(No symbol) [0x00007FF619D735F4]\nE       \t(No symbol) [0x00007FF619D736EC]\nE       \t(No symbol) [0x00007FF619D638E3]\nE       \tBaseThreadInitThunk [0x00007FFE057C7614+20]\nE       \tRtlUserThreadStart [0x00007FFE061626B1+33]\n\nvenv\\lib\\site-packages\\selenium\\webdriver\\support\\wait.py:95: TimeoutException"}, "steps": [{"name": "clicking to \"Login\" button", "status": "passed", "start": 1691735558717, "stop": 1691735609707}, {"name": "clicking to \"Login with password\" button", "status": "passed", "start": 1691735609707, "stop": 1691735609926}, {"name": "set up password", "status": "passed", "start": 1691735610574, "stop": 1691735610811}, {"name": "clicking to \"Authorize\" button", "status": "passed", "start": 1691735610811, "stop": 1691735610982}, {"name": "click to \"my balance\" in clients menu navigation", "status": "passed", "start": 1691735610983, "stop": 1691735616816}, {"name": "scroll to empty element to order session in package", "status": "passed", "start": 1691735616816, "stop": 1691735618928}, {"name": "select time in the schedule to order session in the package", "status": "passed", "start": 1691735618928, "stop": 1691735619714}, {"name": "submit selected time in the schedule to order session in the package", "status": "passed", "start": 1691735619714, "stop": 1691735619892}, {"name": "verify presence of ordered in the package session - check in my schedule as a client", "status": "broken", "statusDetails": {"message": "selenium.common.exceptions.TimeoutException: Message: \nStacktrace:\nBacktrace:\n\tGetHandleVerifier [0x00007FF619DF3E62+57250]\n\t(No symbol) [0x00007FF619D6BC02]\n\t(No symbol) [0x00007FF619C3E0BB]\n\t(No symbol) [0x00007FF619C7765E]\n\t(No symbol) [0x00007FF619C7774C]\n\t(No symbol) [0x00007FF619CB0267]\n\t(No symbol) [0x00007FF619C967EF]\n\t(No symbol) [0x00007FF619CAE312]\n\t(No symbol) [0x00007FF619C96583]\n\t(No symbol) [0x00007FF619C6CC71]\n\t(No symbol) [0x00007FF619C6DE54]\n\tGetHandleVerifier [0x00007FF61A0A4CF2+2879026]\n\tGetHandleVerifier [0x00007FF61A0F6F30+3215472]\n\tGetHandleVerifier [0x00007FF61A0EFD4F+3186319]\n\tGetHandleVerifier [0x00007FF619E85505+652869]\n\t(No symbol) [0x00007FF619D77518]\n\t(No symbol) [0x00007FF619D735F4]\n\t(No symbol) [0x00007FF619D736EC]\n\t(No symbol) [0x00007FF619D638E3]\n\tBaseThreadInitThunk [0x00007FFE057C7614+20]\n\tRtlUserThreadStart [0x00007FFE061626B1+33]\n\n", "trace": "  File \"C:\\Users\\Owner\\PycharmProjects\\LifeHelp\\venv\\lib\\site-packages\\allure_commons\\_allure.py\", line 192, in impl\n    return func(*a, **kw)\n  File \"C:\\Users\\Owner\\PycharmProjects\\LifeHelp\\pages\\authorization_page.py\", line 682, in verify_presence_ordered_session_package\n    actual_result = self.get_text_title_of_element(AuthorizationLocators.GO_TO_VIDEOSESSION_BUTTON_PACKAGE_SESSION)\n  File \"C:\\Users\\Owner\\PycharmProjects\\LifeHelp\\base\\base_object.py\", line 26, in get_text_title_of_element\n    return self.is_visible(locator).text\n  File \"C:\\Users\\Owner\\PycharmProjects\\LifeHelp\\base\\base_object.py\", line 11, in is_visible\n    return self.wait.until(ec.visibility_of_element_located(locator))\n  File \"C:\\Users\\Owner\\PycharmProjects\\LifeHelp\\venv\\lib\\site-packages\\selenium\\webdriver\\support\\wait.py\", line 95, in until\n    raise TimeoutException(message, screen, stacktrace)\n"}, "start": 1691735619893, "stop": 1691735625149}], "start": 1691735558716, "stop": 1691735625154, "uuid": "3291b8b0-52be-43ee-a5fe-089eb3c0aa9a", "historyId": "d07fd56f085475352fdd8a1a9c7fd74e", "testCaseId": "3b426889147c21f39513d8f7e95f6db8", "fullName": "tests.test_authorization#test_order_session_in_package_4", "labels": [{"name": "parentSuite", "value": "tests"}, {"name": "suite", "value": "test_authorization"}, {"name": "host", "value": "DESKTOP-MNCDD93"}, {"name": "thread", "value": "6220-MainThread"}, {"name": "framework", "value": "pytest"}, {"name": "language", "value": "cpython3"}, {"name": "package", "value": "tests.test_authorization"}]}