{"name": "test_pay_buy_session_by_package", "status": "broken", "statusDetails": {"message": "selenium.common.exceptions.TimeoutException: Message: \nStacktrace:\nBacktrace:\n\tGetHandleVerifier [0x00007FF791F83E62+57250]\n\t(No symbol) [0x00007FF791EFBC02]\n\t(No symbol) [0x00007FF791DCE0BB]\n\t(No symbol) [0x00007FF791E0765E]\n\t(No symbol) [0x00007FF791E0774C]\n\t(No symbol) [0x00007FF791E40267]\n\t(No symbol) [0x00007FF791E267EF]\n\t(No symbol) [0x00007FF791E3E312]\n\t(No symbol) [0x00007FF791E26583]\n\t(No symbol) [0x00007FF791DFCC71]\n\t(No symbol) [0x00007FF791DFDE54]\n\tGetHandleVerifier [0x00007FF792234CF2+2879026]\n\tGetHandleVerifier [0x00007FF792286F30+3215472]\n\tGetHandleVerifier [0x00007FF79227FD4F+3186319]\n\tGetHandleVerifier [0x00007FF792015505+652869]\n\t(No symbol) [0x00007FF791F07518]\n\t(No symbol) [0x00007FF791F035F4]\n\t(No symbol) [0x00007FF791F036EC]\n\t(No symbol) [0x00007FF791EF38E3]\n\tBaseThreadInitThunk [0x00007FFE057C7614+20]\n\tRtlUserThreadStart [0x00007FFE061626B1+33]", "trace": "authorization_page = <pages.authorization_page.AuthorizationPage object at 0x00000266999FA860>\n\n    def test_pay_buy_session_by_package(authorization_page):\n        authorization_page.click_to_login_button()\n        authorization_page.click_to_login_w_password_button()\n        authorization_page.set_email_email()\n        authorization_page.set_password_pass()\n        authorization_page.click_to_authorize_button()\n        authorization_page.click_terminated_sessions_title()\n        authorization_page.click_order_session_again_button()\n>       authorization_page.select_time_session_schedule_psychologist()\n\ntests\\test_authorization.py:584: \n_ _ _ _ _ _ _ _ _ _ _ _ _ _ _ _ _ _ _ _ _ _ _ _ _ _ _ _ _ _ _ _ _ _ _ _ _ _ _ _ _ _ _ _ _ _ _ _ _ _ _ _ _ _ _ _ _ _ _ _ _ _ _ _ _ _ _ _ _ _ _ _ _ _ _ \npages\\authorization_page.py:198: in select_time_session_schedule_psychologist\n    self.to_click(AuthorizationLocators.NEAREST_TIME_SLOT)\nbase\\base_object.py:17: in to_click\n    self.is_clickable(locator).click()\nbase\\base_object.py:14: in is_clickable\n    return self.wait.until(ec.element_to_be_clickable(locator))\n_ _ _ _ _ _ _ _ _ _ _ _ _ _ _ _ _ _ _ _ _ _ _ _ _ _ _ _ _ _ _ _ _ _ _ _ _ _ _ _ _ _ _ _ _ _ _ _ _ _ _ _ _ _ _ _ _ _ _ _ _ _ _ _ _ _ _ _ _ _ _ _ _ _ _ \n\nself = <selenium.webdriver.support.wait.WebDriverWait (session=\"e5b8d2e1c661c31ff3a119615e5f24a8\")>\nmethod = <function element_to_be_clickable.<locals>._predicate at 0x0000026699A34550>, message = ''\n\n    def until(self, method, message: str = \"\"):\n        \"\"\"Calls the method provided with the driver as an argument until the \\\n        return value does not evaluate to ``False``.\n    \n        :param method: callable(WebDriver)\n        :param message: optional message for :exc:`TimeoutException`\n        :returns: the result of the last call to `method`\n        :raises: :exc:`selenium.common.exceptions.TimeoutException` if timeout occurs\n        \"\"\"\n        screen = None\n        stacktrace = None\n    \n        end_time = time.monotonic() + self._timeout\n        while True:\n            try:\n                value = method(self._driver)\n                if value:\n                    return value\n            except self._ignored_exceptions as exc:\n                screen = getattr(exc, \"screen\", None)\n                stacktrace = getattr(exc, \"stacktrace\", None)\n            time.sleep(self._poll)\n            if time.monotonic() > end_time:\n                break\n>       raise TimeoutException(message, screen, stacktrace)\nE       selenium.common.exceptions.TimeoutException: Message: \nE       Stacktrace:\nE       Backtrace:\nE       \tGetHandleVerifier [0x00007FF791F83E62+57250]\nE       \t(No symbol) [0x00007FF791EFBC02]\nE       \t(No symbol) [0x00007FF791DCE0BB]\nE       \t(No symbol) [0x00007FF791E0765E]\nE       \t(No symbol) [0x00007FF791E0774C]\nE       \t(No symbol) [0x00007FF791E40267]\nE       \t(No symbol) [0x00007FF791E267EF]\nE       \t(No symbol) [0x00007FF791E3E312]\nE       \t(No symbol) [0x00007FF791E26583]\nE       \t(No symbol) [0x00007FF791DFCC71]\nE       \t(No symbol) [0x00007FF791DFDE54]\nE       \tGetHandleVerifier [0x00007FF792234CF2+2879026]\nE       \tGetHandleVerifier [0x00007FF792286F30+3215472]\nE       \tGetHandleVerifier [0x00007FF79227FD4F+3186319]\nE       \tGetHandleVerifier [0x00007FF792015505+652869]\nE       \t(No symbol) [0x00007FF791F07518]\nE       \t(No symbol) [0x00007FF791F035F4]\nE       \t(No symbol) [0x00007FF791F036EC]\nE       \t(No symbol) [0x00007FF791EF38E3]\nE       \tBaseThreadInitThunk [0x00007FFE057C7614+20]\nE       \tRtlUserThreadStart [0x00007FFE061626B1+33]\n\nvenv\\lib\\site-packages\\selenium\\webdriver\\support\\wait.py:95: TimeoutException"}, "steps": [{"name": "clicking to \"Login\" button", "status": "passed", "start": 1692600015380, "stop": 1692600021671}, {"name": "clicking to \"Login with password\" button", "status": "passed", "start": 1692600021672, "stop": 1692600022040}, {"name": "set up password", "status": "passed", "start": 1692600022677, "stop": 1692600023022}, {"name": "clicking to \"Authorize\" button", "status": "passed", "start": 1692600023023, "stop": 1692600023258}, {"name": "click terminated sessions title in client account", "status": "passed", "start": 1692600023258, "stop": 1692600028080}, {"name": "click order session again in client account", "status": "passed", "start": 1692600028080, "stop": 1692600030404}, {"name": "select the nearest time for second session", "status": "broken", "statusDetails": {"message": "selenium.common.exceptions.TimeoutException: Message: \nStacktrace:\nBacktrace:\n\tGetHandleVerifier [0x00007FF791F83E62+57250]\n\t(No symbol) [0x00007FF791EFBC02]\n\t(No symbol) [0x00007FF791DCE0BB]\n\t(No symbol) [0x00007FF791E0765E]\n\t(No symbol) [0x00007FF791E0774C]\n\t(No symbol) [0x00007FF791E40267]\n\t(No symbol) [0x00007FF791E267EF]\n\t(No symbol) [0x00007FF791E3E312]\n\t(No symbol) [0x00007FF791E26583]\n\t(No symbol) [0x00007FF791DFCC71]\n\t(No symbol) [0x00007FF791DFDE54]\n\tGetHandleVerifier [0x00007FF792234CF2+2879026]\n\tGetHandleVerifier [0x00007FF792286F30+3215472]\n\tGetHandleVerifier [0x00007FF79227FD4F+3186319]\n\tGetHandleVerifier [0x00007FF792015505+652869]\n\t(No symbol) [0x00007FF791F07518]\n\t(No symbol) [0x00007FF791F035F4]\n\t(No symbol) [0x00007FF791F036EC]\n\t(No symbol) [0x00007FF791EF38E3]\n\tBaseThreadInitThunk [0x00007FFE057C7614+20]\n\tRtlUserThreadStart [0x00007FFE061626B1+33]\n\n", "trace": "  File \"C:\\Users\\Owner\\PycharmProjects\\LifeHelp\\venv\\lib\\site-packages\\allure_commons\\_allure.py\", line 192, in impl\n    return func(*a, **kw)\n  File \"C:\\Users\\Owner\\PycharmProjects\\LifeHelp\\pages\\authorization_page.py\", line 198, in select_time_session_schedule_psychologist\n    self.to_click(AuthorizationLocators.NEAREST_TIME_SLOT)\n  File \"C:\\Users\\Owner\\PycharmProjects\\LifeHelp\\base\\base_object.py\", line 17, in to_click\n    self.is_clickable(locator).click()\n  File \"C:\\Users\\Owner\\PycharmProjects\\LifeHelp\\base\\base_object.py\", line 14, in is_clickable\n    return self.wait.until(ec.element_to_be_clickable(locator))\n  File \"C:\\Users\\Owner\\PycharmProjects\\LifeHelp\\venv\\lib\\site-packages\\selenium\\webdriver\\support\\wait.py\", line 95, in until\n    raise TimeoutException(message, screen, stacktrace)\n"}, "start": 1692600030404, "stop": 1692600035753}], "start": 1692600015379, "stop": 1692600035754, "uuid": "2771f84d-5d91-4d59-960a-b974d9d50a00", "historyId": "356da1a49fcf608efb373a1383122ab3", "testCaseId": "570b6b04818c510dfda6001b0dfabc19", "fullName": "tests.test_authorization#test_pay_buy_session_by_package", "labels": [{"name": "parentSuite", "value": "tests"}, {"name": "suite", "value": "test_authorization"}, {"name": "host", "value": "DESKTOP-MNCDD93"}, {"name": "thread", "value": "30304-MainThread"}, {"name": "framework", "value": "pytest"}, {"name": "language", "value": "cpython3"}, {"name": "package", "value": "tests.test_authorization"}]}