{"name": "test_german_phone_error_rapid_auth_page", "status": "broken", "statusDetails": {"message": "selenium.common.exceptions.TimeoutException: Message: \nStacktrace:\nBacktrace:\n\tGetHandleVerifier [0x00007FF6CFD63E62+57250]\n\t(No symbol) [0x00007FF6CFCDBC02]\n\t(No symbol) [0x00007FF6CFBAE0BB]\n\t(No symbol) [0x00007FF6CFBE765E]\n\t(No symbol) [0x00007FF6CFBE774C]\n\t(No symbol) [0x00007FF6CFC20267]\n\t(No symbol) [0x00007FF6CFC067EF]\n\t(No symbol) [0x00007FF6CFC1E312]\n\t(No symbol) [0x00007FF6CFC06583]\n\t(No symbol) [0x00007FF6CFBDCC71]\n\t(No symbol) [0x00007FF6CFBDDE54]\n\tGetHandleVerifier [0x00007FF6D0014CF2+2879026]\n\tGetHandleVerifier [0x00007FF6D0066F30+3215472]\n\tGetHandleVerifier [0x00007FF6D005FD4F+3186319]\n\tGetHandleVerifier [0x00007FF6CFDF5505+652869]\n\t(No symbol) [0x00007FF6CFCE7518]\n\t(No symbol) [0x00007FF6CFCE35F4]\n\t(No symbol) [0x00007FF6CFCE36EC]\n\t(No symbol) [0x00007FF6CFCD38E3]\n\tBaseThreadInitThunk [0x00007FFA86F47614+20]\n\tRtlUserThreadStart [0x00007FFA872426B1+33]", "trace": "authorization_page = <pages.authorization_page.AuthorizationPage object at 0x000001435CE45C00>\n\n    def test_german_phone_error_rapid_auth_page(authorization_page):\n>       authorization_page.click_to_login_button()\n\ntests\\test_authorization.py:627: \n_ _ _ _ _ _ _ _ _ _ _ _ _ _ _ _ _ _ _ _ _ _ _ _ _ _ _ _ _ _ _ _ _ _ _ _ _ _ _ _ _ _ _ _ _ _ _ _ _ _ _ _ _ _ _ _ _ _ _ _ _ _ _ _ _ _ _ _ _ _ _ _ _ _ _ \npages\\authorization_page.py:21: in click_to_login_button\n    self.to_click(AuthorizationLocators.LOGIN_BUTTON)\nbase\\base_object.py:17: in to_click\n    self.is_clickable(locator).click()\nbase\\base_object.py:14: in is_clickable\n    return self.wait.until(ec.element_to_be_clickable(locator))\n_ _ _ _ _ _ _ _ _ _ _ _ _ _ _ _ _ _ _ _ _ _ _ _ _ _ _ _ _ _ _ _ _ _ _ _ _ _ _ _ _ _ _ _ _ _ _ _ _ _ _ _ _ _ _ _ _ _ _ _ _ _ _ _ _ _ _ _ _ _ _ _ _ _ _ \n\nself = <selenium.webdriver.support.wait.WebDriverWait (session=\"11dc1a2cddac44565ef603705bbebecb\")>\nmethod = <function element_to_be_clickable.<locals>._predicate at 0x000001435CCB55A0>, message = ''\n\n    def until(self, method, message: str = \"\"):\n        \"\"\"Calls the method provided with the driver as an argument until the \\\n        return value does not evaluate to ``False``.\n    \n        :param method: callable(WebDriver)\n        :param message: optional message for :exc:`TimeoutException`\n        :returns: the result of the last call to `method`\n        :raises: :exc:`selenium.common.exceptions.TimeoutException` if timeout occurs\n        \"\"\"\n        screen = None\n        stacktrace = None\n    \n        end_time = time.monotonic() + self._timeout\n        while True:\n            try:\n                value = method(self._driver)\n                if value:\n                    return value\n            except self._ignored_exceptions as exc:\n                screen = getattr(exc, \"screen\", None)\n                stacktrace = getattr(exc, \"stacktrace\", None)\n            time.sleep(self._poll)\n            if time.monotonic() > end_time:\n                break\n>       raise TimeoutException(message, screen, stacktrace)\nE       selenium.common.exceptions.TimeoutException: Message: \nE       Stacktrace:\nE       Backtrace:\nE       \tGetHandleVerifier [0x00007FF6CFD63E62+57250]\nE       \t(No symbol) [0x00007FF6CFCDBC02]\nE       \t(No symbol) [0x00007FF6CFBAE0BB]\nE       \t(No symbol) [0x00007FF6CFBE765E]\nE       \t(No symbol) [0x00007FF6CFBE774C]\nE       \t(No symbol) [0x00007FF6CFC20267]\nE       \t(No symbol) [0x00007FF6CFC067EF]\nE       \t(No symbol) [0x00007FF6CFC1E312]\nE       \t(No symbol) [0x00007FF6CFC06583]\nE       \t(No symbol) [0x00007FF6CFBDCC71]\nE       \t(No symbol) [0x00007FF6CFBDDE54]\nE       \tGetHandleVerifier [0x00007FF6D0014CF2+2879026]\nE       \tGetHandleVerifier [0x00007FF6D0066F30+3215472]\nE       \tGetHandleVerifier [0x00007FF6D005FD4F+3186319]\nE       \tGetHandleVerifier [0x00007FF6CFDF5505+652869]\nE       \t(No symbol) [0x00007FF6CFCE7518]\nE       \t(No symbol) [0x00007FF6CFCE35F4]\nE       \t(No symbol) [0x00007FF6CFCE36EC]\nE       \t(No symbol) [0x00007FF6CFCD38E3]\nE       \tBaseThreadInitThunk [0x00007FFA86F47614+20]\nE       \tRtlUserThreadStart [0x00007FFA872426B1+33]\n\nvenv\\lib\\site-packages\\selenium\\webdriver\\support\\wait.py:95: TimeoutException"}, "steps": [{"name": "clicking to \"Login\" button", "status": "broken", "statusDetails": {"message": "selenium.common.exceptions.TimeoutException: Message: \nStacktrace:\nBacktrace:\n\tGetHandleVerifier [0x00007FF6CFD63E62+57250]\n\t(No symbol) [0x00007FF6CFCDBC02]\n\t(No symbol) [0x00007FF6CFBAE0BB]\n\t(No symbol) [0x00007FF6CFBE765E]\n\t(No symbol) [0x00007FF6CFBE774C]\n\t(No symbol) [0x00007FF6CFC20267]\n\t(No symbol) [0x00007FF6CFC067EF]\n\t(No symbol) [0x00007FF6CFC1E312]\n\t(No symbol) [0x00007FF6CFC06583]\n\t(No symbol) [0x00007FF6CFBDCC71]\n\t(No symbol) [0x00007FF6CFBDDE54]\n\tGetHandleVerifier [0x00007FF6D0014CF2+2879026]\n\tGetHandleVerifier [0x00007FF6D0066F30+3215472]\n\tGetHandleVerifier [0x00007FF6D005FD4F+3186319]\n\tGetHandleVerifier [0x00007FF6CFDF5505+652869]\n\t(No symbol) [0x00007FF6CFCE7518]\n\t(No symbol) [0x00007FF6CFCE35F4]\n\t(No symbol) [0x00007FF6CFCE36EC]\n\t(No symbol) [0x00007FF6CFCD38E3]\n\tBaseThreadInitThunk [0x00007FFA86F47614+20]\n\tRtlUserThreadStart [0x00007FFA872426B1+33]\n\n", "trace": "  File \"C:\\Users\\Owner\\PycharmProjects\\LifeHelp\\venv\\lib\\site-packages\\allure_commons\\_allure.py\", line 192, in impl\n    return func(*a, **kw)\n  File \"C:\\Users\\Owner\\PycharmProjects\\LifeHelp\\pages\\authorization_page.py\", line 21, in click_to_login_button\n    self.to_click(AuthorizationLocators.LOGIN_BUTTON)\n  File \"C:\\Users\\Owner\\PycharmProjects\\LifeHelp\\base\\base_object.py\", line 17, in to_click\n    self.is_clickable(locator).click()\n  File \"C:\\Users\\Owner\\PycharmProjects\\LifeHelp\\base\\base_object.py\", line 14, in is_clickable\n    return self.wait.until(ec.element_to_be_clickable(locator))\n  File \"C:\\Users\\Owner\\PycharmProjects\\LifeHelp\\venv\\lib\\site-packages\\selenium\\webdriver\\support\\wait.py\", line 95, in until\n    raise TimeoutException(message, screen, stacktrace)\n"}, "start": 1692854280480, "stop": 1692854285855}], "start": 1692854280480, "stop": 1692854285856, "uuid": "f6c14356-21a4-4ac0-a064-6a63c802e1de", "historyId": "e5bba989091012dd72fb2a6cf98b7c3b", "testCaseId": "009a2affc01e38eb53a92a29e68c0c9a", "fullName": "tests.test_authorization#test_german_phone_error_rapid_auth_page", "labels": [{"name": "parentSuite", "value": "tests"}, {"name": "suite", "value": "test_authorization"}, {"name": "host", "value": "DESKTOP-MNCDD93"}, {"name": "thread", "value": "10720-MainThread"}, {"name": "framework", "value": "pytest"}, {"name": "language", "value": "cpython3"}, {"name": "package", "value": "tests.test_authorization"}]}