{"name": "test_client_second_session_order_cloudpayments", "status": "broken", "statusDetails": {"message": "selenium.common.exceptions.TimeoutException: Message: \nStacktrace:\nBacktrace:\n\tGetHandleVerifier [0x00007FF791F83E62+57250]\n\t(No symbol) [0x00007FF791EFBC02]\n\t(No symbol) [0x00007FF791DCE0BB]\n\t(No symbol) [0x00007FF791E0765E]\n\t(No symbol) [0x00007FF791E0774C]\n\t(No symbol) [0x00007FF791E40267]\n\t(No symbol) [0x00007FF791E267EF]\n\t(No symbol) [0x00007FF791E3E312]\n\t(No symbol) [0x00007FF791E26583]\n\t(No symbol) [0x00007FF791DFCC71]\n\t(No symbol) [0x00007FF791DFDE54]\n\tGetHandleVerifier [0x00007FF792234CF2+2879026]\n\tGetHandleVerifier [0x00007FF792286F30+3215472]\n\tGetHandleVerifier [0x00007FF79227FD4F+3186319]\n\tGetHandleVerifier [0x00007FF792015505+652869]\n\t(No symbol) [0x00007FF791F07518]\n\t(No symbol) [0x00007FF791F035F4]\n\t(No symbol) [0x00007FF791F036EC]\n\t(No symbol) [0x00007FF791EF38E3]\n\tBaseThreadInitThunk [0x00007FFE057C7614+20]\n\tRtlUserThreadStart [0x00007FFE061626B1+33]", "trace": "authorization_page = <pages.authorization_page.AuthorizationPage object at 0x000002669A280760>\n\n    def test_client_second_session_order_cloudpayments (authorization_page):\n        authorization_page.click_to_login_button()\n        authorization_page.click_to_login_w_password_button()\n        authorization_page.set_phone_password_authorization()\n        authorization_page.set_password_pass()\n        authorization_page.click_to_authorize_button()\n        authorization_page.click_terminated_sessions_title()\n>       authorization_page.click_order_session_again_button()\n\ntests\\test_authorization.py:155: \n_ _ _ _ _ _ _ _ _ _ _ _ _ _ _ _ _ _ _ _ _ _ _ _ _ _ _ _ _ _ _ _ _ _ _ _ _ _ _ _ _ _ _ _ _ _ _ _ _ _ _ _ _ _ _ _ _ _ _ _ _ _ _ _ _ _ _ _ _ _ _ _ _ _ _ \npages\\authorization_page.py:194: in click_order_session_again_button\n    self.to_click(AuthorizationLocators.ORDER_SESSION_AGAIN)\nbase\\base_object.py:17: in to_click\n    self.is_clickable(locator).click()\nbase\\base_object.py:14: in is_clickable\n    return self.wait.until(ec.element_to_be_clickable(locator))\n_ _ _ _ _ _ _ _ _ _ _ _ _ _ _ _ _ _ _ _ _ _ _ _ _ _ _ _ _ _ _ _ _ _ _ _ _ _ _ _ _ _ _ _ _ _ _ _ _ _ _ _ _ _ _ _ _ _ _ _ _ _ _ _ _ _ _ _ _ _ _ _ _ _ _ \n\nself = <selenium.webdriver.support.wait.WebDriverWait (session=\"1c23024911d554859920edd5f6c3cd55\")>\nmethod = <function element_to_be_clickable.<locals>._predicate at 0x00000266999AFE20>, message = ''\n\n    def until(self, method, message: str = \"\"):\n        \"\"\"Calls the method provided with the driver as an argument until the \\\n        return value does not evaluate to ``False``.\n    \n        :param method: callable(WebDriver)\n        :param message: optional message for :exc:`TimeoutException`\n        :returns: the result of the last call to `method`\n        :raises: :exc:`selenium.common.exceptions.TimeoutException` if timeout occurs\n        \"\"\"\n        screen = None\n        stacktrace = None\n    \n        end_time = time.monotonic() + self._timeout\n        while True:\n            try:\n                value = method(self._driver)\n                if value:\n                    return value\n            except self._ignored_exceptions as exc:\n                screen = getattr(exc, \"screen\", None)\n                stacktrace = getattr(exc, \"stacktrace\", None)\n            time.sleep(self._poll)\n            if time.monotonic() > end_time:\n                break\n>       raise TimeoutException(message, screen, stacktrace)\nE       selenium.common.exceptions.TimeoutException: Message: \nE       Stacktrace:\nE       Backtrace:\nE       \tGetHandleVerifier [0x00007FF791F83E62+57250]\nE       \t(No symbol) [0x00007FF791EFBC02]\nE       \t(No symbol) [0x00007FF791DCE0BB]\nE       \t(No symbol) [0x00007FF791E0765E]\nE       \t(No symbol) [0x00007FF791E0774C]\nE       \t(No symbol) [0x00007FF791E40267]\nE       \t(No symbol) [0x00007FF791E267EF]\nE       \t(No symbol) [0x00007FF791E3E312]\nE       \t(No symbol) [0x00007FF791E26583]\nE       \t(No symbol) [0x00007FF791DFCC71]\nE       \t(No symbol) [0x00007FF791DFDE54]\nE       \tGetHandleVerifier [0x00007FF792234CF2+2879026]\nE       \tGetHandleVerifier [0x00007FF792286F30+3215472]\nE       \tGetHandleVerifier [0x00007FF79227FD4F+3186319]\nE       \tGetHandleVerifier [0x00007FF792015505+652869]\nE       \t(No symbol) [0x00007FF791F07518]\nE       \t(No symbol) [0x00007FF791F035F4]\nE       \t(No symbol) [0x00007FF791F036EC]\nE       \t(No symbol) [0x00007FF791EF38E3]\nE       \tBaseThreadInitThunk [0x00007FFE057C7614+20]\nE       \tRtlUserThreadStart [0x00007FFE061626B1+33]\n\nvenv\\lib\\site-packages\\selenium\\webdriver\\support\\wait.py:95: TimeoutException"}, "steps": [{"name": "clicking to \"Login\" button", "status": "passed", "start": 1692598691465, "stop": 1692598695858}, {"name": "clicking to \"Login with password\" button", "status": "passed", "start": 1692598695859, "stop": 1692598696177}, {"name": "set up password", "status": "passed", "start": 1692598696707, "stop": 1692598697108}, {"name": "clicking to \"Authorize\" button", "status": "passed", "start": 1692598697108, "stop": 1692598697310}, {"name": "click terminated sessions title in client account", "status": "passed", "start": 1692598697311, "stop": 1692598700972}, {"name": "click order session again in client account", "status": "broken", "statusDetails": {"message": "selenium.common.exceptions.TimeoutException: Message: \nStacktrace:\nBacktrace:\n\tGetHandleVerifier [0x00007FF791F83E62+57250]\n\t(No symbol) [0x00007FF791EFBC02]\n\t(No symbol) [0x00007FF791DCE0BB]\n\t(No symbol) [0x00007FF791E0765E]\n\t(No symbol) [0x00007FF791E0774C]\n\t(No symbol) [0x00007FF791E40267]\n\t(No symbol) [0x00007FF791E267EF]\n\t(No symbol) [0x00007FF791E3E312]\n\t(No symbol) [0x00007FF791E26583]\n\t(No symbol) [0x00007FF791DFCC71]\n\t(No symbol) [0x00007FF791DFDE54]\n\tGetHandleVerifier [0x00007FF792234CF2+2879026]\n\tGetHandleVerifier [0x00007FF792286F30+3215472]\n\tGetHandleVerifier [0x00007FF79227FD4F+3186319]\n\tGetHandleVerifier [0x00007FF792015505+652869]\n\t(No symbol) [0x00007FF791F07518]\n\t(No symbol) [0x00007FF791F035F4]\n\t(No symbol) [0x00007FF791F036EC]\n\t(No symbol) [0x00007FF791EF38E3]\n\tBaseThreadInitThunk [0x00007FFE057C7614+20]\n\tRtlUserThreadStart [0x00007FFE061626B1+33]\n\n", "trace": "  File \"C:\\Users\\Owner\\PycharmProjects\\LifeHelp\\venv\\lib\\site-packages\\allure_commons\\_allure.py\", line 192, in impl\n    return func(*a, **kw)\n  File \"C:\\Users\\Owner\\PycharmProjects\\LifeHelp\\pages\\authorization_page.py\", line 194, in click_order_session_again_button\n    self.to_click(AuthorizationLocators.ORDER_SESSION_AGAIN)\n  File \"C:\\Users\\Owner\\PycharmProjects\\LifeHelp\\base\\base_object.py\", line 17, in to_click\n    self.is_clickable(locator).click()\n  File \"C:\\Users\\Owner\\PycharmProjects\\LifeHelp\\base\\base_object.py\", line 14, in is_clickable\n    return self.wait.until(ec.element_to_be_clickable(locator))\n  File \"C:\\Users\\Owner\\PycharmProjects\\LifeHelp\\venv\\lib\\site-packages\\selenium\\webdriver\\support\\wait.py\", line 95, in until\n    raise TimeoutException(message, screen, stacktrace)\n"}, "start": 1692598700974, "stop": 1692598706485}], "start": 1692598691464, "stop": 1692598706516, "uuid": "114d7798-d6f7-4780-88c1-083afc6815d3", "historyId": "09cb72e0c2d680c2f17e405246270837", "testCaseId": "ed87a596588bc3178c6d77f01b7384e1", "fullName": "tests.test_authorization#test_client_second_session_order_cloudpayments", "labels": [{"name": "parentSuite", "value": "tests"}, {"name": "suite", "value": "test_authorization"}, {"name": "host", "value": "DESKTOP-MNCDD93"}, {"name": "thread", "value": "30304-MainThread"}, {"name": "framework", "value": "pytest"}, {"name": "language", "value": "cpython3"}, {"name": "package", "value": "tests.test_authorization"}]}