{"name": "test_btn_become_psychologists_team_member_btn_taplink", "status": "broken", "statusDetails": {"message": "selenium.common.exceptions.TimeoutException: Message:", "trace": "taplink_page = <pages.taplink_pages.TaplinkPage object at 0x0000022F4DB1C7C0>\n\n    def test_btn_become_psychologists_team_member_btn_taplink(taplink_page):\n        taplink_page.click_to_become_team_psychologists_member_btn_taplink()\n>       taplink_page.verify_url_psychologists_questionnaire_page()\n\ntests\\test_taplink_page.py:40: \n_ _ _ _ _ _ _ _ _ _ _ _ _ _ _ _ _ _ _ _ _ _ _ _ _ _ _ _ _ _ _ _ _ _ _ _ _ _ _ _ _ _ _ _ _ _ _ _ _ _ _ _ _ _ _ _ _ _ _ _ _ _ _ _ _ _ _ _ _ _ _ _ _ _ _ \npages\\taplink_pages.py:71: in verify_url_psychologists_questionnaire_page\n    self.get_url('https://docs.google.com/forms/d/e/1FAIpQLSenANZG0ddW6iTI-ZSd65ztBdCWSKYKPrRBQjYIJ49kDBofcA'\nbase\\base_object.py:29: in get_url\n    return self.wait.until(ec.url_to_be(url))\n_ _ _ _ _ _ _ _ _ _ _ _ _ _ _ _ _ _ _ _ _ _ _ _ _ _ _ _ _ _ _ _ _ _ _ _ _ _ _ _ _ _ _ _ _ _ _ _ _ _ _ _ _ _ _ _ _ _ _ _ _ _ _ _ _ _ _ _ _ _ _ _ _ _ _ \n\nself = <selenium.webdriver.support.wait.WebDriverWait (session=\"f690ad820e70448dd8c8176ef0248621\")>\nmethod = <function url_to_be.<locals>._predicate at 0x0000022F4DAFA560>, message = ''\n\n    def until(self, method, message: str = \"\"):\n        \"\"\"Calls the method provided with the driver as an argument until the \\\n        return value does not evaluate to ``False``.\n    \n        :param method: callable(WebDriver)\n        :param message: optional message for :exc:`TimeoutException`\n        :returns: the result of the last call to `method`\n        :raises: :exc:`selenium.common.exceptions.TimeoutException` if timeout occurs\n        \"\"\"\n        screen = None\n        stacktrace = None\n    \n        end_time = time.monotonic() + self._timeout\n        while True:\n            try:\n                value = method(self._driver)\n                if value:\n                    return value\n            except self._ignored_exceptions as exc:\n                screen = getattr(exc, \"screen\", None)\n                stacktrace = getattr(exc, \"stacktrace\", None)\n            time.sleep(self._poll)\n            if time.monotonic() > end_time:\n                break\n>       raise TimeoutException(message, screen, stacktrace)\nE       selenium.common.exceptions.TimeoutException: Message:\n\nvenv\\lib\\site-packages\\selenium\\webdriver\\support\\wait.py:95: TimeoutException"}, "steps": [{"name": "click to \"become a psychologists team member\" btn taplink page", "status": "passed", "start": 1692686524790, "stop": 1692686549500}, {"name": "verify url of psychologists questionnaire page", "status": "broken", "statusDetails": {"message": "selenium.common.exceptions.TimeoutException: Message: \n\n", "trace": "  File \"C:\\Users\\Owner\\PycharmProjects\\LifeHelp\\venv\\lib\\site-packages\\allure_commons\\_allure.py\", line 192, in impl\n    return func(*a, **kw)\n  File \"C:\\Users\\Owner\\PycharmProjects\\LifeHelp\\pages\\taplink_pages.py\", line 71, in verify_url_psychologists_questionnaire_page\n    self.get_url('https://docs.google.com/forms/d/e/1FAIpQLSenANZG0ddW6iTI-ZSd65ztBdCWSKYKPrRBQjYIJ49kDBofcA'\n  File \"C:\\Users\\Owner\\PycharmProjects\\LifeHelp\\base\\base_object.py\", line 29, in get_url\n    return self.wait.until(ec.url_to_be(url))\n  File \"C:\\Users\\Owner\\PycharmProjects\\LifeHelp\\venv\\lib\\site-packages\\selenium\\webdriver\\support\\wait.py\", line 95, in until\n    raise TimeoutException(message, screen, stacktrace)\n"}, "start": 1692686549500, "stop": 1692686554712}], "start": 1692686524790, "stop": 1692686554731, "uuid": "78026354-13ee-4f41-bef6-e7b4ce5d905e", "historyId": "948049c4414c6de0b2bf4f8c3907a268", "testCaseId": "e90a8e1fa79578a980a2f51140b7c70f", "fullName": "tests.test_taplink_page#test_btn_become_psychologists_team_member_btn_taplink", "labels": [{"name": "parentSuite", "value": "tests"}, {"name": "suite", "value": "test_taplink_page"}, {"name": "host", "value": "DESKTOP-MNCDD93"}, {"name": "thread", "value": "5532-MainThread"}, {"name": "framework", "value": "pytest"}, {"name": "language", "value": "cpython3"}, {"name": "package", "value": "tests.test_taplink_page"}]}