{"name": "test_buy_package_54_w_tinkoff", "status": "broken", "statusDetails": {"message": "selenium.common.exceptions.TimeoutException: Message: \nStacktrace:\nBacktrace:\n\tGetHandleVerifier [0x00007FF6DE183E62+57250]\n\t(No symbol) [0x00007FF6DE0FBC02]\n\t(No symbol) [0x00007FF6DDFCE0BB]\n\t(No symbol) [0x00007FF6DE00765E]\n\t(No symbol) [0x00007FF6DE00774C]\n\t(No symbol) [0x00007FF6DE040267]\n\t(No symbol) [0x00007FF6DE0267EF]\n\t(No symbol) [0x00007FF6DE03E312]\n\t(No symbol) [0x00007FF6DE026583]\n\t(No symbol) [0x00007FF6DDFFCC71]\n\t(No symbol) [0x00007FF6DDFFDE54]\n\tGetHandleVerifier [0x00007FF6DE434CF2+2879026]\n\tGetHandleVerifier [0x00007FF6DE486F30+3215472]\n\tGetHandleVerifier [0x00007FF6DE47FD4F+3186319]\n\tGetHandleVerifier [0x00007FF6DE215505+652869]\n\t(No symbol) [0x00007FF6DE107518]\n\t(No symbol) [0x00007FF6DE1035F4]\n\t(No symbol) [0x00007FF6DE1036EC]\n\t(No symbol) [0x00007FF6DE0F38E3]\n\tBaseThreadInitThunk [0x00007FFE057C7614+20]\n\tRtlUserThreadStart [0x00007FFE061626B1+33]", "trace": "authorization_page = <pages.authorization_page.AuthorizationPage object at 0x0000022B6D422A40>\n\n    def test_buy_package_54_w_tinkoff(authorization_page):\n        authorization_page.click_to_login_button()\n        authorization_page.click_to_login_w_password_button()\n        authorization_page.set_email_email()\n        authorization_page.set_password_pass()\n        authorization_page.click_to_authorize_button()\n>       authorization_page.click_my_balance_menu_navigation()\n\ntests\\test_authorization.py:568: \n_ _ _ _ _ _ _ _ _ _ _ _ _ _ _ _ _ _ _ _ _ _ _ _ _ _ _ _ _ _ _ _ _ _ _ _ _ _ _ _ _ _ _ _ _ _ _ _ _ _ _ _ _ _ _ _ _ _ _ _ _ _ _ _ _ _ _ _ _ _ _ _ _ _ _ \npages\\authorization_page.py:218: in click_my_balance_menu_navigation\n    self.to_click(AuthorizationLocators.MY_BALANCE_MENU_TITLE)\nbase\\base_object.py:17: in to_click\n    self.is_clickable(locator).click()\nbase\\base_object.py:14: in is_clickable\n    return self.wait.until(ec.element_to_be_clickable(locator))\n_ _ _ _ _ _ _ _ _ _ _ _ _ _ _ _ _ _ _ _ _ _ _ _ _ _ _ _ _ _ _ _ _ _ _ _ _ _ _ _ _ _ _ _ _ _ _ _ _ _ _ _ _ _ _ _ _ _ _ _ _ _ _ _ _ _ _ _ _ _ _ _ _ _ _ \n\nself = <selenium.webdriver.support.wait.WebDriverWait (session=\"8fbc8c38221a0197d3b3764bb42a63ff\")>\nmethod = <function element_to_be_clickable.<locals>._predicate at 0x0000022B6CB8C670>, message = ''\n\n    def until(self, method, message: str = \"\"):\n        \"\"\"Calls the method provided with the driver as an argument until the \\\n        return value does not evaluate to ``False``.\n    \n        :param method: callable(WebDriver)\n        :param message: optional message for :exc:`TimeoutException`\n        :returns: the result of the last call to `method`\n        :raises: :exc:`selenium.common.exceptions.TimeoutException` if timeout occurs\n        \"\"\"\n        screen = None\n        stacktrace = None\n    \n        end_time = time.monotonic() + self._timeout\n        while True:\n            try:\n                value = method(self._driver)\n                if value:\n                    return value\n            except self._ignored_exceptions as exc:\n                screen = getattr(exc, \"screen\", None)\n                stacktrace = getattr(exc, \"stacktrace\", None)\n            time.sleep(self._poll)\n            if time.monotonic() > end_time:\n                break\n>       raise TimeoutException(message, screen, stacktrace)\nE       selenium.common.exceptions.TimeoutException: Message: \nE       Stacktrace:\nE       Backtrace:\nE       \tGetHandleVerifier [0x00007FF6DE183E62+57250]\nE       \t(No symbol) [0x00007FF6DE0FBC02]\nE       \t(No symbol) [0x00007FF6DDFCE0BB]\nE       \t(No symbol) [0x00007FF6DE00765E]\nE       \t(No symbol) [0x00007FF6DE00774C]\nE       \t(No symbol) [0x00007FF6DE040267]\nE       \t(No symbol) [0x00007FF6DE0267EF]\nE       \t(No symbol) [0x00007FF6DE03E312]\nE       \t(No symbol) [0x00007FF6DE026583]\nE       \t(No symbol) [0x00007FF6DDFFCC71]\nE       \t(No symbol) [0x00007FF6DDFFDE54]\nE       \tGetHandleVerifier [0x00007FF6DE434CF2+2879026]\nE       \tGetHandleVerifier [0x00007FF6DE486F30+3215472]\nE       \tGetHandleVerifier [0x00007FF6DE47FD4F+3186319]\nE       \tGetHandleVerifier [0x00007FF6DE215505+652869]\nE       \t(No symbol) [0x00007FF6DE107518]\nE       \t(No symbol) [0x00007FF6DE1035F4]\nE       \t(No symbol) [0x00007FF6DE1036EC]\nE       \t(No symbol) [0x00007FF6DE0F38E3]\nE       \tBaseThreadInitThunk [0x00007FFE057C7614+20]\nE       \tRtlUserThreadStart [0x00007FFE061626B1+33]\n\nvenv\\lib\\site-packages\\selenium\\webdriver\\support\\wait.py:95: TimeoutException"}, "steps": [{"name": "clicking to \"Login\" button", "status": "passed", "start": 1691993410787, "stop": 1691993476090}, {"name": "clicking to \"Login with password\" button", "status": "passed", "start": 1691993476091, "stop": 1691993476589}, {"name": "set up password", "status": "passed", "start": 1691993477961, "stop": 1691993478271}, {"name": "clicking to \"Authorize\" button", "status": "passed", "start": 1691993478272, "stop": 1691993478635}, {"name": "click to \"my balance\" in clients menu navigation", "status": "broken", "statusDetails": {"message": "selenium.common.exceptions.TimeoutException: Message: \nStacktrace:\nBacktrace:\n\tGetHandleVerifier [0x00007FF6DE183E62+57250]\n\t(No symbol) [0x00007FF6DE0FBC02]\n\t(No symbol) [0x00007FF6DDFCE0BB]\n\t(No symbol) [0x00007FF6DE00765E]\n\t(No symbol) [0x00007FF6DE00774C]\n\t(No symbol) [0x00007FF6DE040267]\n\t(No symbol) [0x00007FF6DE0267EF]\n\t(No symbol) [0x00007FF6DE03E312]\n\t(No symbol) [0x00007FF6DE026583]\n\t(No symbol) [0x00007FF6DDFFCC71]\n\t(No symbol) [0x00007FF6DDFFDE54]\n\tGetHandleVerifier [0x00007FF6DE434CF2+2879026]\n\tGetHandleVerifier [0x00007FF6DE486F30+3215472]\n\tGetHandleVerifier [0x00007FF6DE47FD4F+3186319]\n\tGetHandleVerifier [0x00007FF6DE215505+652869]\n\t(No symbol) [0x00007FF6DE107518]\n\t(No symbol) [0x00007FF6DE1035F4]\n\t(No symbol) [0x00007FF6DE1036EC]\n\t(No symbol) [0x00007FF6DE0F38E3]\n\tBaseThreadInitThunk [0x00007FFE057C7614+20]\n\tRtlUserThreadStart [0x00007FFE061626B1+33]\n\n", "trace": "  File \"C:\\Users\\Owner\\PycharmProjects\\LifeHelp\\venv\\lib\\site-packages\\allure_commons\\_allure.py\", line 192, in impl\n    return func(*a, **kw)\n  File \"C:\\Users\\Owner\\PycharmProjects\\LifeHelp\\pages\\authorization_page.py\", line 218, in click_my_balance_menu_navigation\n    self.to_click(AuthorizationLocators.MY_BALANCE_MENU_TITLE)\n  File \"C:\\Users\\Owner\\PycharmProjects\\LifeHelp\\base\\base_object.py\", line 17, in to_click\n    self.is_clickable(locator).click()\n  File \"C:\\Users\\Owner\\PycharmProjects\\LifeHelp\\base\\base_object.py\", line 14, in is_clickable\n    return self.wait.until(ec.element_to_be_clickable(locator))\n  File \"C:\\Users\\Owner\\PycharmProjects\\LifeHelp\\venv\\lib\\site-packages\\selenium\\webdriver\\support\\wait.py\", line 95, in until\n    raise TimeoutException(message, screen, stacktrace)\n"}, "start": 1691993478635, "stop": 1691993484160}], "start": 1691993410786, "stop": 1691993484180, "uuid": "6dc47acd-c19c-460b-bce2-47c8e58e66d3", "historyId": "fd0862c2ac7cebe188071534c194161a", "testCaseId": "0cb43e4dbc8df4b4c1d3714f5788c500", "fullName": "tests.test_authorization#test_buy_package_54_w_tinkoff", "labels": [{"name": "parentSuite", "value": "tests"}, {"name": "suite", "value": "test_authorization"}, {"name": "host", "value": "DESKTOP-MNCDD93"}, {"name": "thread", "value": "6772-MainThread"}, {"name": "framework", "value": "pytest"}, {"name": "language", "value": "cpython3"}, {"name": "package", "value": "tests.test_authorization"}]}