{"name": "test_order_session_in_package_4", "status": "broken", "statusDetails": {"message": "selenium.common.exceptions.TimeoutException: Message: \nStacktrace:\nBacktrace:\n\tGetHandleVerifier [0x00007FF7D8F23E62+57250]\n\t(No symbol) [0x00007FF7D8E9BC02]\n\t(No symbol) [0x00007FF7D8D6E0BB]\n\t(No symbol) [0x00007FF7D8DA765E]\n\t(No symbol) [0x00007FF7D8DA774C]\n\t(No symbol) [0x00007FF7D8DE0267]\n\t(No symbol) [0x00007FF7D8DC67EF]\n\t(No symbol) [0x00007FF7D8DDE312]\n\t(No symbol) [0x00007FF7D8DC6583]\n\t(No symbol) [0x00007FF7D8D9CC71]\n\t(No symbol) [0x00007FF7D8D9DE54]\n\tGetHandleVerifier [0x00007FF7D91D4CF2+2879026]\n\tGetHandleVerifier [0x00007FF7D9226F30+3215472]\n\tGetHandleVerifier [0x00007FF7D921FD4F+3186319]\n\tGetHandleVerifier [0x00007FF7D8FB5505+652869]\n\t(No symbol) [0x00007FF7D8EA7518]\n\t(No symbol) [0x00007FF7D8EA35F4]\n\t(No symbol) [0x00007FF7D8EA36EC]\n\t(No symbol) [0x00007FF7D8E938E3]\n\tBaseThreadInitThunk [0x00007FFA86F47614+20]\n\tRtlUserThreadStart [0x00007FFA872426B1+33]", "trace": "authorization_page = <pages.authorization_page.AuthorizationPage object at 0x00000111CDA3BD90>\n\n    def test_order_session_in_package_4(authorization_page):\n        authorization_page.click_to_login_button()\n        authorization_page.click_to_login_w_password_button()\n        authorization_page.set_email_email()\n        authorization_page.set_password_pass()\n        authorization_page.click_to_authorize_button()\n>       authorization_page.click_my_balance_menu_navigation()\n\ntests\\test_authorization.py:460: \n_ _ _ _ _ _ _ _ _ _ _ _ _ _ _ _ _ _ _ _ _ _ _ _ _ _ _ _ _ _ _ _ _ _ _ _ _ _ _ _ _ _ _ _ _ _ _ _ _ _ _ _ _ _ _ _ _ _ _ _ _ _ _ _ _ _ _ _ _ _ _ _ _ _ _ \npages\\authorization_page.py:218: in click_my_balance_menu_navigation\n    self.to_click(AuthorizationLocators.MY_BALANCE_MENU_TITLE)\nbase\\base_object.py:17: in to_click\n    self.is_clickable(locator).click()\nbase\\base_object.py:14: in is_clickable\n    return self.wait.until(ec.element_to_be_clickable(locator))\n_ _ _ _ _ _ _ _ _ _ _ _ _ _ _ _ _ _ _ _ _ _ _ _ _ _ _ _ _ _ _ _ _ _ _ _ _ _ _ _ _ _ _ _ _ _ _ _ _ _ _ _ _ _ _ _ _ _ _ _ _ _ _ _ _ _ _ _ _ _ _ _ _ _ _ \n\nself = <selenium.webdriver.support.wait.WebDriverWait (session=\"c3b58fdc7f0bbb4798ba0eab4a15785d\")>\nmethod = <function element_to_be_clickable.<locals>._predicate at 0x00000111CD0DE170>, message = ''\n\n    def until(self, method, message: str = \"\"):\n        \"\"\"Calls the method provided with the driver as an argument until the \\\n        return value does not evaluate to ``False``.\n    \n        :param method: callable(WebDriver)\n        :param message: optional message for :exc:`TimeoutException`\n        :returns: the result of the last call to `method`\n        :raises: :exc:`selenium.common.exceptions.TimeoutException` if timeout occurs\n        \"\"\"\n        screen = None\n        stacktrace = None\n    \n        end_time = time.monotonic() + self._timeout\n        while True:\n            try:\n                value = method(self._driver)\n                if value:\n                    return value\n            except self._ignored_exceptions as exc:\n                screen = getattr(exc, \"screen\", None)\n                stacktrace = getattr(exc, \"stacktrace\", None)\n            time.sleep(self._poll)\n            if time.monotonic() > end_time:\n                break\n>       raise TimeoutException(message, screen, stacktrace)\nE       selenium.common.exceptions.TimeoutException: Message: \nE       Stacktrace:\nE       Backtrace:\nE       \tGetHandleVerifier [0x00007FF7D8F23E62+57250]\nE       \t(No symbol) [0x00007FF7D8E9BC02]\nE       \t(No symbol) [0x00007FF7D8D6E0BB]\nE       \t(No symbol) [0x00007FF7D8DA765E]\nE       \t(No symbol) [0x00007FF7D8DA774C]\nE       \t(No symbol) [0x00007FF7D8DE0267]\nE       \t(No symbol) [0x00007FF7D8DC67EF]\nE       \t(No symbol) [0x00007FF7D8DDE312]\nE       \t(No symbol) [0x00007FF7D8DC6583]\nE       \t(No symbol) [0x00007FF7D8D9CC71]\nE       \t(No symbol) [0x00007FF7D8D9DE54]\nE       \tGetHandleVerifier [0x00007FF7D91D4CF2+2879026]\nE       \tGetHandleVerifier [0x00007FF7D9226F30+3215472]\nE       \tGetHandleVerifier [0x00007FF7D921FD4F+3186319]\nE       \tGetHandleVerifier [0x00007FF7D8FB5505+652869]\nE       \t(No symbol) [0x00007FF7D8EA7518]\nE       \t(No symbol) [0x00007FF7D8EA35F4]\nE       \t(No symbol) [0x00007FF7D8EA36EC]\nE       \t(No symbol) [0x00007FF7D8E938E3]\nE       \tBaseThreadInitThunk [0x00007FFA86F47614+20]\nE       \tRtlUserThreadStart [0x00007FFA872426B1+33]\n\nvenv\\lib\\site-packages\\selenium\\webdriver\\support\\wait.py:95: TimeoutException"}, "steps": [{"name": "clicking to \"Login\" button", "status": "passed", "start": 1692941909680, "stop": 1692941913229}, {"name": "clicking to \"Login with password\" button", "status": "passed", "start": 1692941913230, "stop": 1692941913396}, {"name": "set up password", "status": "passed", "start": 1692941913894, "stop": 1692941914181}, {"name": "clicking to \"Authorize\" button", "status": "passed", "start": 1692941914181, "stop": 1692941914392}, {"name": "click to \"my balance\" in clients menu navigation", "status": "broken", "statusDetails": {"message": "selenium.common.exceptions.TimeoutException: Message: \nStacktrace:\nBacktrace:\n\tGetHandleVerifier [0x00007FF7D8F23E62+57250]\n\t(No symbol) [0x00007FF7D8E9BC02]\n\t(No symbol) [0x00007FF7D8D6E0BB]\n\t(No symbol) [0x00007FF7D8DA765E]\n\t(No symbol) [0x00007FF7D8DA774C]\n\t(No symbol) [0x00007FF7D8DE0267]\n\t(No symbol) [0x00007FF7D8DC67EF]\n\t(No symbol) [0x00007FF7D8DDE312]\n\t(No symbol) [0x00007FF7D8DC6583]\n\t(No symbol) [0x00007FF7D8D9CC71]\n\t(No symbol) [0x00007FF7D8D9DE54]\n\tGetHandleVerifier [0x00007FF7D91D4CF2+2879026]\n\tGetHandleVerifier [0x00007FF7D9226F30+3215472]\n\tGetHandleVerifier [0x00007FF7D921FD4F+3186319]\n\tGetHandleVerifier [0x00007FF7D8FB5505+652869]\n\t(No symbol) [0x00007FF7D8EA7518]\n\t(No symbol) [0x00007FF7D8EA35F4]\n\t(No symbol) [0x00007FF7D8EA36EC]\n\t(No symbol) [0x00007FF7D8E938E3]\n\tBaseThreadInitThunk [0x00007FFA86F47614+20]\n\tRtlUserThreadStart [0x00007FFA872426B1+33]\n\n", "trace": "  File \"C:\\Users\\Owner\\PycharmProjects\\LifeHelp\\venv\\lib\\site-packages\\allure_commons\\_allure.py\", line 192, in impl\n    return func(*a, **kw)\n  File \"C:\\Users\\Owner\\PycharmProjects\\LifeHelp\\pages\\authorization_page.py\", line 218, in click_my_balance_menu_navigation\n    self.to_click(AuthorizationLocators.MY_BALANCE_MENU_TITLE)\n  File \"C:\\Users\\Owner\\PycharmProjects\\LifeHelp\\base\\base_object.py\", line 17, in to_click\n    self.is_clickable(locator).click()\n  File \"C:\\Users\\Owner\\PycharmProjects\\LifeHelp\\base\\base_object.py\", line 14, in is_clickable\n    return self.wait.until(ec.element_to_be_clickable(locator))\n  File \"C:\\Users\\Owner\\PycharmProjects\\LifeHelp\\venv\\lib\\site-packages\\selenium\\webdriver\\support\\wait.py\", line 95, in until\n    raise TimeoutException(message, screen, stacktrace)\n"}, "start": 1692941914392, "stop": 1692941919520}], "start": 1692941909679, "stop": 1692941919522, "uuid": "4f79cbdd-d594-433c-b89a-66dffcfdce28", "historyId": "d07fd56f085475352fdd8a1a9c7fd74e", "testCaseId": "3b426889147c21f39513d8f7e95f6db8", "fullName": "tests.test_authorization#test_order_session_in_package_4", "labels": [{"name": "parentSuite", "value": "tests"}, {"name": "suite", "value": "test_authorization"}, {"name": "host", "value": "DESKTOP-MNCDD93"}, {"name": "thread", "value": "22936-MainThread"}, {"name": "framework", "value": "pytest"}, {"name": "language", "value": "cpython3"}, {"name": "package", "value": "tests.test_authorization"}]}