{"name": "test_order_session_in_package_4", "status": "broken", "statusDetails": {"message": "selenium.common.exceptions.TimeoutException: Message: \nStacktrace:\nBacktrace:\n\tGetHandleVerifier [0x00007FF728BF3E62+57250]\n\t(No symbol) [0x00007FF728B6BC02]\n\t(No symbol) [0x00007FF728A3E0BB]\n\t(No symbol) [0x00007FF728A7765E]\n\t(No symbol) [0x00007FF728A7774C]\n\t(No symbol) [0x00007FF728AB0267]\n\t(No symbol) [0x00007FF728A967EF]\n\t(No symbol) [0x00007FF728AAE312]\n\t(No symbol) [0x00007FF728A96583]\n\t(No symbol) [0x00007FF728A6CC71]\n\t(No symbol) [0x00007FF728A6DE54]\n\tGetHandleVerifier [0x00007FF728EA4CF2+2879026]\n\tGetHandleVerifier [0x00007FF728EF6F30+3215472]\n\tGetHandleVerifier [0x00007FF728EEFD4F+3186319]\n\tGetHandleVerifier [0x00007FF728C85505+652869]\n\t(No symbol) [0x00007FF728B77518]\n\t(No symbol) [0x00007FF728B735F4]\n\t(No symbol) [0x00007FF728B736EC]\n\t(No symbol) [0x00007FF728B638E3]\n\tBaseThreadInitThunk [0x00007FFF1B0A7614+20]\n\tRtlUserThreadStart [0x00007FFF1B8426B1+33]", "trace": "authorization_page = <pages.authorization_page.AuthorizationPage object at 0x0000022EDEA306A0>\n\n    def test_order_session_in_package_4(authorization_page):\n        authorization_page.click_to_login_button()\n        authorization_page.click_to_login_w_password_button()\n        authorization_page.set_email_email()\n        authorization_page.set_password_pass()\n        authorization_page.click_to_authorize_button()\n        authorization_page.click_my_balance_menu_navigation()\n        authorization_page.scroll_to_empty_element_order_session_package()\n>       authorization_page.click_to_order_session_package()\n\ntests\\test_authorization.py:461: \n_ _ _ _ _ _ _ _ _ _ _ _ _ _ _ _ _ _ _ _ _ _ _ _ _ _ _ _ _ _ _ _ _ _ _ _ _ _ _ _ _ _ _ _ _ _ _ _ _ _ _ _ _ _ _ _ _ _ _ _ _ _ _ _ _ _ _ _ _ _ _ _ _ _ _ \npages\\authorization_page.py:644: in click_to_order_session_package\n    self.to_click(AuthorizationLocators.ORDER_SESSION_IN_PACKAGE)\nbase\\base_object.py:17: in to_click\n    self.is_clickable(locator).click()\nbase\\base_object.py:14: in is_clickable\n    return self.wait.until(ec.element_to_be_clickable(locator))\n_ _ _ _ _ _ _ _ _ _ _ _ _ _ _ _ _ _ _ _ _ _ _ _ _ _ _ _ _ _ _ _ _ _ _ _ _ _ _ _ _ _ _ _ _ _ _ _ _ _ _ _ _ _ _ _ _ _ _ _ _ _ _ _ _ _ _ _ _ _ _ _ _ _ _ \n\nself = <selenium.webdriver.support.wait.WebDriverWait (session=\"5a45cdfbf2a021ede9a151ea64f74288\")>\nmethod = <function element_to_be_clickable.<locals>._predicate at 0x0000022EDEB09C60>, message = ''\n\n    def until(self, method, message: str = \"\"):\n        \"\"\"Calls the method provided with the driver as an argument until the \\\n        return value does not evaluate to ``False``.\n    \n        :param method: callable(WebDriver)\n        :param message: optional message for :exc:`TimeoutException`\n        :returns: the result of the last call to `method`\n        :raises: :exc:`selenium.common.exceptions.TimeoutException` if timeout occurs\n        \"\"\"\n        screen = None\n        stacktrace = None\n    \n        end_time = time.monotonic() + self._timeout\n        while True:\n            try:\n                value = method(self._driver)\n                if value:\n                    return value\n            except self._ignored_exceptions as exc:\n                screen = getattr(exc, \"screen\", None)\n                stacktrace = getattr(exc, \"stacktrace\", None)\n            time.sleep(self._poll)\n            if time.monotonic() > end_time:\n                break\n>       raise TimeoutException(message, screen, stacktrace)\nE       selenium.common.exceptions.TimeoutException: Message: \nE       Stacktrace:\nE       Backtrace:\nE       \tGetHandleVerifier [0x00007FF728BF3E62+57250]\nE       \t(No symbol) [0x00007FF728B6BC02]\nE       \t(No symbol) [0x00007FF728A3E0BB]\nE       \t(No symbol) [0x00007FF728A7765E]\nE       \t(No symbol) [0x00007FF728A7774C]\nE       \t(No symbol) [0x00007FF728AB0267]\nE       \t(No symbol) [0x00007FF728A967EF]\nE       \t(No symbol) [0x00007FF728AAE312]\nE       \t(No symbol) [0x00007FF728A96583]\nE       \t(No symbol) [0x00007FF728A6CC71]\nE       \t(No symbol) [0x00007FF728A6DE54]\nE       \tGetHandleVerifier [0x00007FF728EA4CF2+2879026]\nE       \tGetHandleVerifier [0x00007FF728EF6F30+3215472]\nE       \tGetHandleVerifier [0x00007FF728EEFD4F+3186319]\nE       \tGetHandleVerifier [0x00007FF728C85505+652869]\nE       \t(No symbol) [0x00007FF728B77518]\nE       \t(No symbol) [0x00007FF728B735F4]\nE       \t(No symbol) [0x00007FF728B736EC]\nE       \t(No symbol) [0x00007FF728B638E3]\nE       \tBaseThreadInitThunk [0x00007FFF1B0A7614+20]\nE       \tRtlUserThreadStart [0x00007FFF1B8426B1+33]\n\nvenv\\lib\\site-packages\\selenium\\webdriver\\support\\wait.py:95: TimeoutException"}, "steps": [{"name": "clicking to \"Login\" button", "status": "passed", "start": 1691476082335, "stop": 1691476088941}, {"name": "clicking to \"Login with password\" button", "status": "passed", "start": 1691476088941, "stop": 1691476089189}, {"name": "set up password", "status": "passed", "start": 1691476089724, "stop": 1691476089910}, {"name": "clicking to \"Authorize\" button", "status": "passed", "start": 1691476089911, "stop": 1691476090048}, {"name": "click to \"my balance\" in clients menu navigation", "status": "passed", "start": 1691476090049, "stop": 1691476094810}, {"name": "scroll to empty element to order session in package", "status": "passed", "start": 1691476094811, "stop": 1691476095952}, {"name": "click to \"order session\" in the package", "status": "broken", "statusDetails": {"message": "selenium.common.exceptions.TimeoutException: Message: \nStacktrace:\nBacktrace:\n\tGetHandleVerifier [0x00007FF728BF3E62+57250]\n\t(No symbol) [0x00007FF728B6BC02]\n\t(No symbol) [0x00007FF728A3E0BB]\n\t(No symbol) [0x00007FF728A7765E]\n\t(No symbol) [0x00007FF728A7774C]\n\t(No symbol) [0x00007FF728AB0267]\n\t(No symbol) [0x00007FF728A967EF]\n\t(No symbol) [0x00007FF728AAE312]\n\t(No symbol) [0x00007FF728A96583]\n\t(No symbol) [0x00007FF728A6CC71]\n\t(No symbol) [0x00007FF728A6DE54]\n\tGetHandleVerifier [0x00007FF728EA4CF2+2879026]\n\tGetHandleVerifier [0x00007FF728EF6F30+3215472]\n\tGetHandleVerifier [0x00007FF728EEFD4F+3186319]\n\tGetHandleVerifier [0x00007FF728C85505+652869]\n\t(No symbol) [0x00007FF728B77518]\n\t(No symbol) [0x00007FF728B735F4]\n\t(No symbol) [0x00007FF728B736EC]\n\t(No symbol) [0x00007FF728B638E3]\n\tBaseThreadInitThunk [0x00007FFF1B0A7614+20]\n\tRtlUserThreadStart [0x00007FFF1B8426B1+33]\n\n", "trace": "  File \"C:\\Users\\Owner\\PycharmProjects\\LifeHelp\\venv\\lib\\site-packages\\allure_commons\\_allure.py\", line 192, in impl\n    return func(*a, **kw)\n  File \"C:\\Users\\Owner\\PycharmProjects\\LifeHelp\\pages\\authorization_page.py\", line 644, in click_to_order_session_package\n    self.to_click(AuthorizationLocators.ORDER_SESSION_IN_PACKAGE)\n  File \"C:\\Users\\Owner\\PycharmProjects\\LifeHelp\\base\\base_object.py\", line 17, in to_click\n    self.is_clickable(locator).click()\n  File \"C:\\Users\\Owner\\PycharmProjects\\LifeHelp\\base\\base_object.py\", line 14, in is_clickable\n    return self.wait.until(ec.element_to_be_clickable(locator))\n  File \"C:\\Users\\Owner\\PycharmProjects\\LifeHelp\\venv\\lib\\site-packages\\selenium\\webdriver\\support\\wait.py\", line 95, in until\n    raise TimeoutException(message, screen, stacktrace)\n"}, "start": 1691476095953, "stop": 1691476101323}], "start": 1691476082334, "stop": 1691476101326, "uuid": "36c284e7-d01a-4b3a-a4bc-711faff24adb", "historyId": "d07fd56f085475352fdd8a1a9c7fd74e", "testCaseId": "3b426889147c21f39513d8f7e95f6db8", "fullName": "tests.test_authorization#test_order_session_in_package_4", "labels": [{"name": "parentSuite", "value": "tests"}, {"name": "suite", "value": "test_authorization"}, {"name": "host", "value": "DESKTOP-MNCDD93"}, {"name": "thread", "value": "24744-MainThread"}, {"name": "framework", "value": "pytest"}, {"name": "language", "value": "cpython3"}, {"name": "package", "value": "tests.test_authorization"}]}