{"name": "test_buy_package_54_w_tinkoff", "status": "broken", "statusDetails": {"message": "selenium.common.exceptions.TimeoutException: Message: \nStacktrace:\nBacktrace:\n\tGetHandleVerifier [0x00007FF6E0383E62+57250]\n\t(No symbol) [0x00007FF6E02FBC02]\n\t(No symbol) [0x00007FF6E01CE0BB]\n\t(No symbol) [0x00007FF6E020765E]\n\t(No symbol) [0x00007FF6E020774C]\n\t(No symbol) [0x00007FF6E0240267]\n\t(No symbol) [0x00007FF6E02267EF]\n\t(No symbol) [0x00007FF6E023E312]\n\t(No symbol) [0x00007FF6E0226583]\n\t(No symbol) [0x00007FF6E01FCC71]\n\t(No symbol) [0x00007FF6E01FDE54]\n\tGetHandleVerifier [0x00007FF6E0634CF2+2879026]\n\tGetHandleVerifier [0x00007FF6E0686F30+3215472]\n\tGetHandleVerifier [0x00007FF6E067FD4F+3186319]\n\tGetHandleVerifier [0x00007FF6E0415505+652869]\n\t(No symbol) [0x00007FF6E0307518]\n\t(No symbol) [0x00007FF6E03035F4]\n\t(No symbol) [0x00007FF6E03036EC]\n\t(No symbol) [0x00007FF6E02F38E3]\n\tBaseThreadInitThunk [0x00007FFE057C7614+20]\n\tRtlUserThreadStart [0x00007FFE061626B1+33]", "trace": "authorization_page = <pages.authorization_page.AuthorizationPage object at 0x000001EEB4CC5AB0>\n\n    def test_buy_package_54_w_tinkoff(authorization_page):\n        authorization_page.click_to_login_button()\n        authorization_page.click_to_login_w_password_button()\n        authorization_page.set_email_email()\n        authorization_page.set_password_pass()\n        authorization_page.click_to_authorize_button()\n        authorization_page.click_my_balance_menu_navigation()\n        authorization_page.click_buy_package()\n        authorization_page.click_buy_package_54_by_tinkoff_installments()\n        authorization_page.click_continue_button_by_tinkoff_installments()\n        authorization_page.move_to_new_tinkoff_installments_page()\n>       authorization_page.verify_tinkoff_installments_application_page_conditions()\n\ntests\\test_authorization.py:573: \n_ _ _ _ _ _ _ _ _ _ _ _ _ _ _ _ _ _ _ _ _ _ _ _ _ _ _ _ _ _ _ _ _ _ _ _ _ _ _ _ _ _ _ _ _ _ _ _ _ _ _ _ _ _ _ _ _ _ _ _ _ _ _ _ _ _ _ _ _ _ _ _ _ _ _ \npages\\authorization_page.py:836: in verify_tinkoff_installments_application_page_conditions\n    actual_result = self.get_text_title_of_element(AuthorizationLocators.TINKOFF_INSTALLMENTS_CONDITIONS)\nbase\\base_object.py:26: in get_text_title_of_element\n    return self.is_visible(locator).text\nbase\\base_object.py:11: in is_visible\n    return self.wait.until(ec.visibility_of_element_located(locator))\n_ _ _ _ _ _ _ _ _ _ _ _ _ _ _ _ _ _ _ _ _ _ _ _ _ _ _ _ _ _ _ _ _ _ _ _ _ _ _ _ _ _ _ _ _ _ _ _ _ _ _ _ _ _ _ _ _ _ _ _ _ _ _ _ _ _ _ _ _ _ _ _ _ _ _ \n\nself = <selenium.webdriver.support.wait.WebDriverWait (session=\"c885c3ff58c0a2fa65922e74fd8aad2b\")>\nmethod = <function visibility_of_element_located.<locals>._predicate at 0x000001EEB4BF5480>, message = ''\n\n    def until(self, method, message: str = \"\"):\n        \"\"\"Calls the method provided with the driver as an argument until the \\\n        return value does not evaluate to ``False``.\n    \n        :param method: callable(WebDriver)\n        :param message: optional message for :exc:`TimeoutException`\n        :returns: the result of the last call to `method`\n        :raises: :exc:`selenium.common.exceptions.TimeoutException` if timeout occurs\n        \"\"\"\n        screen = None\n        stacktrace = None\n    \n        end_time = time.monotonic() + self._timeout\n        while True:\n            try:\n                value = method(self._driver)\n                if value:\n                    return value\n            except self._ignored_exceptions as exc:\n                screen = getattr(exc, \"screen\", None)\n                stacktrace = getattr(exc, \"stacktrace\", None)\n            time.sleep(self._poll)\n            if time.monotonic() > end_time:\n                break\n>       raise TimeoutException(message, screen, stacktrace)\nE       selenium.common.exceptions.TimeoutException: Message: \nE       Stacktrace:\nE       Backtrace:\nE       \tGetHandleVerifier [0x00007FF6E0383E62+57250]\nE       \t(No symbol) [0x00007FF6E02FBC02]\nE       \t(No symbol) [0x00007FF6E01CE0BB]\nE       \t(No symbol) [0x00007FF6E020765E]\nE       \t(No symbol) [0x00007FF6E020774C]\nE       \t(No symbol) [0x00007FF6E0240267]\nE       \t(No symbol) [0x00007FF6E02267EF]\nE       \t(No symbol) [0x00007FF6E023E312]\nE       \t(No symbol) [0x00007FF6E0226583]\nE       \t(No symbol) [0x00007FF6E01FCC71]\nE       \t(No symbol) [0x00007FF6E01FDE54]\nE       \tGetHandleVerifier [0x00007FF6E0634CF2+2879026]\nE       \tGetHandleVerifier [0x00007FF6E0686F30+3215472]\nE       \tGetHandleVerifier [0x00007FF6E067FD4F+3186319]\nE       \tGetHandleVerifier [0x00007FF6E0415505+652869]\nE       \t(No symbol) [0x00007FF6E0307518]\nE       \t(No symbol) [0x00007FF6E03035F4]\nE       \t(No symbol) [0x00007FF6E03036EC]\nE       \t(No symbol) [0x00007FF6E02F38E3]\nE       \tBaseThreadInitThunk [0x00007FFE057C7614+20]\nE       \tRtlUserThreadStart [0x00007FFE061626B1+33]\n\nvenv\\lib\\site-packages\\selenium\\webdriver\\support\\wait.py:95: TimeoutException"}, "steps": [{"name": "clicking to \"Login\" button", "status": "passed", "start": 1692079694953, "stop": 1692079700061}, {"name": "clicking to \"Login with password\" button", "status": "passed", "start": 1692079700061, "stop": 1692079700745}, {"name": "set up password", "status": "passed", "start": 1692079701758, "stop": 1692079702227}, {"name": "clicking to \"Authorize\" button", "status": "passed", "start": 1692079702228, "stop": 1692079702611}, {"name": "click to \"my balance\" in clients menu navigation", "status": "passed", "start": 1692079702611, "stop": 1692079716121}, {"name": "click to \"buy package\" button", "status": "passed", "start": 1692079716121, "stop": 1692079718848}, {"name": "click to \"buy package of 54 sessions\" by installments button", "status": "passed", "start": 1692079718848, "stop": 1692079719434}, {"name": "click to \"continue\" by tinkoff installments button", "status": "passed", "start": 1692079719435, "stop": 1692079720400}, {"name": "move to new tinkoff installments page", "status": "passed", "start": 1692079720400, "stop": 1692079720468}, {"name": "verify title of the page with tinkoff installments application", "status": "broken", "statusDetails": {"message": "selenium.common.exceptions.TimeoutException: Message: \nStacktrace:\nBacktrace:\n\tGetHandleVerifier [0x00007FF6E0383E62+57250]\n\t(No symbol) [0x00007FF6E02FBC02]\n\t(No symbol) [0x00007FF6E01CE0BB]\n\t(No symbol) [0x00007FF6E020765E]\n\t(No symbol) [0x00007FF6E020774C]\n\t(No symbol) [0x00007FF6E0240267]\n\t(No symbol) [0x00007FF6E02267EF]\n\t(No symbol) [0x00007FF6E023E312]\n\t(No symbol) [0x00007FF6E0226583]\n\t(No symbol) [0x00007FF6E01FCC71]\n\t(No symbol) [0x00007FF6E01FDE54]\n\tGetHandleVerifier [0x00007FF6E0634CF2+2879026]\n\tGetHandleVerifier [0x00007FF6E0686F30+3215472]\n\tGetHandleVerifier [0x00007FF6E067FD4F+3186319]\n\tGetHandleVerifier [0x00007FF6E0415505+652869]\n\t(No symbol) [0x00007FF6E0307518]\n\t(No symbol) [0x00007FF6E03035F4]\n\t(No symbol) [0x00007FF6E03036EC]\n\t(No symbol) [0x00007FF6E02F38E3]\n\tBaseThreadInitThunk [0x00007FFE057C7614+20]\n\tRtlUserThreadStart [0x00007FFE061626B1+33]\n\n", "trace": "  File \"C:\\Users\\Owner\\PycharmProjects\\LifeHelp\\venv\\lib\\site-packages\\allure_commons\\_allure.py\", line 192, in impl\n    return func(*a, **kw)\n  File \"C:\\Users\\Owner\\PycharmProjects\\LifeHelp\\pages\\authorization_page.py\", line 836, in verify_tinkoff_installments_application_page_conditions\n    actual_result = self.get_text_title_of_element(AuthorizationLocators.TINKOFF_INSTALLMENTS_CONDITIONS)\n  File \"C:\\Users\\Owner\\PycharmProjects\\LifeHelp\\base\\base_object.py\", line 26, in get_text_title_of_element\n    return self.is_visible(locator).text\n  File \"C:\\Users\\Owner\\PycharmProjects\\LifeHelp\\base\\base_object.py\", line 11, in is_visible\n    return self.wait.until(ec.visibility_of_element_located(locator))\n  File \"C:\\Users\\Owner\\PycharmProjects\\LifeHelp\\venv\\lib\\site-packages\\selenium\\webdriver\\support\\wait.py\", line 95, in until\n    raise TimeoutException(message, screen, stacktrace)\n"}, "start": 1692079720468, "stop": 1692079726143}], "start": 1692079694952, "stop": 1692079726175, "uuid": "fc25767a-a4cb-4991-95f4-726bc6d3535c", "historyId": "fd0862c2ac7cebe188071534c194161a", "testCaseId": "0cb43e4dbc8df4b4c1d3714f5788c500", "fullName": "tests.test_authorization#test_buy_package_54_w_tinkoff", "labels": [{"name": "parentSuite", "value": "tests"}, {"name": "suite", "value": "test_authorization"}, {"name": "host", "value": "DESKTOP-MNCDD93"}, {"name": "thread", "value": "25632-MainThread"}, {"name": "framework", "value": "pytest"}, {"name": "language", "value": "cpython3"}, {"name": "package", "value": "tests.test_authorization"}]}