{"name": "test_not_terminated_deny_paied_session", "status": "broken", "statusDetails": {"message": "selenium.common.exceptions.TimeoutException: Message: \nStacktrace:\nBacktrace:\n\tGetHandleVerifier [0x00007FF7CEF83E62+57250]\n\t(No symbol) [0x00007FF7CEEFBC02]\n\t(No symbol) [0x00007FF7CEDCE0BB]\n\t(No symbol) [0x00007FF7CEE0765E]\n\t(No symbol) [0x00007FF7CEE0774C]\n\t(No symbol) [0x00007FF7CEE40267]\n\t(No symbol) [0x00007FF7CEE267EF]\n\t(No symbol) [0x00007FF7CEE3E312]\n\t(No symbol) [0x00007FF7CEE26583]\n\t(No symbol) [0x00007FF7CEDFCC71]\n\t(No symbol) [0x00007FF7CEDFDE54]\n\tGetHandleVerifier [0x00007FF7CF234CF2+2879026]\n\tGetHandleVerifier [0x00007FF7CF286F30+3215472]\n\tGetHandleVerifier [0x00007FF7CF27FD4F+3186319]\n\tGetHandleVerifier [0x00007FF7CF015505+652869]\n\t(No symbol) [0x00007FF7CEF07518]\n\t(No symbol) [0x00007FF7CEF035F4]\n\t(No symbol) [0x00007FF7CEF036EC]\n\t(No symbol) [0x00007FF7CEEF38E3]\n\tBaseThreadInitThunk [0x00007FF8DED07344+20]\n\tRtlUserThreadStart [0x00007FF8E0CE26B1+33]", "trace": "authorization_page = <pages.authorization_page.AuthorizationPage object at 0x000001FC49925B10>\n\n    def test_not_terminated_deny_paied_session(authorization_page):\n        authorization_page.click_to_login_button()\n        authorization_page.click_to_login_w_password_button()\n        authorization_page.set_email_email()\n        authorization_page.set_password_pass()\n        authorization_page.click_to_authorize_button()\n>       authorization_page.click_go_to_payed_session_btn()\n\ntests\\test_authorization.py:810: \n_ _ _ _ _ _ _ _ _ _ _ _ _ _ _ _ _ _ _ _ _ _ _ _ _ _ _ _ _ _ _ _ _ _ _ _ _ _ _ _ _ _ _ _ _ _ _ _ _ _ _ _ _ _ _ _ _ _ _ _ _ _ _ _ _ _ _ _ _ _ _ _ _ _ _ \npages\\authorization_page.py:1060: in click_go_to_payed_session_btn\n    self.to_click(AuthorizationLocators.GO_TO_SESSION)\nbase\\base_object.py:32: in to_click\n    self.is_clickable(locator).click()\nbase\\base_object.py:24: in is_clickable\n    return self.wait.until(ec.element_to_be_clickable(locator))\n_ _ _ _ _ _ _ _ _ _ _ _ _ _ _ _ _ _ _ _ _ _ _ _ _ _ _ _ _ _ _ _ _ _ _ _ _ _ _ _ _ _ _ _ _ _ _ _ _ _ _ _ _ _ _ _ _ _ _ _ _ _ _ _ _ _ _ _ _ _ _ _ _ _ _ \n\nself = <selenium.webdriver.support.wait.WebDriverWait (session=\"d5aa9c29e67485f24376091751cde105\")>\nmethod = <function element_to_be_clickable.<locals>._predicate at 0x000001FC4987FE20>, message = ''\n\n    def until(self, method, message: str = \"\"):\n        \"\"\"Calls the method provided with the driver as an argument until the \\\n        return value does not evaluate to ``False``.\n    \n        :param method: callable(WebDriver)\n        :param message: optional message for :exc:`TimeoutException`\n        :returns: the result of the last call to `method`\n        :raises: :exc:`selenium.common.exceptions.TimeoutException` if timeout occurs\n        \"\"\"\n        screen = None\n        stacktrace = None\n    \n        end_time = time.monotonic() + self._timeout\n        while True:\n            try:\n                value = method(self._driver)\n                if value:\n                    return value\n            except self._ignored_exceptions as exc:\n                screen = getattr(exc, \"screen\", None)\n                stacktrace = getattr(exc, \"stacktrace\", None)\n            time.sleep(self._poll)\n            if time.monotonic() > end_time:\n                break\n>       raise TimeoutException(message, screen, stacktrace)\nE       selenium.common.exceptions.TimeoutException: Message: \nE       Stacktrace:\nE       Backtrace:\nE       \tGetHandleVerifier [0x00007FF7CEF83E62+57250]\nE       \t(No symbol) [0x00007FF7CEEFBC02]\nE       \t(No symbol) [0x00007FF7CEDCE0BB]\nE       \t(No symbol) [0x00007FF7CEE0765E]\nE       \t(No symbol) [0x00007FF7CEE0774C]\nE       \t(No symbol) [0x00007FF7CEE40267]\nE       \t(No symbol) [0x00007FF7CEE267EF]\nE       \t(No symbol) [0x00007FF7CEE3E312]\nE       \t(No symbol) [0x00007FF7CEE26583]\nE       \t(No symbol) [0x00007FF7CEDFCC71]\nE       \t(No symbol) [0x00007FF7CEDFDE54]\nE       \tGetHandleVerifier [0x00007FF7CF234CF2+2879026]\nE       \tGetHandleVerifier [0x00007FF7CF286F30+3215472]\nE       \tGetHandleVerifier [0x00007FF7CF27FD4F+3186319]\nE       \tGetHandleVerifier [0x00007FF7CF015505+652869]\nE       \t(No symbol) [0x00007FF7CEF07518]\nE       \t(No symbol) [0x00007FF7CEF035F4]\nE       \t(No symbol) [0x00007FF7CEF036EC]\nE       \t(No symbol) [0x00007FF7CEEF38E3]\nE       \tBaseThreadInitThunk [0x00007FF8DED07344+20]\nE       \tRtlUserThreadStart [0x00007FF8E0CE26B1+33]\n\nvenv\\lib\\site-packages\\selenium\\webdriver\\support\\wait.py:95: TimeoutException"}, "steps": [{"name": "clicking to \"Login\" button", "status": "passed", "start": 1695193757379, "stop": 1695193761850}, {"name": "clicking to \"Login with password\" button", "status": "passed", "start": 1695193761851, "stop": 1695193762434}, {"name": "set up password", "status": "passed", "start": 1695193763104, "stop": 1695193763500}, {"name": "clicking to \"Authorize\" button", "status": "passed", "start": 1695193763500, "stop": 1695193763732}, {"name": "click to \"go to the session\" button on payed session", "status": "broken", "statusDetails": {"message": "selenium.common.exceptions.TimeoutException: Message: \nStacktrace:\nBacktrace:\n\tGetHandleVerifier [0x00007FF7CEF83E62+57250]\n\t(No symbol) [0x00007FF7CEEFBC02]\n\t(No symbol) [0x00007FF7CEDCE0BB]\n\t(No symbol) [0x00007FF7CEE0765E]\n\t(No symbol) [0x00007FF7CEE0774C]\n\t(No symbol) [0x00007FF7CEE40267]\n\t(No symbol) [0x00007FF7CEE267EF]\n\t(No symbol) [0x00007FF7CEE3E312]\n\t(No symbol) [0x00007FF7CEE26583]\n\t(No symbol) [0x00007FF7CEDFCC71]\n\t(No symbol) [0x00007FF7CEDFDE54]\n\tGetHandleVerifier [0x00007FF7CF234CF2+2879026]\n\tGetHandleVerifier [0x00007FF7CF286F30+3215472]\n\tGetHandleVerifier [0x00007FF7CF27FD4F+3186319]\n\tGetHandleVerifier [0x00007FF7CF015505+652869]\n\t(No symbol) [0x00007FF7CEF07518]\n\t(No symbol) [0x00007FF7CEF035F4]\n\t(No symbol) [0x00007FF7CEF036EC]\n\t(No symbol) [0x00007FF7CEEF38E3]\n\tBaseThreadInitThunk [0x00007FF8DED07344+20]\n\tRtlUserThreadStart [0x00007FF8E0CE26B1+33]\n\n", "trace": "  File \"C:\\Users\\Owner\\PycharmProjects\\LifeHelp\\venv\\lib\\site-packages\\allure_commons\\_allure.py\", line 192, in impl\n    return func(*a, **kw)\n  File \"C:\\Users\\Owner\\PycharmProjects\\LifeHelp\\pages\\authorization_page.py\", line 1060, in click_go_to_payed_session_btn\n    self.to_click(AuthorizationLocators.GO_TO_SESSION)\n  File \"C:\\Users\\Owner\\PycharmProjects\\LifeHelp\\base\\base_object.py\", line 32, in to_click\n    self.is_clickable(locator).click()\n  File \"C:\\Users\\Owner\\PycharmProjects\\LifeHelp\\base\\base_object.py\", line 24, in is_clickable\n    return self.wait.until(ec.element_to_be_clickable(locator))\n  File \"C:\\Users\\Owner\\PycharmProjects\\LifeHelp\\venv\\lib\\site-packages\\selenium\\webdriver\\support\\wait.py\", line 95, in until\n    raise TimeoutException(message, screen, stacktrace)\n"}, "start": 1695193763732, "stop": 1695193768910}], "start": 1695193757378, "stop": 1695193768930, "uuid": "7bff1779-5d53-461c-8162-461e2d89fea3", "historyId": "ec44c3c28eb4843905416e923d330546", "testCaseId": "514c53f6e668e618266576bb94c4cbd8", "fullName": "tests.test_authorization#test_not_terminated_deny_paied_session", "labels": [{"name": "parentSuite", "value": "tests"}, {"name": "suite", "value": "test_authorization"}, {"name": "host", "value": "DESKTOP-MNCDD93"}, {"name": "thread", "value": "12416-MainThread"}, {"name": "framework", "value": "pytest"}, {"name": "language", "value": "cpython3"}, {"name": "package", "value": "tests.test_authorization"}]}