{"name": "test_error_age_out_16and119_questionnaire[0 years]", "status": "broken", "statusDetails": {"message": "selenium.common.exceptions.TimeoutException: Message: \nStacktrace:\nBacktrace:\n\tGetHandleVerifier [0x00007FF6F51E3E62+57250]\n\t(No symbol) [0x00007FF6F515BC02]\n\t(No symbol) [0x00007FF6F502E0BB]\n\t(No symbol) [0x00007FF6F506765E]\n\t(No symbol) [0x00007FF6F506774C]\n\t(No symbol) [0x00007FF6F50A0267]\n\t(No symbol) [0x00007FF6F50867EF]\n\t(No symbol) [0x00007FF6F509E312]\n\t(No symbol) [0x00007FF6F5086583]\n\t(No symbol) [0x00007FF6F505CC71]\n\t(No symbol) [0x00007FF6F505DE54]\n\tGetHandleVerifier [0x00007FF6F5494CF2+2879026]\n\tGetHandleVerifier [0x00007FF6F54E6F30+3215472]\n\tGetHandleVerifier [0x00007FF6F54DFD4F+3186319]\n\tGetHandleVerifier [0x00007FF6F5275505+652869]\n\t(No symbol) [0x00007FF6F5167518]\n\t(No symbol) [0x00007FF6F51635F4]\n\t(No symbol) [0x00007FF6F51636EC]\n\t(No symbol) [0x00007FF6F51538E3]\n\tBaseThreadInitThunk [0x00007FFF50327344+20]\n\tRtlUserThreadStart [0x00007FFF513226B1+33]", "trace": "authorization_page = <pages.authorization_page.AuthorizationPage object at 0x000001F36F27EF20>, first = ['0']\n\n    @pytest.mark.parametrize('first', (case_1, case_2, case_3),\n                                 ids=['0 years', '15 years', '120 years'])\n    \n    def test_error_age_out_16and119_questionnaire(authorization_page, first):\n>       authorization_page.click_get_psychologist_btn()\n\ntests\\test_authorization.py:481: \n_ _ _ _ _ _ _ _ _ _ _ _ _ _ _ _ _ _ _ _ _ _ _ _ _ _ _ _ _ _ _ _ _ _ _ _ _ _ _ _ _ _ _ _ _ _ _ _ _ _ _ _ _ _ _ _ _ _ _ _ _ _ _ _ _ _ _ _ _ _ _ _ _ _ _ \npages\\authorization_page.py:228: in click_get_psychologist_btn\n    self.to_click(AuthorizationLocators.GET_PSYCHOLOGIST_BUTTON)\nbase\\base_object.py:32: in to_click\n    self.is_clickable(locator).click()\nbase\\base_object.py:24: in is_clickable\n    return self.wait.until(ec.element_to_be_clickable(locator))\n_ _ _ _ _ _ _ _ _ _ _ _ _ _ _ _ _ _ _ _ _ _ _ _ _ _ _ _ _ _ _ _ _ _ _ _ _ _ _ _ _ _ _ _ _ _ _ _ _ _ _ _ _ _ _ _ _ _ _ _ _ _ _ _ _ _ _ _ _ _ _ _ _ _ _ \n\nself = <selenium.webdriver.support.wait.WebDriverWait (session=\"46ec841e9c82473fa14ad325f1cc6c45\")>\nmethod = <function element_to_be_clickable.<locals>._predicate at 0x000001F36DFF8940>, message = ''\n\n    def until(self, method, message: str = \"\"):\n        \"\"\"Calls the method provided with the driver as an argument until the \\\n        return value does not evaluate to ``False``.\n    \n        :param method: callable(WebDriver)\n        :param message: optional message for :exc:`TimeoutException`\n        :returns: the result of the last call to `method`\n        :raises: :exc:`selenium.common.exceptions.TimeoutException` if timeout occurs\n        \"\"\"\n        screen = None\n        stacktrace = None\n    \n        end_time = time.monotonic() + self._timeout\n        while True:\n            try:\n                value = method(self._driver)\n                if value:\n                    return value\n            except self._ignored_exceptions as exc:\n                screen = getattr(exc, \"screen\", None)\n                stacktrace = getattr(exc, \"stacktrace\", None)\n            time.sleep(self._poll)\n            if time.monotonic() > end_time:\n                break\n>       raise TimeoutException(message, screen, stacktrace)\nE       selenium.common.exceptions.TimeoutException: Message: \nE       Stacktrace:\nE       Backtrace:\nE       \tGetHandleVerifier [0x00007FF6F51E3E62+57250]\nE       \t(No symbol) [0x00007FF6F515BC02]\nE       \t(No symbol) [0x00007FF6F502E0BB]\nE       \t(No symbol) [0x00007FF6F506765E]\nE       \t(No symbol) [0x00007FF6F506774C]\nE       \t(No symbol) [0x00007FF6F50A0267]\nE       \t(No symbol) [0x00007FF6F50867EF]\nE       \t(No symbol) [0x00007FF6F509E312]\nE       \t(No symbol) [0x00007FF6F5086583]\nE       \t(No symbol) [0x00007FF6F505CC71]\nE       \t(No symbol) [0x00007FF6F505DE54]\nE       \tGetHandleVerifier [0x00007FF6F5494CF2+2879026]\nE       \tGetHandleVerifier [0x00007FF6F54E6F30+3215472]\nE       \tGetHandleVerifier [0x00007FF6F54DFD4F+3186319]\nE       \tGetHandleVerifier [0x00007FF6F5275505+652869]\nE       \t(No symbol) [0x00007FF6F5167518]\nE       \t(No symbol) [0x00007FF6F51635F4]\nE       \t(No symbol) [0x00007FF6F51636EC]\nE       \t(No symbol) [0x00007FF6F51538E3]\nE       \tBaseThreadInitThunk [0x00007FFF50327344+20]\nE       \tRtlUserThreadStart [0x00007FFF513226B1+33]\n\nvenv\\lib\\site-packages\\selenium\\webdriver\\support\\wait.py:95: TimeoutException"}, "steps": [{"name": "click to \"get psychologist\" button", "status": "broken", "statusDetails": {"message": "selenium.common.exceptions.TimeoutException: Message: \nStacktrace:\nBacktrace:\n\tGetHandleVerifier [0x00007FF6F51E3E62+57250]\n\t(No symbol) [0x00007FF6F515BC02]\n\t(No symbol) [0x00007FF6F502E0BB]\n\t(No symbol) [0x00007FF6F506765E]\n\t(No symbol) [0x00007FF6F506774C]\n\t(No symbol) [0x00007FF6F50A0267]\n\t(No symbol) [0x00007FF6F50867EF]\n\t(No symbol) [0x00007FF6F509E312]\n\t(No symbol) [0x00007FF6F5086583]\n\t(No symbol) [0x00007FF6F505CC71]\n\t(No symbol) [0x00007FF6F505DE54]\n\tGetHandleVerifier [0x00007FF6F5494CF2+2879026]\n\tGetHandleVerifier [0x00007FF6F54E6F30+3215472]\n\tGetHandleVerifier [0x00007FF6F54DFD4F+3186319]\n\tGetHandleVerifier [0x00007FF6F5275505+652869]\n\t(No symbol) [0x00007FF6F5167518]\n\t(No symbol) [0x00007FF6F51635F4]\n\t(No symbol) [0x00007FF6F51636EC]\n\t(No symbol) [0x00007FF6F51538E3]\n\tBaseThreadInitThunk [0x00007FFF50327344+20]\n\tRtlUserThreadStart [0x00007FFF513226B1+33]\n\n", "trace": "  File \"C:\\Users\\Owner\\PycharmProjects\\LifeHelp\\venv\\lib\\site-packages\\allure_commons\\_allure.py\", line 192, in impl\n    return func(*a, **kw)\n  File \"C:\\Users\\Owner\\PycharmProjects\\LifeHelp\\pages\\authorization_page.py\", line 228, in click_get_psychologist_btn\n    self.to_click(AuthorizationLocators.GET_PSYCHOLOGIST_BUTTON)\n  File \"C:\\Users\\Owner\\PycharmProjects\\LifeHelp\\base\\base_object.py\", line 32, in to_click\n    self.is_clickable(locator).click()\n  File \"C:\\Users\\Owner\\PycharmProjects\\LifeHelp\\base\\base_object.py\", line 24, in is_clickable\n    return self.wait.until(ec.element_to_be_clickable(locator))\n  File \"C:\\Users\\Owner\\PycharmProjects\\LifeHelp\\venv\\lib\\site-packages\\selenium\\webdriver\\support\\wait.py\", line 95, in until\n    raise TimeoutException(message, screen, stacktrace)\n"}, "start": 1695710039042, "stop": 1695710044404}], "parameters": [{"name": "first", "value": "['0']"}], "start": 1695710039042, "stop": 1695710044408, "uuid": "981dcb3e-617a-43e6-a4af-a9ec914eac19", "historyId": "5bbd02ed376aa4321fd45ebcc4378653", "testCaseId": "8424536ecf09893e91b2795d7301a86d", "fullName": "tests.test_authorization#test_error_age_out_16and119_questionnaire", "labels": [{"name": "parentSuite", "value": "tests"}, {"name": "suite", "value": "test_authorization"}, {"name": "host", "value": "DESKTOP-MNCDD93"}, {"name": "thread", "value": "14736-MainThread"}, {"name": "framework", "value": "pytest"}, {"name": "language", "value": "cpython3"}, {"name": "package", "value": "tests.test_authorization"}]}