{"name": "test_reschedule_automatic_order", "status": "broken", "statusDetails": {"message": "selenium.common.exceptions.TimeoutException: Message: \nStacktrace:\nBacktrace:\n\tGetHandleVerifier [0x00007FF6BFF93E62+57250]\n\t(No symbol) [0x00007FF6BFF0BC02]\n\t(No symbol) [0x00007FF6BFDDE0BB]\n\t(No symbol) [0x00007FF6BFE1765E]\n\t(No symbol) [0x00007FF6BFE1774C]\n\t(No symbol) [0x00007FF6BFE50267]\n\t(No symbol) [0x00007FF6BFE367EF]\n\t(No symbol) [0x00007FF6BFE4E312]\n\t(No symbol) [0x00007FF6BFE36583]\n\t(No symbol) [0x00007FF6BFE0CC71]\n\t(No symbol) [0x00007FF6BFE0DE54]\n\tGetHandleVerifier [0x00007FF6C0244CF2+2879026]\n\tGetHandleVerifier [0x00007FF6C0296F30+3215472]\n\tGetHandleVerifier [0x00007FF6C028FD4F+3186319]\n\tGetHandleVerifier [0x00007FF6C0025505+652869]\n\t(No symbol) [0x00007FF6BFF17518]\n\t(No symbol) [0x00007FF6BFF135F4]\n\t(No symbol) [0x00007FF6BFF136EC]\n\t(No symbol) [0x00007FF6BFF038E3]\n\tBaseThreadInitThunk [0x00007FFA86F47614+20]\n\tRtlUserThreadStart [0x00007FFA872426B1+33]", "trace": "authorization_page = <pages.authorization_page.AuthorizationPage object at 0x00000276D0D55ED0>\n\n    def test_reschedule_automatic_order(authorization_page):\n        authorization_page.click_to_login_button()\n        authorization_page.click_to_login_w_password_button()\n        authorization_page.set_email_email()\n        authorization_page.set_password_pass()\n        authorization_page.click_to_authorize_button()\n        authorization_page.click_to_three_dots_button_ordered_session()\n        authorization_page.click_to_reschedule_ordered_session_drop_down()\n        authorization_page.select_seventh_time_to_reschedule_order()\n>       authorization_page.click_to_change_time_button_to_reschedule_order()\n\ntests\\test_authorization.py:396: \n_ _ _ _ _ _ _ _ _ _ _ _ _ _ _ _ _ _ _ _ _ _ _ _ _ _ _ _ _ _ _ _ _ _ _ _ _ _ _ _ _ _ _ _ _ _ _ _ _ _ _ _ _ _ _ _ _ _ _ _ _ _ _ _ _ _ _ _ _ _ _ _ _ _ _ \npages\\authorization_page.py:608: in click_to_change_time_button_to_reschedule_order\n    self.to_click(AuthorizationLocators.CHANGE_TIME_BUTTON_ORDER)\nbase\\base_object.py:32: in to_click\n    self.is_clickable(locator).click()\nbase\\base_object.py:24: in is_clickable\n    return self.wait.until(ec.element_to_be_clickable(locator))\n_ _ _ _ _ _ _ _ _ _ _ _ _ _ _ _ _ _ _ _ _ _ _ _ _ _ _ _ _ _ _ _ _ _ _ _ _ _ _ _ _ _ _ _ _ _ _ _ _ _ _ _ _ _ _ _ _ _ _ _ _ _ _ _ _ _ _ _ _ _ _ _ _ _ _ \n\nself = <selenium.webdriver.support.wait.WebDriverWait (session=\"83dc02a7b7afd324b2110dc64d833257\")>\nmethod = <function element_to_be_clickable.<locals>._predicate at 0x00000276D04E1EA0>, message = ''\n\n    def until(self, method, message: str = \"\"):\n        \"\"\"Calls the method provided with the driver as an argument until the \\\n        return value does not evaluate to ``False``.\n    \n        :param method: callable(WebDriver)\n        :param message: optional message for :exc:`TimeoutException`\n        :returns: the result of the last call to `method`\n        :raises: :exc:`selenium.common.exceptions.TimeoutException` if timeout occurs\n        \"\"\"\n        screen = None\n        stacktrace = None\n    \n        end_time = time.monotonic() + self._timeout\n        while True:\n            try:\n                value = method(self._driver)\n                if value:\n                    return value\n            except self._ignored_exceptions as exc:\n                screen = getattr(exc, \"screen\", None)\n                stacktrace = getattr(exc, \"stacktrace\", None)\n            time.sleep(self._poll)\n            if time.monotonic() > end_time:\n                break\n>       raise TimeoutException(message, screen, stacktrace)\nE       selenium.common.exceptions.TimeoutException: Message: \nE       Stacktrace:\nE       Backtrace:\nE       \tGetHandleVerifier [0x00007FF6BFF93E62+57250]\nE       \t(No symbol) [0x00007FF6BFF0BC02]\nE       \t(No symbol) [0x00007FF6BFDDE0BB]\nE       \t(No symbol) [0x00007FF6BFE1765E]\nE       \t(No symbol) [0x00007FF6BFE1774C]\nE       \t(No symbol) [0x00007FF6BFE50267]\nE       \t(No symbol) [0x00007FF6BFE367EF]\nE       \t(No symbol) [0x00007FF6BFE4E312]\nE       \t(No symbol) [0x00007FF6BFE36583]\nE       \t(No symbol) [0x00007FF6BFE0CC71]\nE       \t(No symbol) [0x00007FF6BFE0DE54]\nE       \tGetHandleVerifier [0x00007FF6C0244CF2+2879026]\nE       \tGetHandleVerifier [0x00007FF6C0296F30+3215472]\nE       \tGetHandleVerifier [0x00007FF6C028FD4F+3186319]\nE       \tGetHandleVerifier [0x00007FF6C0025505+652869]\nE       \t(No symbol) [0x00007FF6BFF17518]\nE       \t(No symbol) [0x00007FF6BFF135F4]\nE       \t(No symbol) [0x00007FF6BFF136EC]\nE       \t(No symbol) [0x00007FF6BFF038E3]\nE       \tBaseThreadInitThunk [0x00007FFA86F47614+20]\nE       \tRtlUserThreadStart [0x00007FFA872426B1+33]\n\nvenv\\lib\\site-packages\\selenium\\webdriver\\support\\wait.py:95: TimeoutException"}, "steps": [{"name": "clicking to \"Login\" button", "status": "passed", "start": 1694154923049, "stop": 1694154926868}, {"name": "clicking to \"Login with password\" button", "status": "passed", "start": 1694154926868, "stop": 1694154927082}, {"name": "set up password", "status": "passed", "start": 1694154927734, "stop": 1694154928079}, {"name": "clicking to \"Authorize\" button", "status": "passed", "start": 1694154928079, "stop": 1694154928336}, {"name": "click to \"3 dots\" button on automatic order session", "status": "passed", "start": 1694154928336, "stop": 1694154932132}, {"name": "click to \"reschedule order\" button on drop down link from three dots in ordered session", "status": "passed", "start": 1694154932132, "stop": 1694154934116}, {"name": "select the 7th time position on the schedule  to reschedule order", "status": "passed", "start": 1694154934116, "stop": 1694154934398}, {"name": "click to \"change time\" button on the schedule to reschedule order", "status": "broken", "statusDetails": {"message": "selenium.common.exceptions.TimeoutException: Message: \nStacktrace:\nBacktrace:\n\tGetHandleVerifier [0x00007FF6BFF93E62+57250]\n\t(No symbol) [0x00007FF6BFF0BC02]\n\t(No symbol) [0x00007FF6BFDDE0BB]\n\t(No symbol) [0x00007FF6BFE1765E]\n\t(No symbol) [0x00007FF6BFE1774C]\n\t(No symbol) [0x00007FF6BFE50267]\n\t(No symbol) [0x00007FF6BFE367EF]\n\t(No symbol) [0x00007FF6BFE4E312]\n\t(No symbol) [0x00007FF6BFE36583]\n\t(No symbol) [0x00007FF6BFE0CC71]\n\t(No symbol) [0x00007FF6BFE0DE54]\n\tGetHandleVerifier [0x00007FF6C0244CF2+2879026]\n\tGetHandleVerifier [0x00007FF6C0296F30+3215472]\n\tGetHandleVerifier [0x00007FF6C028FD4F+3186319]\n\tGetHandleVerifier [0x00007FF6C0025505+652869]\n\t(No symbol) [0x00007FF6BFF17518]\n\t(No symbol) [0x00007FF6BFF135F4]\n\t(No symbol) [0x00007FF6BFF136EC]\n\t(No symbol) [0x00007FF6BFF038E3]\n\tBaseThreadInitThunk [0x00007FFA86F47614+20]\n\tRtlUserThreadStart [0x00007FFA872426B1+33]\n\n", "trace": "  File \"C:\\Users\\Owner\\PycharmProjects\\LifeHelp\\venv\\lib\\site-packages\\allure_commons\\_allure.py\", line 192, in impl\n    return func(*a, **kw)\n  File \"C:\\Users\\Owner\\PycharmProjects\\LifeHelp\\pages\\authorization_page.py\", line 608, in click_to_change_time_button_to_reschedule_order\n    self.to_click(AuthorizationLocators.CHANGE_TIME_BUTTON_ORDER)\n  File \"C:\\Users\\Owner\\PycharmProjects\\LifeHelp\\base\\base_object.py\", line 32, in to_click\n    self.is_clickable(locator).click()\n  File \"C:\\Users\\Owner\\PycharmProjects\\LifeHelp\\base\\base_object.py\", line 24, in is_clickable\n    return self.wait.until(ec.element_to_be_clickable(locator))\n  File \"C:\\Users\\Owner\\PycharmProjects\\LifeHelp\\venv\\lib\\site-packages\\selenium\\webdriver\\support\\wait.py\", line 95, in until\n    raise TimeoutException(message, screen, stacktrace)\n"}, "start": 1694154934399, "stop": 1694154939921}], "start": 1694154923048, "stop": 1694154939987, "uuid": "792f14bf-dca4-4c55-a996-43bf66c2b0e3", "historyId": "df06ef49b1a0d6882b81190f8b37856b", "testCaseId": "1043e2fcb3edd362a2f36dceea310fa0", "fullName": "tests.test_authorization#test_reschedule_automatic_order", "labels": [{"name": "parentSuite", "value": "tests"}, {"name": "suite", "value": "test_authorization"}, {"name": "host", "value": "DESKTOP-MNCDD93"}, {"name": "thread", "value": "43748-MainThread"}, {"name": "framework", "value": "pytest"}, {"name": "language", "value": "cpython3"}, {"name": "package", "value": "tests.test_authorization"}]}