{"name": "test_deny_payment_automatic_order", "status": "broken", "statusDetails": {"message": "selenium.common.exceptions.TimeoutException: Message: \nStacktrace:\nBacktrace:\n\tGetHandleVerifier [0x00007FF7214A3E62+57250]\n\t(No symbol) [0x00007FF72141BC02]\n\t(No symbol) [0x00007FF7212EE0BB]\n\t(No symbol) [0x00007FF72132765E]\n\t(No symbol) [0x00007FF72132774C]\n\t(No symbol) [0x00007FF721360267]\n\t(No symbol) [0x00007FF7213467EF]\n\t(No symbol) [0x00007FF72135E312]\n\t(No symbol) [0x00007FF721346583]\n\t(No symbol) [0x00007FF72131CC71]\n\t(No symbol) [0x00007FF72131DE54]\n\tGetHandleVerifier [0x00007FF721754CF2+2879026]\n\tGetHandleVerifier [0x00007FF7217A6F30+3215472]\n\tGetHandleVerifier [0x00007FF72179FD4F+3186319]\n\tGetHandleVerifier [0x00007FF721535505+652869]\n\t(No symbol) [0x00007FF721427518]\n\t(No symbol) [0x00007FF7214235F4]\n\t(No symbol) [0x00007FF7214236EC]\n\t(No symbol) [0x00007FF7214138E3]\n\tBaseThreadInitThunk [0x00007FFA86F47614+20]\n\tRtlUserThreadStart [0x00007FFA872426B1+33]", "trace": "authorization_page = <pages.authorization_page.AuthorizationPage object at 0x000001D73AD41C30>\n\n    def test_deny_payment_automatic_order(authorization_page):\n        authorization_page.click_to_login_button()\n        authorization_page.click_to_login_w_password_button()\n        authorization_page.set_email_email()\n        authorization_page.set_password_pass()\n        authorization_page.click_to_authorize_button()\n>       authorization_page.click_to_three_dots_button_ordered_session()\n\ntests\\test_authorization.py:402: \n_ _ _ _ _ _ _ _ _ _ _ _ _ _ _ _ _ _ _ _ _ _ _ _ _ _ _ _ _ _ _ _ _ _ _ _ _ _ _ _ _ _ _ _ _ _ _ _ _ _ _ _ _ _ _ _ _ _ _ _ _ _ _ _ _ _ _ _ _ _ _ _ _ _ _ \npages\\authorization_page.py:578: in click_to_three_dots_button_ordered_session\n    self.to_click(AuthorizationLocators.THREE_DOTS_ORDERED_SESSION)\nbase\\base_object.py:17: in to_click\n    self.is_clickable(locator).click()\nbase\\base_object.py:14: in is_clickable\n    return self.wait.until(ec.element_to_be_clickable(locator))\n_ _ _ _ _ _ _ _ _ _ _ _ _ _ _ _ _ _ _ _ _ _ _ _ _ _ _ _ _ _ _ _ _ _ _ _ _ _ _ _ _ _ _ _ _ _ _ _ _ _ _ _ _ _ _ _ _ _ _ _ _ _ _ _ _ _ _ _ _ _ _ _ _ _ _ \n\nself = <selenium.webdriver.support.wait.WebDriverWait (session=\"bf9042a31c925c42bb7c7259e37b457b\")>\nmethod = <function element_to_be_clickable.<locals>._predicate at 0x000001D73AD07400>, message = ''\n\n    def until(self, method, message: str = \"\"):\n        \"\"\"Calls the method provided with the driver as an argument until the \\\n        return value does not evaluate to ``False``.\n    \n        :param method: callable(WebDriver)\n        :param message: optional message for :exc:`TimeoutException`\n        :returns: the result of the last call to `method`\n        :raises: :exc:`selenium.common.exceptions.TimeoutException` if timeout occurs\n        \"\"\"\n        screen = None\n        stacktrace = None\n    \n        end_time = time.monotonic() + self._timeout\n        while True:\n            try:\n                value = method(self._driver)\n                if value:\n                    return value\n            except self._ignored_exceptions as exc:\n                screen = getattr(exc, \"screen\", None)\n                stacktrace = getattr(exc, \"stacktrace\", None)\n            time.sleep(self._poll)\n            if time.monotonic() > end_time:\n                break\n>       raise TimeoutException(message, screen, stacktrace)\nE       selenium.common.exceptions.TimeoutException: Message: \nE       Stacktrace:\nE       Backtrace:\nE       \tGetHandleVerifier [0x00007FF7214A3E62+57250]\nE       \t(No symbol) [0x00007FF72141BC02]\nE       \t(No symbol) [0x00007FF7212EE0BB]\nE       \t(No symbol) [0x00007FF72132765E]\nE       \t(No symbol) [0x00007FF72132774C]\nE       \t(No symbol) [0x00007FF721360267]\nE       \t(No symbol) [0x00007FF7213467EF]\nE       \t(No symbol) [0x00007FF72135E312]\nE       \t(No symbol) [0x00007FF721346583]\nE       \t(No symbol) [0x00007FF72131CC71]\nE       \t(No symbol) [0x00007FF72131DE54]\nE       \tGetHandleVerifier [0x00007FF721754CF2+2879026]\nE       \tGetHandleVerifier [0x00007FF7217A6F30+3215472]\nE       \tGetHandleVerifier [0x00007FF72179FD4F+3186319]\nE       \tGetHandleVerifier [0x00007FF721535505+652869]\nE       \t(No symbol) [0x00007FF721427518]\nE       \t(No symbol) [0x00007FF7214235F4]\nE       \t(No symbol) [0x00007FF7214236EC]\nE       \t(No symbol) [0x00007FF7214138E3]\nE       \tBaseThreadInitThunk [0x00007FFA86F47614+20]\nE       \tRtlUserThreadStart [0x00007FFA872426B1+33]\n\nvenv\\lib\\site-packages\\selenium\\webdriver\\support\\wait.py:95: TimeoutException"}, "steps": [{"name": "clicking to \"Login\" button", "status": "passed", "start": 1692767269975, "stop": 1692767273462}, {"name": "clicking to \"Login with password\" button", "status": "passed", "start": 1692767273462, "stop": 1692767273610}, {"name": "set up password", "status": "passed", "start": 1692767274191, "stop": 1692767274485}, {"name": "clicking to \"Authorize\" button", "status": "passed", "start": 1692767274486, "stop": 1692767274654}, {"name": "click to \"3 dots\" button on automatic order session", "status": "broken", "statusDetails": {"message": "selenium.common.exceptions.TimeoutException: Message: \nStacktrace:\nBacktrace:\n\tGetHandleVerifier [0x00007FF7214A3E62+57250]\n\t(No symbol) [0x00007FF72141BC02]\n\t(No symbol) [0x00007FF7212EE0BB]\n\t(No symbol) [0x00007FF72132765E]\n\t(No symbol) [0x00007FF72132774C]\n\t(No symbol) [0x00007FF721360267]\n\t(No symbol) [0x00007FF7213467EF]\n\t(No symbol) [0x00007FF72135E312]\n\t(No symbol) [0x00007FF721346583]\n\t(No symbol) [0x00007FF72131CC71]\n\t(No symbol) [0x00007FF72131DE54]\n\tGetHandleVerifier [0x00007FF721754CF2+2879026]\n\tGetHandleVerifier [0x00007FF7217A6F30+3215472]\n\tGetHandleVerifier [0x00007FF72179FD4F+3186319]\n\tGetHandleVerifier [0x00007FF721535505+652869]\n\t(No symbol) [0x00007FF721427518]\n\t(No symbol) [0x00007FF7214235F4]\n\t(No symbol) [0x00007FF7214236EC]\n\t(No symbol) [0x00007FF7214138E3]\n\tBaseThreadInitThunk [0x00007FFA86F47614+20]\n\tRtlUserThreadStart [0x00007FFA872426B1+33]\n\n", "trace": "  File \"C:\\Users\\Owner\\PycharmProjects\\LifeHelp\\venv\\lib\\site-packages\\allure_commons\\_allure.py\", line 192, in impl\n    return func(*a, **kw)\n  File \"C:\\Users\\Owner\\PycharmProjects\\LifeHelp\\pages\\authorization_page.py\", line 578, in click_to_three_dots_button_ordered_session\n    self.to_click(AuthorizationLocators.THREE_DOTS_ORDERED_SESSION)\n  File \"C:\\Users\\Owner\\PycharmProjects\\LifeHelp\\base\\base_object.py\", line 17, in to_click\n    self.is_clickable(locator).click()\n  File \"C:\\Users\\Owner\\PycharmProjects\\LifeHelp\\base\\base_object.py\", line 14, in is_clickable\n    return self.wait.until(ec.element_to_be_clickable(locator))\n  File \"C:\\Users\\Owner\\PycharmProjects\\LifeHelp\\venv\\lib\\site-packages\\selenium\\webdriver\\support\\wait.py\", line 95, in until\n    raise TimeoutException(message, screen, stacktrace)\n"}, "start": 1692767274654, "stop": 1692767279997}], "start": 1692767269975, "stop": 1692767280000, "uuid": "41fbd1de-ebcb-471c-964e-b21c8840a9ce", "historyId": "f3cabf34790ed74f83b78bd0af6c9640", "testCaseId": "937c0cf717d47dfb2c87a25ca33999b4", "fullName": "tests.test_authorization#test_deny_payment_automatic_order", "labels": [{"name": "parentSuite", "value": "tests"}, {"name": "suite", "value": "test_authorization"}, {"name": "host", "value": "DESKTOP-MNCDD93"}, {"name": "thread", "value": "11456-MainThread"}, {"name": "framework", "value": "pytest"}, {"name": "language", "value": "cpython3"}, {"name": "package", "value": "tests.test_authorization"}]}