{"name": "test_buy_order_by_package_short_pathway", "status": "broken", "statusDetails": {"message": "selenium.common.exceptions.TimeoutException: Message: \nStacktrace:\nBacktrace:\n\tGetHandleVerifier [0x00007FF7CEF83E62+57250]\n\t(No symbol) [0x00007FF7CEEFBC02]\n\t(No symbol) [0x00007FF7CEDCE0BB]\n\t(No symbol) [0x00007FF7CEE0765E]\n\t(No symbol) [0x00007FF7CEE0774C]\n\t(No symbol) [0x00007FF7CEE40267]\n\t(No symbol) [0x00007FF7CEE267EF]\n\t(No symbol) [0x00007FF7CEE3E312]\n\t(No symbol) [0x00007FF7CEE26583]\n\t(No symbol) [0x00007FF7CEDFCC71]\n\t(No symbol) [0x00007FF7CEDFDE54]\n\tGetHandleVerifier [0x00007FF7CF234CF2+2879026]\n\tGetHandleVerifier [0x00007FF7CF286F30+3215472]\n\tGetHandleVerifier [0x00007FF7CF27FD4F+3186319]\n\tGetHandleVerifier [0x00007FF7CF015505+652869]\n\t(No symbol) [0x00007FF7CEF07518]\n\t(No symbol) [0x00007FF7CEF035F4]\n\t(No symbol) [0x00007FF7CEF036EC]\n\t(No symbol) [0x00007FF7CEEF38E3]\n\tBaseThreadInitThunk [0x00007FF8DED07344+20]\n\tRtlUserThreadStart [0x00007FF8E0CE26B1+33]", "trace": "authorization_page = <pages.authorization_page.AuthorizationPage object at 0x000001FC499026E0>\n\n    def test_buy_order_by_package_short_pathway(authorization_page):\n        authorization_page.click_to_login_button()\n        authorization_page.click_to_login_w_password_button()\n        authorization_page.set_email_email()\n        authorization_page.set_password_pass()\n        authorization_page.click_to_authorize_button()\n        authorization_page.click_to_pay_btn_order_my_schedule_page()\n>       authorization_page.verify_presence_package_test_order_payment_page()\n\ntests\\test_authorization.py:835: \n_ _ _ _ _ _ _ _ _ _ _ _ _ _ _ _ _ _ _ _ _ _ _ _ _ _ _ _ _ _ _ _ _ _ _ _ _ _ _ _ _ _ _ _ _ _ _ _ _ _ _ _ _ _ _ _ _ _ _ _ _ _ _ _ _ _ _ _ _ _ _ _ _ _ _ \npages\\authorization_page.py:899: in verify_presence_package_test_order_payment_page\n    actual_result = self.get_text_title_of_element(AuthorizationLocators.PACKAGE_TEST_NAME_PAYMENT_PAGE)\nbase\\base_object.py:56: in get_text_title_of_element\n    return self.is_visible(locator).text\nbase\\base_object.py:16: in is_visible\n    return self.wait.until(ec.visibility_of_element_located(locator))\n_ _ _ _ _ _ _ _ _ _ _ _ _ _ _ _ _ _ _ _ _ _ _ _ _ _ _ _ _ _ _ _ _ _ _ _ _ _ _ _ _ _ _ _ _ _ _ _ _ _ _ _ _ _ _ _ _ _ _ _ _ _ _ _ _ _ _ _ _ _ _ _ _ _ _ \n\nself = <selenium.webdriver.support.wait.WebDriverWait (session=\"efc091395b5a500952b38f2dfcbf45e3\")>\nmethod = <function visibility_of_element_located.<locals>._predicate at 0x000001FC499D8CA0>, message = ''\n\n    def until(self, method, message: str = \"\"):\n        \"\"\"Calls the method provided with the driver as an argument until the \\\n        return value does not evaluate to ``False``.\n    \n        :param method: callable(WebDriver)\n        :param message: optional message for :exc:`TimeoutException`\n        :returns: the result of the last call to `method`\n        :raises: :exc:`selenium.common.exceptions.TimeoutException` if timeout occurs\n        \"\"\"\n        screen = None\n        stacktrace = None\n    \n        end_time = time.monotonic() + self._timeout\n        while True:\n            try:\n                value = method(self._driver)\n                if value:\n                    return value\n            except self._ignored_exceptions as exc:\n                screen = getattr(exc, \"screen\", None)\n                stacktrace = getattr(exc, \"stacktrace\", None)\n            time.sleep(self._poll)\n            if time.monotonic() > end_time:\n                break\n>       raise TimeoutException(message, screen, stacktrace)\nE       selenium.common.exceptions.TimeoutException: Message: \nE       Stacktrace:\nE       Backtrace:\nE       \tGetHandleVerifier [0x00007FF7CEF83E62+57250]\nE       \t(No symbol) [0x00007FF7CEEFBC02]\nE       \t(No symbol) [0x00007FF7CEDCE0BB]\nE       \t(No symbol) [0x00007FF7CEE0765E]\nE       \t(No symbol) [0x00007FF7CEE0774C]\nE       \t(No symbol) [0x00007FF7CEE40267]\nE       \t(No symbol) [0x00007FF7CEE267EF]\nE       \t(No symbol) [0x00007FF7CEE3E312]\nE       \t(No symbol) [0x00007FF7CEE26583]\nE       \t(No symbol) [0x00007FF7CEDFCC71]\nE       \t(No symbol) [0x00007FF7CEDFDE54]\nE       \tGetHandleVerifier [0x00007FF7CF234CF2+2879026]\nE       \tGetHandleVerifier [0x00007FF7CF286F30+3215472]\nE       \tGetHandleVerifier [0x00007FF7CF27FD4F+3186319]\nE       \tGetHandleVerifier [0x00007FF7CF015505+652869]\nE       \t(No symbol) [0x00007FF7CEF07518]\nE       \t(No symbol) [0x00007FF7CEF035F4]\nE       \t(No symbol) [0x00007FF7CEF036EC]\nE       \t(No symbol) [0x00007FF7CEEF38E3]\nE       \tBaseThreadInitThunk [0x00007FF8DED07344+20]\nE       \tRtlUserThreadStart [0x00007FF8E0CE26B1+33]\n\nvenv\\lib\\site-packages\\selenium\\webdriver\\support\\wait.py:95: TimeoutException"}, "steps": [{"name": "clicking to \"Login\" button", "status": "passed", "start": 1695193819423, "stop": 1695193825975}, {"name": "clicking to \"Login with password\" button", "status": "passed", "start": 1695193825976, "stop": 1695193826272}, {"name": "set up password", "status": "passed", "start": 1695193826986, "stop": 1695193827399}, {"name": "clicking to \"Authorize\" button", "status": "passed", "start": 1695193827399, "stop": 1695193827671}, {"name": "click to \"to pay\" button in clients account - My schedule page", "status": "passed", "start": 1695193827672, "stop": 1695193833209}, {"name": "verify presence of the Test package on the payment page ", "status": "broken", "statusDetails": {"message": "selenium.common.exceptions.TimeoutException: Message: \nStacktrace:\nBacktrace:\n\tGetHandleVerifier [0x00007FF7CEF83E62+57250]\n\t(No symbol) [0x00007FF7CEEFBC02]\n\t(No symbol) [0x00007FF7CEDCE0BB]\n\t(No symbol) [0x00007FF7CEE0765E]\n\t(No symbol) [0x00007FF7CEE0774C]\n\t(No symbol) [0x00007FF7CEE40267]\n\t(No symbol) [0x00007FF7CEE267EF]\n\t(No symbol) [0x00007FF7CEE3E312]\n\t(No symbol) [0x00007FF7CEE26583]\n\t(No symbol) [0x00007FF7CEDFCC71]\n\t(No symbol) [0x00007FF7CEDFDE54]\n\tGetHandleVerifier [0x00007FF7CF234CF2+2879026]\n\tGetHandleVerifier [0x00007FF7CF286F30+3215472]\n\tGetHandleVerifier [0x00007FF7CF27FD4F+3186319]\n\tGetHandleVerifier [0x00007FF7CF015505+652869]\n\t(No symbol) [0x00007FF7CEF07518]\n\t(No symbol) [0x00007FF7CEF035F4]\n\t(No symbol) [0x00007FF7CEF036EC]\n\t(No symbol) [0x00007FF7CEEF38E3]\n\tBaseThreadInitThunk [0x00007FF8DED07344+20]\n\tRtlUserThreadStart [0x00007FF8E0CE26B1+33]\n\n", "trace": "  File \"C:\\Users\\Owner\\PycharmProjects\\LifeHelp\\venv\\lib\\site-packages\\allure_commons\\_allure.py\", line 192, in impl\n    return func(*a, **kw)\n  File \"C:\\Users\\Owner\\PycharmProjects\\LifeHelp\\pages\\authorization_page.py\", line 899, in verify_presence_package_test_order_payment_page\n    actual_result = self.get_text_title_of_element(AuthorizationLocators.PACKAGE_TEST_NAME_PAYMENT_PAGE)\n  File \"C:\\Users\\Owner\\PycharmProjects\\LifeHelp\\base\\base_object.py\", line 56, in get_text_title_of_element\n    return self.is_visible(locator).text\n  File \"C:\\Users\\Owner\\PycharmProjects\\LifeHelp\\base\\base_object.py\", line 16, in is_visible\n    return self.wait.until(ec.visibility_of_element_located(locator))\n  File \"C:\\Users\\Owner\\PycharmProjects\\LifeHelp\\venv\\lib\\site-packages\\selenium\\webdriver\\support\\wait.py\", line 95, in until\n    raise TimeoutException(message, screen, stacktrace)\n"}, "start": 1695193833448, "stop": 1695193838930}], "start": 1695193819423, "stop": 1695193838934, "uuid": "e02c4623-f9e9-4cd1-8d49-79ecf4e76adc", "historyId": "0619eac3eaebcd63842b37a448a0a402", "testCaseId": "6044c57f750e73f89e494db1fb1ec77c", "fullName": "tests.test_authorization#test_buy_order_by_package_short_pathway", "labels": [{"name": "parentSuite", "value": "tests"}, {"name": "suite", "value": "test_authorization"}, {"name": "host", "value": "DESKTOP-MNCDD93"}, {"name": "thread", "value": "12416-MainThread"}, {"name": "framework", "value": "pytest"}, {"name": "language", "value": "cpython3"}, {"name": "package", "value": "tests.test_authorization"}]}