{"name": "test_automatic_order_after_stopped_payment", "status": "broken", "statusDetails": {"message": "selenium.common.exceptions.ElementClickInterceptedException: Message: element click intercepted: Element is not clickable at point (703, 710)\n  (Session info: chrome=116.0.5845.111)\nStacktrace:\nBacktrace:\n\tGetHandleVerifier [0x00007FF682113E62+57250]\n\t(No symbol) [0x00007FF68208BC02]\n\t(No symbol) [0x00007FF681F5E0BB]\n\t(No symbol) [0x00007FF681F9D080]\n\t(No symbol) [0x00007FF681F9B6FD]\n\t(No symbol) [0x00007FF681F996E5]\n\t(No symbol) [0x00007FF681F988F5]\n\t(No symbol) [0x00007FF681F8EC1F]\n\t(No symbol) [0x00007FF681FB67AA]\n\t(No symbol) [0x00007FF681F8E536]\n\t(No symbol) [0x00007FF681FB69C0]\n\t(No symbol) [0x00007FF681FCE312]\n\t(No symbol) [0x00007FF681FB6583]\n\t(No symbol) [0x00007FF681F8CC71]\n\t(No symbol) [0x00007FF681F8DE54]\n\tGetHandleVerifier [0x00007FF6823C4CF2+2879026]\n\tGetHandleVerifier [0x00007FF682416F30+3215472]\n\tGetHandleVerifier [0x00007FF68240FD4F+3186319]\n\tGetHandleVerifier [0x00007FF6821A5505+652869]\n\t(No symbol) [0x00007FF682097518]\n\t(No symbol) [0x00007FF6820935F4]\n\t(No symbol) [0x00007FF6820936EC]\n\t(No symbol) [0x00007FF6820838E3]\n\tBaseThreadInitThunk [0x00007FFA86F47614+20]\n\tRtlUserThreadStart [0x00007FFA872426B1+33]", "trace": "authorization_page = <pages.authorization_page.AuthorizationPage object at 0x0000026EE6E21810>\n\n    def test_automatic_order_after_stopped_payment(authorization_page):\n        authorization_page.click_to_login_button()\n        authorization_page.click_to_login_w_password_button()\n        authorization_page.set_phone_password_authorization()\n        authorization_page.set_password_pass()\n        authorization_page.click_to_authorize_button()\n        authorization_page.click_terminated_sessions_title()\n        authorization_page.click_order_session_again_button()\n>       authorization_page.select_time_session_schedule_psychologist()\n\ntests\\test_authorization.py:370: \n_ _ _ _ _ _ _ _ _ _ _ _ _ _ _ _ _ _ _ _ _ _ _ _ _ _ _ _ _ _ _ _ _ _ _ _ _ _ _ _ _ _ _ _ _ _ _ _ _ _ _ _ _ _ _ _ _ _ _ _ _ _ _ _ _ _ _ _ _ _ _ _ _ _ _ \npages\\authorization_page.py:198: in select_time_session_schedule_psychologist\n    self.to_click(AuthorizationLocators.PSY_TIME_TEST)\nbase\\base_object.py:17: in to_click\n    self.is_clickable(locator).click()\nvenv\\lib\\site-packages\\selenium\\webdriver\\remote\\webelement.py:93: in click\n    self._execute(Command.CLICK_ELEMENT)\nvenv\\lib\\site-packages\\selenium\\webdriver\\remote\\webelement.py:403: in _execute\n    return self._parent.execute(command, params)\nvenv\\lib\\site-packages\\selenium\\webdriver\\remote\\webdriver.py:440: in execute\n    self.error_handler.check_response(response)\n_ _ _ _ _ _ _ _ _ _ _ _ _ _ _ _ _ _ _ _ _ _ _ _ _ _ _ _ _ _ _ _ _ _ _ _ _ _ _ _ _ _ _ _ _ _ _ _ _ _ _ _ _ _ _ _ _ _ _ _ _ _ _ _ _ _ _ _ _ _ _ _ _ _ _ \n\nself = <selenium.webdriver.remote.errorhandler.ErrorHandler object at 0x0000026EE6E235B0>\nresponse = {'status': 400, 'value': '{\"value\":{\"error\":\"element click intercepted\",\"message\":\"element click intercepted: Element ...07FF6820838E3]\\\\n\\\\tBaseThreadInitThunk [0x00007FFA86F47614+20]\\\\n\\\\tRtlUserThreadStart [0x00007FFA872426B1+33]\\\\n\"}}'}\n\n    def check_response(self, response: Dict[str, Any]) -> None:\n        \"\"\"Checks that a JSON response from the WebDriver does not have an\n        error.\n    \n        :Args:\n         - response - The JSON response from the WebDriver server as a dictionary\n           object.\n    \n        :Raises: If the response contains an error message.\n        \"\"\"\n        status = response.get(\"status\", None)\n        if not status or status == ErrorCode.SUCCESS:\n            return\n        value = None\n        message = response.get(\"message\", \"\")\n        screen: str = response.get(\"screen\", \"\")\n        stacktrace = None\n        if isinstance(status, int):\n            value_json = response.get(\"value\", None)\n            if value_json and isinstance(value_json, str):\n                import json\n    \n                try:\n                    value = json.loads(value_json)\n                    if len(value.keys()) == 1:\n                        value = value[\"value\"]\n                    status = value.get(\"error\", None)\n                    if not status:\n                        status = value.get(\"status\", ErrorCode.UNKNOWN_ERROR)\n                        message = value.get(\"value\") or value.get(\"message\")\n                        if not isinstance(message, str):\n                            value = message\n                            message = message.get(\"message\")\n                    else:\n                        message = value.get(\"message\", None)\n                except ValueError:\n                    pass\n    \n        exception_class: Type[WebDriverException]\n        if status in ErrorCode.NO_SUCH_ELEMENT:\n            exception_class = NoSuchElementException\n        elif status in ErrorCode.NO_SUCH_FRAME:\n            exception_class = NoSuchFrameException\n        elif status in ErrorCode.NO_SUCH_SHADOW_ROOT:\n            exception_class = NoSuchShadowRootException\n        elif status in ErrorCode.NO_SUCH_WINDOW:\n            exception_class = NoSuchWindowException\n        elif status in ErrorCode.STALE_ELEMENT_REFERENCE:\n            exception_class = StaleElementReferenceException\n        elif status in ErrorCode.ELEMENT_NOT_VISIBLE:\n            exception_class = ElementNotVisibleException\n        elif status in ErrorCode.INVALID_ELEMENT_STATE:\n            exception_class = InvalidElementStateException\n        elif (\n            status in ErrorCode.INVALID_SELECTOR\n            or status in ErrorCode.INVALID_XPATH_SELECTOR\n            or status in ErrorCode.INVALID_XPATH_SELECTOR_RETURN_TYPER\n        ):\n            exception_class = InvalidSelectorException\n        elif status in ErrorCode.ELEMENT_IS_NOT_SELECTABLE:\n            exception_class = ElementNotSelectableException\n        elif status in ErrorCode.ELEMENT_NOT_INTERACTABLE:\n            exception_class = ElementNotInteractableException\n        elif status in ErrorCode.INVALID_COOKIE_DOMAIN:\n            exception_class = InvalidCookieDomainException\n        elif status in ErrorCode.UNABLE_TO_SET_COOKIE:\n            exception_class = UnableToSetCookieException\n        elif status in ErrorCode.TIMEOUT:\n            exception_class = TimeoutException\n        elif status in ErrorCode.SCRIPT_TIMEOUT:\n            exception_class = TimeoutException\n        elif status in ErrorCode.UNKNOWN_ERROR:\n            exception_class = WebDriverException\n        elif status in ErrorCode.UNEXPECTED_ALERT_OPEN:\n            exception_class = UnexpectedAlertPresentException\n        elif status in ErrorCode.NO_ALERT_OPEN:\n            exception_class = NoAlertPresentException\n        elif status in ErrorCode.IME_NOT_AVAILABLE:\n            exception_class = ImeNotAvailableException\n        elif status in ErrorCode.IME_ENGINE_ACTIVATION_FAILED:\n            exception_class = ImeActivationFailedException\n        elif status in ErrorCode.MOVE_TARGET_OUT_OF_BOUNDS:\n            exception_class = MoveTargetOutOfBoundsException\n        elif status in ErrorCode.JAVASCRIPT_ERROR:\n            exception_class = JavascriptException\n        elif status in ErrorCode.SESSION_NOT_CREATED:\n            exception_class = SessionNotCreatedException\n        elif status in ErrorCode.INVALID_ARGUMENT:\n            exception_class = InvalidArgumentException\n        elif status in ErrorCode.NO_SUCH_COOKIE:\n            exception_class = NoSuchCookieException\n        elif status in ErrorCode.UNABLE_TO_CAPTURE_SCREEN:\n            exception_class = ScreenshotException\n        elif status in ErrorCode.ELEMENT_CLICK_INTERCEPTED:\n            exception_class = ElementClickInterceptedException\n        elif status in ErrorCode.INSECURE_CERTIFICATE:\n            exception_class = InsecureCertificateException\n        elif status in ErrorCode.INVALID_COORDINATES:\n            exception_class = InvalidCoordinatesException\n        elif status in ErrorCode.INVALID_SESSION_ID:\n            exception_class = InvalidSessionIdException\n        elif status in ErrorCode.UNKNOWN_METHOD:\n            exception_class = UnknownMethodException\n        else:\n            exception_class = WebDriverException\n        if not value:\n            value = response[\"value\"]\n        if isinstance(value, str):\n            raise exception_class(value)\n        if message == \"\" and \"message\" in value:\n            message = value[\"message\"]\n    \n        screen = None  # type: ignore[assignment]\n        if \"screen\" in value:\n            screen = value[\"screen\"]\n    \n        stacktrace = None\n        st_value = value.get(\"stackTrace\") or value.get(\"stacktrace\")\n        if st_value:\n            if isinstance(st_value, str):\n                stacktrace = st_value.split(\"\\n\")\n            else:\n                stacktrace = []\n                try:\n                    for frame in st_value:\n                        line = frame.get(\"lineNumber\", \"\")\n                        file = frame.get(\"fileName\", \"<anonymous>\")\n                        if line:\n                            file = f\"{file}:{line}\"\n                        meth = frame.get(\"methodName\", \"<anonymous>\")\n                        if \"className\" in frame:\n                            meth = f\"{frame['className']}.{meth}\"\n                        msg = \"    at %s (%s)\"\n                        msg = msg % (meth, file)\n                        stacktrace.append(msg)\n                except TypeError:\n                    pass\n        if exception_class == UnexpectedAlertPresentException:\n            alert_text = None\n            if \"data\" in value:\n                alert_text = value[\"data\"].get(\"text\")\n            elif \"alert\" in value:\n                alert_text = value[\"alert\"].get(\"text\")\n            raise exception_class(message, screen, stacktrace, alert_text)  # type: ignore[call-arg]  # mypy is not smart enough here\n>       raise exception_class(message, screen, stacktrace)\nE       selenium.common.exceptions.ElementClickInterceptedException: Message: element click intercepted: Element is not clickable at point (703, 710)\nE         (Session info: chrome=116.0.5845.111)\nE       Stacktrace:\nE       Backtrace:\nE       \tGetHandleVerifier [0x00007FF682113E62+57250]\nE       \t(No symbol) [0x00007FF68208BC02]\nE       \t(No symbol) [0x00007FF681F5E0BB]\nE       \t(No symbol) [0x00007FF681F9D080]\nE       \t(No symbol) [0x00007FF681F9B6FD]\nE       \t(No symbol) [0x00007FF681F996E5]\nE       \t(No symbol) [0x00007FF681F988F5]\nE       \t(No symbol) [0x00007FF681F8EC1F]\nE       \t(No symbol) [0x00007FF681FB67AA]\nE       \t(No symbol) [0x00007FF681F8E536]\nE       \t(No symbol) [0x00007FF681FB69C0]\nE       \t(No symbol) [0x00007FF681FCE312]\nE       \t(No symbol) [0x00007FF681FB6583]\nE       \t(No symbol) [0x00007FF681F8CC71]\nE       \t(No symbol) [0x00007FF681F8DE54]\nE       \tGetHandleVerifier [0x00007FF6823C4CF2+2879026]\nE       \tGetHandleVerifier [0x00007FF682416F30+3215472]\nE       \tGetHandleVerifier [0x00007FF68240FD4F+3186319]\nE       \tGetHandleVerifier [0x00007FF6821A5505+652869]\nE       \t(No symbol) [0x00007FF682097518]\nE       \t(No symbol) [0x00007FF6820935F4]\nE       \t(No symbol) [0x00007FF6820936EC]\nE       \t(No symbol) [0x00007FF6820838E3]\nE       \tBaseThreadInitThunk [0x00007FFA86F47614+20]\nE       \tRtlUserThreadStart [0x00007FFA872426B1+33]\n\nvenv\\lib\\site-packages\\selenium\\webdriver\\remote\\errorhandler.py:245: ElementClickInterceptedException"}, "steps": [{"name": "clicking to \"Login\" button", "status": "passed", "start": 1693293049773, "stop": 1693293054598}, {"name": "clicking to \"Login with password\" button", "status": "passed", "start": 1693293054598, "stop": 1693293054896}, {"name": "set up password", "status": "passed", "start": 1693293055389, "stop": 1693293055629}, {"name": "clicking to \"Authorize\" button", "status": "passed", "start": 1693293055629, "stop": 1693293055778}, {"name": "click terminated sessions title in client account", "status": "passed", "start": 1693293055779, "stop": 1693293059564}, {"name": "click order session again in client account", "status": "passed", "start": 1693293059564, "stop": 1693293061205}, {"name": "select the nearest time for second session", "status": "broken", "statusDetails": {"message": "selenium.common.exceptions.ElementClickInterceptedException: Message: element click intercepted: Element is not clickable at point (703, 710)\n  (Session info: chrome=116.0.5845.111)\nStacktrace:\nBacktrace:\n\tGetHandleVerifier [0x00007FF682113E62+57250]\n\t(No symbol) [0x00007FF68208BC02]\n\t(No symbol) [0x00007FF681F5E0BB]\n\t(No symbol) [0x00007FF681F9D080]\n\t(No symbol) [0x00007FF681F9B6FD]\n\t(No symbol) [0x00007FF681F996E5]\n\t(No symbol) [0x00007FF681F988F5]\n\t(No symbol) [0x00007FF681F8EC1F]\n\t(No symbol) [0x00007FF681FB67AA]\n\t(No symbol) [0x00007FF681F8E536]\n\t(No symbol) [0x00007FF681FB69C0]\n\t(No symbol) [0x00007FF681FCE312]\n\t(No symbol) [0x00007FF681FB6583]\n\t(No symbol) [0x00007FF681F8CC71]\n\t(No symbol) [0x00007FF681F8DE54]\n\tGetHandleVerifier [0x00007FF6823C4CF2+2879026]\n\tGetHandleVerifier [0x00007FF682416F30+3215472]\n\tGetHandleVerifier [0x00007FF68240FD4F+3186319]\n\tGetHandleVerifier [0x00007FF6821A5505+652869]\n\t(No symbol) [0x00007FF682097518]\n\t(No symbol) [0x00007FF6820935F4]\n\t(No symbol) [0x00007FF6820936EC]\n\t(No symbol) [0x00007FF6820838E3]\n\tBaseThreadInitThunk [0x00007FFA86F47614+20]\n\tRtlUserThreadStart [0x00007FFA872426B1+33]\n\n", "trace": "  File \"C:\\Users\\Owner\\PycharmProjects\\LifeHelp\\venv\\lib\\site-packages\\allure_commons\\_allure.py\", line 192, in impl\n    return func(*a, **kw)\n  File \"C:\\Users\\Owner\\PycharmProjects\\LifeHelp\\pages\\authorization_page.py\", line 198, in select_time_session_schedule_psychologist\n    self.to_click(AuthorizationLocators.PSY_TIME_TEST)\n  File \"C:\\Users\\Owner\\PycharmProjects\\LifeHelp\\base\\base_object.py\", line 17, in to_click\n    self.is_clickable(locator).click()\n  File \"C:\\Users\\Owner\\PycharmProjects\\LifeHelp\\venv\\lib\\site-packages\\selenium\\webdriver\\remote\\webelement.py\", line 93, in click\n    self._execute(Command.CLICK_ELEMENT)\n  File \"C:\\Users\\Owner\\PycharmProjects\\LifeHelp\\venv\\lib\\site-packages\\selenium\\webdriver\\remote\\webelement.py\", line 403, in _execute\n    return self._parent.execute(command, params)\n  File \"C:\\Users\\Owner\\PycharmProjects\\LifeHelp\\venv\\lib\\site-packages\\selenium\\webdriver\\remote\\webdriver.py\", line 440, in execute\n    self.error_handler.check_response(response)\n  File \"C:\\Users\\Owner\\PycharmProjects\\LifeHelp\\venv\\lib\\site-packages\\selenium\\webdriver\\remote\\errorhandler.py\", line 245, in check_response\n    raise exception_class(message, screen, stacktrace)\n"}, "start": 1693293061205, "stop": 1693293063149}], "start": 1693293049772, "stop": 1693293063182, "uuid": "0bdb4a60-d5ed-4f01-9e8d-1fdaa0b650b5", "historyId": "a9133b9ad9e39db2f9cc02941f55ecb1", "testCaseId": "d1957a0a45bb4ce991bbf1433a301576", "fullName": "tests.test_authorization#test_automatic_order_after_stopped_payment", "labels": [{"name": "parentSuite", "value": "tests"}, {"name": "suite", "value": "test_authorization"}, {"name": "host", "value": "DESKTOP-MNCDD93"}, {"name": "thread", "value": "29832-MainThread"}, {"name": "framework", "value": "pytest"}, {"name": "language", "value": "cpython3"}, {"name": "package", "value": "tests.test_authorization"}]}