{"name": "test_client_second_session_order_prodamus", "status": "broken", "statusDetails": {"message": "selenium.common.exceptions.TimeoutException: Message: \nStacktrace:\nBacktrace:\n\tGetHandleVerifier [0x008FA813+48355]\n\t(No symbol) [0x0088C4B1]\n\t(No symbol) [0x00795358]\n\t(No symbol) [0x007C09A5]\n\t(No symbol) [0x007C0B3B]\n\t(No symbol) [0x007EE232]\n\t(No symbol) [0x007DA784]\n\t(No symbol) [0x007EC922]\n\t(No symbol) [0x007DA536]\n\t(No symbol) [0x007B82DC]\n\t(No symbol) [0x007B93DD]\n\tGetHandleVerifier [0x00B5AABD+2539405]\n\tGetHandleVerifier [0x00B9A78F+2800735]\n\tGetHandleVerifier [0x00B9456C+2775612]\n\tGetHandleVerifier [0x009851E0+616112]\n\t(No symbol) [0x00895F8C]\n\t(No symbol) [0x00892328]\n\t(No symbol) [0x0089240B]\n\t(No symbol) [0x00884FF7]\n\tBaseThreadInitThunk [0x759B00C9+25]\n\tRtlGetAppContainerNamedObjectPath [0x77B57B1E+286]\n\tRtlGetAppContainerNamedObjectPath [0x77B57AEE+238]", "trace": "authorization_page = <pages.authorization_page.AuthorizationPage object at 0x000001E147274790>\n\n    def test_client_second_session_order_prodamus (authorization_page):\n        authorization_page.click_to_login_button()\n        authorization_page.click_to_login_w_password_button()\n        authorization_page.set_email_email()\n        authorization_page.set_password_pass()\n        authorization_page.click_to_authorize_button()\n        authorization_page.click_terminated_sessions_title()\n        authorization_page.click_order_session_again_button()\n        authorization_page.select_time_session_schedule_psychologist()\n        authorization_page.click_rapid_go_payment_btn()\n        authorization_page.click_foreign_card_button_session()\n        authorization_page.click_pay_online_button_session()\n>       authorization_page.verify_whatsapp_care_page()\n\ntests\\test_authorization.py:174: \n_ _ _ _ _ _ _ _ _ _ _ _ _ _ _ _ _ _ _ _ _ _ _ _ _ _ _ _ _ _ _ _ _ _ _ _ _ _ _ _ _ _ _ _ _ _ _ _ _ _ _ _ _ _ _ _ _ _ _ _ _ _ _ _ _ _ _ _ _ _ _ _ _ _ _ \npages\\authorization_page.py:424: in verify_whatsapp_care_page\n    actual_result = self.is_visible(AuthorizationLocators.WHATSAPP_PAGE_HEADER).get_attribute('src')\nbase\\base_object.py:11: in is_visible\n    return self.wait.until(ec.visibility_of_element_located(locator))\n_ _ _ _ _ _ _ _ _ _ _ _ _ _ _ _ _ _ _ _ _ _ _ _ _ _ _ _ _ _ _ _ _ _ _ _ _ _ _ _ _ _ _ _ _ _ _ _ _ _ _ _ _ _ _ _ _ _ _ _ _ _ _ _ _ _ _ _ _ _ _ _ _ _ _ \n\nself = <selenium.webdriver.support.wait.WebDriverWait (session=\"cbe29311d5296c24ee7bfffa6e170dd3\")>\nmethod = <function visibility_of_element_located.<locals>._predicate at 0x000001E1469465F0>, message = ''\n\n    def until(self, method, message: str = \"\"):\n        \"\"\"Calls the method provided with the driver as an argument until the \\\n        return value does not evaluate to ``False``.\n    \n        :param method: callable(WebDriver)\n        :param message: optional message for :exc:`TimeoutException`\n        :returns: the result of the last call to `method`\n        :raises: :exc:`selenium.common.exceptions.TimeoutException` if timeout occurs\n        \"\"\"\n        screen = None\n        stacktrace = None\n    \n        end_time = time.monotonic() + self._timeout\n        while True:\n            try:\n                value = method(self._driver)\n                if value:\n                    return value\n            except self._ignored_exceptions as exc:\n                screen = getattr(exc, \"screen\", None)\n                stacktrace = getattr(exc, \"stacktrace\", None)\n            time.sleep(self._poll)\n            if time.monotonic() > end_time:\n                break\n>       raise TimeoutException(message, screen, stacktrace)\nE       selenium.common.exceptions.TimeoutException: Message: \nE       Stacktrace:\nE       Backtrace:\nE       \tGetHandleVerifier [0x008FA813+48355]\nE       \t(No symbol) [0x0088C4B1]\nE       \t(No symbol) [0x00795358]\nE       \t(No symbol) [0x007C09A5]\nE       \t(No symbol) [0x007C0B3B]\nE       \t(No symbol) [0x007EE232]\nE       \t(No symbol) [0x007DA784]\nE       \t(No symbol) [0x007EC922]\nE       \t(No symbol) [0x007DA536]\nE       \t(No symbol) [0x007B82DC]\nE       \t(No symbol) [0x007B93DD]\nE       \tGetHandleVerifier [0x00B5AABD+2539405]\nE       \tGetHandleVerifier [0x00B9A78F+2800735]\nE       \tGetHandleVerifier [0x00B9456C+2775612]\nE       \tGetHandleVerifier [0x009851E0+616112]\nE       \t(No symbol) [0x00895F8C]\nE       \t(No symbol) [0x00892328]\nE       \t(No symbol) [0x0089240B]\nE       \t(No symbol) [0x00884FF7]\nE       \tBaseThreadInitThunk [0x759B00C9+25]\nE       \tRtlGetAppContainerNamedObjectPath [0x77B57B1E+286]\nE       \tRtlGetAppContainerNamedObjectPath [0x77B57AEE+238]\n\nvenv\\lib\\site-packages\\selenium\\webdriver\\support\\wait.py:95: TimeoutException"}, "steps": [{"name": "clicking to \"Login\" button", "status": "passed", "start": 1690178057558, "stop": 1690178060269}, {"name": "clicking to \"Login with password\" button", "status": "passed", "start": 1690178060270, "stop": 1690178060528}, {"name": "set up password", "status": "passed", "start": 1690178061218, "stop": 1690178061637}, {"name": "clicking to \"Authorize\" button", "status": "passed", "start": 1690178061637, "stop": 1690178061870}, {"name": "click terminated sessions title in client account", "status": "passed", "start": 1690178061871, "stop": 1690178064274}, {"name": "click order session again in client account", "status": "passed", "start": 1690178064275, "stop": 1690178065712}, {"name": "select the nearest time for second session", "status": "passed", "start": 1690178065712, "stop": 1690178066385}, {"name": "click to \"go to payment\" button", "status": "passed", "start": 1690178066385, "stop": 1690178067168}, {"name": "click to \"foreign card\" button", "status": "passed", "start": 1690178067168, "stop": 1690178067892}, {"name": "click to \"pay online\" green button", "status": "passed", "start": 1690178067892, "stop": 1690178068097}, {"name": "verify url of whatsapp care page", "status": "broken", "statusDetails": {"message": "selenium.common.exceptions.TimeoutException: Message: \nStacktrace:\nBacktrace:\n\tGetHandleVerifier [0x008FA813+48355]\n\t(No symbol) [0x0088C4B1]\n\t(No symbol) [0x00795358]\n\t(No symbol) [0x007C09A5]\n\t(No symbol) [0x007C0B3B]\n\t(No symbol) [0x007EE232]\n\t(No symbol) [0x007DA784]\n\t(No symbol) [0x007EC922]\n\t(No symbol) [0x007DA536]\n\t(No symbol) [0x007B82DC]\n\t(No symbol) [0x007B93DD]\n\tGetHandleVerifier [0x00B5AABD+2539405]\n\tGetHandleVerifier [0x00B9A78F+2800735]\n\tGetHandleVerifier [0x00B9456C+2775612]\n\tGetHandleVerifier [0x009851E0+616112]\n\t(No symbol) [0x00895F8C]\n\t(No symbol) [0x00892328]\n\t(No symbol) [0x0089240B]\n\t(No symbol) [0x00884FF7]\n\tBaseThreadInitThunk [0x759B00C9+25]\n\tRtlGetAppContainerNamedObjectPath [0x77B57B1E+286]\n\tRtlGetAppContainerNamedObjectPath [0x77B57AEE+238]\n\n", "trace": "  File \"C:\\Users\\Owner\\PycharmProjects\\LifeHelp\\venv\\lib\\site-packages\\allure_commons\\_allure.py\", line 192, in impl\n    return func(*a, **kw)\n  File \"C:\\Users\\Owner\\PycharmProjects\\LifeHelp\\pages\\authorization_page.py\", line 424, in verify_whatsapp_care_page\n    actual_result = self.is_visible(AuthorizationLocators.WHATSAPP_PAGE_HEADER).get_attribute('src')\n  File \"C:\\Users\\Owner\\PycharmProjects\\LifeHelp\\base\\base_object.py\", line 11, in is_visible\n    return self.wait.until(ec.visibility_of_element_located(locator))\n  File \"C:\\Users\\Owner\\PycharmProjects\\LifeHelp\\venv\\lib\\site-packages\\selenium\\webdriver\\support\\wait.py\", line 95, in until\n    raise TimeoutException(message, screen, stacktrace)\n"}, "start": 1690178068098, "stop": 1690178073552}], "start": 1690178057557, "stop": 1690178073555, "uuid": "0f448187-1d59-42cd-b9d4-86328a4e02e7", "historyId": "2f483f8bcc45a3cfdb54a41670501f68", "testCaseId": "dcef51c544ad4994c45baf222a5c534e", "fullName": "tests.test_authorization#test_client_second_session_order_prodamus", "labels": [{"name": "parentSuite", "value": "tests"}, {"name": "suite", "value": "test_authorization"}, {"name": "host", "value": "DESKTOP-MNCDD93"}, {"name": "thread", "value": "4020-MainThread"}, {"name": "framework", "value": "pytest"}, {"name": "language", "value": "cpython3"}, {"name": "package", "value": "tests.test_authorization"}]}