{"name": "test_link_leads_to_forgot_password_page", "status": "broken", "statusDetails": {"message": "selenium.common.exceptions.TimeoutException: Message: \nStacktrace:\nBacktrace:\n\tGetHandleVerifier [0x00007FF782023E62+57250]\n\t(No symbol) [0x00007FF781F9BC02]\n\t(No symbol) [0x00007FF781E6E0BB]\n\t(No symbol) [0x00007FF781EA765E]\n\t(No symbol) [0x00007FF781EA774C]\n\t(No symbol) [0x00007FF781EE0267]\n\t(No symbol) [0x00007FF781EC67EF]\n\t(No symbol) [0x00007FF781EDE312]\n\t(No symbol) [0x00007FF781EC6583]\n\t(No symbol) [0x00007FF781E9CC71]\n\t(No symbol) [0x00007FF781E9DE54]\n\tGetHandleVerifier [0x00007FF7822D4CF2+2879026]\n\tGetHandleVerifier [0x00007FF782326F30+3215472]\n\tGetHandleVerifier [0x00007FF78231FD4F+3186319]\n\tGetHandleVerifier [0x00007FF7820B5505+652869]\n\t(No symbol) [0x00007FF781FA7518]\n\t(No symbol) [0x00007FF781FA35F4]\n\t(No symbol) [0x00007FF781FA36EC]\n\t(No symbol) [0x00007FF781F938E3]\n\tBaseThreadInitThunk [0x00007FF8DED07344+20]\n\tRtlUserThreadStart [0x00007FF8E0CE26B1+33]", "trace": "restore_password_link_page = <pages.restore_password_link_page.RestorePasswordLinkPage object at 0x000002D9777C6410>\n\n    def test_link_leads_to_forgot_password_page(restore_password_link_page):\n        restore_password_link_page.set_new_password()\n        restore_password_link_page.repeat_new_password()\n        restore_password_link_page.click_to_save_btn_restore_password()\n>       restore_password_link_page.click_to_link_btn_password_error_message()\n\ntests\\test_restore_password_link.py:30: \n_ _ _ _ _ _ _ _ _ _ _ _ _ _ _ _ _ _ _ _ _ _ _ _ _ _ _ _ _ _ _ _ _ _ _ _ _ _ _ _ _ _ _ _ _ _ _ _ _ _ _ _ _ _ _ _ _ _ _ _ _ _ _ _ _ _ _ _ _ _ _ _ _ _ _ \npages\\restore_password_link_page.py:45: in click_to_link_btn_password_error_message\n    self.to_click(RestorePasswordLinkLocators.LINK_TO_RESTORE_PASSWORD_IN_ERROR_MESSAGE)\nbase\\base_object.py:32: in to_click\n    self.is_clickable(locator).click()\nbase\\base_object.py:24: in is_clickable\n    return self.wait.until(ec.element_to_be_clickable(locator))\n_ _ _ _ _ _ _ _ _ _ _ _ _ _ _ _ _ _ _ _ _ _ _ _ _ _ _ _ _ _ _ _ _ _ _ _ _ _ _ _ _ _ _ _ _ _ _ _ _ _ _ _ _ _ _ _ _ _ _ _ _ _ _ _ _ _ _ _ _ _ _ _ _ _ _ \n\nself = <selenium.webdriver.support.wait.WebDriverWait (session=\"db352c365620b20a91bfc697d4e43331\")>\nmethod = <function element_to_be_clickable.<locals>._predicate at 0x000002D977775D80>, message = ''\n\n    def until(self, method, message: str = \"\"):\n        \"\"\"Calls the method provided with the driver as an argument until the \\\n        return value does not evaluate to ``False``.\n    \n        :param method: callable(WebDriver)\n        :param message: optional message for :exc:`TimeoutException`\n        :returns: the result of the last call to `method`\n        :raises: :exc:`selenium.common.exceptions.TimeoutException` if timeout occurs\n        \"\"\"\n        screen = None\n        stacktrace = None\n    \n        end_time = time.monotonic() + self._timeout\n        while True:\n            try:\n                value = method(self._driver)\n                if value:\n                    return value\n            except self._ignored_exceptions as exc:\n                screen = getattr(exc, \"screen\", None)\n                stacktrace = getattr(exc, \"stacktrace\", None)\n            time.sleep(self._poll)\n            if time.monotonic() > end_time:\n                break\n>       raise TimeoutException(message, screen, stacktrace)\nE       selenium.common.exceptions.TimeoutException: Message: \nE       Stacktrace:\nE       Backtrace:\nE       \tGetHandleVerifier [0x00007FF782023E62+57250]\nE       \t(No symbol) [0x00007FF781F9BC02]\nE       \t(No symbol) [0x00007FF781E6E0BB]\nE       \t(No symbol) [0x00007FF781EA765E]\nE       \t(No symbol) [0x00007FF781EA774C]\nE       \t(No symbol) [0x00007FF781EE0267]\nE       \t(No symbol) [0x00007FF781EC67EF]\nE       \t(No symbol) [0x00007FF781EDE312]\nE       \t(No symbol) [0x00007FF781EC6583]\nE       \t(No symbol) [0x00007FF781E9CC71]\nE       \t(No symbol) [0x00007FF781E9DE54]\nE       \tGetHandleVerifier [0x00007FF7822D4CF2+2879026]\nE       \tGetHandleVerifier [0x00007FF782326F30+3215472]\nE       \tGetHandleVerifier [0x00007FF78231FD4F+3186319]\nE       \tGetHandleVerifier [0x00007FF7820B5505+652869]\nE       \t(No symbol) [0x00007FF781FA7518]\nE       \t(No symbol) [0x00007FF781FA35F4]\nE       \t(No symbol) [0x00007FF781FA36EC]\nE       \t(No symbol) [0x00007FF781F938E3]\nE       \tBaseThreadInitThunk [0x00007FF8DED07344+20]\nE       \tRtlUserThreadStart [0x00007FF8E0CE26B1+33]\n\nvenv\\lib\\site-packages\\selenium\\webdriver\\support\\wait.py:95: TimeoutException"}, "steps": [{"name": "set up new password", "status": "passed", "start": 1695189389307, "stop": 1695189389711}, {"name": "repeat new password", "status": "passed", "start": 1695189389711, "stop": 1695189390102}, {"name": "click to \"save\" btn", "status": "passed", "start": 1695189390102, "stop": 1695189390327}, {"name": "click to \"link\" btn in invalid token error message", "status": "broken", "statusDetails": {"message": "selenium.common.exceptions.TimeoutException: Message: \nStacktrace:\nBacktrace:\n\tGetHandleVerifier [0x00007FF782023E62+57250]\n\t(No symbol) [0x00007FF781F9BC02]\n\t(No symbol) [0x00007FF781E6E0BB]\n\t(No symbol) [0x00007FF781EA765E]\n\t(No symbol) [0x00007FF781EA774C]\n\t(No symbol) [0x00007FF781EE0267]\n\t(No symbol) [0x00007FF781EC67EF]\n\t(No symbol) [0x00007FF781EDE312]\n\t(No symbol) [0x00007FF781EC6583]\n\t(No symbol) [0x00007FF781E9CC71]\n\t(No symbol) [0x00007FF781E9DE54]\n\tGetHandleVerifier [0x00007FF7822D4CF2+2879026]\n\tGetHandleVerifier [0x00007FF782326F30+3215472]\n\tGetHandleVerifier [0x00007FF78231FD4F+3186319]\n\tGetHandleVerifier [0x00007FF7820B5505+652869]\n\t(No symbol) [0x00007FF781FA7518]\n\t(No symbol) [0x00007FF781FA35F4]\n\t(No symbol) [0x00007FF781FA36EC]\n\t(No symbol) [0x00007FF781F938E3]\n\tBaseThreadInitThunk [0x00007FF8DED07344+20]\n\tRtlUserThreadStart [0x00007FF8E0CE26B1+33]\n\n", "trace": "  File \"C:\\Users\\Owner\\PycharmProjects\\LifeHelp\\venv\\lib\\site-packages\\allure_commons\\_allure.py\", line 192, in impl\n    return func(*a, **kw)\n  File \"C:\\Users\\Owner\\PycharmProjects\\LifeHelp\\pages\\restore_password_link_page.py\", line 45, in click_to_link_btn_password_error_message\n    self.to_click(RestorePasswordLinkLocators.LINK_TO_RESTORE_PASSWORD_IN_ERROR_MESSAGE)\n  File \"C:\\Users\\Owner\\PycharmProjects\\LifeHelp\\base\\base_object.py\", line 32, in to_click\n    self.is_clickable(locator).click()\n  File \"C:\\Users\\Owner\\PycharmProjects\\LifeHelp\\base\\base_object.py\", line 24, in is_clickable\n    return self.wait.until(ec.element_to_be_clickable(locator))\n  File \"C:\\Users\\Owner\\PycharmProjects\\LifeHelp\\venv\\lib\\site-packages\\selenium\\webdriver\\support\\wait.py\", line 95, in until\n    raise TimeoutException(message, screen, stacktrace)\n"}, "start": 1695189390328, "stop": 1695189395507}], "start": 1695189389306, "stop": 1695189395554, "uuid": "9451adf9-ea46-4f73-bb91-ee9b10c93383", "historyId": "fbf4aa6e01c76a9fa6a2f54e930a100e", "testCaseId": "cb5f8c691e9f85e478db1c1bedd33923", "fullName": "tests.test_restore_password_link#test_link_leads_to_forgot_password_page", "labels": [{"name": "parentSuite", "value": "tests"}, {"name": "suite", "value": "test_restore_password_link"}, {"name": "host", "value": "DESKTOP-MNCDD93"}, {"name": "thread", "value": "14036-MainThread"}, {"name": "framework", "value": "pytest"}, {"name": "language", "value": "cpython3"}, {"name": "package", "value": "tests.test_restore_password_link"}]}