{"name": "test_deny_payment_automatic_order", "status": "broken", "statusDetails": {"message": "selenium.common.exceptions.TimeoutException: Message: \nStacktrace:\nBacktrace:\n\tGetHandleVerifier [0x00007FF6E49E3E62+57250]\n\t(No symbol) [0x00007FF6E495BC02]\n\t(No symbol) [0x00007FF6E482E0BB]\n\t(No symbol) [0x00007FF6E486765E]\n\t(No symbol) [0x00007FF6E486774C]\n\t(No symbol) [0x00007FF6E48A0267]\n\t(No symbol) [0x00007FF6E48867EF]\n\t(No symbol) [0x00007FF6E489E312]\n\t(No symbol) [0x00007FF6E4886583]\n\t(No symbol) [0x00007FF6E485CC71]\n\t(No symbol) [0x00007FF6E485DE54]\n\tGetHandleVerifier [0x00007FF6E4C94CF2+2879026]\n\tGetHandleVerifier [0x00007FF6E4CE6F30+3215472]\n\tGetHandleVerifier [0x00007FF6E4CDFD4F+3186319]\n\tGetHandleVerifier [0x00007FF6E4A75505+652869]\n\t(No symbol) [0x00007FF6E4967518]\n\t(No symbol) [0x00007FF6E49635F4]\n\t(No symbol) [0x00007FF6E49636EC]\n\t(No symbol) [0x00007FF6E49538E3]\n\tBaseThreadInitThunk [0x00007FFF1B0A7614+20]\n\tRtlUserThreadStart [0x00007FFF1B8426B1+33]", "trace": "authorization_page = <pages.authorization_page.AuthorizationPage object at 0x0000013A9DCB5E10>\n\n    def test_deny_payment_automatic_order(authorization_page):\n        authorization_page.click_to_login_button()\n        authorization_page.click_to_login_w_password_button()\n        authorization_page.set_email_email()\n        authorization_page.set_password_pass()\n        authorization_page.click_to_authorize_button()\n>       authorization_page.click_to_three_dots_button_ordered_session()\n\ntests\\test_authorization.py:379: \n_ _ _ _ _ _ _ _ _ _ _ _ _ _ _ _ _ _ _ _ _ _ _ _ _ _ _ _ _ _ _ _ _ _ _ _ _ _ _ _ _ _ _ _ _ _ _ _ _ _ _ _ _ _ _ _ _ _ _ _ _ _ _ _ _ _ _ _ _ _ _ _ _ _ _ \npages\\authorization_page.py:527: in click_to_three_dots_button_ordered_session\n    self.to_click(AuthorizationLocators.THREE_DOTS_ORDERED_SESSION)\nbase\\base_object.py:17: in to_click\n    self.is_clickable(locator).click()\nbase\\base_object.py:14: in is_clickable\n    return self.wait.until(ec.element_to_be_clickable(locator))\n_ _ _ _ _ _ _ _ _ _ _ _ _ _ _ _ _ _ _ _ _ _ _ _ _ _ _ _ _ _ _ _ _ _ _ _ _ _ _ _ _ _ _ _ _ _ _ _ _ _ _ _ _ _ _ _ _ _ _ _ _ _ _ _ _ _ _ _ _ _ _ _ _ _ _ \n\nself = <selenium.webdriver.support.wait.WebDriverWait (session=\"afd4be640e5016702da6b0290410a1b3\")>\nmethod = <function element_to_be_clickable.<locals>._predicate at 0x0000013A9D10F640>, message = ''\n\n    def until(self, method, message: str = \"\"):\n        \"\"\"Calls the method provided with the driver as an argument until the \\\n        return value does not evaluate to ``False``.\n    \n        :param method: callable(WebDriver)\n        :param message: optional message for :exc:`TimeoutException`\n        :returns: the result of the last call to `method`\n        :raises: :exc:`selenium.common.exceptions.TimeoutException` if timeout occurs\n        \"\"\"\n        screen = None\n        stacktrace = None\n    \n        end_time = time.monotonic() + self._timeout\n        while True:\n            try:\n                value = method(self._driver)\n                if value:\n                    return value\n            except self._ignored_exceptions as exc:\n                screen = getattr(exc, \"screen\", None)\n                stacktrace = getattr(exc, \"stacktrace\", None)\n            time.sleep(self._poll)\n            if time.monotonic() > end_time:\n                break\n>       raise TimeoutException(message, screen, stacktrace)\nE       selenium.common.exceptions.TimeoutException: Message: \nE       Stacktrace:\nE       Backtrace:\nE       \tGetHandleVerifier [0x00007FF6E49E3E62+57250]\nE       \t(No symbol) [0x00007FF6E495BC02]\nE       \t(No symbol) [0x00007FF6E482E0BB]\nE       \t(No symbol) [0x00007FF6E486765E]\nE       \t(No symbol) [0x00007FF6E486774C]\nE       \t(No symbol) [0x00007FF6E48A0267]\nE       \t(No symbol) [0x00007FF6E48867EF]\nE       \t(No symbol) [0x00007FF6E489E312]\nE       \t(No symbol) [0x00007FF6E4886583]\nE       \t(No symbol) [0x00007FF6E485CC71]\nE       \t(No symbol) [0x00007FF6E485DE54]\nE       \tGetHandleVerifier [0x00007FF6E4C94CF2+2879026]\nE       \tGetHandleVerifier [0x00007FF6E4CE6F30+3215472]\nE       \tGetHandleVerifier [0x00007FF6E4CDFD4F+3186319]\nE       \tGetHandleVerifier [0x00007FF6E4A75505+652869]\nE       \t(No symbol) [0x00007FF6E4967518]\nE       \t(No symbol) [0x00007FF6E49635F4]\nE       \t(No symbol) [0x00007FF6E49636EC]\nE       \t(No symbol) [0x00007FF6E49538E3]\nE       \tBaseThreadInitThunk [0x00007FFF1B0A7614+20]\nE       \tRtlUserThreadStart [0x00007FFF1B8426B1+33]\n\nvenv\\lib\\site-packages\\selenium\\webdriver\\support\\wait.py:95: TimeoutException"}, "steps": [{"name": "clicking to \"Login\" button", "status": "passed", "start": 1690779465410, "stop": 1690779468848}, {"name": "clicking to \"Login with password\" button", "status": "passed", "start": 1690779468848, "stop": 1690779469166}, {"name": "set up password", "status": "passed", "start": 1690779469773, "stop": 1690779469987}, {"name": "clicking to \"Authorize\" button", "status": "passed", "start": 1690779469988, "stop": 1690779470282}, {"name": "click to \"3 dots\" button on automatic order session", "status": "broken", "statusDetails": {"message": "selenium.common.exceptions.TimeoutException: Message: \nStacktrace:\nBacktrace:\n\tGetHandleVerifier [0x00007FF6E49E3E62+57250]\n\t(No symbol) [0x00007FF6E495BC02]\n\t(No symbol) [0x00007FF6E482E0BB]\n\t(No symbol) [0x00007FF6E486765E]\n\t(No symbol) [0x00007FF6E486774C]\n\t(No symbol) [0x00007FF6E48A0267]\n\t(No symbol) [0x00007FF6E48867EF]\n\t(No symbol) [0x00007FF6E489E312]\n\t(No symbol) [0x00007FF6E4886583]\n\t(No symbol) [0x00007FF6E485CC71]\n\t(No symbol) [0x00007FF6E485DE54]\n\tGetHandleVerifier [0x00007FF6E4C94CF2+2879026]\n\tGetHandleVerifier [0x00007FF6E4CE6F30+3215472]\n\tGetHandleVerifier [0x00007FF6E4CDFD4F+3186319]\n\tGetHandleVerifier [0x00007FF6E4A75505+652869]\n\t(No symbol) [0x00007FF6E4967518]\n\t(No symbol) [0x00007FF6E49635F4]\n\t(No symbol) [0x00007FF6E49636EC]\n\t(No symbol) [0x00007FF6E49538E3]\n\tBaseThreadInitThunk [0x00007FFF1B0A7614+20]\n\tRtlUserThreadStart [0x00007FFF1B8426B1+33]\n\n", "trace": "  File \"C:\\Users\\Owner\\PycharmProjects\\LifeHelp\\venv\\lib\\site-packages\\allure_commons\\_allure.py\", line 192, in impl\n    return func(*a, **kw)\n  File \"C:\\Users\\Owner\\PycharmProjects\\LifeHelp\\pages\\authorization_page.py\", line 527, in click_to_three_dots_button_ordered_session\n    self.to_click(AuthorizationLocators.THREE_DOTS_ORDERED_SESSION)\n  File \"C:\\Users\\Owner\\PycharmProjects\\LifeHelp\\base\\base_object.py\", line 17, in to_click\n    self.is_clickable(locator).click()\n  File \"C:\\Users\\Owner\\PycharmProjects\\LifeHelp\\base\\base_object.py\", line 14, in is_clickable\n    return self.wait.until(ec.element_to_be_clickable(locator))\n  File \"C:\\Users\\Owner\\PycharmProjects\\LifeHelp\\venv\\lib\\site-packages\\selenium\\webdriver\\support\\wait.py\", line 95, in until\n    raise TimeoutException(message, screen, stacktrace)\n"}, "start": 1690779470283, "stop": 1690779475807}], "start": 1690779465409, "stop": 1690779475811, "uuid": "20ddb00c-5a50-461a-890b-73e55e9eafb2", "historyId": "f3cabf34790ed74f83b78bd0af6c9640", "testCaseId": "937c0cf717d47dfb2c87a25ca33999b4", "fullName": "tests.test_authorization#test_deny_payment_automatic_order", "labels": [{"name": "parentSuite", "value": "tests"}, {"name": "suite", "value": "test_authorization"}, {"name": "host", "value": "DESKTOP-MNCDD93"}, {"name": "thread", "value": "21336-MainThread"}, {"name": "framework", "value": "pytest"}, {"name": "language", "value": "cpython3"}, {"name": "package", "value": "tests.test_authorization"}]}