{"name": "test_codependency_test_btn_taplink", "status": "broken", "statusDetails": {"message": "selenium.common.exceptions.TimeoutException: Message: \nStacktrace:\nBacktrace:\n\tGetHandleVerifier [0x00007FF741833E62+57250]\n\t(No symbol) [0x00007FF7417ABC02]\n\t(No symbol) [0x00007FF74167E0BB]\n\t(No symbol) [0x00007FF7416B765E]\n\t(No symbol) [0x00007FF7416B774C]\n\t(No symbol) [0x00007FF7416F0267]\n\t(No symbol) [0x00007FF7416D67EF]\n\t(No symbol) [0x00007FF7416EE312]\n\t(No symbol) [0x00007FF7416D6583]\n\t(No symbol) [0x00007FF7416ACC71]\n\t(No symbol) [0x00007FF7416ADE54]\n\tGetHandleVerifier [0x00007FF741AE4CF2+2879026]\n\tGetHandleVerifier [0x00007FF741B36F30+3215472]\n\tGetHandleVerifier [0x00007FF741B2FD4F+3186319]\n\tGetHandleVerifier [0x00007FF7418C5505+652869]\n\t(No symbol) [0x00007FF7417B7518]\n\t(No symbol) [0x00007FF7417B35F4]\n\t(No symbol) [0x00007FF7417B36EC]\n\t(No symbol) [0x00007FF7417A38E3]\n\tBaseThreadInitThunk [0x00007FF8DED07344+20]\n\tRtlUserThreadStart [0x00007FF8E0CE26B1+33]", "trace": "taplink_page = <pages.taplink_pages.TaplinkPage object at 0x000001A756CA2EC0>\n\n    def test_codependency_test_btn_taplink(taplink_page):\n>       taplink_page.click_to_codependency_test_btn_taplink()\n\ntests\\test_taplink_page.py:19: \n_ _ _ _ _ _ _ _ _ _ _ _ _ _ _ _ _ _ _ _ _ _ _ _ _ _ _ _ _ _ _ _ _ _ _ _ _ _ _ _ _ _ _ _ _ _ _ _ _ _ _ _ _ _ _ _ _ _ _ _ _ _ _ _ _ _ _ _ _ _ _ _ _ _ _ \npages\\taplink_pages.py:31: in click_to_codependency_test_btn_taplink\n    self.to_click(TaplinkLocators.CODEPENDENCY_BTN_TEST_TAPLINK)\nbase\\base_object.py:32: in to_click\n    self.is_clickable(locator).click()\nbase\\base_object.py:24: in is_clickable\n    return self.wait.until(ec.element_to_be_clickable(locator))\n_ _ _ _ _ _ _ _ _ _ _ _ _ _ _ _ _ _ _ _ _ _ _ _ _ _ _ _ _ _ _ _ _ _ _ _ _ _ _ _ _ _ _ _ _ _ _ _ _ _ _ _ _ _ _ _ _ _ _ _ _ _ _ _ _ _ _ _ _ _ _ _ _ _ _ \n\nself = <selenium.webdriver.support.wait.WebDriverWait (session=\"f5a3ee249586e9082fbd1b03d6f553a4\")>\nmethod = <function element_to_be_clickable.<locals>._predicate at 0x000001A756C8F9A0>, message = ''\n\n    def until(self, method, message: str = \"\"):\n        \"\"\"Calls the method provided with the driver as an argument until the \\\n        return value does not evaluate to ``False``.\n    \n        :param method: callable(WebDriver)\n        :param message: optional message for :exc:`TimeoutException`\n        :returns: the result of the last call to `method`\n        :raises: :exc:`selenium.common.exceptions.TimeoutException` if timeout occurs\n        \"\"\"\n        screen = None\n        stacktrace = None\n    \n        end_time = time.monotonic() + self._timeout\n        while True:\n            try:\n                value = method(self._driver)\n                if value:\n                    return value\n            except self._ignored_exceptions as exc:\n                screen = getattr(exc, \"screen\", None)\n                stacktrace = getattr(exc, \"stacktrace\", None)\n            time.sleep(self._poll)\n            if time.monotonic() > end_time:\n                break\n>       raise TimeoutException(message, screen, stacktrace)\nE       selenium.common.exceptions.TimeoutException: Message: \nE       Stacktrace:\nE       Backtrace:\nE       \tGetHandleVerifier [0x00007FF741833E62+57250]\nE       \t(No symbol) [0x00007FF7417ABC02]\nE       \t(No symbol) [0x00007FF74167E0BB]\nE       \t(No symbol) [0x00007FF7416B765E]\nE       \t(No symbol) [0x00007FF7416B774C]\nE       \t(No symbol) [0x00007FF7416F0267]\nE       \t(No symbol) [0x00007FF7416D67EF]\nE       \t(No symbol) [0x00007FF7416EE312]\nE       \t(No symbol) [0x00007FF7416D6583]\nE       \t(No symbol) [0x00007FF7416ACC71]\nE       \t(No symbol) [0x00007FF7416ADE54]\nE       \tGetHandleVerifier [0x00007FF741AE4CF2+2879026]\nE       \tGetHandleVerifier [0x00007FF741B36F30+3215472]\nE       \tGetHandleVerifier [0x00007FF741B2FD4F+3186319]\nE       \tGetHandleVerifier [0x00007FF7418C5505+652869]\nE       \t(No symbol) [0x00007FF7417B7518]\nE       \t(No symbol) [0x00007FF7417B35F4]\nE       \t(No symbol) [0x00007FF7417B36EC]\nE       \t(No symbol) [0x00007FF7417A38E3]\nE       \tBaseThreadInitThunk [0x00007FF8DED07344+20]\nE       \tRtlUserThreadStart [0x00007FF8E0CE26B1+33]\n\nvenv\\lib\\site-packages\\selenium\\webdriver\\support\\wait.py:95: TimeoutException"}, "steps": [{"name": "click to \"codependency test\" btn taplink page", "status": "broken", "statusDetails": {"message": "selenium.common.exceptions.TimeoutException: Message: \nStacktrace:\nBacktrace:\n\tGetHandleVerifier [0x00007FF741833E62+57250]\n\t(No symbol) [0x00007FF7417ABC02]\n\t(No symbol) [0x00007FF74167E0BB]\n\t(No symbol) [0x00007FF7416B765E]\n\t(No symbol) [0x00007FF7416B774C]\n\t(No symbol) [0x00007FF7416F0267]\n\t(No symbol) [0x00007FF7416D67EF]\n\t(No symbol) [0x00007FF7416EE312]\n\t(No symbol) [0x00007FF7416D6583]\n\t(No symbol) [0x00007FF7416ACC71]\n\t(No symbol) [0x00007FF7416ADE54]\n\tGetHandleVerifier [0x00007FF741AE4CF2+2879026]\n\tGetHandleVerifier [0x00007FF741B36F30+3215472]\n\tGetHandleVerifier [0x00007FF741B2FD4F+3186319]\n\tGetHandleVerifier [0x00007FF7418C5505+652869]\n\t(No symbol) [0x00007FF7417B7518]\n\t(No symbol) [0x00007FF7417B35F4]\n\t(No symbol) [0x00007FF7417B36EC]\n\t(No symbol) [0x00007FF7417A38E3]\n\tBaseThreadInitThunk [0x00007FF8DED07344+20]\n\tRtlUserThreadStart [0x00007FF8E0CE26B1+33]\n\n", "trace": "  File \"C:\\Users\\Owner\\PycharmProjects\\LifeHelp\\venv\\lib\\site-packages\\allure_commons\\_allure.py\", line 192, in impl\n    return func(*a, **kw)\n  File \"C:\\Users\\Owner\\PycharmProjects\\LifeHelp\\pages\\taplink_pages.py\", line 31, in click_to_codependency_test_btn_taplink\n    self.to_click(TaplinkLocators.CODEPENDENCY_BTN_TEST_TAPLINK)\n  File \"C:\\Users\\Owner\\PycharmProjects\\LifeHelp\\base\\base_object.py\", line 32, in to_click\n    self.is_clickable(locator).click()\n  File \"C:\\Users\\Owner\\PycharmProjects\\LifeHelp\\base\\base_object.py\", line 24, in is_clickable\n    return self.wait.until(ec.element_to_be_clickable(locator))\n  File \"C:\\Users\\Owner\\PycharmProjects\\LifeHelp\\venv\\lib\\site-packages\\selenium\\webdriver\\support\\wait.py\", line 95, in until\n    raise TimeoutException(message, screen, stacktrace)\n"}, "start": 1695188239626, "stop": 1695188246519}], "start": 1695188239616, "stop": 1695188246565, "uuid": "9994cf2c-bf04-4c1a-9d40-ac765653c915", "historyId": "4cf964814f244f2f8514fb9c4106c4a1", "testCaseId": "449c46aac01c3d75cabf14c6e199966a", "fullName": "tests.test_taplink_page#test_codependency_test_btn_taplink", "labels": [{"name": "parentSuite", "value": "tests"}, {"name": "suite", "value": "test_taplink_page"}, {"name": "host", "value": "DESKTOP-MNCDD93"}, {"name": "thread", "value": "260-MainThread"}, {"name": "framework", "value": "pytest"}, {"name": "language", "value": "cpython3"}, {"name": "package", "value": "tests.test_taplink_page"}]}