{"name": "test_automatic_order_after_stoped_cloudpayments_payment", "status": "broken", "statusDetails": {"message": "selenium.common.exceptions.ElementClickInterceptedException: Message: element click intercepted: Element is not clickable at point (819, 1148)\n  (Session info: headless chrome=114.0.5735.248)\nStacktrace:\nBacktrace:\n\tGetHandleVerifier [0x0058A813+48355]\n\t(No symbol) [0x0051C4B1]\n\t(No symbol) [0x00425358]\n\t(No symbol) [0x00455062]\n\t(No symbol) [0x00453B98]\n\t(No symbol) [0x0045239B]\n\t(No symbol) [0x0045179E]\n\t(No symbol) [0x00449F5C]\n\t(No symbol) [0x0046A73C]\n\t(No symbol) [0x00449A36]\n\t(No symbol) [0x0046AA94]\n\t(No symbol) [0x0047C922]\n\t(No symbol) [0x0046A536]\n\t(No symbol) [0x004482DC]\n\t(No symbol) [0x004493DD]\n\tGetHandleVerifier [0x007EAABD+2539405]\n\tGetHandleVerifier [0x0082A78F+2800735]\n\tGetHandleVerifier [0x0082456C+2775612]\n\tGetHandleVerifier [0x006151E0+616112]\n\t(No symbol) [0x00525F8C]\n\t(No symbol) [0x00522328]\n\t(No symbol) [0x0052240B]\n\t(No symbol) [0x00514FF7]\n\tBaseThreadInitThunk [0x759B00C9+25]\n\tRtlGetAppContainerNamedObjectPath [0x77B57B1E+286]\n\tRtlGetAppContainerNamedObjectPath [0x77B57AEE+238]", "trace": "authorization_page = <pages.authorization_page.AuthorizationPage object at 0x000001F43F847520>\n\n    def test_automatic_order_after_stoped_cloudpayments_payment(authorization_page):\n        authorization_page.click_to_login_button()\n        authorization_page.click_to_login_w_password_button()\n        authorization_page.set_phone_password_authorization()\n        authorization_page.set_password_pass()\n        authorization_page.click_to_authorize_button()\n        authorization_page.click_terminated_sessions_title()\n        authorization_page.click_order_session_again_button()\n        authorization_page.select_time_session_schedule_psychologist()\n        authorization_page.click_rapid_go_payment_btn()\n        authorization_page.click_card_rf_button_session()\n        authorization_page.click_pay_online_button_session()\n        authorization_page.click_no_continue_payment_button_order_page()\n>       authorization_page.scroll_to_come_back_to_cabinet_button_client()\n\ntests\\test_authorization.py:355: \n_ _ _ _ _ _ _ _ _ _ _ _ _ _ _ _ _ _ _ _ _ _ _ _ _ _ _ _ _ _ _ _ _ _ _ _ _ _ _ _ _ _ _ _ _ _ _ _ _ _ _ _ _ _ _ _ _ _ _ _ _ _ _ _ _ _ _ _ _ _ _ _ _ _ _ \npages\\authorization_page.py:656: in scroll_to_come_back_to_cabinet_button_client\n    self.move_to_element(AuthorizationLocators.COME_BACK_TO_CABINET_BUTTON)\nbase\\base_object.py:35: in move_to_element\n    elements_btn.click()\nvenv\\lib\\site-packages\\selenium\\webdriver\\remote\\webelement.py:93: in click\n    self._execute(Command.CLICK_ELEMENT)\nvenv\\lib\\site-packages\\selenium\\webdriver\\remote\\webelement.py:403: in _execute\n    return self._parent.execute(command, params)\nvenv\\lib\\site-packages\\selenium\\webdriver\\remote\\webdriver.py:440: in execute\n    self.error_handler.check_response(response)\n_ _ _ _ _ _ _ _ _ _ _ _ _ _ _ _ _ _ _ _ _ _ _ _ _ _ _ _ _ _ _ _ _ _ _ _ _ _ _ _ _ _ _ _ _ _ _ _ _ _ _ _ _ _ _ _ _ _ _ _ _ _ _ _ _ _ _ _ _ _ _ _ _ _ _ \n\nself = <selenium.webdriver.remote.errorhandler.ErrorHandler object at 0x000001F43F845840>\nresponse = {'status': 400, 'value': '{\"value\":{\"error\":\"element click intercepted\",\"message\":\"element click intercepted: Element ...\\n\\\\tRtlGetAppContainerNamedObjectPath [0x77B57B1E+286]\\\\n\\\\tRtlGetAppContainerNamedObjectPath [0x77B57AEE+238]\\\\n\"}}'}\n\n    def check_response(self, response: Dict[str, Any]) -> None:\n        \"\"\"Checks that a JSON response from the WebDriver does not have an\n        error.\n    \n        :Args:\n         - response - The JSON response from the WebDriver server as a dictionary\n           object.\n    \n        :Raises: If the response contains an error message.\n        \"\"\"\n        status = response.get(\"status\", None)\n        if not status or status == ErrorCode.SUCCESS:\n            return\n        value = None\n        message = response.get(\"message\", \"\")\n        screen: str = response.get(\"screen\", \"\")\n        stacktrace = None\n        if isinstance(status, int):\n            value_json = response.get(\"value\", None)\n            if value_json and isinstance(value_json, str):\n                import json\n    \n                try:\n                    value = json.loads(value_json)\n                    if len(value.keys()) == 1:\n                        value = value[\"value\"]\n                    status = value.get(\"error\", None)\n                    if not status:\n                        status = value.get(\"status\", ErrorCode.UNKNOWN_ERROR)\n                        message = value.get(\"value\") or value.get(\"message\")\n                        if not isinstance(message, str):\n                            value = message\n                            message = message.get(\"message\")\n                    else:\n                        message = value.get(\"message\", None)\n                except ValueError:\n                    pass\n    \n        exception_class: Type[WebDriverException]\n        if status in ErrorCode.NO_SUCH_ELEMENT:\n            exception_class = NoSuchElementException\n        elif status in ErrorCode.NO_SUCH_FRAME:\n            exception_class = NoSuchFrameException\n        elif status in ErrorCode.NO_SUCH_SHADOW_ROOT:\n            exception_class = NoSuchShadowRootException\n        elif status in ErrorCode.NO_SUCH_WINDOW:\n            exception_class = NoSuchWindowException\n        elif status in ErrorCode.STALE_ELEMENT_REFERENCE:\n            exception_class = StaleElementReferenceException\n        elif status in ErrorCode.ELEMENT_NOT_VISIBLE:\n            exception_class = ElementNotVisibleException\n        elif status in ErrorCode.INVALID_ELEMENT_STATE:\n            exception_class = InvalidElementStateException\n        elif (\n            status in ErrorCode.INVALID_SELECTOR\n            or status in ErrorCode.INVALID_XPATH_SELECTOR\n            or status in ErrorCode.INVALID_XPATH_SELECTOR_RETURN_TYPER\n        ):\n            exception_class = InvalidSelectorException\n        elif status in ErrorCode.ELEMENT_IS_NOT_SELECTABLE:\n            exception_class = ElementNotSelectableException\n        elif status in ErrorCode.ELEMENT_NOT_INTERACTABLE:\n            exception_class = ElementNotInteractableException\n        elif status in ErrorCode.INVALID_COOKIE_DOMAIN:\n            exception_class = InvalidCookieDomainException\n        elif status in ErrorCode.UNABLE_TO_SET_COOKIE:\n            exception_class = UnableToSetCookieException\n        elif status in ErrorCode.TIMEOUT:\n            exception_class = TimeoutException\n        elif status in ErrorCode.SCRIPT_TIMEOUT:\n            exception_class = TimeoutException\n        elif status in ErrorCode.UNKNOWN_ERROR:\n            exception_class = WebDriverException\n        elif status in ErrorCode.UNEXPECTED_ALERT_OPEN:\n            exception_class = UnexpectedAlertPresentException\n        elif status in ErrorCode.NO_ALERT_OPEN:\n            exception_class = NoAlertPresentException\n        elif status in ErrorCode.IME_NOT_AVAILABLE:\n            exception_class = ImeNotAvailableException\n        elif status in ErrorCode.IME_ENGINE_ACTIVATION_FAILED:\n            exception_class = ImeActivationFailedException\n        elif status in ErrorCode.MOVE_TARGET_OUT_OF_BOUNDS:\n            exception_class = MoveTargetOutOfBoundsException\n        elif status in ErrorCode.JAVASCRIPT_ERROR:\n            exception_class = JavascriptException\n        elif status in ErrorCode.SESSION_NOT_CREATED:\n            exception_class = SessionNotCreatedException\n        elif status in ErrorCode.INVALID_ARGUMENT:\n            exception_class = InvalidArgumentException\n        elif status in ErrorCode.NO_SUCH_COOKIE:\n            exception_class = NoSuchCookieException\n        elif status in ErrorCode.UNABLE_TO_CAPTURE_SCREEN:\n            exception_class = ScreenshotException\n        elif status in ErrorCode.ELEMENT_CLICK_INTERCEPTED:\n            exception_class = ElementClickInterceptedException\n        elif status in ErrorCode.INSECURE_CERTIFICATE:\n            exception_class = InsecureCertificateException\n        elif status in ErrorCode.INVALID_COORDINATES:\n            exception_class = InvalidCoordinatesException\n        elif status in ErrorCode.INVALID_SESSION_ID:\n            exception_class = InvalidSessionIdException\n        elif status in ErrorCode.UNKNOWN_METHOD:\n            exception_class = UnknownMethodException\n        else:\n            exception_class = WebDriverException\n        if not value:\n            value = response[\"value\"]\n        if isinstance(value, str):\n            raise exception_class(value)\n        if message == \"\" and \"message\" in value:\n            message = value[\"message\"]\n    \n        screen = None  # type: ignore[assignment]\n        if \"screen\" in value:\n            screen = value[\"screen\"]\n    \n        stacktrace = None\n        st_value = value.get(\"stackTrace\") or value.get(\"stacktrace\")\n        if st_value:\n            if isinstance(st_value, str):\n                stacktrace = st_value.split(\"\\n\")\n            else:\n                stacktrace = []\n                try:\n                    for frame in st_value:\n                        line = frame.get(\"lineNumber\", \"\")\n                        file = frame.get(\"fileName\", \"<anonymous>\")\n                        if line:\n                            file = f\"{file}:{line}\"\n                        meth = frame.get(\"methodName\", \"<anonymous>\")\n                        if \"className\" in frame:\n                            meth = f\"{frame['className']}.{meth}\"\n                        msg = \"    at %s (%s)\"\n                        msg = msg % (meth, file)\n                        stacktrace.append(msg)\n                except TypeError:\n                    pass\n        if exception_class == UnexpectedAlertPresentException:\n            alert_text = None\n            if \"data\" in value:\n                alert_text = value[\"data\"].get(\"text\")\n            elif \"alert\" in value:\n                alert_text = value[\"alert\"].get(\"text\")\n            raise exception_class(message, screen, stacktrace, alert_text)  # type: ignore[call-arg]  # mypy is not smart enough here\n>       raise exception_class(message, screen, stacktrace)\nE       selenium.common.exceptions.ElementClickInterceptedException: Message: element click intercepted: Element is not clickable at point (819, 1148)\nE         (Session info: headless chrome=114.0.5735.248)\nE       Stacktrace:\nE       Backtrace:\nE       \tGetHandleVerifier [0x0058A813+48355]\nE       \t(No symbol) [0x0051C4B1]\nE       \t(No symbol) [0x00425358]\nE       \t(No symbol) [0x00455062]\nE       \t(No symbol) [0x00453B98]\nE       \t(No symbol) [0x0045239B]\nE       \t(No symbol) [0x0045179E]\nE       \t(No symbol) [0x00449F5C]\nE       \t(No symbol) [0x0046A73C]\nE       \t(No symbol) [0x00449A36]\nE       \t(No symbol) [0x0046AA94]\nE       \t(No symbol) [0x0047C922]\nE       \t(No symbol) [0x0046A536]\nE       \t(No symbol) [0x004482DC]\nE       \t(No symbol) [0x004493DD]\nE       \tGetHandleVerifier [0x007EAABD+2539405]\nE       \tGetHandleVerifier [0x0082A78F+2800735]\nE       \tGetHandleVerifier [0x0082456C+2775612]\nE       \tGetHandleVerifier [0x006151E0+616112]\nE       \t(No symbol) [0x00525F8C]\nE       \t(No symbol) [0x00522328]\nE       \t(No symbol) [0x0052240B]\nE       \t(No symbol) [0x00514FF7]\nE       \tBaseThreadInitThunk [0x759B00C9+25]\nE       \tRtlGetAppContainerNamedObjectPath [0x77B57B1E+286]\nE       \tRtlGetAppContainerNamedObjectPath [0x77B57AEE+238]\n\nvenv\\lib\\site-packages\\selenium\\webdriver\\remote\\errorhandler.py:245: ElementClickInterceptedException"}, "steps": [{"name": "clicking to \"Login\" button", "status": "passed", "start": 1690435046044, "stop": 1690435048259}, {"name": "clicking to \"Login with password\" button", "status": "passed", "start": 1690435048259, "stop": 1690435048409}, {"name": "set up password", "status": "passed", "start": 1690435049591, "stop": 1690435049871}, {"name": "clicking to \"Authorize\" button", "status": "passed", "start": 1690435049871, "stop": 1690435050032}, {"name": "click terminated sessions title in client account", "status": "passed", "start": 1690435050032, "stop": 1690435052875}, {"name": "click order session again in client account", "status": "passed", "start": 1690435052875, "stop": 1690435053951}, {"name": "select the nearest time for second session", "status": "passed", "start": 1690435053951, "stop": 1690435054653}, {"name": "click to \"go to payment\" button", "status": "passed", "start": 1690435054654, "stop": 1690435056103}, {"name": "click to \"card RF\" button", "status": "passed", "start": 1690435056103, "stop": 1690435056407}, {"name": "click to \"pay online\" green button", "status": "passed", "start": 1690435056408, "stop": 1690435056825}, {"name": "click to \"no, continue payment\" button to the question to see the package on the order page ", "status": "passed", "start": 1690435056826, "stop": 1690435057027}, {"status": "broken", "statusDetails": {"message": "selenium.common.exceptions.ElementClickInterceptedException: Message: element click intercepted: Element is not clickable at point (819, 1148)\n  (Session info: headless chrome=114.0.5735.248)\nStacktrace:\nBacktrace:\n\tGetHandleVerifier [0x0058A813+48355]\n\t(No symbol) [0x0051C4B1]\n\t(No symbol) [0x00425358]\n\t(No symbol) [0x00455062]\n\t(No symbol) [0x00453B98]\n\t(No symbol) [0x0045239B]\n\t(No symbol) [0x0045179E]\n\t(No symbol) [0x00449F5C]\n\t(No symbol) [0x0046A73C]\n\t(No symbol) [0x00449A36]\n\t(No symbol) [0x0046AA94]\n\t(No symbol) [0x0047C922]\n\t(No symbol) [0x0046A536]\n\t(No symbol) [0x004482DC]\n\t(No symbol) [0x004493DD]\n\tGetHandleVerifier [0x007EAABD+2539405]\n\tGetHandleVerifier [0x0082A78F+2800735]\n\tGetHandleVerifier [0x0082456C+2775612]\n\tGetHandleVerifier [0x006151E0+616112]\n\t(No symbol) [0x00525F8C]\n\t(No symbol) [0x00522328]\n\t(No symbol) [0x0052240B]\n\t(No symbol) [0x00514FF7]\n\tBaseThreadInitThunk [0x759B00C9+25]\n\tRtlGetAppContainerNamedObjectPath [0x77B57B1E+286]\n\tRtlGetAppContainerNamedObjectPath [0x77B57AEE+238]\n\n", "trace": "  File \"C:\\Users\\Owner\\PycharmProjects\\LifeHelp\\venv\\lib\\site-packages\\allure_commons\\_allure.py\", line 192, in impl\n    return func(*a, **kw)\n  File \"C:\\Users\\Owner\\PycharmProjects\\LifeHelp\\pages\\authorization_page.py\", line 656, in scroll_to_come_back_to_cabinet_button_client\n    self.move_to_element(AuthorizationLocators.COME_BACK_TO_CABINET_BUTTON)\n  File \"C:\\Users\\Owner\\PycharmProjects\\LifeHelp\\base\\base_object.py\", line 35, in move_to_element\n    elements_btn.click()\n  File \"C:\\Users\\Owner\\PycharmProjects\\LifeHelp\\venv\\lib\\site-packages\\selenium\\webdriver\\remote\\webelement.py\", line 93, in click\n    self._execute(Command.CLICK_ELEMENT)\n  File \"C:\\Users\\Owner\\PycharmProjects\\LifeHelp\\venv\\lib\\site-packages\\selenium\\webdriver\\remote\\webelement.py\", line 403, in _execute\n    return self._parent.execute(command, params)\n  File \"C:\\Users\\Owner\\PycharmProjects\\LifeHelp\\venv\\lib\\site-packages\\selenium\\webdriver\\remote\\webdriver.py\", line 440, in execute\n    self.error_handler.check_response(response)\n  File \"C:\\Users\\Owner\\PycharmProjects\\LifeHelp\\venv\\lib\\site-packages\\selenium\\webdriver\\remote\\errorhandler.py\", line 245, in check_response\n    raise exception_class(message, screen, stacktrace)\n"}, "start": 1690435057028, "stop": 1690435060245}], "start": 1690435046043, "stop": 1690435060296, "uuid": "09ab873b-2631-4121-9725-79c4e9ebc45a", "historyId": "177c5d5f3d4ffecf2cada95334431755", "testCaseId": "14ad250ab885d5905b2e7b34eb4cd116", "fullName": "tests.test_authorization#test_automatic_order_after_stoped_cloudpayments_payment", "labels": [{"name": "parentSuite", "value": "tests"}, {"name": "suite", "value": "test_authorization"}, {"name": "host", "value": "DESKTOP-MNCDD93"}, {"name": "thread", "value": "37320-MainThread"}, {"name": "framework", "value": "pytest"}, {"name": "language", "value": "cpython3"}, {"name": "package", "value": "tests.test_authorization"}]}