{"name": "test_automatic_order_after_stoped_cloudpayments_payment", "status": "broken", "statusDetails": {"message": "selenium.common.exceptions.TimeoutException: Message: \nStacktrace:\nBacktrace:\n\tGetHandleVerifier [0x008FA813+48355]\n\t(No symbol) [0x0088C4B1]\n\t(No symbol) [0x00795358]\n\t(No symbol) [0x007C09A5]\n\t(No symbol) [0x007C0B3B]\n\t(No symbol) [0x007EE232]\n\t(No symbol) [0x007DA784]\n\t(No symbol) [0x007EC922]\n\t(No symbol) [0x007DA536]\n\t(No symbol) [0x007B82DC]\n\t(No symbol) [0x007B93DD]\n\tGetHandleVerifier [0x00B5AABD+2539405]\n\tGetHandleVerifier [0x00B9A78F+2800735]\n\tGetHandleVerifier [0x00B9456C+2775612]\n\tGetHandleVerifier [0x009851E0+616112]\n\t(No symbol) [0x00895F8C]\n\t(No symbol) [0x00892328]\n\t(No symbol) [0x0089240B]\n\t(No symbol) [0x00884FF7]\n\tBaseThreadInitThunk [0x759B00C9+25]\n\tRtlGetAppContainerNamedObjectPath [0x77B57B1E+286]\n\tRtlGetAppContainerNamedObjectPath [0x77B57AEE+238]", "trace": "authorization_page = <pages.authorization_page.AuthorizationPage object at 0x000001E14743CD30>\n\n    def test_automatic_order_after_stoped_cloudpayments_payment(authorization_page):\n        authorization_page.click_to_login_button()\n        authorization_page.click_to_login_w_password_button()\n        authorization_page.set_email_email()\n        authorization_page.set_password_pass()\n        authorization_page.click_to_authorize_button()\n        authorization_page.click_terminated_sessions_title()\n        authorization_page.click_order_session_again_button()\n        authorization_page.select_time_session_schedule_psychologist()\n        authorization_page.click_rapid_go_payment_btn()\n        authorization_page.click_card_rf_button_session()\n        authorization_page.click_pay_online_button_session()\n        # authorization_page.scroll_to_come_back_to_cabinet_button_client()\n>       authorization_page.click_to_come_back_cabinet_button()\n\ntests\\test_authorization.py:353: \n_ _ _ _ _ _ _ _ _ _ _ _ _ _ _ _ _ _ _ _ _ _ _ _ _ _ _ _ _ _ _ _ _ _ _ _ _ _ _ _ _ _ _ _ _ _ _ _ _ _ _ _ _ _ _ _ _ _ _ _ _ _ _ _ _ _ _ _ _ _ _ _ _ _ _ \npages\\authorization_page.py:492: in click_to_come_back_cabinet_button\n    self.to_click(AuthorizationLocators.COME_BACK_TO_CABINET_BUTTON)\nbase\\base_object.py:17: in to_click\n    self.is_clickable(locator).click()\nbase\\base_object.py:14: in is_clickable\n    return self.wait.until(ec.element_to_be_clickable(locator))\n_ _ _ _ _ _ _ _ _ _ _ _ _ _ _ _ _ _ _ _ _ _ _ _ _ _ _ _ _ _ _ _ _ _ _ _ _ _ _ _ _ _ _ _ _ _ _ _ _ _ _ _ _ _ _ _ _ _ _ _ _ _ _ _ _ _ _ _ _ _ _ _ _ _ _ \n\nself = <selenium.webdriver.support.wait.WebDriverWait (session=\"a8cf3981bbc9c666a0966bb994ba7689\")>\nmethod = <function element_to_be_clickable.<locals>._predicate at 0x000001E14725A8C0>, message = ''\n\n    def until(self, method, message: str = \"\"):\n        \"\"\"Calls the method provided with the driver as an argument until the \\\n        return value does not evaluate to ``False``.\n    \n        :param method: callable(WebDriver)\n        :param message: optional message for :exc:`TimeoutException`\n        :returns: the result of the last call to `method`\n        :raises: :exc:`selenium.common.exceptions.TimeoutException` if timeout occurs\n        \"\"\"\n        screen = None\n        stacktrace = None\n    \n        end_time = time.monotonic() + self._timeout\n        while True:\n            try:\n                value = method(self._driver)\n                if value:\n                    return value\n            except self._ignored_exceptions as exc:\n                screen = getattr(exc, \"screen\", None)\n                stacktrace = getattr(exc, \"stacktrace\", None)\n            time.sleep(self._poll)\n            if time.monotonic() > end_time:\n                break\n>       raise TimeoutException(message, screen, stacktrace)\nE       selenium.common.exceptions.TimeoutException: Message: \nE       Stacktrace:\nE       Backtrace:\nE       \tGetHandleVerifier [0x008FA813+48355]\nE       \t(No symbol) [0x0088C4B1]\nE       \t(No symbol) [0x00795358]\nE       \t(No symbol) [0x007C09A5]\nE       \t(No symbol) [0x007C0B3B]\nE       \t(No symbol) [0x007EE232]\nE       \t(No symbol) [0x007DA784]\nE       \t(No symbol) [0x007EC922]\nE       \t(No symbol) [0x007DA536]\nE       \t(No symbol) [0x007B82DC]\nE       \t(No symbol) [0x007B93DD]\nE       \tGetHandleVerifier [0x00B5AABD+2539405]\nE       \tGetHandleVerifier [0x00B9A78F+2800735]\nE       \tGetHandleVerifier [0x00B9456C+2775612]\nE       \tGetHandleVerifier [0x009851E0+616112]\nE       \t(No symbol) [0x00895F8C]\nE       \t(No symbol) [0x00892328]\nE       \t(No symbol) [0x0089240B]\nE       \t(No symbol) [0x00884FF7]\nE       \tBaseThreadInitThunk [0x759B00C9+25]\nE       \tRtlGetAppContainerNamedObjectPath [0x77B57B1E+286]\nE       \tRtlGetAppContainerNamedObjectPath [0x77B57AEE+238]\n\nvenv\\lib\\site-packages\\selenium\\webdriver\\support\\wait.py:95: TimeoutException"}, "steps": [{"name": "clicking to \"Login\" button", "status": "passed", "start": 1690178371717, "stop": 1690178374169}, {"name": "clicking to \"Login with password\" button", "status": "passed", "start": 1690178374169, "stop": 1690178374311}, {"name": "set up password", "status": "passed", "start": 1690178375152, "stop": 1690178375352}, {"name": "clicking to \"Authorize\" button", "status": "passed", "start": 1690178375352, "stop": 1690178375473}, {"name": "click terminated sessions title in client account", "status": "passed", "start": 1690178375473, "stop": 1690178378015}, {"name": "click order session again in client account", "status": "passed", "start": 1690178378015, "stop": 1690178379415}, {"name": "select the nearest time for second session", "status": "passed", "start": 1690178379415, "stop": 1690178380540}, {"name": "click to \"go to payment\" button", "status": "passed", "start": 1690178380540, "stop": 1690178382148}, {"name": "click to \"card RF\" button", "status": "passed", "start": 1690178382148, "stop": 1690178382356}, {"name": "click to \"pay online\" green button", "status": "passed", "start": 1690178382356, "stop": 1690178382458}, {"name": "click to \"come back to cabinet\" button on the payment page", "status": "broken", "statusDetails": {"message": "selenium.common.exceptions.TimeoutException: Message: \nStacktrace:\nBacktrace:\n\tGetHandleVerifier [0x008FA813+48355]\n\t(No symbol) [0x0088C4B1]\n\t(No symbol) [0x00795358]\n\t(No symbol) [0x007C09A5]\n\t(No symbol) [0x007C0B3B]\n\t(No symbol) [0x007EE232]\n\t(No symbol) [0x007DA784]\n\t(No symbol) [0x007EC922]\n\t(No symbol) [0x007DA536]\n\t(No symbol) [0x007B82DC]\n\t(No symbol) [0x007B93DD]\n\tGetHandleVerifier [0x00B5AABD+2539405]\n\tGetHandleVerifier [0x00B9A78F+2800735]\n\tGetHandleVerifier [0x00B9456C+2775612]\n\tGetHandleVerifier [0x009851E0+616112]\n\t(No symbol) [0x00895F8C]\n\t(No symbol) [0x00892328]\n\t(No symbol) [0x0089240B]\n\t(No symbol) [0x00884FF7]\n\tBaseThreadInitThunk [0x759B00C9+25]\n\tRtlGetAppContainerNamedObjectPath [0x77B57B1E+286]\n\tRtlGetAppContainerNamedObjectPath [0x77B57AEE+238]\n\n", "trace": "  File \"C:\\Users\\Owner\\PycharmProjects\\LifeHelp\\venv\\lib\\site-packages\\allure_commons\\_allure.py\", line 192, in impl\n    return func(*a, **kw)\n  File \"C:\\Users\\Owner\\PycharmProjects\\LifeHelp\\pages\\authorization_page.py\", line 492, in click_to_come_back_cabinet_button\n    self.to_click(AuthorizationLocators.COME_BACK_TO_CABINET_BUTTON)\n  File \"C:\\Users\\Owner\\PycharmProjects\\LifeHelp\\base\\base_object.py\", line 17, in to_click\n    self.is_clickable(locator).click()\n  File \"C:\\Users\\Owner\\PycharmProjects\\LifeHelp\\base\\base_object.py\", line 14, in is_clickable\n    return self.wait.until(ec.element_to_be_clickable(locator))\n  File \"C:\\Users\\Owner\\PycharmProjects\\LifeHelp\\venv\\lib\\site-packages\\selenium\\webdriver\\support\\wait.py\", line 95, in until\n    raise TimeoutException(message, screen, stacktrace)\n"}, "start": 1690178382458, "stop": 1690178387799}], "start": 1690178371716, "stop": 1690178387801, "uuid": "3d98dcb5-cddc-4ce8-ac0c-534b79a7aa36", "historyId": "177c5d5f3d4ffecf2cada95334431755", "testCaseId": "14ad250ab885d5905b2e7b34eb4cd116", "fullName": "tests.test_authorization#test_automatic_order_after_stoped_cloudpayments_payment", "labels": [{"name": "parentSuite", "value": "tests"}, {"name": "suite", "value": "test_authorization"}, {"name": "host", "value": "DESKTOP-MNCDD93"}, {"name": "thread", "value": "4020-MainThread"}, {"name": "framework", "value": "pytest"}, {"name": "language", "value": "cpython3"}, {"name": "package", "value": "tests.test_authorization"}]}