{"name": "test_buy_package_4_prodamus", "status": "broken", "statusDetails": {"message": "selenium.common.exceptions.WebDriverException: Message: disconnected: Unable to receive message from renderer\n  (failed to check if window was closed: disconnected: not connected to DevTools)\n  (Session info: chrome=115.0.5790.171)\nStacktrace:\nBacktrace:\n\tGetHandleVerifier [0x00007FF603693E62+57250]\n\t(No symbol) [0x00007FF60360BC02]\n\t(No symbol) [0x00007FF6034DE0BB]\n\t(No symbol) [0x00007FF6034CBA2A]\n\t(No symbol) [0x00007FF6034CB973]\n\t(No symbol) [0x00007FF6034CB245]\n\t(No symbol) [0x00007FF6034E78E3]\n\t(No symbol) [0x00007FF60354E23F]\n\t(No symbol) [0x00007FF603536583]\n\t(No symbol) [0x00007FF60350CC71]\n\t(No symbol) [0x00007FF60350DE54]\n\tGetHandleVerifier [0x00007FF603944CF2+2879026]\n\tGetHandleVerifier [0x00007FF603996F30+3215472]\n\tGetHandleVerifier [0x00007FF60398FD4F+3186319]\n\tGetHandleVerifier [0x00007FF603725505+652869]\n\t(No symbol) [0x00007FF603617518]\n\t(No symbol) [0x00007FF6036135F4]\n\t(No symbol) [0x00007FF6036136EC]\n\t(No symbol) [0x00007FF6036038E3]\n\tBaseThreadInitThunk [0x00007FFE057C7614+20]\n\tRtlUserThreadStart [0x00007FFE061626B1+33]", "trace": "authorization_page = <pages.authorization_page.AuthorizationPage object at 0x0000022B6C9F3DF0>\n\n    def test_buy_package_4_prodamus(authorization_page):\n        authorization_page.click_to_login_button()\n        authorization_page.click_to_login_w_password_button()\n        authorization_page.set_email_email()\n        authorization_page.set_password_pass()\n        authorization_page.click_to_authorize_button()\n        authorization_page.click_my_balance_menu_navigation()\n        authorization_page.click_buy_package()\n        authorization_page.click_buy_package_4_sessions()\n        authorization_page.click_foreign_card_button_package()\n        authorization_page.click_pay_online_button_package()\n>       authorization_page.verify_whatsapp_care_page()\n\ntests\\test_authorization.py:136: \n_ _ _ _ _ _ _ _ _ _ _ _ _ _ _ _ _ _ _ _ _ _ _ _ _ _ _ _ _ _ _ _ _ _ _ _ _ _ _ _ _ _ _ _ _ _ _ _ _ _ _ _ _ _ _ _ _ _ _ _ _ _ _ _ _ _ _ _ _ _ _ _ _ _ _ \npages\\authorization_page.py:482: in verify_whatsapp_care_page\n    actual_result = self.is_visible(AuthorizationLocators.WHATSAPP_PAGE_HEADER).get_attribute('src')\nbase\\base_object.py:11: in is_visible\n    return self.wait.until(ec.visibility_of_element_located(locator))\nvenv\\lib\\site-packages\\selenium\\webdriver\\support\\wait.py:86: in until\n    value = method(self._driver)\nvenv\\lib\\site-packages\\selenium\\webdriver\\support\\expected_conditions.py:139: in _predicate\n    return _element_if_visible(driver.find_element(*locator))\nvenv\\lib\\site-packages\\selenium\\webdriver\\remote\\webdriver.py:830: in find_element\n    return self.execute(Command.FIND_ELEMENT, {\"using\": by, \"value\": value})[\"value\"]\nvenv\\lib\\site-packages\\selenium\\webdriver\\remote\\webdriver.py:440: in execute\n    self.error_handler.check_response(response)\n_ _ _ _ _ _ _ _ _ _ _ _ _ _ _ _ _ _ _ _ _ _ _ _ _ _ _ _ _ _ _ _ _ _ _ _ _ _ _ _ _ _ _ _ _ _ _ _ _ _ _ _ _ _ _ _ _ _ _ _ _ _ _ _ _ _ _ _ _ _ _ _ _ _ _ \n\nself = <selenium.webdriver.remote.errorhandler.ErrorHandler object at 0x0000022B6CA53220>\nresponse = {'status': 500, 'value': '{\"value\":{\"error\":\"disconnected\",\"message\":\"disconnected: Unable to receive message from ren...07FF6036038E3]\\\\n\\\\tBaseThreadInitThunk [0x00007FFE057C7614+20]\\\\n\\\\tRtlUserThreadStart [0x00007FFE061626B1+33]\\\\n\"}}'}\n\n    def check_response(self, response: Dict[str, Any]) -> None:\n        \"\"\"Checks that a JSON response from the WebDriver does not have an\n        error.\n    \n        :Args:\n         - response - The JSON response from the WebDriver server as a dictionary\n           object.\n    \n        :Raises: If the response contains an error message.\n        \"\"\"\n        status = response.get(\"status\", None)\n        if not status or status == ErrorCode.SUCCESS:\n            return\n        value = None\n        message = response.get(\"message\", \"\")\n        screen: str = response.get(\"screen\", \"\")\n        stacktrace = None\n        if isinstance(status, int):\n            value_json = response.get(\"value\", None)\n            if value_json and isinstance(value_json, str):\n                import json\n    \n                try:\n                    value = json.loads(value_json)\n                    if len(value.keys()) == 1:\n                        value = value[\"value\"]\n                    status = value.get(\"error\", None)\n                    if not status:\n                        status = value.get(\"status\", ErrorCode.UNKNOWN_ERROR)\n                        message = value.get(\"value\") or value.get(\"message\")\n                        if not isinstance(message, str):\n                            value = message\n                            message = message.get(\"message\")\n                    else:\n                        message = value.get(\"message\", None)\n                except ValueError:\n                    pass\n    \n        exception_class: Type[WebDriverException]\n        if status in ErrorCode.NO_SUCH_ELEMENT:\n            exception_class = NoSuchElementException\n        elif status in ErrorCode.NO_SUCH_FRAME:\n            exception_class = NoSuchFrameException\n        elif status in ErrorCode.NO_SUCH_SHADOW_ROOT:\n            exception_class = NoSuchShadowRootException\n        elif status in ErrorCode.NO_SUCH_WINDOW:\n            exception_class = NoSuchWindowException\n        elif status in ErrorCode.STALE_ELEMENT_REFERENCE:\n            exception_class = StaleElementReferenceException\n        elif status in ErrorCode.ELEMENT_NOT_VISIBLE:\n            exception_class = ElementNotVisibleException\n        elif status in ErrorCode.INVALID_ELEMENT_STATE:\n            exception_class = InvalidElementStateException\n        elif (\n            status in ErrorCode.INVALID_SELECTOR\n            or status in ErrorCode.INVALID_XPATH_SELECTOR\n            or status in ErrorCode.INVALID_XPATH_SELECTOR_RETURN_TYPER\n        ):\n            exception_class = InvalidSelectorException\n        elif status in ErrorCode.ELEMENT_IS_NOT_SELECTABLE:\n            exception_class = ElementNotSelectableException\n        elif status in ErrorCode.ELEMENT_NOT_INTERACTABLE:\n            exception_class = ElementNotInteractableException\n        elif status in ErrorCode.INVALID_COOKIE_DOMAIN:\n            exception_class = InvalidCookieDomainException\n        elif status in ErrorCode.UNABLE_TO_SET_COOKIE:\n            exception_class = UnableToSetCookieException\n        elif status in ErrorCode.TIMEOUT:\n            exception_class = TimeoutException\n        elif status in ErrorCode.SCRIPT_TIMEOUT:\n            exception_class = TimeoutException\n        elif status in ErrorCode.UNKNOWN_ERROR:\n            exception_class = WebDriverException\n        elif status in ErrorCode.UNEXPECTED_ALERT_OPEN:\n            exception_class = UnexpectedAlertPresentException\n        elif status in ErrorCode.NO_ALERT_OPEN:\n            exception_class = NoAlertPresentException\n        elif status in ErrorCode.IME_NOT_AVAILABLE:\n            exception_class = ImeNotAvailableException\n        elif status in ErrorCode.IME_ENGINE_ACTIVATION_FAILED:\n            exception_class = ImeActivationFailedException\n        elif status in ErrorCode.MOVE_TARGET_OUT_OF_BOUNDS:\n            exception_class = MoveTargetOutOfBoundsException\n        elif status in ErrorCode.JAVASCRIPT_ERROR:\n            exception_class = JavascriptException\n        elif status in ErrorCode.SESSION_NOT_CREATED:\n            exception_class = SessionNotCreatedException\n        elif status in ErrorCode.INVALID_ARGUMENT:\n            exception_class = InvalidArgumentException\n        elif status in ErrorCode.NO_SUCH_COOKIE:\n            exception_class = NoSuchCookieException\n        elif status in ErrorCode.UNABLE_TO_CAPTURE_SCREEN:\n            exception_class = ScreenshotException\n        elif status in ErrorCode.ELEMENT_CLICK_INTERCEPTED:\n            exception_class = ElementClickInterceptedException\n        elif status in ErrorCode.INSECURE_CERTIFICATE:\n            exception_class = InsecureCertificateException\n        elif status in ErrorCode.INVALID_COORDINATES:\n            exception_class = InvalidCoordinatesException\n        elif status in ErrorCode.INVALID_SESSION_ID:\n            exception_class = InvalidSessionIdException\n        elif status in ErrorCode.UNKNOWN_METHOD:\n            exception_class = UnknownMethodException\n        else:\n            exception_class = WebDriverException\n        if not value:\n            value = response[\"value\"]\n        if isinstance(value, str):\n            raise exception_class(value)\n        if message == \"\" and \"message\" in value:\n            message = value[\"message\"]\n    \n        screen = None  # type: ignore[assignment]\n        if \"screen\" in value:\n            screen = value[\"screen\"]\n    \n        stacktrace = None\n        st_value = value.get(\"stackTrace\") or value.get(\"stacktrace\")\n        if st_value:\n            if isinstance(st_value, str):\n                stacktrace = st_value.split(\"\\n\")\n            else:\n                stacktrace = []\n                try:\n                    for frame in st_value:\n                        line = frame.get(\"lineNumber\", \"\")\n                        file = frame.get(\"fileName\", \"<anonymous>\")\n                        if line:\n                            file = f\"{file}:{line}\"\n                        meth = frame.get(\"methodName\", \"<anonymous>\")\n                        if \"className\" in frame:\n                            meth = f\"{frame['className']}.{meth}\"\n                        msg = \"    at %s (%s)\"\n                        msg = msg % (meth, file)\n                        stacktrace.append(msg)\n                except TypeError:\n                    pass\n        if exception_class == UnexpectedAlertPresentException:\n            alert_text = None\n            if \"data\" in value:\n                alert_text = value[\"data\"].get(\"text\")\n            elif \"alert\" in value:\n                alert_text = value[\"alert\"].get(\"text\")\n            raise exception_class(message, screen, stacktrace, alert_text)  # type: ignore[call-arg]  # mypy is not smart enough here\n>       raise exception_class(message, screen, stacktrace)\nE       selenium.common.exceptions.WebDriverException: Message: disconnected: Unable to receive message from renderer\nE         (failed to check if window was closed: disconnected: not connected to DevTools)\nE         (Session info: chrome=115.0.5790.171)\nE       Stacktrace:\nE       Backtrace:\nE       \tGetHandleVerifier [0x00007FF603693E62+57250]\nE       \t(No symbol) [0x00007FF60360BC02]\nE       \t(No symbol) [0x00007FF6034DE0BB]\nE       \t(No symbol) [0x00007FF6034CBA2A]\nE       \t(No symbol) [0x00007FF6034CB973]\nE       \t(No symbol) [0x00007FF6034CB245]\nE       \t(No symbol) [0x00007FF6034E78E3]\nE       \t(No symbol) [0x00007FF60354E23F]\nE       \t(No symbol) [0x00007FF603536583]\nE       \t(No symbol) [0x00007FF60350CC71]\nE       \t(No symbol) [0x00007FF60350DE54]\nE       \tGetHandleVerifier [0x00007FF603944CF2+2879026]\nE       \tGetHandleVerifier [0x00007FF603996F30+3215472]\nE       \tGetHandleVerifier [0x00007FF60398FD4F+3186319]\nE       \tGetHandleVerifier [0x00007FF603725505+652869]\nE       \t(No symbol) [0x00007FF603617518]\nE       \t(No symbol) [0x00007FF6036135F4]\nE       \t(No symbol) [0x00007FF6036136EC]\nE       \t(No symbol) [0x00007FF6036038E3]\nE       \tBaseThreadInitThunk [0x00007FFE057C7614+20]\nE       \tRtlUserThreadStart [0x00007FFE061626B1+33]\n\nvenv\\lib\\site-packages\\selenium\\webdriver\\remote\\errorhandler.py:245: WebDriverException"}, "steps": [{"name": "clicking to \"Login\" button", "status": "passed", "start": 1691991513358, "stop": 1691991521919}, {"name": "clicking to \"Login with password\" button", "status": "passed", "start": 1691991521920, "stop": 1691991522384}, {"name": "set up password", "status": "passed", "start": 1691991522825, "stop": 1691991523074}, {"name": "clicking to \"Authorize\" button", "status": "passed", "start": 1691991523074, "stop": 1691991523253}, {"name": "click to \"my balance\" in clients menu navigation", "status": "passed", "start": 1691991523254, "stop": 1691991530532}, {"name": "click to \"buy package\" button", "status": "passed", "start": 1691991530532, "stop": 1691991532397}, {"name": "click to \"buy package of 4 sessions\" button", "status": "passed", "start": 1691991532398, "stop": 1691991534021}, {"name": "click to \"foreign card\" button", "status": "passed", "start": 1691991534021, "stop": 1691991534506}, {"name": "click to \"pay online\" green button", "status": "passed", "start": 1691991534506, "stop": 1691991534739}, {"name": "verify url of whatsapp care page", "status": "broken", "statusDetails": {"message": "selenium.common.exceptions.WebDriverException: Message: disconnected: Unable to receive message from renderer\n  (failed to check if window was closed: disconnected: not connected to DevTools)\n  (Session info: chrome=115.0.5790.171)\nStacktrace:\nBacktrace:\n\tGetHandleVerifier [0x00007FF603693E62+57250]\n\t(No symbol) [0x00007FF60360BC02]\n\t(No symbol) [0x00007FF6034DE0BB]\n\t(No symbol) [0x00007FF6034CBA2A]\n\t(No symbol) [0x00007FF6034CB973]\n\t(No symbol) [0x00007FF6034CB245]\n\t(No symbol) [0x00007FF6034E78E3]\n\t(No symbol) [0x00007FF60354E23F]\n\t(No symbol) [0x00007FF603536583]\n\t(No symbol) [0x00007FF60350CC71]\n\t(No symbol) [0x00007FF60350DE54]\n\tGetHandleVerifier [0x00007FF603944CF2+2879026]\n\tGetHandleVerifier [0x00007FF603996F30+3215472]\n\tGetHandleVerifier [0x00007FF60398FD4F+3186319]\n\tGetHandleVerifier [0x00007FF603725505+652869]\n\t(No symbol) [0x00007FF603617518]\n\t(No symbol) [0x00007FF6036135F4]\n\t(No symbol) [0x00007FF6036136EC]\n\t(No symbol) [0x00007FF6036038E3]\n\tBaseThreadInitThunk [0x00007FFE057C7614+20]\n\tRtlUserThreadStart [0x00007FFE061626B1+33]\n\n", "trace": "  File \"C:\\Users\\Owner\\PycharmProjects\\LifeHelp\\venv\\lib\\site-packages\\allure_commons\\_allure.py\", line 192, in impl\n    return func(*a, **kw)\n  File \"C:\\Users\\Owner\\PycharmProjects\\LifeHelp\\pages\\authorization_page.py\", line 482, in verify_whatsapp_care_page\n    actual_result = self.is_visible(AuthorizationLocators.WHATSAPP_PAGE_HEADER).get_attribute('src')\n  File \"C:\\Users\\Owner\\PycharmProjects\\LifeHelp\\base\\base_object.py\", line 11, in is_visible\n    return self.wait.until(ec.visibility_of_element_located(locator))\n  File \"C:\\Users\\Owner\\PycharmProjects\\LifeHelp\\venv\\lib\\site-packages\\selenium\\webdriver\\support\\wait.py\", line 86, in until\n    value = method(self._driver)\n  File \"C:\\Users\\Owner\\PycharmProjects\\LifeHelp\\venv\\lib\\site-packages\\selenium\\webdriver\\support\\expected_conditions.py\", line 139, in _predicate\n    return _element_if_visible(driver.find_element(*locator))\n  File \"C:\\Users\\Owner\\PycharmProjects\\LifeHelp\\venv\\lib\\site-packages\\selenium\\webdriver\\remote\\webdriver.py\", line 830, in find_element\n    return self.execute(Command.FIND_ELEMENT, {\"using\": by, \"value\": value})[\"value\"]\n  File \"C:\\Users\\Owner\\PycharmProjects\\LifeHelp\\venv\\lib\\site-packages\\selenium\\webdriver\\remote\\webdriver.py\", line 440, in execute\n    self.error_handler.check_response(response)\n  File \"C:\\Users\\Owner\\PycharmProjects\\LifeHelp\\venv\\lib\\site-packages\\selenium\\webdriver\\remote\\errorhandler.py\", line 245, in check_response\n    raise exception_class(message, screen, stacktrace)\n"}, "start": 1691991534740, "stop": 1691991674290}], "start": 1691991513356, "stop": 1691991674438, "uuid": "83e88fce-60f9-4996-9fc1-504223fbb394", "historyId": "13c7c71f4a868839f47e5c00f44291e4", "testCaseId": "de9c50d8d0b63566ce7f613d2e08d456", "fullName": "tests.test_authorization#test_buy_package_4_prodamus", "labels": [{"name": "parentSuite", "value": "tests"}, {"name": "suite", "value": "test_authorization"}, {"name": "host", "value": "DESKTOP-MNCDD93"}, {"name": "thread", "value": "6772-MainThread"}, {"name": "framework", "value": "pytest"}, {"name": "language", "value": "cpython3"}, {"name": "package", "value": "tests.test_authorization"}]}