{"name": "test_package_4_name_cloudpayments_page", "status": "broken", "statusDetails": {"message": "selenium.common.exceptions.TimeoutException: Message: \nStacktrace:\n\tGetHandleVerifier [0x00007FF793277892+54818]\n\t(No symbol) [0x00007FF7931E6AC2]\n\t(No symbol) [0x00007FF79309DA3B]\n\t(No symbol) [0x00007FF7930DE4FC]\n\t(No symbol) [0x00007FF7930DE67C]\n\t(No symbol) [0x00007FF793119627]\n\t(No symbol) [0x00007FF7930FEAEF]\n\t(No symbol) [0x00007FF7931175A2]\n\t(No symbol) [0x00007FF7930FE883]\n\t(No symbol) [0x00007FF7930D3691]\n\t(No symbol) [0x00007FF7930D48D4]\n\tGetHandleVerifier [0x00007FF7935DB992+3610402]\n\tGetHandleVerifier [0x00007FF793631860+3962352]\n\tGetHandleVerifier [0x00007FF793629D4F+3930847]\n\tGetHandleVerifier [0x00007FF793313646+693206]\n\t(No symbol) [0x00007FF7931F1628]\n\t(No symbol) [0x00007FF7931ED934]\n\t(No symbol) [0x00007FF7931EDA62]\n\t(No symbol) [0x00007FF7931DE113]\n\tBaseThreadInitThunk [0x00007FFF50327344+20]\n\tRtlUserThreadStart [0x00007FFF513226B1+33]", "trace": "authorization_page = <pages.authorization_page.AuthorizationPage object at 0x000002358CBC7D30>\n\n    def test_package_4_name_cloudpayments_page(authorization_page):\n        authorization_page.click_to_login_button()\n        authorization_page.click_to_login_w_password_button()\n        authorization_page.set_email_email()\n        authorization_page.set_password_pass()\n        authorization_page.click_to_authorize_button()\n        authorization_page.click_my_balance_menu_navigation()\n        authorization_page.click_buy_package()\n        authorization_page.click_buy_package_4_sessions()\n        authorization_page.click_card_rf_button_package()\n        authorization_page.click_pay_online_button_package()\n>       authorization_page.verify_name_package_payment_cloudpayments_page()\n\ntests\\test_authorization.py:758: \n_ _ _ _ _ _ _ _ _ _ _ _ _ _ _ _ _ _ _ _ _ _ _ _ _ _ _ _ _ _ _ _ _ _ _ _ _ _ _ _\npages\\authorization_page.py:1070: in verify_name_package_payment_cloudpayments_page\n    actual_result = self.get_text_title_of_element(AuthorizationLocators.PACKAGE_4_PAYMENT_CLOUDPAYMENTS_PAGE)\nbase\\base_object.py:56: in get_text_title_of_element\n    return self.is_clickable(locator).text\nbase\\base_object.py:24: in is_clickable\n    return self.wait.until(ec.element_to_be_clickable(locator))\n_ _ _ _ _ _ _ _ _ _ _ _ _ _ _ _ _ _ _ _ _ _ _ _ _ _ _ _ _ _ _ _ _ _ _ _ _ _ _ _\n\nself = <selenium.webdriver.support.wait.WebDriverWait (session=\"91851401f4bd787cb9b22979d036f459\")>\nmethod = <function element_to_be_clickable.<locals>._predicate at 0x000002358CBD0EE0>\nmessage = ''\n\n    def until(self, method, message: str = \"\"):\n        \"\"\"Calls the method provided with the driver as an argument until the \\\n        return value does not evaluate to ``False``.\n    \n        :param method: callable(WebDriver)\n        :param message: optional message for :exc:`TimeoutException`\n        :returns: the result of the last call to `method`\n        :raises: :exc:`selenium.common.exceptions.TimeoutException` if timeout occurs\n        \"\"\"\n        screen = None\n        stacktrace = None\n    \n        end_time = time.monotonic() + self._timeout\n        while True:\n            try:\n                value = method(self._driver)\n                if value:\n                    return value\n            except self._ignored_exceptions as exc:\n                screen = getattr(exc, \"screen\", None)\n                stacktrace = getattr(exc, \"stacktrace\", None)\n            time.sleep(self._poll)\n            if time.monotonic() > end_time:\n                break\n>       raise TimeoutException(message, screen, stacktrace)\nE       selenium.common.exceptions.TimeoutException: Message: \nE       Stacktrace:\nE       \tGetHandleVerifier [0x00007FF793277892+54818]\nE       \t(No symbol) [0x00007FF7931E6AC2]\nE       \t(No symbol) [0x00007FF79309DA3B]\nE       \t(No symbol) [0x00007FF7930DE4FC]\nE       \t(No symbol) [0x00007FF7930DE67C]\nE       \t(No symbol) [0x00007FF793119627]\nE       \t(No symbol) [0x00007FF7930FEAEF]\nE       \t(No symbol) [0x00007FF7931175A2]\nE       \t(No symbol) [0x00007FF7930FE883]\nE       \t(No symbol) [0x00007FF7930D3691]\nE       \t(No symbol) [0x00007FF7930D48D4]\nE       \tGetHandleVerifier [0x00007FF7935DB992+3610402]\nE       \tGetHandleVerifier [0x00007FF793631860+3962352]\nE       \tGetHandleVerifier [0x00007FF793629D4F+3930847]\nE       \tGetHandleVerifier [0x00007FF793313646+693206]\nE       \t(No symbol) [0x00007FF7931F1628]\nE       \t(No symbol) [0x00007FF7931ED934]\nE       \t(No symbol) [0x00007FF7931EDA62]\nE       \t(No symbol) [0x00007FF7931DE113]\nE       \tBaseThreadInitThunk [0x00007FFF50327344+20]\nE       \tRtlUserThreadStart [0x00007FFF513226B1+33]\n\nvenv\\lib\\site-packages\\selenium\\webdriver\\support\\wait.py:95: TimeoutException"}, "steps": [{"name": "clicking to \"Login\" button", "status": "passed", "start": 1696404132833, "stop": 1696404135839}, {"name": "clicking to \"Login with password\" button", "status": "passed", "start": 1696404135839, "stop": 1696404136071}, {"name": "set up password", "status": "passed", "start": 1696404136617, "stop": 1696404136890}, {"name": "clicking to \"Authorize\" button", "status": "passed", "start": 1696404136891, "stop": 1696404137100}, {"name": "click to \"my balance\" in clients menu navigation", "status": "passed", "start": 1696404137100, "stop": 1696404141596}, {"name": "click to \"buy package\" button", "status": "passed", "start": 1696404141596, "stop": 1696404143052}, {"name": "click to \"buy package of 4 sessions\" button", "status": "passed", "start": 1696404143053, "stop": 1696404144054}, {"name": "click to \"card RF\" button", "status": "passed", "start": 1696404144055, "stop": 1696404144498}, {"name": "click to \"pay online\" green button", "status": "passed", "start": 1696404144498, "stop": 1696404144709}, {"name": "verify correct name of the package payment on the cloudpayments page", "status": "broken", "statusDetails": {"message": "selenium.common.exceptions.TimeoutException: Message: \nStacktrace:\n\tGetHandleVerifier [0x00007FF793277892+54818]\n\t(No symbol) [0x00007FF7931E6AC2]\n\t(No symbol) [0x00007FF79309DA3B]\n\t(No symbol) [0x00007FF7930DE4FC]\n\t(No symbol) [0x00007FF7930DE67C]\n\t(No symbol) [0x00007FF793119627]\n\t(No symbol) [0x00007FF7930FEAEF]\n\t(No symbol) [0x00007FF7931175A2]\n\t(No symbol) [0x00007FF7930FE883]\n\t(No symbol) [0x00007FF7930D3691]\n\t(No symbol) [0x00007FF7930D48D4]\n\tGetHandleVerifier [0x00007FF7935DB992+3610402]\n\tGetHandleVerifier [0x00007FF793631860+3962352]\n\tGetHandleVerifier [0x00007FF793629D4F+3930847]\n\tGetHandleVerifier [0x00007FF793313646+693206]\n\t(No symbol) [0x00007FF7931F1628]\n\t(No symbol) [0x00007FF7931ED934]\n\t(No symbol) [0x00007FF7931EDA62]\n\t(No symbol) [0x00007FF7931DE113]\n\tBaseThreadInitThunk [0x00007FFF50327344+20]\n\tRtlUserThreadStart [0x00007FFF513226B1+33]\n\n", "trace": "  File \"C:\\Users\\Owner\\PycharmProjects\\LifeHelp\\venv\\lib\\site-packages\\allure_commons\\_allure.py\", line 192, in impl\n    return func(*a, **kw)\n  File \"C:\\Users\\Owner\\PycharmProjects\\LifeHelp\\pages\\authorization_page.py\", line 1070, in verify_name_package_payment_cloudpayments_page\n    actual_result = self.get_text_title_of_element(AuthorizationLocators.PACKAGE_4_PAYMENT_CLOUDPAYMENTS_PAGE)\n  File \"C:\\Users\\Owner\\PycharmProjects\\LifeHelp\\base\\base_object.py\", line 56, in get_text_title_of_element\n    return self.is_clickable(locator).text\n  File \"C:\\Users\\Owner\\PycharmProjects\\LifeHelp\\base\\base_object.py\", line 24, in is_clickable\n    return self.wait.until(ec.element_to_be_clickable(locator))\n  File \"C:\\Users\\Owner\\PycharmProjects\\LifeHelp\\venv\\lib\\site-packages\\selenium\\webdriver\\support\\wait.py\", line 95, in until\n    raise TimeoutException(message, screen, stacktrace)\n"}, "start": 1696404144710, "stop": 1696404149990}], "start": 1696404132832, "stop": 1696404149998, "uuid": "a1510ce3-f757-4cca-8f6b-06044daef3ed", "historyId": "5e0d637a3c894de7493331faa4da3fd7", "testCaseId": "eb12c694da294cbe25491eca83be4ea7", "fullName": "tests.test_authorization#test_package_4_name_cloudpayments_page", "labels": [{"name": "parentSuite", "value": "tests"}, {"name": "suite", "value": "test_authorization"}, {"name": "host", "value": "DESKTOP-MNCDD93"}, {"name": "thread", "value": "11344-MainThread"}, {"name": "framework", "value": "pytest"}, {"name": "language", "value": "cpython3"}, {"name": "package", "value": "tests.test_authorization"}]}