{"name": "test_authorization[success_login_psychologist]", "status": "broken", "statusDetails": {"message": "selenium.common.exceptions.NoSuchWindowException: Message: no such window: target window already closed\nfrom unknown error: web view not found\n  (Session info: chrome=116.0.5845.188)\nStacktrace:\nBacktrace:\n\tGetHandleVerifier [0x00007FF673363E62+57250]\n\t(No symbol) [0x00007FF6732DBC02]\n\t(No symbol) [0x00007FF6731AE0BB]\n\t(No symbol) [0x00007FF67318DD39]\n\t(No symbol) [0x00007FF67320ABF7]\n\t(No symbol) [0x00007FF67321D9DF]\n\t(No symbol) [0x00007FF673206583]\n\t(No symbol) [0x00007FF6731DCC71]\n\t(No symbol) [0x00007FF6731DDE54]\n\tGetHandleVerifier [0x00007FF673614CF2+2879026]\n\tGetHandleVerifier [0x00007FF673666F30+3215472]\n\tGetHandleVerifier [0x00007FF67365FD4F+3186319]\n\tGetHandleVerifier [0x00007FF6733F5505+652869]\n\t(No symbol) [0x00007FF6732E7518]\n\t(No symbol) [0x00007FF6732E35F4]\n\t(No symbol) [0x00007FF6732E36EC]\n\t(No symbol) [0x00007FF6732D38E3]\n\tBaseThreadInitThunk [0x00007FFD63ED7344+20]\n\tRtlUserThreadStart [0x00007FFD659C26B1+33]", "trace": "authorization_page = <pages.authorization_page.AuthorizationPage object at 0x0000016B1EC29F00>, first = '89520476828', second = 'lifehelp1@'\nthird = 'https://life-help.ru/doctor/sessions'\n\n    @pytest.mark.parametrize('first, second, third', (case_1, case_2),\n                                 ids=['success_login_user', 'success_login_psychologist'])\n    def test_authorization(authorization_page, first, second, third):\n        #authorization_page.click_to_accept_cookies()\n>       authorization_page.click_to_login_button()\n\ntests\\test_authorization.py:22: \n_ _ _ _ _ _ _ _ _ _ _ _ _ _ _ _ _ _ _ _ _ _ _ _ _ _ _ _ _ _ _ _ _ _ _ _ _ _ _ _ _ _ _ _ _ _ _ _ _ _ _ _ _ _ _ _ _ _ _ _ _ _ _ _ _ _ _ _ _ _ _ _ _ _ _ \npages\\authorization_page.py:21: in click_to_login_button\n    self.to_click(AuthorizationLocators.LOGIN_BUTTON)\nbase\\base_object.py:32: in to_click\n    self.is_clickable(locator).click()\nbase\\base_object.py:24: in is_clickable\n    return self.wait.until(ec.element_to_be_clickable(locator))\nvenv\\lib\\site-packages\\selenium\\webdriver\\support\\wait.py:86: in until\n    value = method(self._driver)\nvenv\\lib\\site-packages\\selenium\\webdriver\\support\\expected_conditions.py:334: in _predicate\n    target = driver.find_element(*target)  # grab element at locator\nvenv\\lib\\site-packages\\selenium\\webdriver\\remote\\webdriver.py:830: in find_element\n    return self.execute(Command.FIND_ELEMENT, {\"using\": by, \"value\": value})[\"value\"]\nvenv\\lib\\site-packages\\selenium\\webdriver\\remote\\webdriver.py:440: in execute\n    self.error_handler.check_response(response)\n_ _ _ _ _ _ _ _ _ _ _ _ _ _ _ _ _ _ _ _ _ _ _ _ _ _ _ _ _ _ _ _ _ _ _ _ _ _ _ _ _ _ _ _ _ _ _ _ _ _ _ _ _ _ _ _ _ _ _ _ _ _ _ _ _ _ _ _ _ _ _ _ _ _ _ \n\nself = <selenium.webdriver.remote.errorhandler.ErrorHandler object at 0x0000016B1EBDAA70>\nresponse = {'status': 404, 'value': '{\"value\":{\"error\":\"no such window\",\"message\":\"no such window: target window already closed\\\\...07FF6732D38E3]\\\\n\\\\tBaseThreadInitThunk [0x00007FFD63ED7344+20]\\\\n\\\\tRtlUserThreadStart [0x00007FFD659C26B1+33]\\\\n\"}}'}\n\n    def check_response(self, response: Dict[str, Any]) -> None:\n        \"\"\"Checks that a JSON response from the WebDriver does not have an\n        error.\n    \n        :Args:\n         - response - The JSON response from the WebDriver server as a dictionary\n           object.\n    \n        :Raises: If the response contains an error message.\n        \"\"\"\n        status = response.get(\"status\", None)\n        if not status or status == ErrorCode.SUCCESS:\n            return\n        value = None\n        message = response.get(\"message\", \"\")\n        screen: str = response.get(\"screen\", \"\")\n        stacktrace = None\n        if isinstance(status, int):\n            value_json = response.get(\"value\", None)\n            if value_json and isinstance(value_json, str):\n                import json\n    \n                try:\n                    value = json.loads(value_json)\n                    if len(value.keys()) == 1:\n                        value = value[\"value\"]\n                    status = value.get(\"error\", None)\n                    if not status:\n                        status = value.get(\"status\", ErrorCode.UNKNOWN_ERROR)\n                        message = value.get(\"value\") or value.get(\"message\")\n                        if not isinstance(message, str):\n                            value = message\n                            message = message.get(\"message\")\n                    else:\n                        message = value.get(\"message\", None)\n                except ValueError:\n                    pass\n    \n        exception_class: Type[WebDriverException]\n        if status in ErrorCode.NO_SUCH_ELEMENT:\n            exception_class = NoSuchElementException\n        elif status in ErrorCode.NO_SUCH_FRAME:\n            exception_class = NoSuchFrameException\n        elif status in ErrorCode.NO_SUCH_SHADOW_ROOT:\n            exception_class = NoSuchShadowRootException\n        elif status in ErrorCode.NO_SUCH_WINDOW:\n            exception_class = NoSuchWindowException\n        elif status in ErrorCode.STALE_ELEMENT_REFERENCE:\n            exception_class = StaleElementReferenceException\n        elif status in ErrorCode.ELEMENT_NOT_VISIBLE:\n            exception_class = ElementNotVisibleException\n        elif status in ErrorCode.INVALID_ELEMENT_STATE:\n            exception_class = InvalidElementStateException\n        elif (\n            status in ErrorCode.INVALID_SELECTOR\n            or status in ErrorCode.INVALID_XPATH_SELECTOR\n            or status in ErrorCode.INVALID_XPATH_SELECTOR_RETURN_TYPER\n        ):\n            exception_class = InvalidSelectorException\n        elif status in ErrorCode.ELEMENT_IS_NOT_SELECTABLE:\n            exception_class = ElementNotSelectableException\n        elif status in ErrorCode.ELEMENT_NOT_INTERACTABLE:\n            exception_class = ElementNotInteractableException\n        elif status in ErrorCode.INVALID_COOKIE_DOMAIN:\n            exception_class = InvalidCookieDomainException\n        elif status in ErrorCode.UNABLE_TO_SET_COOKIE:\n            exception_class = UnableToSetCookieException\n        elif status in ErrorCode.TIMEOUT:\n            exception_class = TimeoutException\n        elif status in ErrorCode.SCRIPT_TIMEOUT:\n            exception_class = TimeoutException\n        elif status in ErrorCode.UNKNOWN_ERROR:\n            exception_class = WebDriverException\n        elif status in ErrorCode.UNEXPECTED_ALERT_OPEN:\n            exception_class = UnexpectedAlertPresentException\n        elif status in ErrorCode.NO_ALERT_OPEN:\n            exception_class = NoAlertPresentException\n        elif status in ErrorCode.IME_NOT_AVAILABLE:\n            exception_class = ImeNotAvailableException\n        elif status in ErrorCode.IME_ENGINE_ACTIVATION_FAILED:\n            exception_class = ImeActivationFailedException\n        elif status in ErrorCode.MOVE_TARGET_OUT_OF_BOUNDS:\n            exception_class = MoveTargetOutOfBoundsException\n        elif status in ErrorCode.JAVASCRIPT_ERROR:\n            exception_class = JavascriptException\n        elif status in ErrorCode.SESSION_NOT_CREATED:\n            exception_class = SessionNotCreatedException\n        elif status in ErrorCode.INVALID_ARGUMENT:\n            exception_class = InvalidArgumentException\n        elif status in ErrorCode.NO_SUCH_COOKIE:\n            exception_class = NoSuchCookieException\n        elif status in ErrorCode.UNABLE_TO_CAPTURE_SCREEN:\n            exception_class = ScreenshotException\n        elif status in ErrorCode.ELEMENT_CLICK_INTERCEPTED:\n            exception_class = ElementClickInterceptedException\n        elif status in ErrorCode.INSECURE_CERTIFICATE:\n            exception_class = InsecureCertificateException\n        elif status in ErrorCode.INVALID_COORDINATES:\n            exception_class = InvalidCoordinatesException\n        elif status in ErrorCode.INVALID_SESSION_ID:\n            exception_class = InvalidSessionIdException\n        elif status in ErrorCode.UNKNOWN_METHOD:\n            exception_class = UnknownMethodException\n        else:\n            exception_class = WebDriverException\n        if not value:\n            value = response[\"value\"]\n        if isinstance(value, str):\n            raise exception_class(value)\n        if message == \"\" and \"message\" in value:\n            message = value[\"message\"]\n    \n        screen = None  # type: ignore[assignment]\n        if \"screen\" in value:\n            screen = value[\"screen\"]\n    \n        stacktrace = None\n        st_value = value.get(\"stackTrace\") or value.get(\"stacktrace\")\n        if st_value:\n            if isinstance(st_value, str):\n                stacktrace = st_value.split(\"\\n\")\n            else:\n                stacktrace = []\n                try:\n                    for frame in st_value:\n                        line = frame.get(\"lineNumber\", \"\")\n                        file = frame.get(\"fileName\", \"<anonymous>\")\n                        if line:\n                            file = f\"{file}:{line}\"\n                        meth = frame.get(\"methodName\", \"<anonymous>\")\n                        if \"className\" in frame:\n                            meth = f\"{frame['className']}.{meth}\"\n                        msg = \"    at %s (%s)\"\n                        msg = msg % (meth, file)\n                        stacktrace.append(msg)\n                except TypeError:\n                    pass\n        if exception_class == UnexpectedAlertPresentException:\n            alert_text = None\n            if \"data\" in value:\n                alert_text = value[\"data\"].get(\"text\")\n            elif \"alert\" in value:\n                alert_text = value[\"alert\"].get(\"text\")\n            raise exception_class(message, screen, stacktrace, alert_text)  # type: ignore[call-arg]  # mypy is not smart enough here\n>       raise exception_class(message, screen, stacktrace)\nE       selenium.common.exceptions.NoSuchWindowException: Message: no such window: target window already closed\nE       from unknown error: web view not found\nE         (Session info: chrome=116.0.5845.188)\nE       Stacktrace:\nE       Backtrace:\nE       \tGetHandleVerifier [0x00007FF673363E62+57250]\nE       \t(No symbol) [0x00007FF6732DBC02]\nE       \t(No symbol) [0x00007FF6731AE0BB]\nE       \t(No symbol) [0x00007FF67318DD39]\nE       \t(No symbol) [0x00007FF67320ABF7]\nE       \t(No symbol) [0x00007FF67321D9DF]\nE       \t(No symbol) [0x00007FF673206583]\nE       \t(No symbol) [0x00007FF6731DCC71]\nE       \t(No symbol) [0x00007FF6731DDE54]\nE       \tGetHandleVerifier [0x00007FF673614CF2+2879026]\nE       \tGetHandleVerifier [0x00007FF673666F30+3215472]\nE       \tGetHandleVerifier [0x00007FF67365FD4F+3186319]\nE       \tGetHandleVerifier [0x00007FF6733F5505+652869]\nE       \t(No symbol) [0x00007FF6732E7518]\nE       \t(No symbol) [0x00007FF6732E35F4]\nE       \t(No symbol) [0x00007FF6732E36EC]\nE       \t(No symbol) [0x00007FF6732D38E3]\nE       \tBaseThreadInitThunk [0x00007FFD63ED7344+20]\nE       \tRtlUserThreadStart [0x00007FFD659C26B1+33]\n\nvenv\\lib\\site-packages\\selenium\\webdriver\\remote\\errorhandler.py:245: NoSuchWindowException"}, "steps": [{"name": "clicking to \"Login\" button", "status": "broken", "statusDetails": {"message": "selenium.common.exceptions.NoSuchWindowException: Message: no such window: target window already closed\nfrom unknown error: web view not found\n  (Session info: chrome=116.0.5845.188)\nStacktrace:\nBacktrace:\n\tGetHandleVerifier [0x00007FF673363E62+57250]\n\t(No symbol) [0x00007FF6732DBC02]\n\t(No symbol) [0x00007FF6731AE0BB]\n\t(No symbol) [0x00007FF67318DD39]\n\t(No symbol) [0x00007FF67320ABF7]\n\t(No symbol) [0x00007FF67321D9DF]\n\t(No symbol) [0x00007FF673206583]\n\t(No symbol) [0x00007FF6731DCC71]\n\t(No symbol) [0x00007FF6731DDE54]\n\tGetHandleVerifier [0x00007FF673614CF2+2879026]\n\tGetHandleVerifier [0x00007FF673666F30+3215472]\n\tGetHandleVerifier [0x00007FF67365FD4F+3186319]\n\tGetHandleVerifier [0x00007FF6733F5505+652869]\n\t(No symbol) [0x00007FF6732E7518]\n\t(No symbol) [0x00007FF6732E35F4]\n\t(No symbol) [0x00007FF6732E36EC]\n\t(No symbol) [0x00007FF6732D38E3]\n\tBaseThreadInitThunk [0x00007FFD63ED7344+20]\n\tRtlUserThreadStart [0x00007FFD659C26B1+33]\n\n", "trace": "  File \"C:\\Users\\Owner\\PycharmProjects\\LifeHelp\\venv\\lib\\site-packages\\allure_commons\\_allure.py\", line 192, in impl\n    return func(*a, **kw)\n  File \"C:\\Users\\Owner\\PycharmProjects\\LifeHelp\\pages\\authorization_page.py\", line 21, in click_to_login_button\n    self.to_click(AuthorizationLocators.LOGIN_BUTTON)\n  File \"C:\\Users\\Owner\\PycharmProjects\\LifeHelp\\base\\base_object.py\", line 32, in to_click\n    self.is_clickable(locator).click()\n  File \"C:\\Users\\Owner\\PycharmProjects\\LifeHelp\\base\\base_object.py\", line 24, in is_clickable\n    return self.wait.until(ec.element_to_be_clickable(locator))\n  File \"C:\\Users\\Owner\\PycharmProjects\\LifeHelp\\venv\\lib\\site-packages\\selenium\\webdriver\\support\\wait.py\", line 86, in until\n    value = method(self._driver)\n  File \"C:\\Users\\Owner\\PycharmProjects\\LifeHelp\\venv\\lib\\site-packages\\selenium\\webdriver\\support\\expected_conditions.py\", line 334, in _predicate\n    target = driver.find_element(*target)  # grab element at locator\n  File \"C:\\Users\\Owner\\PycharmProjects\\LifeHelp\\venv\\lib\\site-packages\\selenium\\webdriver\\remote\\webdriver.py\", line 830, in find_element\n    return self.execute(Command.FIND_ELEMENT, {\"using\": by, \"value\": value})[\"value\"]\n  File \"C:\\Users\\Owner\\PycharmProjects\\LifeHelp\\venv\\lib\\site-packages\\selenium\\webdriver\\remote\\webdriver.py\", line 440, in execute\n    self.error_handler.check_response(response)\n  File \"C:\\Users\\Owner\\PycharmProjects\\LifeHelp\\venv\\lib\\site-packages\\selenium\\webdriver\\remote\\errorhandler.py\", line 245, in check_response\n    raise exception_class(message, screen, stacktrace)\n"}, "start": 1694673801115, "stop": 1694673801141}], "parameters": [{"name": "first", "value": "'89520476828'"}, {"name": "second", "value": "'lifehelp1@'"}, {"name": "third", "value": "'https://life-help.ru/doctor/sessions'"}], "start": 1694673801105, "stop": 1694673801308, "uuid": "fef572e0-1c16-419c-b76d-6ca2bdf5cd3e", "historyId": "063c3b3b6fab4c96fced2b56cc53efcf", "testCaseId": "a028d93313ce349bc1d2f8b740c48a2f", "fullName": "tests.test_authorization#test_authorization", "labels": [{"name": "parentSuite", "value": "tests"}, {"name": "suite", "value": "test_authorization"}, {"name": "host", "value": "DESKTOP-MNCDD93"}, {"name": "thread", "value": "11832-MainThread"}, {"name": "framework", "value": "pytest"}, {"name": "language", "value": "cpython3"}, {"name": "package", "value": "tests.test_authorization"}]}