{"name": "test_validation_symbols_password_fields_user_account[cyrillic_password]", "status": "broken", "statusDetails": {"message": "selenium.common.exceptions.ElementClickInterceptedException: Message: element click intercepted: Element is not clickable at point (678, 632)\n  (Session info: chrome=118.0.5993.89)\nStacktrace:\n\tGetHandleVerifier [0x00007FF7F8F28EF2+54786]\n\t(No symbol) [0x00007FF7F8E95612]\n\t(No symbol) [0x00007FF7F8D4A64B]\n\t(No symbol) [0x00007FF7F8D91A6B]\n\t(No symbol) [0x00007FF7F8D8FE39]\n\t(No symbol) [0x00007FF7F8D8DC08]\n\t(No symbol) [0x00007FF7F8D8CCC3]\n\t(No symbol) [0x00007FF7F8D829CF]\n\t(No symbol) [0x00007FF7F8DABE6A]\n\t(No symbol) [0x00007FF7F8D822E6]\n\t(No symbol) [0x00007FF7F8DAC080]\n\t(No symbol) [0x00007FF7F8DC4D02]\n\t(No symbol) [0x00007FF7F8DABC43]\n\t(No symbol) [0x00007FF7F8D80941]\n\t(No symbol) [0x00007FF7F8D81B84]\n\tGetHandleVerifier [0x00007FF7F9277F52+3524194]\n\tGetHandleVerifier [0x00007FF7F92CD800+3874576]\n\tGetHandleVerifier [0x00007FF7F92C5D7F+3843215]\n\tGetHandleVerifier [0x00007FF7F8FC5086+694166]\n\t(No symbol) [0x00007FF7F8EA0A88]\n\t(No symbol) [0x00007FF7F8E9CA94]\n\t(No symbol) [0x00007FF7F8E9CBC2]\n\t(No symbol) [0x00007FF7F8E8CC83]\n\tBaseThreadInitThunk [0x00007FFED25B7344+20]\n\tRtlUserThreadStart [0x00007FFED3BE26B1+33]", "trace": "authorization_page = <pages.authorization_page.AuthorizationPage object at 0x0000027BD9BA7CD0>\nuser_account_page = <pages.user_account_page.UserAccountPage object at 0x0000027BD9BA5180>, first = 'lifehelп1@', second = 'lifehelп1@'\nthird = 'Пароль не должен содержать буквы кириллицы'\n\n    @pytest.mark.parametrize('first, second, third', (case_1, case_2, case_3, case_4),\n                                 ids=['missing_number_password', \"missing_symbol_password\", \"cyrillic_password\",\n                                      \"missing_latin_letter_password\"])\n    \n    def test_validation_symbols_password_fields_user_account(authorization_page, user_account_page, first, second, third):\n        authorization_page.click_to_login_button()\n        authorization_page.click_to_login_w_password_button()\n        authorization_page.set_phone_password_authorization()\n        authorization_page.set_password_pass()\n        authorization_page.click_to_authorize_button()\n        user_account_page.click_to_personal_information_menu()\n        user_account_page.set_password_validation(first)\n        user_account_page.repeat_password_validation(second)\n        user_account_page.scroll_to_button_save_changes()\n>       user_account_page.click_to_button_save_changes()\n\ntests\\test_user_account_page.py:251: \n_ _ _ _ _ _ _ _ _ _ _ _ _ _ _ _ _ _ _ _ _ _ _ _ _ _ _ _ _ _ _ _ _ _ _ _ _ _ _ _ _ _ _ _ _ _ _ _ _ _ _ _ _ _ _ _ _ _ _ _ _ _ _ _ _ _ _ _ _ _ _ _ _ _ _ \npages\\user_account_page.py:32: in click_to_button_save_changes\n    self.to_click(UserAccountLocators.SAVE_CHANGES)\nbase\\base_object.py:32: in to_click\n    self.is_clickable(locator).click()\nvenv\\lib\\site-packages\\selenium\\webdriver\\remote\\webelement.py:93: in click\n    self._execute(Command.CLICK_ELEMENT)\nvenv\\lib\\site-packages\\selenium\\webdriver\\remote\\webelement.py:394: in _execute\n    return self._parent.execute(command, params)\nvenv\\lib\\site-packages\\selenium\\webdriver\\remote\\webdriver.py:344: in execute\n    self.error_handler.check_response(response)\n_ _ _ _ _ _ _ _ _ _ _ _ _ _ _ _ _ _ _ _ _ _ _ _ _ _ _ _ _ _ _ _ _ _ _ _ _ _ _ _ _ _ _ _ _ _ _ _ _ _ _ _ _ _ _ _ _ _ _ _ _ _ _ _ _ _ _ _ _ _ _ _ _ _ _ \n\nself = <selenium.webdriver.remote.errorhandler.ErrorHandler object at 0x0000027BD9AF7A30>\nresponse = {'status': 400, 'value': '{\"value\":{\"error\":\"element click intercepted\",\"message\":\"element click intercepted: Element ...07FF7F8E8CC83]\\\\n\\\\tBaseThreadInitThunk [0x00007FFED25B7344+20]\\\\n\\\\tRtlUserThreadStart [0x00007FFED3BE26B1+33]\\\\n\"}}'}\n\n    def check_response(self, response: Dict[str, Any]) -> None:\n        \"\"\"Checks that a JSON response from the WebDriver does not have an\n        error.\n    \n        :Args:\n         - response - The JSON response from the WebDriver server as a dictionary\n           object.\n    \n        :Raises: If the response contains an error message.\n        \"\"\"\n        status = response.get(\"status\", None)\n        if not status or status == ErrorCode.SUCCESS:\n            return\n        value = None\n        message = response.get(\"message\", \"\")\n        screen: str = response.get(\"screen\", \"\")\n        stacktrace = None\n        if isinstance(status, int):\n            value_json = response.get(\"value\", None)\n            if value_json and isinstance(value_json, str):\n                import json\n    \n                try:\n                    value = json.loads(value_json)\n                    if len(value) == 1:\n                        value = value[\"value\"]\n                    status = value.get(\"error\", None)\n                    if not status:\n                        status = value.get(\"status\", ErrorCode.UNKNOWN_ERROR)\n                        message = value.get(\"value\") or value.get(\"message\")\n                        if not isinstance(message, str):\n                            value = message\n                            message = message.get(\"message\")\n                    else:\n                        message = value.get(\"message\", None)\n                except ValueError:\n                    pass\n    \n        exception_class: Type[WebDriverException]\n        e = ErrorCode()\n        error_codes = [item for item in dir(e) if not item.startswith(\"__\")]\n        for error_code in error_codes:\n            error_info = getattr(ErrorCode, error_code)\n            if isinstance(error_info, list) and status in error_info:\n                exception_class = getattr(ExceptionMapping, error_code, WebDriverException)\n                break\n        else:\n            exception_class = WebDriverException\n    \n        if not value:\n            value = response[\"value\"]\n        if isinstance(value, str):\n            raise exception_class(value)\n        if message == \"\" and \"message\" in value:\n            message = value[\"message\"]\n    \n        screen = None  # type: ignore[assignment]\n        if \"screen\" in value:\n            screen = value[\"screen\"]\n    \n        stacktrace = None\n        st_value = value.get(\"stackTrace\") or value.get(\"stacktrace\")\n        if st_value:\n            if isinstance(st_value, str):\n                stacktrace = st_value.split(\"\\n\")\n            else:\n                stacktrace = []\n                try:\n                    for frame in st_value:\n                        line = frame.get(\"lineNumber\", \"\")\n                        file = frame.get(\"fileName\", \"<anonymous>\")\n                        if line:\n                            file = f\"{file}:{line}\"\n                        meth = frame.get(\"methodName\", \"<anonymous>\")\n                        if \"className\" in frame:\n                            meth = f\"{frame['className']}.{meth}\"\n                        msg = \"    at %s (%s)\"\n                        msg = msg % (meth, file)\n                        stacktrace.append(msg)\n                except TypeError:\n                    pass\n        if exception_class == UnexpectedAlertPresentException:\n            alert_text = None\n            if \"data\" in value:\n                alert_text = value[\"data\"].get(\"text\")\n            elif \"alert\" in value:\n                alert_text = value[\"alert\"].get(\"text\")\n            raise exception_class(message, screen, stacktrace, alert_text)  # type: ignore[call-arg]  # mypy is not smart enough here\n>       raise exception_class(message, screen, stacktrace)\nE       selenium.common.exceptions.ElementClickInterceptedException: Message: element click intercepted: Element is not clickable at point (678, 632)\nE         (Session info: chrome=118.0.5993.89)\nE       Stacktrace:\nE       \tGetHandleVerifier [0x00007FF7F8F28EF2+54786]\nE       \t(No symbol) [0x00007FF7F8E95612]\nE       \t(No symbol) [0x00007FF7F8D4A64B]\nE       \t(No symbol) [0x00007FF7F8D91A6B]\nE       \t(No symbol) [0x00007FF7F8D8FE39]\nE       \t(No symbol) [0x00007FF7F8D8DC08]\nE       \t(No symbol) [0x00007FF7F8D8CCC3]\nE       \t(No symbol) [0x00007FF7F8D829CF]\nE       \t(No symbol) [0x00007FF7F8DABE6A]\nE       \t(No symbol) [0x00007FF7F8D822E6]\nE       \t(No symbol) [0x00007FF7F8DAC080]\nE       \t(No symbol) [0x00007FF7F8DC4D02]\nE       \t(No symbol) [0x00007FF7F8DABC43]\nE       \t(No symbol) [0x00007FF7F8D80941]\nE       \t(No symbol) [0x00007FF7F8D81B84]\nE       \tGetHandleVerifier [0x00007FF7F9277F52+3524194]\nE       \tGetHandleVerifier [0x00007FF7F92CD800+3874576]\nE       \tGetHandleVerifier [0x00007FF7F92C5D7F+3843215]\nE       \tGetHandleVerifier [0x00007FF7F8FC5086+694166]\nE       \t(No symbol) [0x00007FF7F8EA0A88]\nE       \t(No symbol) [0x00007FF7F8E9CA94]\nE       \t(No symbol) [0x00007FF7F8E9CBC2]\nE       \t(No symbol) [0x00007FF7F8E8CC83]\nE       \tBaseThreadInitThunk [0x00007FFED25B7344+20]\nE       \tRtlUserThreadStart [0x00007FFED3BE26B1+33]\n\nvenv\\lib\\site-packages\\selenium\\webdriver\\remote\\errorhandler.py:229: ElementClickInterceptedException"}, "steps": [{"name": "clicking to \"Login\" button", "status": "passed", "start": 1698046394739, "stop": 1698046397792}, {"name": "clicking to \"Login with password\" button", "status": "passed", "start": 1698046397792, "stop": 1698046398235}, {"name": "set up password", "status": "passed", "start": 1698046398720, "stop": 1698046398994}, {"name": "clicking to \"Authorize\" button", "status": "passed", "start": 1698046398994, "stop": 1698046399137}, {"name": "click to title \"personal information\" in clients menu", "status": "passed", "start": 1698046399137, "stop": 1698046403668}, {"name": "set up password-validation", "status": "passed", "parameters": [{"name": "first", "value": "'lifehelп1@'"}], "start": 1698046403669, "stop": 1698046404385}, {"name": "repeat password-validation", "status": "passed", "parameters": [{"name": "second", "value": "'lifehelп1@'"}], "start": 1698046404385, "stop": 1698046404684}, {"name": "scroll to button \"save changes\"", "status": "passed", "start": 1698046404684, "stop": 1698046405023}, {"name": "click to button \"save changes\"", "status": "broken", "statusDetails": {"message": "selenium.common.exceptions.ElementClickInterceptedException: Message: element click intercepted: Element is not clickable at point (678, 632)\n  (Session info: chrome=118.0.5993.89)\nStacktrace:\n\tGetHandleVerifier [0x00007FF7F8F28EF2+54786]\n\t(No symbol) [0x00007FF7F8E95612]\n\t(No symbol) [0x00007FF7F8D4A64B]\n\t(No symbol) [0x00007FF7F8D91A6B]\n\t(No symbol) [0x00007FF7F8D8FE39]\n\t(No symbol) [0x00007FF7F8D8DC08]\n\t(No symbol) [0x00007FF7F8D8CCC3]\n\t(No symbol) [0x00007FF7F8D829CF]\n\t(No symbol) [0x00007FF7F8DABE6A]\n\t(No symbol) [0x00007FF7F8D822E6]\n\t(No symbol) [0x00007FF7F8DAC080]\n\t(No symbol) [0x00007FF7F8DC4D02]\n\t(No symbol) [0x00007FF7F8DABC43]\n\t(No symbol) [0x00007FF7F8D80941]\n\t(No symbol) [0x00007FF7F8D81B84]\n\tGetHandleVerifier [0x00007FF7F9277F52+3524194]\n\tGetHandleVerifier [0x00007FF7F92CD800+3874576]\n\tGetHandleVerifier [0x00007FF7F92C5D7F+3843215]\n\tGetHandleVerifier [0x00007FF7F8FC5086+694166]\n\t(No symbol) [0x00007FF7F8EA0A88]\n\t(No symbol) [0x00007FF7F8E9CA94]\n\t(No symbol) [0x00007FF7F8E9CBC2]\n\t(No symbol) [0x00007FF7F8E8CC83]\n\tBaseThreadInitThunk [0x00007FFED25B7344+20]\n\tRtlUserThreadStart [0x00007FFED3BE26B1+33]\n\n", "trace": "  File \"C:\\Users\\Owner\\PycharmProjects\\LifeHelp\\venv\\lib\\site-packages\\allure_commons\\_allure.py\", line 192, in impl\n    return func(*a, **kw)\n  File \"C:\\Users\\Owner\\PycharmProjects\\LifeHelp\\pages\\user_account_page.py\", line 32, in click_to_button_save_changes\n    self.to_click(UserAccountLocators.SAVE_CHANGES)\n  File \"C:\\Users\\Owner\\PycharmProjects\\LifeHelp\\base\\base_object.py\", line 32, in to_click\n    self.is_clickable(locator).click()\n  File \"C:\\Users\\Owner\\PycharmProjects\\LifeHelp\\venv\\lib\\site-packages\\selenium\\webdriver\\remote\\webelement.py\", line 93, in click\n    self._execute(Command.CLICK_ELEMENT)\n  File \"C:\\Users\\Owner\\PycharmProjects\\LifeHelp\\venv\\lib\\site-packages\\selenium\\webdriver\\remote\\webelement.py\", line 394, in _execute\n    return self._parent.execute(command, params)\n  File \"C:\\Users\\Owner\\PycharmProjects\\LifeHelp\\venv\\lib\\site-packages\\selenium\\webdriver\\remote\\webdriver.py\", line 344, in execute\n    self.error_handler.check_response(response)\n  File \"C:\\Users\\Owner\\PycharmProjects\\LifeHelp\\venv\\lib\\site-packages\\selenium\\webdriver\\remote\\errorhandler.py\", line 229, in check_response\n    raise exception_class(message, screen, stacktrace)\n"}, "start": 1698046405023, "stop": 1698046406354}], "attachments": [{"name": "log", "source": "444faff0-d3d9-42c5-a2a2-2181673b7396-attachment.txt", "type": "text/plain"}], "parameters": [{"name": "first", "value": "'lifehelп1@'"}, {"name": "second", "value": "'lifehelп1@'"}, {"name": "third", "value": "'Пароль не должен содержать буквы кириллицы'"}], "start": 1698046394739, "stop": 1698046406416, "uuid": "038e953b-0cbb-420a-932e-385ccb9fed32", "historyId": "72b5197efd2a8f499c4aaac55317f83e", "testCaseId": "69a19309a4337a3196d0e6cc95d0960c", "fullName": "tests.test_user_account_page#test_validation_symbols_password_fields_user_account", "labels": [{"name": "parentSuite", "value": "tests"}, {"name": "suite", "value": "test_user_account_page"}, {"name": "host", "value": "DESKTOP-MNCDD93"}, {"name": "thread", "value": "15720-MainThread"}, {"name": "framework", "value": "pytest"}, {"name": "language", "value": "cpython3"}, {"name": "package", "value": "tests.test_user_account_page"}]}