{"name": "test_buy_package_54_w_tinkoff", "status": "broken", "statusDetails": {"message": "selenium.common.exceptions.TimeoutException: Message: \nStacktrace:\n\tGetHandleVerifier [0x00007FF793277892+54818]\n\t(No symbol) [0x00007FF7931E6AC2]\n\t(No symbol) [0x00007FF79309DA3B]\n\t(No symbol) [0x00007FF7930DE4FC]\n\t(No symbol) [0x00007FF7930DE67C]\n\t(No symbol) [0x00007FF793119627]\n\t(No symbol) [0x00007FF7930FEAEF]\n\t(No symbol) [0x00007FF7931175A2]\n\t(No symbol) [0x00007FF7930FE883]\n\t(No symbol) [0x00007FF7930D3691]\n\t(No symbol) [0x00007FF7930D48D4]\n\tGetHandleVerifier [0x00007FF7935DB992+3610402]\n\tGetHandleVerifier [0x00007FF793631860+3962352]\n\tGetHandleVerifier [0x00007FF793629D4F+3930847]\n\tGetHandleVerifier [0x00007FF793313646+693206]\n\t(No symbol) [0x00007FF7931F1628]\n\t(No symbol) [0x00007FF7931ED934]\n\t(No symbol) [0x00007FF7931EDA62]\n\t(No symbol) [0x00007FF7931DE113]\n\tBaseThreadInitThunk [0x00007FFF50327344+20]\n\tRtlUserThreadStart [0x00007FFF513226B1+33]", "trace": "authorization_page = <pages.authorization_page.AuthorizationPage object at 0x000002358CBF9450>\n\n    def test_buy_package_54_w_tinkoff(authorization_page):\n        authorization_page.click_to_login_button()\n        authorization_page.click_to_login_w_password_button()\n        authorization_page.set_email_email()\n        authorization_page.set_password_pass()\n        authorization_page.click_to_authorize_button()\n        authorization_page.click_my_balance_menu_navigation()\n        authorization_page.click_buy_package()\n        authorization_page.click_buy_package_54_by_tinkoff_installments()\n        authorization_page.click_continue_button_by_tinkoff_installments()\n        # authorization_page.move_to_new_tinkoff_installments_page()\n>       authorization_page.verify_tinkoff_installments_application_page_conditions()\n\ntests\\test_authorization.py:578: \n_ _ _ _ _ _ _ _ _ _ _ _ _ _ _ _ _ _ _ _ _ _ _ _ _ _ _ _ _ _ _ _ _ _ _ _ _ _ _ _\npages\\authorization_page.py:897: in verify_tinkoff_installments_application_page_conditions\n    actual_result = self.get_text_title_of_element(AuthorizationLocators.TINKOFF_INSTALLMENTS_CONDITIONS)\nbase\\base_object.py:56: in get_text_title_of_element\n    return self.is_clickable(locator).text\nbase\\base_object.py:24: in is_clickable\n    return self.wait.until(ec.element_to_be_clickable(locator))\n_ _ _ _ _ _ _ _ _ _ _ _ _ _ _ _ _ _ _ _ _ _ _ _ _ _ _ _ _ _ _ _ _ _ _ _ _ _ _ _\n\nself = <selenium.webdriver.support.wait.WebDriverWait (session=\"a9df9982224b9adf2cd5f027ed2f6bd7\")>\nmethod = <function element_to_be_clickable.<locals>._predicate at 0x000002358C4735B0>\nmessage = ''\n\n    def until(self, method, message: str = \"\"):\n        \"\"\"Calls the method provided with the driver as an argument until the \\\n        return value does not evaluate to ``False``.\n    \n        :param method: callable(WebDriver)\n        :param message: optional message for :exc:`TimeoutException`\n        :returns: the result of the last call to `method`\n        :raises: :exc:`selenium.common.exceptions.TimeoutException` if timeout occurs\n        \"\"\"\n        screen = None\n        stacktrace = None\n    \n        end_time = time.monotonic() + self._timeout\n        while True:\n            try:\n                value = method(self._driver)\n                if value:\n                    return value\n            except self._ignored_exceptions as exc:\n                screen = getattr(exc, \"screen\", None)\n                stacktrace = getattr(exc, \"stacktrace\", None)\n            time.sleep(self._poll)\n            if time.monotonic() > end_time:\n                break\n>       raise TimeoutException(message, screen, stacktrace)\nE       selenium.common.exceptions.TimeoutException: Message: \nE       Stacktrace:\nE       \tGetHandleVerifier [0x00007FF793277892+54818]\nE       \t(No symbol) [0x00007FF7931E6AC2]\nE       \t(No symbol) [0x00007FF79309DA3B]\nE       \t(No symbol) [0x00007FF7930DE4FC]\nE       \t(No symbol) [0x00007FF7930DE67C]\nE       \t(No symbol) [0x00007FF793119627]\nE       \t(No symbol) [0x00007FF7930FEAEF]\nE       \t(No symbol) [0x00007FF7931175A2]\nE       \t(No symbol) [0x00007FF7930FE883]\nE       \t(No symbol) [0x00007FF7930D3691]\nE       \t(No symbol) [0x00007FF7930D48D4]\nE       \tGetHandleVerifier [0x00007FF7935DB992+3610402]\nE       \tGetHandleVerifier [0x00007FF793631860+3962352]\nE       \tGetHandleVerifier [0x00007FF793629D4F+3930847]\nE       \tGetHandleVerifier [0x00007FF793313646+693206]\nE       \t(No symbol) [0x00007FF7931F1628]\nE       \t(No symbol) [0x00007FF7931ED934]\nE       \t(No symbol) [0x00007FF7931EDA62]\nE       \t(No symbol) [0x00007FF7931DE113]\nE       \tBaseThreadInitThunk [0x00007FFF50327344+20]\nE       \tRtlUserThreadStart [0x00007FFF513226B1+33]\n\nvenv\\lib\\site-packages\\selenium\\webdriver\\support\\wait.py:95: TimeoutException"}, "steps": [{"name": "clicking to \"Login\" button", "status": "passed", "start": 1696403341654, "stop": 1696403344811}, {"name": "clicking to \"Login with password\" button", "status": "passed", "start": 1696403344812, "stop": 1696403345159}, {"name": "set up password", "status": "passed", "start": 1696403345487, "stop": 1696403345677}, {"name": "clicking to \"Authorize\" button", "status": "passed", "start": 1696403345677, "stop": 1696403345814}, {"name": "click to \"my balance\" in clients menu navigation", "status": "passed", "start": 1696403345814, "stop": 1696403349979}, {"name": "click to \"buy package\" button", "status": "passed", "start": 1696403349979, "stop": 1696403351002}, {"name": "click to \"buy package of 54 sessions\" by installments button", "status": "passed", "start": 1696403351003, "stop": 1696403351194}, {"name": "click to \"continue\" by tinkoff installments button", "status": "passed", "start": 1696403351194, "stop": 1696403351550}, {"name": "verify title of the page with tinkoff installments application", "status": "broken", "statusDetails": {"message": "selenium.common.exceptions.TimeoutException: Message: \nStacktrace:\n\tGetHandleVerifier [0x00007FF793277892+54818]\n\t(No symbol) [0x00007FF7931E6AC2]\n\t(No symbol) [0x00007FF79309DA3B]\n\t(No symbol) [0x00007FF7930DE4FC]\n\t(No symbol) [0x00007FF7930DE67C]\n\t(No symbol) [0x00007FF793119627]\n\t(No symbol) [0x00007FF7930FEAEF]\n\t(No symbol) [0x00007FF7931175A2]\n\t(No symbol) [0x00007FF7930FE883]\n\t(No symbol) [0x00007FF7930D3691]\n\t(No symbol) [0x00007FF7930D48D4]\n\tGetHandleVerifier [0x00007FF7935DB992+3610402]\n\tGetHandleVerifier [0x00007FF793631860+3962352]\n\tGetHandleVerifier [0x00007FF793629D4F+3930847]\n\tGetHandleVerifier [0x00007FF793313646+693206]\n\t(No symbol) [0x00007FF7931F1628]\n\t(No symbol) [0x00007FF7931ED934]\n\t(No symbol) [0x00007FF7931EDA62]\n\t(No symbol) [0x00007FF7931DE113]\n\tBaseThreadInitThunk [0x00007FFF50327344+20]\n\tRtlUserThreadStart [0x00007FFF513226B1+33]\n\n", "trace": "  File \"C:\\Users\\Owner\\PycharmProjects\\LifeHelp\\venv\\lib\\site-packages\\allure_commons\\_allure.py\", line 192, in impl\n    return func(*a, **kw)\n  File \"C:\\Users\\Owner\\PycharmProjects\\LifeHelp\\pages\\authorization_page.py\", line 897, in verify_tinkoff_installments_application_page_conditions\n    actual_result = self.get_text_title_of_element(AuthorizationLocators.TINKOFF_INSTALLMENTS_CONDITIONS)\n  File \"C:\\Users\\Owner\\PycharmProjects\\LifeHelp\\base\\base_object.py\", line 56, in get_text_title_of_element\n    return self.is_clickable(locator).text\n  File \"C:\\Users\\Owner\\PycharmProjects\\LifeHelp\\base\\base_object.py\", line 24, in is_clickable\n    return self.wait.until(ec.element_to_be_clickable(locator))\n  File \"C:\\Users\\Owner\\PycharmProjects\\LifeHelp\\venv\\lib\\site-packages\\selenium\\webdriver\\support\\wait.py\", line 95, in until\n    raise TimeoutException(message, screen, stacktrace)\n"}, "start": 1696403351551, "stop": 1696403356971}], "start": 1696403341654, "stop": 1696403356974, "uuid": "67fa4fd9-2bf7-4fbc-b3b7-2ba9e32345f9", "historyId": "fd0862c2ac7cebe188071534c194161a", "testCaseId": "0cb43e4dbc8df4b4c1d3714f5788c500", "fullName": "tests.test_authorization#test_buy_package_54_w_tinkoff", "labels": [{"name": "parentSuite", "value": "tests"}, {"name": "suite", "value": "test_authorization"}, {"name": "host", "value": "DESKTOP-MNCDD93"}, {"name": "thread", "value": "11344-MainThread"}, {"name": "framework", "value": "pytest"}, {"name": "language", "value": "cpython3"}, {"name": "package", "value": "tests.test_authorization"}]}