{"name": "test_deny_payment_automatic_order", "status": "broken", "statusDetails": {"message": "selenium.common.exceptions.TimeoutException: Message: \nStacktrace:\nBacktrace:\n\tGetHandleVerifier [0x00007FF6E6B23E62+57250]\n\t(No symbol) [0x00007FF6E6A9BC02]\n\t(No symbol) [0x00007FF6E696E0BB]\n\t(No symbol) [0x00007FF6E69A765E]\n\t(No symbol) [0x00007FF6E69A774C]\n\t(No symbol) [0x00007FF6E69E0267]\n\t(No symbol) [0x00007FF6E69C67EF]\n\t(No symbol) [0x00007FF6E69DE312]\n\t(No symbol) [0x00007FF6E69C6583]\n\t(No symbol) [0x00007FF6E699CC71]\n\t(No symbol) [0x00007FF6E699DE54]\n\tGetHandleVerifier [0x00007FF6E6DD4CF2+2879026]\n\tGetHandleVerifier [0x00007FF6E6E26F30+3215472]\n\tGetHandleVerifier [0x00007FF6E6E1FD4F+3186319]\n\tGetHandleVerifier [0x00007FF6E6BB5505+652869]\n\t(No symbol) [0x00007FF6E6AA7518]\n\t(No symbol) [0x00007FF6E6AA35F4]\n\t(No symbol) [0x00007FF6E6AA36EC]\n\t(No symbol) [0x00007FF6E6A938E3]\n\tBaseThreadInitThunk [0x00007FFF1B0A7614+20]\n\tRtlUserThreadStart [0x00007FFF1B8426B1+33]", "trace": "authorization_page = <pages.authorization_page.AuthorizationPage object at 0x000001C484B7A050>\n\n    def test_deny_payment_automatic_order(authorization_page):\n        authorization_page.click_to_login_button()\n        authorization_page.click_to_login_w_password_button()\n        authorization_page.set_email_email()\n        authorization_page.set_password_pass()\n        authorization_page.click_to_authorize_button()\n>       authorization_page.click_to_three_dots_button_ordered_session()\n\ntests\\test_authorization.py:402: \n_ _ _ _ _ _ _ _ _ _ _ _ _ _ _ _ _ _ _ _ _ _ _ _ _ _ _ _ _ _ _ _ _ _ _ _ _ _ _ _ _ _ _ _ _ _ _ _ _ _ _ _ _ _ _ _ _ _ _ _ _ _ _ _ _ _ _ _ _ _ _ _ _ _ _ \npages\\authorization_page.py:551: in click_to_three_dots_button_ordered_session\n    self.to_click(AuthorizationLocators.THREE_DOTS_ORDERED_SESSION)\nbase\\base_object.py:17: in to_click\n    self.is_clickable(locator).click()\nbase\\base_object.py:14: in is_clickable\n    return self.wait.until(ec.element_to_be_clickable(locator))\n_ _ _ _ _ _ _ _ _ _ _ _ _ _ _ _ _ _ _ _ _ _ _ _ _ _ _ _ _ _ _ _ _ _ _ _ _ _ _ _ _ _ _ _ _ _ _ _ _ _ _ _ _ _ _ _ _ _ _ _ _ _ _ _ _ _ _ _ _ _ _ _ _ _ _ \n\nself = <selenium.webdriver.support.wait.WebDriverWait (session=\"489fbec6ba5f76d1536f8ac7baaf0e8d\")>\nmethod = <function element_to_be_clickable.<locals>._predicate at 0x000001C484B136D0>, message = ''\n\n    def until(self, method, message: str = \"\"):\n        \"\"\"Calls the method provided with the driver as an argument until the \\\n        return value does not evaluate to ``False``.\n    \n        :param method: callable(WebDriver)\n        :param message: optional message for :exc:`TimeoutException`\n        :returns: the result of the last call to `method`\n        :raises: :exc:`selenium.common.exceptions.TimeoutException` if timeout occurs\n        \"\"\"\n        screen = None\n        stacktrace = None\n    \n        end_time = time.monotonic() + self._timeout\n        while True:\n            try:\n                value = method(self._driver)\n                if value:\n                    return value\n            except self._ignored_exceptions as exc:\n                screen = getattr(exc, \"screen\", None)\n                stacktrace = getattr(exc, \"stacktrace\", None)\n            time.sleep(self._poll)\n            if time.monotonic() > end_time:\n                break\n>       raise TimeoutException(message, screen, stacktrace)\nE       selenium.common.exceptions.TimeoutException: Message: \nE       Stacktrace:\nE       Backtrace:\nE       \tGetHandleVerifier [0x00007FF6E6B23E62+57250]\nE       \t(No symbol) [0x00007FF6E6A9BC02]\nE       \t(No symbol) [0x00007FF6E696E0BB]\nE       \t(No symbol) [0x00007FF6E69A765E]\nE       \t(No symbol) [0x00007FF6E69A774C]\nE       \t(No symbol) [0x00007FF6E69E0267]\nE       \t(No symbol) [0x00007FF6E69C67EF]\nE       \t(No symbol) [0x00007FF6E69DE312]\nE       \t(No symbol) [0x00007FF6E69C6583]\nE       \t(No symbol) [0x00007FF6E699CC71]\nE       \t(No symbol) [0x00007FF6E699DE54]\nE       \tGetHandleVerifier [0x00007FF6E6DD4CF2+2879026]\nE       \tGetHandleVerifier [0x00007FF6E6E26F30+3215472]\nE       \tGetHandleVerifier [0x00007FF6E6E1FD4F+3186319]\nE       \tGetHandleVerifier [0x00007FF6E6BB5505+652869]\nE       \t(No symbol) [0x00007FF6E6AA7518]\nE       \t(No symbol) [0x00007FF6E6AA35F4]\nE       \t(No symbol) [0x00007FF6E6AA36EC]\nE       \t(No symbol) [0x00007FF6E6A938E3]\nE       \tBaseThreadInitThunk [0x00007FFF1B0A7614+20]\nE       \tRtlUserThreadStart [0x00007FFF1B8426B1+33]\n\nvenv\\lib\\site-packages\\selenium\\webdriver\\support\\wait.py:95: TimeoutException"}, "steps": [{"name": "clicking to \"Login\" button", "status": "passed", "start": 1691386561384, "stop": 1691386564386}, {"name": "clicking to \"Login with password\" button", "status": "passed", "start": 1691386564386, "stop": 1691386564533}, {"name": "set up password", "status": "passed", "start": 1691386564969, "stop": 1691386565170}, {"name": "clicking to \"Authorize\" button", "status": "passed", "start": 1691386565171, "stop": 1691386565335}, {"name": "click to \"3 dots\" button on automatic order session", "status": "broken", "statusDetails": {"message": "selenium.common.exceptions.TimeoutException: Message: \nStacktrace:\nBacktrace:\n\tGetHandleVerifier [0x00007FF6E6B23E62+57250]\n\t(No symbol) [0x00007FF6E6A9BC02]\n\t(No symbol) [0x00007FF6E696E0BB]\n\t(No symbol) [0x00007FF6E69A765E]\n\t(No symbol) [0x00007FF6E69A774C]\n\t(No symbol) [0x00007FF6E69E0267]\n\t(No symbol) [0x00007FF6E69C67EF]\n\t(No symbol) [0x00007FF6E69DE312]\n\t(No symbol) [0x00007FF6E69C6583]\n\t(No symbol) [0x00007FF6E699CC71]\n\t(No symbol) [0x00007FF6E699DE54]\n\tGetHandleVerifier [0x00007FF6E6DD4CF2+2879026]\n\tGetHandleVerifier [0x00007FF6E6E26F30+3215472]\n\tGetHandleVerifier [0x00007FF6E6E1FD4F+3186319]\n\tGetHandleVerifier [0x00007FF6E6BB5505+652869]\n\t(No symbol) [0x00007FF6E6AA7518]\n\t(No symbol) [0x00007FF6E6AA35F4]\n\t(No symbol) [0x00007FF6E6AA36EC]\n\t(No symbol) [0x00007FF6E6A938E3]\n\tBaseThreadInitThunk [0x00007FFF1B0A7614+20]\n\tRtlUserThreadStart [0x00007FFF1B8426B1+33]\n\n", "trace": "  File \"C:\\Users\\Owner\\PycharmProjects\\LifeHelp\\venv\\lib\\site-packages\\allure_commons\\_allure.py\", line 192, in impl\n    return func(*a, **kw)\n  File \"C:\\Users\\Owner\\PycharmProjects\\LifeHelp\\pages\\authorization_page.py\", line 551, in click_to_three_dots_button_ordered_session\n    self.to_click(AuthorizationLocators.THREE_DOTS_ORDERED_SESSION)\n  File \"C:\\Users\\Owner\\PycharmProjects\\LifeHelp\\base\\base_object.py\", line 17, in to_click\n    self.is_clickable(locator).click()\n  File \"C:\\Users\\Owner\\PycharmProjects\\LifeHelp\\base\\base_object.py\", line 14, in is_clickable\n    return self.wait.until(ec.element_to_be_clickable(locator))\n  File \"C:\\Users\\Owner\\PycharmProjects\\LifeHelp\\venv\\lib\\site-packages\\selenium\\webdriver\\support\\wait.py\", line 95, in until\n    raise TimeoutException(message, screen, stacktrace)\n"}, "start": 1691386565335, "stop": 1691386570731}], "start": 1691386561383, "stop": 1691386570732, "uuid": "0e50a610-1134-4ab1-b2c0-b61c58afeed6", "historyId": "f3cabf34790ed74f83b78bd0af6c9640", "testCaseId": "937c0cf717d47dfb2c87a25ca33999b4", "fullName": "tests.test_authorization#test_deny_payment_automatic_order", "labels": [{"name": "parentSuite", "value": "tests"}, {"name": "suite", "value": "test_authorization"}, {"name": "host", "value": "DESKTOP-MNCDD93"}, {"name": "thread", "value": "12096-MainThread"}, {"name": "framework", "value": "pytest"}, {"name": "language", "value": "cpython3"}, {"name": "package", "value": "tests.test_authorization"}]}