{"name": "test_client_chat", "status": "broken", "statusDetails": {"message": "selenium.common.exceptions.TimeoutException: Message: \nStacktrace:\nBacktrace:\n\tGetHandleVerifier [0x00007FF7D66D3E62+57250]\n\t(No symbol) [0x00007FF7D664BC02]\n\t(No symbol) [0x00007FF7D651E0BB]\n\t(No symbol) [0x00007FF7D655765E]\n\t(No symbol) [0x00007FF7D655774C]\n\t(No symbol) [0x00007FF7D6590267]\n\t(No symbol) [0x00007FF7D65767EF]\n\t(No symbol) [0x00007FF7D658E312]\n\t(No symbol) [0x00007FF7D6576583]\n\t(No symbol) [0x00007FF7D654CC71]\n\t(No symbol) [0x00007FF7D654DE54]\n\tGetHandleVerifier [0x00007FF7D6984CF2+2879026]\n\tGetHandleVerifier [0x00007FF7D69D6F30+3215472]\n\tGetHandleVerifier [0x00007FF7D69CFD4F+3186319]\n\tGetHandleVerifier [0x00007FF7D6765505+652869]\n\t(No symbol) [0x00007FF7D6657518]\n\t(No symbol) [0x00007FF7D66535F4]\n\t(No symbol) [0x00007FF7D66536EC]\n\t(No symbol) [0x00007FF7D66438E3]\n\tBaseThreadInitThunk [0x00007FFA86F47614+20]\n\tRtlUserThreadStart [0x00007FFA872426B1+33]", "trace": "authorization_page = <pages.authorization_page.AuthorizationPage object at 0x00000216FA2BA9B0>\n\n    def test_client_chat (authorization_page):\n        authorization_page.click_to_login_button()\n        authorization_page.click_to_login_w_password_button()\n        authorization_page.set_email_email()\n        authorization_page.set_password_pass()\n        authorization_page.click_to_authorize_button()\n        authorization_page.move_to_chat_w_psychologist()\n        authorization_page.type_greeting_chat_field()\n        authorization_page.click_btn_send_msg_chat()\n>       authorization_page.verify_successful_send_msg_chat()\n\ntests\\test_authorization.py:75: \n_ _ _ _ _ _ _ _ _ _ _ _ _ _ _ _ _ _ _ _ _ _ _ _ _ _ _ _ _ _ _ _ _ _ _ _ _ _ _ _ _ _ _ _ _ _ _ _ _ _ _ _ _ _ _ _ _ _ _ _ _ _ _ _ _ _ _ _ _ _ _ _ _ _ _ \npages\\authorization_page.py:157: in verify_successful_send_msg_chat\n    actual_result = self.get_text_title_of_element(AuthorizationLocators.MESSAGE_TEXT)\nbase\\base_object.py:56: in get_text_title_of_element\n    return self.is_visible(locator).text\nbase\\base_object.py:16: in is_visible\n    return self.wait.until(ec.visibility_of_element_located(locator))\n_ _ _ _ _ _ _ _ _ _ _ _ _ _ _ _ _ _ _ _ _ _ _ _ _ _ _ _ _ _ _ _ _ _ _ _ _ _ _ _ _ _ _ _ _ _ _ _ _ _ _ _ _ _ _ _ _ _ _ _ _ _ _ _ _ _ _ _ _ _ _ _ _ _ _ \n\nself = <selenium.webdriver.support.wait.WebDriverWait (session=\"3832ec63821075afa89b02fa8fd8314a\")>\nmethod = <function visibility_of_element_located.<locals>._predicate at 0x00000216FA235510>, message = ''\n\n    def until(self, method, message: str = \"\"):\n        \"\"\"Calls the method provided with the driver as an argument until the \\\n        return value does not evaluate to ``False``.\n    \n        :param method: callable(WebDriver)\n        :param message: optional message for :exc:`TimeoutException`\n        :returns: the result of the last call to `method`\n        :raises: :exc:`selenium.common.exceptions.TimeoutException` if timeout occurs\n        \"\"\"\n        screen = None\n        stacktrace = None\n    \n        end_time = time.monotonic() + self._timeout\n        while True:\n            try:\n                value = method(self._driver)\n                if value:\n                    return value\n            except self._ignored_exceptions as exc:\n                screen = getattr(exc, \"screen\", None)\n                stacktrace = getattr(exc, \"stacktrace\", None)\n            time.sleep(self._poll)\n            if time.monotonic() > end_time:\n                break\n>       raise TimeoutException(message, screen, stacktrace)\nE       selenium.common.exceptions.TimeoutException: Message: \nE       Stacktrace:\nE       Backtrace:\nE       \tGetHandleVerifier [0x00007FF7D66D3E62+57250]\nE       \t(No symbol) [0x00007FF7D664BC02]\nE       \t(No symbol) [0x00007FF7D651E0BB]\nE       \t(No symbol) [0x00007FF7D655765E]\nE       \t(No symbol) [0x00007FF7D655774C]\nE       \t(No symbol) [0x00007FF7D6590267]\nE       \t(No symbol) [0x00007FF7D65767EF]\nE       \t(No symbol) [0x00007FF7D658E312]\nE       \t(No symbol) [0x00007FF7D6576583]\nE       \t(No symbol) [0x00007FF7D654CC71]\nE       \t(No symbol) [0x00007FF7D654DE54]\nE       \tGetHandleVerifier [0x00007FF7D6984CF2+2879026]\nE       \tGetHandleVerifier [0x00007FF7D69D6F30+3215472]\nE       \tGetHandleVerifier [0x00007FF7D69CFD4F+3186319]\nE       \tGetHandleVerifier [0x00007FF7D6765505+652869]\nE       \t(No symbol) [0x00007FF7D6657518]\nE       \t(No symbol) [0x00007FF7D66535F4]\nE       \t(No symbol) [0x00007FF7D66536EC]\nE       \t(No symbol) [0x00007FF7D66438E3]\nE       \tBaseThreadInitThunk [0x00007FFA86F47614+20]\nE       \tRtlUserThreadStart [0x00007FFA872426B1+33]\n\nvenv\\lib\\site-packages\\selenium\\webdriver\\support\\wait.py:95: TimeoutException"}, "steps": [{"name": "clicking to \"Login\" button", "status": "passed", "start": 1693807287397, "stop": 1693807292028}, {"name": "clicking to \"Login with password\" button", "status": "passed", "start": 1693807292028, "stop": 1693807292522}, {"name": "set up password", "status": "passed", "start": 1693807293154, "stop": 1693807293516}, {"name": "clicking to \"Authorize\" button", "status": "passed", "start": 1693807293516, "stop": 1693807293740}, {"name": "click to \"Chat w psychologist", "status": "passed", "start": 1693807293740, "stop": 1693807299935}, {"name": "type \"Hello, World!\" in the chat text field", "status": "passed", "start": 1693807299935, "stop": 1693807300301}, {"name": "click button to send message", "status": "passed", "start": 1693807300302, "stop": 1693807300522}, {"name": "verify successful sending of the message", "status": "broken", "statusDetails": {"message": "selenium.common.exceptions.TimeoutException: Message: \nStacktrace:\nBacktrace:\n\tGetHandleVerifier [0x00007FF7D66D3E62+57250]\n\t(No symbol) [0x00007FF7D664BC02]\n\t(No symbol) [0x00007FF7D651E0BB]\n\t(No symbol) [0x00007FF7D655765E]\n\t(No symbol) [0x00007FF7D655774C]\n\t(No symbol) [0x00007FF7D6590267]\n\t(No symbol) [0x00007FF7D65767EF]\n\t(No symbol) [0x00007FF7D658E312]\n\t(No symbol) [0x00007FF7D6576583]\n\t(No symbol) [0x00007FF7D654CC71]\n\t(No symbol) [0x00007FF7D654DE54]\n\tGetHandleVerifier [0x00007FF7D6984CF2+2879026]\n\tGetHandleVerifier [0x00007FF7D69D6F30+3215472]\n\tGetHandleVerifier [0x00007FF7D69CFD4F+3186319]\n\tGetHandleVerifier [0x00007FF7D6765505+652869]\n\t(No symbol) [0x00007FF7D6657518]\n\t(No symbol) [0x00007FF7D66535F4]\n\t(No symbol) [0x00007FF7D66536EC]\n\t(No symbol) [0x00007FF7D66438E3]\n\tBaseThreadInitThunk [0x00007FFA86F47614+20]\n\tRtlUserThreadStart [0x00007FFA872426B1+33]\n\n", "trace": "  File \"C:\\Users\\Owner\\PycharmProjects\\LifeHelp\\venv\\lib\\site-packages\\allure_commons\\_allure.py\", line 192, in impl\n    return func(*a, **kw)\n  File \"C:\\Users\\Owner\\PycharmProjects\\LifeHelp\\pages\\authorization_page.py\", line 157, in verify_successful_send_msg_chat\n    actual_result = self.get_text_title_of_element(AuthorizationLocators.MESSAGE_TEXT)\n  File \"C:\\Users\\Owner\\PycharmProjects\\LifeHelp\\base\\base_object.py\", line 56, in get_text_title_of_element\n    return self.is_visible(locator).text\n  File \"C:\\Users\\Owner\\PycharmProjects\\LifeHelp\\base\\base_object.py\", line 16, in is_visible\n    return self.wait.until(ec.visibility_of_element_located(locator))\n  File \"C:\\Users\\Owner\\PycharmProjects\\LifeHelp\\venv\\lib\\site-packages\\selenium\\webdriver\\support\\wait.py\", line 95, in until\n    raise TimeoutException(message, screen, stacktrace)\n"}, "start": 1693807300523, "stop": 1693807306033}], "start": 1693807287396, "stop": 1693807306077, "uuid": "60cf752f-0833-4afb-9c2d-1a4c7ec52399", "historyId": "b1cff1629cbe567f97a5d86104f31c35", "testCaseId": "d0efbc51daf9345b2019f8153ed0ac3b", "fullName": "tests.test_authorization#test_client_chat", "labels": [{"name": "parentSuite", "value": "tests"}, {"name": "suite", "value": "test_authorization"}, {"name": "host", "value": "DESKTOP-MNCDD93"}, {"name": "thread", "value": "39928-MainThread"}, {"name": "framework", "value": "pytest"}, {"name": "language", "value": "cpython3"}, {"name": "package", "value": "tests.test_authorization"}]}