{"name": "test_order_session_in_package_4", "status": "broken", "statusDetails": {"message": "selenium.common.exceptions.TimeoutException: Message: \nStacktrace:\nBacktrace:\n\tGetHandleVerifier [0x00007FF7D66D3E62+57250]\n\t(No symbol) [0x00007FF7D664BC02]\n\t(No symbol) [0x00007FF7D651E0BB]\n\t(No symbol) [0x00007FF7D655765E]\n\t(No symbol) [0x00007FF7D655774C]\n\t(No symbol) [0x00007FF7D6590267]\n\t(No symbol) [0x00007FF7D65767EF]\n\t(No symbol) [0x00007FF7D658E312]\n\t(No symbol) [0x00007FF7D6576583]\n\t(No symbol) [0x00007FF7D654CC71]\n\t(No symbol) [0x00007FF7D654DE54]\n\tGetHandleVerifier [0x00007FF7D6984CF2+2879026]\n\tGetHandleVerifier [0x00007FF7D69D6F30+3215472]\n\tGetHandleVerifier [0x00007FF7D69CFD4F+3186319]\n\tGetHandleVerifier [0x00007FF7D6765505+652869]\n\t(No symbol) [0x00007FF7D6657518]\n\t(No symbol) [0x00007FF7D66535F4]\n\t(No symbol) [0x00007FF7D66536EC]\n\t(No symbol) [0x00007FF7D66438E3]\n\tBaseThreadInitThunk [0x00007FFA86F47614+20]\n\tRtlUserThreadStart [0x00007FFA872426B1+33]", "trace": "authorization_page = <pages.authorization_page.AuthorizationPage object at 0x00000216FAC3CCD0>\n\n    def test_order_session_in_package_4(authorization_page):\n        authorization_page.click_to_login_button()\n        authorization_page.click_to_login_w_password_button()\n        authorization_page.set_email_email()\n        authorization_page.set_password_pass()\n        authorization_page.click_to_authorize_button()\n        authorization_page.click_my_balance_menu_navigation()\n        authorization_page.scroll_to_empty_element_order_session_package()\n        # authorization_page.click_to_order_session_package()\n        # authorization_page.save_selected_time_to_order_session_package()\n        authorization_page.select_time_to_order_session_package()\n        authorization_page.submit_selected_time_to_order_session_package()\n        # authorization_page.save_ordered_time_session_package()\n>       authorization_page.verify_presence_ordered_session_package()\n\ntests\\test_authorization.py:467: \n_ _ _ _ _ _ _ _ _ _ _ _ _ _ _ _ _ _ _ _ _ _ _ _ _ _ _ _ _ _ _ _ _ _ _ _ _ _ _ _ _ _ _ _ _ _ _ _ _ _ _ _ _ _ _ _ _ _ _ _ _ _ _ _ _ _ _ _ _ _ _ _ _ _ _ \npages\\authorization_page.py:691: in verify_presence_ordered_session_package\n    actual_result = self.get_text_title_of_element(AuthorizationLocators.GO_TO_VIDEOSESSION_BUTTON_PACKAGE_SESSION)\nbase\\base_object.py:56: in get_text_title_of_element\n    return self.is_visible(locator).text\nbase\\base_object.py:16: in is_visible\n    return self.wait.until(ec.visibility_of_element_located(locator))\n_ _ _ _ _ _ _ _ _ _ _ _ _ _ _ _ _ _ _ _ _ _ _ _ _ _ _ _ _ _ _ _ _ _ _ _ _ _ _ _ _ _ _ _ _ _ _ _ _ _ _ _ _ _ _ _ _ _ _ _ _ _ _ _ _ _ _ _ _ _ _ _ _ _ _ \n\nself = <selenium.webdriver.support.wait.WebDriverWait (session=\"1d9004b047404198d5287af18ca28b90\")>\nmethod = <function visibility_of_element_located.<locals>._predicate at 0x00000216FA2364D0>, message = ''\n\n    def until(self, method, message: str = \"\"):\n        \"\"\"Calls the method provided with the driver as an argument until the \\\n        return value does not evaluate to ``False``.\n    \n        :param method: callable(WebDriver)\n        :param message: optional message for :exc:`TimeoutException`\n        :returns: the result of the last call to `method`\n        :raises: :exc:`selenium.common.exceptions.TimeoutException` if timeout occurs\n        \"\"\"\n        screen = None\n        stacktrace = None\n    \n        end_time = time.monotonic() + self._timeout\n        while True:\n            try:\n                value = method(self._driver)\n                if value:\n                    return value\n            except self._ignored_exceptions as exc:\n                screen = getattr(exc, \"screen\", None)\n                stacktrace = getattr(exc, \"stacktrace\", None)\n            time.sleep(self._poll)\n            if time.monotonic() > end_time:\n                break\n>       raise TimeoutException(message, screen, stacktrace)\nE       selenium.common.exceptions.TimeoutException: Message: \nE       Stacktrace:\nE       Backtrace:\nE       \tGetHandleVerifier [0x00007FF7D66D3E62+57250]\nE       \t(No symbol) [0x00007FF7D664BC02]\nE       \t(No symbol) [0x00007FF7D651E0BB]\nE       \t(No symbol) [0x00007FF7D655765E]\nE       \t(No symbol) [0x00007FF7D655774C]\nE       \t(No symbol) [0x00007FF7D6590267]\nE       \t(No symbol) [0x00007FF7D65767EF]\nE       \t(No symbol) [0x00007FF7D658E312]\nE       \t(No symbol) [0x00007FF7D6576583]\nE       \t(No symbol) [0x00007FF7D654CC71]\nE       \t(No symbol) [0x00007FF7D654DE54]\nE       \tGetHandleVerifier [0x00007FF7D6984CF2+2879026]\nE       \tGetHandleVerifier [0x00007FF7D69D6F30+3215472]\nE       \tGetHandleVerifier [0x00007FF7D69CFD4F+3186319]\nE       \tGetHandleVerifier [0x00007FF7D6765505+652869]\nE       \t(No symbol) [0x00007FF7D6657518]\nE       \t(No symbol) [0x00007FF7D66535F4]\nE       \t(No symbol) [0x00007FF7D66536EC]\nE       \t(No symbol) [0x00007FF7D66438E3]\nE       \tBaseThreadInitThunk [0x00007FFA86F47614+20]\nE       \tRtlUserThreadStart [0x00007FFA872426B1+33]\n\nvenv\\lib\\site-packages\\selenium\\webdriver\\support\\wait.py:95: TimeoutException"}, "steps": [{"name": "clicking to \"Login\" button", "status": "passed", "start": 1693808090536, "stop": 1693808094974}, {"name": "clicking to \"Login with password\" button", "status": "passed", "start": 1693808094975, "stop": 1693808095490}, {"name": "set up password", "status": "passed", "start": 1693808096037, "stop": 1693808096321}, {"name": "clicking to \"Authorize\" button", "status": "passed", "start": 1693808096321, "stop": 1693808096487}, {"name": "click to \"my balance\" in clients menu navigation", "status": "passed", "start": 1693808096487, "stop": 1693808102786}, {"name": "scroll to empty element to order session in package", "status": "passed", "start": 1693808102787, "stop": 1693808105089}, {"name": "select time in the schedule to order session in the package", "status": "passed", "start": 1693808105090, "stop": 1693808106050}, {"name": "submit selected time in the schedule to order session in the package", "status": "passed", "start": 1693808106050, "stop": 1693808106210}, {"name": "verify presence of ordered in the package session - check in my schedule as a client", "status": "broken", "statusDetails": {"message": "selenium.common.exceptions.TimeoutException: Message: \nStacktrace:\nBacktrace:\n\tGetHandleVerifier [0x00007FF7D66D3E62+57250]\n\t(No symbol) [0x00007FF7D664BC02]\n\t(No symbol) [0x00007FF7D651E0BB]\n\t(No symbol) [0x00007FF7D655765E]\n\t(No symbol) [0x00007FF7D655774C]\n\t(No symbol) [0x00007FF7D6590267]\n\t(No symbol) [0x00007FF7D65767EF]\n\t(No symbol) [0x00007FF7D658E312]\n\t(No symbol) [0x00007FF7D6576583]\n\t(No symbol) [0x00007FF7D654CC71]\n\t(No symbol) [0x00007FF7D654DE54]\n\tGetHandleVerifier [0x00007FF7D6984CF2+2879026]\n\tGetHandleVerifier [0x00007FF7D69D6F30+3215472]\n\tGetHandleVerifier [0x00007FF7D69CFD4F+3186319]\n\tGetHandleVerifier [0x00007FF7D6765505+652869]\n\t(No symbol) [0x00007FF7D6657518]\n\t(No symbol) [0x00007FF7D66535F4]\n\t(No symbol) [0x00007FF7D66536EC]\n\t(No symbol) [0x00007FF7D66438E3]\n\tBaseThreadInitThunk [0x00007FFA86F47614+20]\n\tRtlUserThreadStart [0x00007FFA872426B1+33]\n\n", "trace": "  File \"C:\\Users\\Owner\\PycharmProjects\\LifeHelp\\venv\\lib\\site-packages\\allure_commons\\_allure.py\", line 192, in impl\n    return func(*a, **kw)\n  File \"C:\\Users\\Owner\\PycharmProjects\\LifeHelp\\pages\\authorization_page.py\", line 691, in verify_presence_ordered_session_package\n    actual_result = self.get_text_title_of_element(AuthorizationLocators.GO_TO_VIDEOSESSION_BUTTON_PACKAGE_SESSION)\n  File \"C:\\Users\\Owner\\PycharmProjects\\LifeHelp\\base\\base_object.py\", line 56, in get_text_title_of_element\n    return self.is_visible(locator).text\n  File \"C:\\Users\\Owner\\PycharmProjects\\LifeHelp\\base\\base_object.py\", line 16, in is_visible\n    return self.wait.until(ec.visibility_of_element_located(locator))\n  File \"C:\\Users\\Owner\\PycharmProjects\\LifeHelp\\venv\\lib\\site-packages\\selenium\\webdriver\\support\\wait.py\", line 95, in until\n    raise TimeoutException(message, screen, stacktrace)\n"}, "start": 1693808106210, "stop": 1693808111622}], "start": 1693808090535, "stop": 1693808111634, "uuid": "d478b429-91ec-4578-8600-7e659c7518d4", "historyId": "d07fd56f085475352fdd8a1a9c7fd74e", "testCaseId": "3b426889147c21f39513d8f7e95f6db8", "fullName": "tests.test_authorization#test_order_session_in_package_4", "labels": [{"name": "parentSuite", "value": "tests"}, {"name": "suite", "value": "test_authorization"}, {"name": "host", "value": "DESKTOP-MNCDD93"}, {"name": "thread", "value": "39928-MainThread"}, {"name": "framework", "value": "pytest"}, {"name": "language", "value": "cpython3"}, {"name": "package", "value": "tests.test_authorization"}]}