{"name": "test_client_second_session_order_prodamus", "status": "broken", "statusDetails": {"message": "selenium.common.exceptions.TimeoutException: Message: \nStacktrace:\nBacktrace:\n\tGetHandleVerifier [0x0046A813+48355]\n\t(No symbol) [0x003FC4B1]\n\t(No symbol) [0x00305358]\n\t(No symbol) [0x003309A5]\n\t(No symbol) [0x00330B3B]\n\t(No symbol) [0x0035E232]\n\t(No symbol) [0x0034A784]\n\t(No symbol) [0x0035C922]\n\t(No symbol) [0x0034A536]\n\t(No symbol) [0x003282DC]\n\t(No symbol) [0x003293DD]\n\tGetHandleVerifier [0x006CAABD+2539405]\n\tGetHandleVerifier [0x0070A78F+2800735]\n\tGetHandleVerifier [0x0070456C+2775612]\n\tGetHandleVerifier [0x004F51E0+616112]\n\t(No symbol) [0x00405F8C]\n\t(No symbol) [0x00402328]\n\t(No symbol) [0x0040240B]\n\t(No symbol) [0x003F4FF7]\n\tBaseThreadInitThunk [0x759B00C9+25]\n\tRtlGetAppContainerNamedObjectPath [0x77B57B1E+286]\n\tRtlGetAppContainerNamedObjectPath [0x77B57AEE+238]", "trace": "authorization_page = <pages.authorization_page.AuthorizationPage object at 0x000001D51EEEDC30>\n\n    def test_client_second_session_order_prodamus (authorization_page):\n        authorization_page.click_to_login_button()\n        authorization_page.click_to_login_w_password_button()\n        authorization_page.set_email_email()\n        authorization_page.set_password_pass()\n        authorization_page.click_to_authorize_button()\n        authorization_page.click_terminated_sessions_title()\n        authorization_page.click_order_session_again_button()\n        authorization_page.select_nearest_time()\n        authorization_page.click_rapid_go_payment_btn()\n        authorization_page.click_foreign_card_button_session()\n        authorization_page.click_pay_online_button_session()\n>       authorization_page.click_russian_card_prodamus_button()\n\ntests\\test_authorization.py:167: \n_ _ _ _ _ _ _ _ _ _ _ _ _ _ _ _ _ _ _ _ _ _ _ _ _ _ _ _ _ _ _ _ _ _ _ _ _ _ _ _ _ _ _ _ _ _ _ _ _ _ _ _ _ _ _ _ _ _ _ _ _ _ _ _ _ _ _ _ _ _ _ _ _ _ _ \npages\\authorization_page.py:212: in click_russian_card_prodamus_button\n    self.to_click(AuthorizationLocators.PAY_RUSSIAN_CARD_PRODAMUS)\nbase\\base_object.py:17: in to_click\n    self.is_clickable(locator).click()\nbase\\base_object.py:14: in is_clickable\n    return self.wait.until(ec.element_to_be_clickable(locator))\n_ _ _ _ _ _ _ _ _ _ _ _ _ _ _ _ _ _ _ _ _ _ _ _ _ _ _ _ _ _ _ _ _ _ _ _ _ _ _ _ _ _ _ _ _ _ _ _ _ _ _ _ _ _ _ _ _ _ _ _ _ _ _ _ _ _ _ _ _ _ _ _ _ _ _ \n\nself = <selenium.webdriver.support.wait.WebDriverWait (session=\"d5ab889917366f56ce82fae37532ae7e\")>\nmethod = <function element_to_be_clickable.<locals>._predicate at 0x000001D51EF2BD90>, message = ''\n\n    def until(self, method, message: str = \"\"):\n        \"\"\"Calls the method provided with the driver as an argument until the \\\n        return value does not evaluate to ``False``.\n    \n        :param method: callable(WebDriver)\n        :param message: optional message for :exc:`TimeoutException`\n        :returns: the result of the last call to `method`\n        :raises: :exc:`selenium.common.exceptions.TimeoutException` if timeout occurs\n        \"\"\"\n        screen = None\n        stacktrace = None\n    \n        end_time = time.monotonic() + self._timeout\n        while True:\n            try:\n                value = method(self._driver)\n                if value:\n                    return value\n            except self._ignored_exceptions as exc:\n                screen = getattr(exc, \"screen\", None)\n                stacktrace = getattr(exc, \"stacktrace\", None)\n            time.sleep(self._poll)\n            if time.monotonic() > end_time:\n                break\n>       raise TimeoutException(message, screen, stacktrace)\nE       selenium.common.exceptions.TimeoutException: Message: \nE       Stacktrace:\nE       Backtrace:\nE       \tGetHandleVerifier [0x0046A813+48355]\nE       \t(No symbol) [0x003FC4B1]\nE       \t(No symbol) [0x00305358]\nE       \t(No symbol) [0x003309A5]\nE       \t(No symbol) [0x00330B3B]\nE       \t(No symbol) [0x0035E232]\nE       \t(No symbol) [0x0034A784]\nE       \t(No symbol) [0x0035C922]\nE       \t(No symbol) [0x0034A536]\nE       \t(No symbol) [0x003282DC]\nE       \t(No symbol) [0x003293DD]\nE       \tGetHandleVerifier [0x006CAABD+2539405]\nE       \tGetHandleVerifier [0x0070A78F+2800735]\nE       \tGetHandleVerifier [0x0070456C+2775612]\nE       \tGetHandleVerifier [0x004F51E0+616112]\nE       \t(No symbol) [0x00405F8C]\nE       \t(No symbol) [0x00402328]\nE       \t(No symbol) [0x0040240B]\nE       \t(No symbol) [0x003F4FF7]\nE       \tBaseThreadInitThunk [0x759B00C9+25]\nE       \tRtlGetAppContainerNamedObjectPath [0x77B57B1E+286]\nE       \tRtlGetAppContainerNamedObjectPath [0x77B57AEE+238]\n\nvenv\\lib\\site-packages\\selenium\\webdriver\\support\\wait.py:95: TimeoutException"}, "steps": [{"name": "clicking to \"Login\" button", "status": "passed", "start": 1689655109472, "stop": 1689655111349}, {"name": "clicking to \"Login with password\" button", "status": "passed", "start": 1689655111350, "stop": 1689655111514}, {"name": "set up password", "status": "passed", "start": 1689655112410, "stop": 1689655112599}, {"name": "clicking to \"Authorize\" button", "status": "passed", "start": 1689655112599, "stop": 1689655112747}, {"name": "click terminated sessions title in client account", "status": "passed", "start": 1689655112747, "stop": 1689655115189}, {"name": "click order session again in client account", "status": "passed", "start": 1689655115189, "stop": 1689655116087}, {"name": "select the nearest time for session", "status": "passed", "start": 1689655116087, "stop": 1689655116750}, {"name": "click to \"go to payment\" button", "status": "passed", "start": 1689655116750, "stop": 1689655118223}, {"name": "click to \"foreign card\" button", "status": "passed", "start": 1689655118223, "stop": 1689655118370}, {"name": "click to \"pay online\" green button", "status": "passed", "start": 1689655118370, "stop": 1689655118549}, {"name": "click to \"pay russian card\" button on prodamus page", "status": "broken", "statusDetails": {"message": "selenium.common.exceptions.TimeoutException: Message: \nStacktrace:\nBacktrace:\n\tGetHandleVerifier [0x0046A813+48355]\n\t(No symbol) [0x003FC4B1]\n\t(No symbol) [0x00305358]\n\t(No symbol) [0x003309A5]\n\t(No symbol) [0x00330B3B]\n\t(No symbol) [0x0035E232]\n\t(No symbol) [0x0034A784]\n\t(No symbol) [0x0035C922]\n\t(No symbol) [0x0034A536]\n\t(No symbol) [0x003282DC]\n\t(No symbol) [0x003293DD]\n\tGetHandleVerifier [0x006CAABD+2539405]\n\tGetHandleVerifier [0x0070A78F+2800735]\n\tGetHandleVerifier [0x0070456C+2775612]\n\tGetHandleVerifier [0x004F51E0+616112]\n\t(No symbol) [0x00405F8C]\n\t(No symbol) [0x00402328]\n\t(No symbol) [0x0040240B]\n\t(No symbol) [0x003F4FF7]\n\tBaseThreadInitThunk [0x759B00C9+25]\n\tRtlGetAppContainerNamedObjectPath [0x77B57B1E+286]\n\tRtlGetAppContainerNamedObjectPath [0x77B57AEE+238]\n\n", "trace": "  File \"C:\\Users\\Owner\\PycharmProjects\\LifeHelp\\venv\\lib\\site-packages\\allure_commons\\_allure.py\", line 192, in impl\n    return func(*a, **kw)\n  File \"C:\\Users\\Owner\\PycharmProjects\\LifeHelp\\pages\\authorization_page.py\", line 212, in click_russian_card_prodamus_button\n    self.to_click(AuthorizationLocators.PAY_RUSSIAN_CARD_PRODAMUS)\n  File \"C:\\Users\\Owner\\PycharmProjects\\LifeHelp\\base\\base_object.py\", line 17, in to_click\n    self.is_clickable(locator).click()\n  File \"C:\\Users\\Owner\\PycharmProjects\\LifeHelp\\base\\base_object.py\", line 14, in is_clickable\n    return self.wait.until(ec.element_to_be_clickable(locator))\n  File \"C:\\Users\\Owner\\PycharmProjects\\LifeHelp\\venv\\lib\\site-packages\\selenium\\webdriver\\support\\wait.py\", line 95, in until\n    raise TimeoutException(message, screen, stacktrace)\n"}, "start": 1689655118549, "stop": 1689655123848}], "start": 1689655109471, "stop": 1689655123860, "uuid": "7c5400d7-cbf3-4183-9415-d9671bfa7aea", "historyId": "2f483f8bcc45a3cfdb54a41670501f68", "testCaseId": "dcef51c544ad4994c45baf222a5c534e", "fullName": "tests.test_authorization#test_client_second_session_order_prodamus", "labels": [{"name": "parentSuite", "value": "tests"}, {"name": "suite", "value": "test_authorization"}, {"name": "host", "value": "DESKTOP-MNCDD93"}, {"name": "thread", "value": "18508-MainThread"}, {"name": "framework", "value": "pytest"}, {"name": "language", "value": "cpython3"}, {"name": "package", "value": "tests.test_authorization"}]}