{"name": "test_registrations_error_messages[cyrillic_password]", "status": "broken", "statusDetails": {"message": "selenium.common.exceptions.StaleElementReferenceException: Message: stale element reference: stale element not found\n  (Session info: chrome=116.0.5845.142)\nStacktrace:\nBacktrace:\n\tGetHandleVerifier [0x00007FF6BFF93E62+57250]\n\t(No symbol) [0x00007FF6BFF0BC02]\n\t(No symbol) [0x00007FF6BFDDE0BB]\n\t(No symbol) [0x00007FF6BFDE20A2]\n\t(No symbol) [0x00007FF6BFDE3A4F]\n\t(No symbol) [0x00007FF6BFDE3B40]\n\t(No symbol) [0x00007FF6BFE12F9E]\n\t(No symbol) [0x00007FF6BFE367AA]\n\t(No symbol) [0x00007FF6BFE0E536]\n\t(No symbol) [0x00007FF6BFE369C0]\n\t(No symbol) [0x00007FF6BFE4E312]\n\t(No symbol) [0x00007FF6BFE36583]\n\t(No symbol) [0x00007FF6BFE0CC71]\n\t(No symbol) [0x00007FF6BFE0DE54]\n\tGetHandleVerifier [0x00007FF6C0244CF2+2879026]\n\tGetHandleVerifier [0x00007FF6C0296F30+3215472]\n\tGetHandleVerifier [0x00007FF6C028FD4F+3186319]\n\tGetHandleVerifier [0x00007FF6C0025505+652869]\n\t(No symbol) [0x00007FF6BFF17518]\n\t(No symbol) [0x00007FF6BFF135F4]\n\t(No symbol) [0x00007FF6BFF136EC]\n\t(No symbol) [0x00007FF6BFF038E3]\n\tBaseThreadInitThunk [0x00007FFA86F47614+20]\n\tRtlUserThreadStart [0x00007FFA872426B1+33]", "trace": "authorization_page = <pages.authorization_page.AuthorizationPage object at 0x00000276D0F3C9D0>, first = 'aigul.shafigullina@yandex.ru'\nsecond = 'lifehelп1@', third = 'lifehelп1@', fourth = 'Пароль не должен содержать буквы кириллицы'\n\n    @pytest.mark.parametrize('first, second, third, fourth', (case_1, case_2, case_3, case_4, case_5, case_6),\n                                 ids=['phone_instead_email', 'not_matching_passwords', 'missing_number_password',\n                                      \"missing_symbol_password\", \"cyrillic_password\", \"missing_latin_letter_password\" ])\n    def test_registrations_error_messages(authorization_page, first, second, third, fourth):\n        authorization_page.click_to_login_button()\n        authorization_page.click_to_login_w_password_button()\n        authorization_page.click_register_hypertext()\n        authorization_page.set_your_email_registration_fixture(first)\n        authorization_page.set_password_registration_form_fixture(second)\n        authorization_page.repeat_password_registration_form_fixture(third)\n        authorization_page.click_first_checkbox_consent_registration_form()\n        authorization_page.scroll_to_register_button_registration_form()\n        authorization_page.click_to_register_button_registration_form()\n>       authorization_page.verify_error_message_registration_fixture(fourth)\n\ntests\\test_authorization.py:722: \n_ _ _ _ _ _ _ _ _ _ _ _ _ _ _ _ _ _ _ _ _ _ _ _ _ _ _ _ _ _ _ _ _ _ _ _ _ _ _ _ _ _ _ _ _ _ _ _ _ _ _ _ _ _ _ _ _ _ _ _ _ _ _ _ _ _ _ _ _ _ _ _ _ _ _ \npages\\authorization_page.py:1024: in verify_error_message_registration_fixture\n    actual_result = self.get_text_title_of_element(\nbase\\base_object.py:56: in get_text_title_of_element\n    return self.is_visible(locator).text\nvenv\\lib\\site-packages\\selenium\\webdriver\\remote\\webelement.py:89: in text\n    return self._execute(Command.GET_ELEMENT_TEXT)[\"value\"]\nvenv\\lib\\site-packages\\selenium\\webdriver\\remote\\webelement.py:403: in _execute\n    return self._parent.execute(command, params)\nvenv\\lib\\site-packages\\selenium\\webdriver\\remote\\webdriver.py:440: in execute\n    self.error_handler.check_response(response)\n_ _ _ _ _ _ _ _ _ _ _ _ _ _ _ _ _ _ _ _ _ _ _ _ _ _ _ _ _ _ _ _ _ _ _ _ _ _ _ _ _ _ _ _ _ _ _ _ _ _ _ _ _ _ _ _ _ _ _ _ _ _ _ _ _ _ _ _ _ _ _ _ _ _ _ \n\nself = <selenium.webdriver.remote.errorhandler.ErrorHandler object at 0x00000276D0F3CEE0>\nresponse = {'status': 404, 'value': '{\"value\":{\"error\":\"stale element reference\",\"message\":\"stale element reference: stale elemen...07FF6BFF038E3]\\\\n\\\\tBaseThreadInitThunk [0x00007FFA86F47614+20]\\\\n\\\\tRtlUserThreadStart [0x00007FFA872426B1+33]\\\\n\"}}'}\n\n    def check_response(self, response: Dict[str, Any]) -> None:\n        \"\"\"Checks that a JSON response from the WebDriver does not have an\n        error.\n    \n        :Args:\n         - response - The JSON response from the WebDriver server as a dictionary\n           object.\n    \n        :Raises: If the response contains an error message.\n        \"\"\"\n        status = response.get(\"status\", None)\n        if not status or status == ErrorCode.SUCCESS:\n            return\n        value = None\n        message = response.get(\"message\", \"\")\n        screen: str = response.get(\"screen\", \"\")\n        stacktrace = None\n        if isinstance(status, int):\n            value_json = response.get(\"value\", None)\n            if value_json and isinstance(value_json, str):\n                import json\n    \n                try:\n                    value = json.loads(value_json)\n                    if len(value.keys()) == 1:\n                        value = value[\"value\"]\n                    status = value.get(\"error\", None)\n                    if not status:\n                        status = value.get(\"status\", ErrorCode.UNKNOWN_ERROR)\n                        message = value.get(\"value\") or value.get(\"message\")\n                        if not isinstance(message, str):\n                            value = message\n                            message = message.get(\"message\")\n                    else:\n                        message = value.get(\"message\", None)\n                except ValueError:\n                    pass\n    \n        exception_class: Type[WebDriverException]\n        if status in ErrorCode.NO_SUCH_ELEMENT:\n            exception_class = NoSuchElementException\n        elif status in ErrorCode.NO_SUCH_FRAME:\n            exception_class = NoSuchFrameException\n        elif status in ErrorCode.NO_SUCH_SHADOW_ROOT:\n            exception_class = NoSuchShadowRootException\n        elif status in ErrorCode.NO_SUCH_WINDOW:\n            exception_class = NoSuchWindowException\n        elif status in ErrorCode.STALE_ELEMENT_REFERENCE:\n            exception_class = StaleElementReferenceException\n        elif status in ErrorCode.ELEMENT_NOT_VISIBLE:\n            exception_class = ElementNotVisibleException\n        elif status in ErrorCode.INVALID_ELEMENT_STATE:\n            exception_class = InvalidElementStateException\n        elif (\n            status in ErrorCode.INVALID_SELECTOR\n            or status in ErrorCode.INVALID_XPATH_SELECTOR\n            or status in ErrorCode.INVALID_XPATH_SELECTOR_RETURN_TYPER\n        ):\n            exception_class = InvalidSelectorException\n        elif status in ErrorCode.ELEMENT_IS_NOT_SELECTABLE:\n            exception_class = ElementNotSelectableException\n        elif status in ErrorCode.ELEMENT_NOT_INTERACTABLE:\n            exception_class = ElementNotInteractableException\n        elif status in ErrorCode.INVALID_COOKIE_DOMAIN:\n            exception_class = InvalidCookieDomainException\n        elif status in ErrorCode.UNABLE_TO_SET_COOKIE:\n            exception_class = UnableToSetCookieException\n        elif status in ErrorCode.TIMEOUT:\n            exception_class = TimeoutException\n        elif status in ErrorCode.SCRIPT_TIMEOUT:\n            exception_class = TimeoutException\n        elif status in ErrorCode.UNKNOWN_ERROR:\n            exception_class = WebDriverException\n        elif status in ErrorCode.UNEXPECTED_ALERT_OPEN:\n            exception_class = UnexpectedAlertPresentException\n        elif status in ErrorCode.NO_ALERT_OPEN:\n            exception_class = NoAlertPresentException\n        elif status in ErrorCode.IME_NOT_AVAILABLE:\n            exception_class = ImeNotAvailableException\n        elif status in ErrorCode.IME_ENGINE_ACTIVATION_FAILED:\n            exception_class = ImeActivationFailedException\n        elif status in ErrorCode.MOVE_TARGET_OUT_OF_BOUNDS:\n            exception_class = MoveTargetOutOfBoundsException\n        elif status in ErrorCode.JAVASCRIPT_ERROR:\n            exception_class = JavascriptException\n        elif status in ErrorCode.SESSION_NOT_CREATED:\n            exception_class = SessionNotCreatedException\n        elif status in ErrorCode.INVALID_ARGUMENT:\n            exception_class = InvalidArgumentException\n        elif status in ErrorCode.NO_SUCH_COOKIE:\n            exception_class = NoSuchCookieException\n        elif status in ErrorCode.UNABLE_TO_CAPTURE_SCREEN:\n            exception_class = ScreenshotException\n        elif status in ErrorCode.ELEMENT_CLICK_INTERCEPTED:\n            exception_class = ElementClickInterceptedException\n        elif status in ErrorCode.INSECURE_CERTIFICATE:\n            exception_class = InsecureCertificateException\n        elif status in ErrorCode.INVALID_COORDINATES:\n            exception_class = InvalidCoordinatesException\n        elif status in ErrorCode.INVALID_SESSION_ID:\n            exception_class = InvalidSessionIdException\n        elif status in ErrorCode.UNKNOWN_METHOD:\n            exception_class = UnknownMethodException\n        else:\n            exception_class = WebDriverException\n        if not value:\n            value = response[\"value\"]\n        if isinstance(value, str):\n            raise exception_class(value)\n        if message == \"\" and \"message\" in value:\n            message = value[\"message\"]\n    \n        screen = None  # type: ignore[assignment]\n        if \"screen\" in value:\n            screen = value[\"screen\"]\n    \n        stacktrace = None\n        st_value = value.get(\"stackTrace\") or value.get(\"stacktrace\")\n        if st_value:\n            if isinstance(st_value, str):\n                stacktrace = st_value.split(\"\\n\")\n            else:\n                stacktrace = []\n                try:\n                    for frame in st_value:\n                        line = frame.get(\"lineNumber\", \"\")\n                        file = frame.get(\"fileName\", \"<anonymous>\")\n                        if line:\n                            file = f\"{file}:{line}\"\n                        meth = frame.get(\"methodName\", \"<anonymous>\")\n                        if \"className\" in frame:\n                            meth = f\"{frame['className']}.{meth}\"\n                        msg = \"    at %s (%s)\"\n                        msg = msg % (meth, file)\n                        stacktrace.append(msg)\n                except TypeError:\n                    pass\n        if exception_class == UnexpectedAlertPresentException:\n            alert_text = None\n            if \"data\" in value:\n                alert_text = value[\"data\"].get(\"text\")\n            elif \"alert\" in value:\n                alert_text = value[\"alert\"].get(\"text\")\n            raise exception_class(message, screen, stacktrace, alert_text)  # type: ignore[call-arg]  # mypy is not smart enough here\n>       raise exception_class(message, screen, stacktrace)\nE       selenium.common.exceptions.StaleElementReferenceException: Message: stale element reference: stale element not found\nE         (Session info: chrome=116.0.5845.142)\nE       Stacktrace:\nE       Backtrace:\nE       \tGetHandleVerifier [0x00007FF6BFF93E62+57250]\nE       \t(No symbol) [0x00007FF6BFF0BC02]\nE       \t(No symbol) [0x00007FF6BFDDE0BB]\nE       \t(No symbol) [0x00007FF6BFDE20A2]\nE       \t(No symbol) [0x00007FF6BFDE3A4F]\nE       \t(No symbol) [0x00007FF6BFDE3B40]\nE       \t(No symbol) [0x00007FF6BFE12F9E]\nE       \t(No symbol) [0x00007FF6BFE367AA]\nE       \t(No symbol) [0x00007FF6BFE0E536]\nE       \t(No symbol) [0x00007FF6BFE369C0]\nE       \t(No symbol) [0x00007FF6BFE4E312]\nE       \t(No symbol) [0x00007FF6BFE36583]\nE       \t(No symbol) [0x00007FF6BFE0CC71]\nE       \t(No symbol) [0x00007FF6BFE0DE54]\nE       \tGetHandleVerifier [0x00007FF6C0244CF2+2879026]\nE       \tGetHandleVerifier [0x00007FF6C0296F30+3215472]\nE       \tGetHandleVerifier [0x00007FF6C028FD4F+3186319]\nE       \tGetHandleVerifier [0x00007FF6C0025505+652869]\nE       \t(No symbol) [0x00007FF6BFF17518]\nE       \t(No symbol) [0x00007FF6BFF135F4]\nE       \t(No symbol) [0x00007FF6BFF136EC]\nE       \t(No symbol) [0x00007FF6BFF038E3]\nE       \tBaseThreadInitThunk [0x00007FFA86F47614+20]\nE       \tRtlUserThreadStart [0x00007FFA872426B1+33]\n\nvenv\\lib\\site-packages\\selenium\\webdriver\\remote\\errorhandler.py:245: StaleElementReferenceException"}, "steps": [{"name": "clicking to \"Login\" button", "status": "passed", "start": 1694156337892, "stop": 1694156345730}, {"name": "clicking to \"Login with password\" button", "status": "passed", "start": 1694156345730, "stop": 1694156346323}, {"name": "click \"register\" hypertext", "status": "passed", "start": 1694156346323, "stop": 1694156349194}, {"name": "set up \"your email\" in registration form", "status": "passed", "parameters": [{"name": "first", "value": "'aigul.shafigullina@yandex.ru'"}], "start": 1694156349195, "stop": 1694156350035}, {"name": "set password in registration form_fixture", "status": "passed", "parameters": [{"name": "second", "value": "'lifehelп1@'"}], "start": 1694156350036, "stop": 1694156350458}, {"name": "repeat password in registration form_fixture", "status": "passed", "parameters": [{"name": "third", "value": "'lifehelп1@'"}], "start": 1694156350459, "stop": 1694156350853}, {"name": "click first checkbox of consent in registration form", "status": "passed", "start": 1694156350853, "stop": 1694156351221}, {"name": "scroll the page till the \"register\" button in registration form", "status": "passed", "start": 1694156351221, "stop": 1694156351838}, {"name": "click \"to register\" button in registration form", "status": "passed", "start": 1694156351839, "stop": 1694156352459}, {"name": "verify error message in registration form", "status": "broken", "statusDetails": {"message": "selenium.common.exceptions.StaleElementReferenceException: Message: stale element reference: stale element not found\n  (Session info: chrome=116.0.5845.142)\nStacktrace:\nBacktrace:\n\tGetHandleVerifier [0x00007FF6BFF93E62+57250]\n\t(No symbol) [0x00007FF6BFF0BC02]\n\t(No symbol) [0x00007FF6BFDDE0BB]\n\t(No symbol) [0x00007FF6BFDE20A2]\n\t(No symbol) [0x00007FF6BFDE3A4F]\n\t(No symbol) [0x00007FF6BFDE3B40]\n\t(No symbol) [0x00007FF6BFE12F9E]\n\t(No symbol) [0x00007FF6BFE367AA]\n\t(No symbol) [0x00007FF6BFE0E536]\n\t(No symbol) [0x00007FF6BFE369C0]\n\t(No symbol) [0x00007FF6BFE4E312]\n\t(No symbol) [0x00007FF6BFE36583]\n\t(No symbol) [0x00007FF6BFE0CC71]\n\t(No symbol) [0x00007FF6BFE0DE54]\n\tGetHandleVerifier [0x00007FF6C0244CF2+2879026]\n\tGetHandleVerifier [0x00007FF6C0296F30+3215472]\n\tGetHandleVerifier [0x00007FF6C028FD4F+3186319]\n\tGetHandleVerifier [0x00007FF6C0025505+652869]\n\t(No symbol) [0x00007FF6BFF17518]\n\t(No symbol) [0x00007FF6BFF135F4]\n\t(No symbol) [0x00007FF6BFF136EC]\n\t(No symbol) [0x00007FF6BFF038E3]\n\tBaseThreadInitThunk [0x00007FFA86F47614+20]\n\tRtlUserThreadStart [0x00007FFA872426B1+33]\n\n", "trace": "  File \"C:\\Users\\Owner\\PycharmProjects\\LifeHelp\\venv\\lib\\site-packages\\allure_commons\\_allure.py\", line 192, in impl\n    return func(*a, **kw)\n  File \"C:\\Users\\Owner\\PycharmProjects\\LifeHelp\\pages\\authorization_page.py\", line 1024, in verify_error_message_registration_fixture\n    actual_result = self.get_text_title_of_element(\n  File \"C:\\Users\\Owner\\PycharmProjects\\LifeHelp\\base\\base_object.py\", line 56, in get_text_title_of_element\n    return self.is_visible(locator).text\n  File \"C:\\Users\\Owner\\PycharmProjects\\LifeHelp\\venv\\lib\\site-packages\\selenium\\webdriver\\remote\\webelement.py\", line 89, in text\n    return self._execute(Command.GET_ELEMENT_TEXT)[\"value\"]\n  File \"C:\\Users\\Owner\\PycharmProjects\\LifeHelp\\venv\\lib\\site-packages\\selenium\\webdriver\\remote\\webelement.py\", line 403, in _execute\n    return self._parent.execute(command, params)\n  File \"C:\\Users\\Owner\\PycharmProjects\\LifeHelp\\venv\\lib\\site-packages\\selenium\\webdriver\\remote\\webdriver.py\", line 440, in execute\n    self.error_handler.check_response(response)\n  File \"C:\\Users\\Owner\\PycharmProjects\\LifeHelp\\venv\\lib\\site-packages\\selenium\\webdriver\\remote\\errorhandler.py\", line 245, in check_response\n    raise exception_class(message, screen, stacktrace)\n"}, "parameters": [{"name": "fourth", "value": "'Пароль не должен содержать буквы кириллицы'"}], "start": 1694156352460, "stop": 1694156353199}], "parameters": [{"name": "first", "value": "'aigul.shafigullina@yandex.ru'"}, {"name": "second", "value": "'lifehelп1@'"}, {"name": "third", "value": "'lifehelп1@'"}, {"name": "fourth", "value": "'Пароль не должен содержать буквы кириллицы'"}], "start": 1694156337891, "stop": 1694156353206, "uuid": "ea7cd2f3-52bf-4d74-8d6d-d93a3f4e64d3", "historyId": "22714c1238fe2aae02ecbd4bf43aaa94", "testCaseId": "01609061ad681f07a7f52b36ebc3800e", "fullName": "tests.test_authorization#test_registrations_error_messages", "labels": [{"name": "parentSuite", "value": "tests"}, {"name": "suite", "value": "test_authorization"}, {"name": "host", "value": "DESKTOP-MNCDD93"}, {"name": "thread", "value": "43748-MainThread"}, {"name": "framework", "value": "pytest"}, {"name": "language", "value": "cpython3"}, {"name": "package", "value": "tests.test_authorization"}]}