{"name": "test_order_session_in_package_4", "status": "broken", "statusDetails": {"message": "selenium.common.exceptions.TimeoutException: Message: \nStacktrace:\nBacktrace:\n\tGetHandleVerifier [0x009BA813+48355]\n\t(No symbol) [0x0094C4B1]\n\t(No symbol) [0x00855358]\n\t(No symbol) [0x008809A5]\n\t(No symbol) [0x00880B3B]\n\t(No symbol) [0x008AE232]\n\t(No symbol) [0x0089A784]\n\t(No symbol) [0x008AC922]\n\t(No symbol) [0x0089A536]\n\t(No symbol) [0x008782DC]\n\t(No symbol) [0x008793DD]\n\tGetHandleVerifier [0x00C1AABD+2539405]\n\tGetHandleVerifier [0x00C5A78F+2800735]\n\tGetHandleVerifier [0x00C5456C+2775612]\n\tGetHandleVerifier [0x00A451E0+616112]\n\t(No symbol) [0x00955F8C]\n\t(No symbol) [0x00952328]\n\t(No symbol) [0x0095240B]\n\t(No symbol) [0x00944FF7]\n\tBaseThreadInitThunk [0x759B00C9+25]\n\tRtlGetAppContainerNamedObjectPath [0x77B57B1E+286]\n\tRtlGetAppContainerNamedObjectPath [0x77B57AEE+238]", "trace": "authorization_page = <pages.authorization_page.AuthorizationPage object at 0x00000226B5A2B490>\n\n    def test_order_session_in_package_4(authorization_page):\n        authorization_page.click_to_login_button()\n        authorization_page.click_to_login_w_password_button()\n        authorization_page.set_email_email()\n        authorization_page.set_password_pass()\n        authorization_page.click_to_authorize_button()\n        authorization_page.click_my_balance_menu_navigation()\n        authorization_page.click_to_order_session_package()\n        # authorization_page.save_selected_time_to_order_session_package()\n        authorization_page.select_time_to_order_session_package()\n        authorization_page.submit_selected_time_to_order_session_package()\n        # authorization_page.save_ordered_time_session_package()\n>       authorization_page.verify_presence_ordered_session_package()\n\ntests\\test_authorization.py:438: \n_ _ _ _ _ _ _ _ _ _ _ _ _ _ _ _ _ _ _ _ _ _ _ _ _ _ _ _ _ _ _ _ _ _ _ _ _ _ _ _ _ _ _ _ _ _ _ _ _ _ _ _ _ _ _ _ _ _ _ _ _ _ _ _ _ _ _ _ _ _ _ _ _ _ _ \npages\\authorization_page.py:606: in verify_presence_ordered_session_package\n    actual_result = self.get_text_title_of_element(AuthorizationLocators.GO_TO_VIDEOSESSION_BUTTON_PACKAGE_SESSION)\nbase\\base_object.py:26: in get_text_title_of_element\n    return self.is_visible(locator).text\nbase\\base_object.py:11: in is_visible\n    return self.wait.until(ec.visibility_of_element_located(locator))\n_ _ _ _ _ _ _ _ _ _ _ _ _ _ _ _ _ _ _ _ _ _ _ _ _ _ _ _ _ _ _ _ _ _ _ _ _ _ _ _ _ _ _ _ _ _ _ _ _ _ _ _ _ _ _ _ _ _ _ _ _ _ _ _ _ _ _ _ _ _ _ _ _ _ _ \n\nself = <selenium.webdriver.support.wait.WebDriverWait (session=\"e45d12c884316db7bae68d4757912cee\")>\nmethod = <function visibility_of_element_located.<locals>._predicate at 0x00000226B5092D40>, message = ''\n\n    def until(self, method, message: str = \"\"):\n        \"\"\"Calls the method provided with the driver as an argument until the \\\n        return value does not evaluate to ``False``.\n    \n        :param method: callable(WebDriver)\n        :param message: optional message for :exc:`TimeoutException`\n        :returns: the result of the last call to `method`\n        :raises: :exc:`selenium.common.exceptions.TimeoutException` if timeout occurs\n        \"\"\"\n        screen = None\n        stacktrace = None\n    \n        end_time = time.monotonic() + self._timeout\n        while True:\n            try:\n                value = method(self._driver)\n                if value:\n                    return value\n            except self._ignored_exceptions as exc:\n                screen = getattr(exc, \"screen\", None)\n                stacktrace = getattr(exc, \"stacktrace\", None)\n            time.sleep(self._poll)\n            if time.monotonic() > end_time:\n                break\n>       raise TimeoutException(message, screen, stacktrace)\nE       selenium.common.exceptions.TimeoutException: Message: \nE       Stacktrace:\nE       Backtrace:\nE       \tGetHandleVerifier [0x009BA813+48355]\nE       \t(No symbol) [0x0094C4B1]\nE       \t(No symbol) [0x00855358]\nE       \t(No symbol) [0x008809A5]\nE       \t(No symbol) [0x00880B3B]\nE       \t(No symbol) [0x008AE232]\nE       \t(No symbol) [0x0089A784]\nE       \t(No symbol) [0x008AC922]\nE       \t(No symbol) [0x0089A536]\nE       \t(No symbol) [0x008782DC]\nE       \t(No symbol) [0x008793DD]\nE       \tGetHandleVerifier [0x00C1AABD+2539405]\nE       \tGetHandleVerifier [0x00C5A78F+2800735]\nE       \tGetHandleVerifier [0x00C5456C+2775612]\nE       \tGetHandleVerifier [0x00A451E0+616112]\nE       \t(No symbol) [0x00955F8C]\nE       \t(No symbol) [0x00952328]\nE       \t(No symbol) [0x0095240B]\nE       \t(No symbol) [0x00944FF7]\nE       \tBaseThreadInitThunk [0x759B00C9+25]\nE       \tRtlGetAppContainerNamedObjectPath [0x77B57B1E+286]\nE       \tRtlGetAppContainerNamedObjectPath [0x77B57AEE+238]\n\nvenv\\lib\\site-packages\\selenium\\webdriver\\support\\wait.py:95: TimeoutException"}, "steps": [{"name": "clicking to \"Login\" button", "status": "passed", "start": 1689913902821, "stop": 1689913904907}, {"name": "clicking to \"Login with password\" button", "status": "passed", "start": 1689913904907, "stop": 1689913905067}, {"name": "set up password", "status": "passed", "start": 1689913905884, "stop": 1689913906099}, {"name": "clicking to \"Authorize\" button", "status": "passed", "start": 1689913906099, "stop": 1689913906253}, {"name": "click to \"my balance\" in clients menu navigation", "status": "passed", "start": 1689913906253, "stop": 1689913910052}, {"name": "click to \"order session\" in the package", "status": "passed", "start": 1689913910052, "stop": 1689913910715}, {"name": "select time in the schedule to order session in the package", "status": "passed", "start": 1689913910715, "stop": 1689913911508}, {"name": "submit selected time in the schedule to order session in the package", "status": "passed", "start": 1689913911509, "stop": 1689913911634}, {"name": "verify presence of ordered in the package session - check in my schedule as a client", "status": "broken", "statusDetails": {"message": "selenium.common.exceptions.TimeoutException: Message: \nStacktrace:\nBacktrace:\n\tGetHandleVerifier [0x009BA813+48355]\n\t(No symbol) [0x0094C4B1]\n\t(No symbol) [0x00855358]\n\t(No symbol) [0x008809A5]\n\t(No symbol) [0x00880B3B]\n\t(No symbol) [0x008AE232]\n\t(No symbol) [0x0089A784]\n\t(No symbol) [0x008AC922]\n\t(No symbol) [0x0089A536]\n\t(No symbol) [0x008782DC]\n\t(No symbol) [0x008793DD]\n\tGetHandleVerifier [0x00C1AABD+2539405]\n\tGetHandleVerifier [0x00C5A78F+2800735]\n\tGetHandleVerifier [0x00C5456C+2775612]\n\tGetHandleVerifier [0x00A451E0+616112]\n\t(No symbol) [0x00955F8C]\n\t(No symbol) [0x00952328]\n\t(No symbol) [0x0095240B]\n\t(No symbol) [0x00944FF7]\n\tBaseThreadInitThunk [0x759B00C9+25]\n\tRtlGetAppContainerNamedObjectPath [0x77B57B1E+286]\n\tRtlGetAppContainerNamedObjectPath [0x77B57AEE+238]\n\n", "trace": "  File \"C:\\Users\\Owner\\PycharmProjects\\LifeHelp\\venv\\lib\\site-packages\\allure_commons\\_allure.py\", line 192, in impl\n    return func(*a, **kw)\n  File \"C:\\Users\\Owner\\PycharmProjects\\LifeHelp\\pages\\authorization_page.py\", line 606, in verify_presence_ordered_session_package\n    actual_result = self.get_text_title_of_element(AuthorizationLocators.GO_TO_VIDEOSESSION_BUTTON_PACKAGE_SESSION)\n  File \"C:\\Users\\Owner\\PycharmProjects\\LifeHelp\\base\\base_object.py\", line 26, in get_text_title_of_element\n    return self.is_visible(locator).text\n  File \"C:\\Users\\Owner\\PycharmProjects\\LifeHelp\\base\\base_object.py\", line 11, in is_visible\n    return self.wait.until(ec.visibility_of_element_located(locator))\n  File \"C:\\Users\\Owner\\PycharmProjects\\LifeHelp\\venv\\lib\\site-packages\\selenium\\webdriver\\support\\wait.py\", line 95, in until\n    raise TimeoutException(message, screen, stacktrace)\n"}, "start": 1689913911634, "stop": 1689913917030}], "start": 1689913902821, "stop": 1689913917030, "uuid": "d3f41c0b-3e3b-4dae-a074-ce381c040ded", "historyId": "d07fd56f085475352fdd8a1a9c7fd74e", "testCaseId": "3b426889147c21f39513d8f7e95f6db8", "fullName": "tests.test_authorization#test_order_session_in_package_4", "labels": [{"name": "parentSuite", "value": "tests"}, {"name": "suite", "value": "test_authorization"}, {"name": "host", "value": "DESKTOP-MNCDD93"}, {"name": "thread", "value": "28660-MainThread"}, {"name": "framework", "value": "pytest"}, {"name": "language", "value": "cpython3"}, {"name": "package", "value": "tests.test_authorization"}]}