{"name": "test_psychologist_order_session", "status": "broken", "statusDetails": {"message": "selenium.common.exceptions.TimeoutException: Message: \nStacktrace:\nBacktrace:\n\tGetHandleVerifier [0x00007FF6BFF93E62+57250]\n\t(No symbol) [0x00007FF6BFF0BC02]\n\t(No symbol) [0x00007FF6BFDDE0BB]\n\t(No symbol) [0x00007FF6BFE1765E]\n\t(No symbol) [0x00007FF6BFE1774C]\n\t(No symbol) [0x00007FF6BFE50267]\n\t(No symbol) [0x00007FF6BFE367EF]\n\t(No symbol) [0x00007FF6BFE4E312]\n\t(No symbol) [0x00007FF6BFE36583]\n\t(No symbol) [0x00007FF6BFE0CC71]\n\t(No symbol) [0x00007FF6BFE0DE54]\n\tGetHandleVerifier [0x00007FF6C0244CF2+2879026]\n\tGetHandleVerifier [0x00007FF6C0296F30+3215472]\n\tGetHandleVerifier [0x00007FF6C028FD4F+3186319]\n\tGetHandleVerifier [0x00007FF6C0025505+652869]\n\t(No symbol) [0x00007FF6BFF17518]\n\t(No symbol) [0x00007FF6BFF135F4]\n\t(No symbol) [0x00007FF6BFF136EC]\n\t(No symbol) [0x00007FF6BFF038E3]\n\tBaseThreadInitThunk [0x00007FFA86F47614+20]\n\tRtlUserThreadStart [0x00007FFA872426B1+33]", "trace": "authorization_page = <pages.authorization_page.AuthorizationPage object at 0x00000276D0E0A6B0>\n\n    def test_psychologist_order_session(authorization_page):\n        authorization_page.click_to_login_button()\n        authorization_page.click_to_login_w_password_button()\n        authorization_page.set_email_psychologist()\n        authorization_page.set_password_pass()\n        authorization_page.click_to_authorize_button()\n>       authorization_page.click_to_clients_and_aims_menu_psychologist()\n\ntests\\test_authorization.py:419: \n_ _ _ _ _ _ _ _ _ _ _ _ _ _ _ _ _ _ _ _ _ _ _ _ _ _ _ _ _ _ _ _ _ _ _ _ _ _ _ _ _ _ _ _ _ _ _ _ _ _ _ _ _ _ _ _ _ _ _ _ _ _ _ _ _ _ _ _ _ _ _ _ _ _ _ \npages\\authorization_page.py:624: in click_to_clients_and_aims_menu_psychologist\n    self.to_click(AuthorizationLocators.CLIENTS_AND_AIMS_MENU_PSYCHOLOGIST)\nbase\\base_object.py:32: in to_click\n    self.is_clickable(locator).click()\nbase\\base_object.py:24: in is_clickable\n    return self.wait.until(ec.element_to_be_clickable(locator))\n_ _ _ _ _ _ _ _ _ _ _ _ _ _ _ _ _ _ _ _ _ _ _ _ _ _ _ _ _ _ _ _ _ _ _ _ _ _ _ _ _ _ _ _ _ _ _ _ _ _ _ _ _ _ _ _ _ _ _ _ _ _ _ _ _ _ _ _ _ _ _ _ _ _ _ \n\nself = <selenium.webdriver.support.wait.WebDriverWait (session=\"69dcb91cf87ef0dac9b27c258a8e2ed3\")>\nmethod = <function element_to_be_clickable.<locals>._predicate at 0x00000276D04E2EF0>, message = ''\n\n    def until(self, method, message: str = \"\"):\n        \"\"\"Calls the method provided with the driver as an argument until the \\\n        return value does not evaluate to ``False``.\n    \n        :param method: callable(WebDriver)\n        :param message: optional message for :exc:`TimeoutException`\n        :returns: the result of the last call to `method`\n        :raises: :exc:`selenium.common.exceptions.TimeoutException` if timeout occurs\n        \"\"\"\n        screen = None\n        stacktrace = None\n    \n        end_time = time.monotonic() + self._timeout\n        while True:\n            try:\n                value = method(self._driver)\n                if value:\n                    return value\n            except self._ignored_exceptions as exc:\n                screen = getattr(exc, \"screen\", None)\n                stacktrace = getattr(exc, \"stacktrace\", None)\n            time.sleep(self._poll)\n            if time.monotonic() > end_time:\n                break\n>       raise TimeoutException(message, screen, stacktrace)\nE       selenium.common.exceptions.TimeoutException: Message: \nE       Stacktrace:\nE       Backtrace:\nE       \tGetHandleVerifier [0x00007FF6BFF93E62+57250]\nE       \t(No symbol) [0x00007FF6BFF0BC02]\nE       \t(No symbol) [0x00007FF6BFDDE0BB]\nE       \t(No symbol) [0x00007FF6BFE1765E]\nE       \t(No symbol) [0x00007FF6BFE1774C]\nE       \t(No symbol) [0x00007FF6BFE50267]\nE       \t(No symbol) [0x00007FF6BFE367EF]\nE       \t(No symbol) [0x00007FF6BFE4E312]\nE       \t(No symbol) [0x00007FF6BFE36583]\nE       \t(No symbol) [0x00007FF6BFE0CC71]\nE       \t(No symbol) [0x00007FF6BFE0DE54]\nE       \tGetHandleVerifier [0x00007FF6C0244CF2+2879026]\nE       \tGetHandleVerifier [0x00007FF6C0296F30+3215472]\nE       \tGetHandleVerifier [0x00007FF6C028FD4F+3186319]\nE       \tGetHandleVerifier [0x00007FF6C0025505+652869]\nE       \t(No symbol) [0x00007FF6BFF17518]\nE       \t(No symbol) [0x00007FF6BFF135F4]\nE       \t(No symbol) [0x00007FF6BFF136EC]\nE       \t(No symbol) [0x00007FF6BFF038E3]\nE       \tBaseThreadInitThunk [0x00007FFA86F47614+20]\nE       \tRtlUserThreadStart [0x00007FFA872426B1+33]\n\nvenv\\lib\\site-packages\\selenium\\webdriver\\support\\wait.py:95: TimeoutException"}, "steps": [{"name": "clicking to \"Login\" button", "status": "passed", "start": 1694154990924, "stop": 1694154995196}, {"name": "clicking to \"Login with password\" button", "status": "passed", "start": 1694154995197, "stop": 1694154995485}, {"name": "set up password", "status": "passed", "start": 1694154995956, "stop": 1694154996317}, {"name": "clicking to \"Authorize\" button", "status": "passed", "start": 1694154996317, "stop": 1694154996529}, {"name": "click to \"clients and aims\" button in menu navigation of psychologist account", "status": "broken", "statusDetails": {"message": "selenium.common.exceptions.TimeoutException: Message: \nStacktrace:\nBacktrace:\n\tGetHandleVerifier [0x00007FF6BFF93E62+57250]\n\t(No symbol) [0x00007FF6BFF0BC02]\n\t(No symbol) [0x00007FF6BFDDE0BB]\n\t(No symbol) [0x00007FF6BFE1765E]\n\t(No symbol) [0x00007FF6BFE1774C]\n\t(No symbol) [0x00007FF6BFE50267]\n\t(No symbol) [0x00007FF6BFE367EF]\n\t(No symbol) [0x00007FF6BFE4E312]\n\t(No symbol) [0x00007FF6BFE36583]\n\t(No symbol) [0x00007FF6BFE0CC71]\n\t(No symbol) [0x00007FF6BFE0DE54]\n\tGetHandleVerifier [0x00007FF6C0244CF2+2879026]\n\tGetHandleVerifier [0x00007FF6C0296F30+3215472]\n\tGetHandleVerifier [0x00007FF6C028FD4F+3186319]\n\tGetHandleVerifier [0x00007FF6C0025505+652869]\n\t(No symbol) [0x00007FF6BFF17518]\n\t(No symbol) [0x00007FF6BFF135F4]\n\t(No symbol) [0x00007FF6BFF136EC]\n\t(No symbol) [0x00007FF6BFF038E3]\n\tBaseThreadInitThunk [0x00007FFA86F47614+20]\n\tRtlUserThreadStart [0x00007FFA872426B1+33]\n\n", "trace": "  File \"C:\\Users\\Owner\\PycharmProjects\\LifeHelp\\venv\\lib\\site-packages\\allure_commons\\_allure.py\", line 192, in impl\n    return func(*a, **kw)\n  File \"C:\\Users\\Owner\\PycharmProjects\\LifeHelp\\pages\\authorization_page.py\", line 624, in click_to_clients_and_aims_menu_psychologist\n    self.to_click(AuthorizationLocators.CLIENTS_AND_AIMS_MENU_PSYCHOLOGIST)\n  File \"C:\\Users\\Owner\\PycharmProjects\\LifeHelp\\base\\base_object.py\", line 32, in to_click\n    self.is_clickable(locator).click()\n  File \"C:\\Users\\Owner\\PycharmProjects\\LifeHelp\\base\\base_object.py\", line 24, in is_clickable\n    return self.wait.until(ec.element_to_be_clickable(locator))\n  File \"C:\\Users\\Owner\\PycharmProjects\\LifeHelp\\venv\\lib\\site-packages\\selenium\\webdriver\\support\\wait.py\", line 95, in until\n    raise TimeoutException(message, screen, stacktrace)\n"}, "start": 1694154996530, "stop": 1694155001991}], "start": 1694154990923, "stop": 1694155001998, "uuid": "0b257f09-70dc-4d62-938a-4d8ba6e8ac0f", "historyId": "ff5bba431603cd2d0ad5d96f9aeeb429", "testCaseId": "82e265d56c9a8e64ab32cb11839e592d", "fullName": "tests.test_authorization#test_psychologist_order_session", "labels": [{"name": "parentSuite", "value": "tests"}, {"name": "suite", "value": "test_authorization"}, {"name": "host", "value": "DESKTOP-MNCDD93"}, {"name": "thread", "value": "43748-MainThread"}, {"name": "framework", "value": "pytest"}, {"name": "language", "value": "cpython3"}, {"name": "package", "value": "tests.test_authorization"}]}