{"name": "test_wrong_password_authorization", "status": "broken", "statusDetails": {"message": "selenium.common.exceptions.TimeoutException: Message: \nStacktrace:\nBacktrace:\n\tGetHandleVerifier [0x00EEA813+48355]\n\t(No symbol) [0x00E7C4B1]\n\t(No symbol) [0x00D85358]\n\t(No symbol) [0x00DB09A5]\n\t(No symbol) [0x00DB0B3B]\n\t(No symbol) [0x00DDE232]\n\t(No symbol) [0x00DCA784]\n\t(No symbol) [0x00DDC922]\n\t(No symbol) [0x00DCA536]\n\t(No symbol) [0x00DA82DC]\n\t(No symbol) [0x00DA93DD]\n\tGetHandleVerifier [0x0114AABD+2539405]\n\tGetHandleVerifier [0x0118A78F+2800735]\n\tGetHandleVerifier [0x0118456C+2775612]\n\tGetHandleVerifier [0x00F751E0+616112]\n\t(No symbol) [0x00E85F8C]\n\t(No symbol) [0x00E82328]\n\t(No symbol) [0x00E8240B]\n\t(No symbol) [0x00E74FF7]\n\tBaseThreadInitThunk [0x759B00C9+25]\n\tRtlGetAppContainerNamedObjectPath [0x77B57B1E+286]\n\tRtlGetAppContainerNamedObjectPath [0x77B57AEE+238]", "trace": "authorization_page = <pages.authorization_page.AuthorizationPage object at 0x000001F1A0078610>\n\n    def test_wrong_password_authorization(authorization_page):\n        authorization_page.click_to_login_button()\n>       authorization_page.click_to_login_w_password_button()\n\ntests\\test_authorization.py:313: \n_ _ _ _ _ _ _ _ _ _ _ _ _ _ _ _ _ _ _ _ _ _ _ _ _ _ _ _ _ _ _ _ _ _ _ _ _ _ _ _ _ _ _ _ _ _ _ _ _ _ _ _ _ _ _ _ _ _ _ _ _ _ _ _ _ _ _ _ _ _ _ _ _ _ _ \npages\\authorization_page.py:25: in click_to_login_w_password_button\n    self.to_click(AuthorizationLocators.LOGIN_WITH_PASSWORD_BUTTON)\nbase\\base_object.py:17: in to_click\n    self.is_clickable(locator).click()\nbase\\base_object.py:14: in is_clickable\n    return self.wait.until(ec.element_to_be_clickable(locator))\n_ _ _ _ _ _ _ _ _ _ _ _ _ _ _ _ _ _ _ _ _ _ _ _ _ _ _ _ _ _ _ _ _ _ _ _ _ _ _ _ _ _ _ _ _ _ _ _ _ _ _ _ _ _ _ _ _ _ _ _ _ _ _ _ _ _ _ _ _ _ _ _ _ _ _ \n\nself = <selenium.webdriver.support.wait.WebDriverWait (session=\"6a9a0e9b7ab61964bcbe6f39ce09c10d\")>\nmethod = <function element_to_be_clickable.<locals>._predicate at 0x000001F19FFBB0A0>, message = ''\n\n    def until(self, method, message: str = \"\"):\n        \"\"\"Calls the method provided with the driver as an argument until the \\\n        return value does not evaluate to ``False``.\n    \n        :param method: callable(WebDriver)\n        :param message: optional message for :exc:`TimeoutException`\n        :returns: the result of the last call to `method`\n        :raises: :exc:`selenium.common.exceptions.TimeoutException` if timeout occurs\n        \"\"\"\n        screen = None\n        stacktrace = None\n    \n        end_time = time.monotonic() + self._timeout\n        while True:\n            try:\n                value = method(self._driver)\n                if value:\n                    return value\n            except self._ignored_exceptions as exc:\n                screen = getattr(exc, \"screen\", None)\n                stacktrace = getattr(exc, \"stacktrace\", None)\n            time.sleep(self._poll)\n            if time.monotonic() > end_time:\n                break\n>       raise TimeoutException(message, screen, stacktrace)\nE       selenium.common.exceptions.TimeoutException: Message: \nE       Stacktrace:\nE       Backtrace:\nE       \tGetHandleVerifier [0x00EEA813+48355]\nE       \t(No symbol) [0x00E7C4B1]\nE       \t(No symbol) [0x00D85358]\nE       \t(No symbol) [0x00DB09A5]\nE       \t(No symbol) [0x00DB0B3B]\nE       \t(No symbol) [0x00DDE232]\nE       \t(No symbol) [0x00DCA784]\nE       \t(No symbol) [0x00DDC922]\nE       \t(No symbol) [0x00DCA536]\nE       \t(No symbol) [0x00DA82DC]\nE       \t(No symbol) [0x00DA93DD]\nE       \tGetHandleVerifier [0x0114AABD+2539405]\nE       \tGetHandleVerifier [0x0118A78F+2800735]\nE       \tGetHandleVerifier [0x0118456C+2775612]\nE       \tGetHandleVerifier [0x00F751E0+616112]\nE       \t(No symbol) [0x00E85F8C]\nE       \t(No symbol) [0x00E82328]\nE       \t(No symbol) [0x00E8240B]\nE       \t(No symbol) [0x00E74FF7]\nE       \tBaseThreadInitThunk [0x759B00C9+25]\nE       \tRtlGetAppContainerNamedObjectPath [0x77B57B1E+286]\nE       \tRtlGetAppContainerNamedObjectPath [0x77B57AEE+238]\n\nvenv\\lib\\site-packages\\selenium\\webdriver\\support\\wait.py:95: TimeoutException"}, "steps": [{"name": "clicking to \"Login\" button", "status": "passed", "start": 1689921059146, "stop": 1689921059819}, {"name": "clicking to \"Login with password\" button", "status": "broken", "statusDetails": {"message": "selenium.common.exceptions.TimeoutException: Message: \nStacktrace:\nBacktrace:\n\tGetHandleVerifier [0x00EEA813+48355]\n\t(No symbol) [0x00E7C4B1]\n\t(No symbol) [0x00D85358]\n\t(No symbol) [0x00DB09A5]\n\t(No symbol) [0x00DB0B3B]\n\t(No symbol) [0x00DDE232]\n\t(No symbol) [0x00DCA784]\n\t(No symbol) [0x00DDC922]\n\t(No symbol) [0x00DCA536]\n\t(No symbol) [0x00DA82DC]\n\t(No symbol) [0x00DA93DD]\n\tGetHandleVerifier [0x0114AABD+2539405]\n\tGetHandleVerifier [0x0118A78F+2800735]\n\tGetHandleVerifier [0x0118456C+2775612]\n\tGetHandleVerifier [0x00F751E0+616112]\n\t(No symbol) [0x00E85F8C]\n\t(No symbol) [0x00E82328]\n\t(No symbol) [0x00E8240B]\n\t(No symbol) [0x00E74FF7]\n\tBaseThreadInitThunk [0x759B00C9+25]\n\tRtlGetAppContainerNamedObjectPath [0x77B57B1E+286]\n\tRtlGetAppContainerNamedObjectPath [0x77B57AEE+238]\n\n", "trace": "  File \"C:\\Users\\Owner\\PycharmProjects\\LifeHelp\\venv\\lib\\site-packages\\allure_commons\\_allure.py\", line 192, in impl\n    return func(*a, **kw)\n  File \"C:\\Users\\Owner\\PycharmProjects\\LifeHelp\\pages\\authorization_page.py\", line 25, in click_to_login_w_password_button\n    self.to_click(AuthorizationLocators.LOGIN_WITH_PASSWORD_BUTTON)\n  File \"C:\\Users\\Owner\\PycharmProjects\\LifeHelp\\base\\base_object.py\", line 17, in to_click\n    self.is_clickable(locator).click()\n  File \"C:\\Users\\Owner\\PycharmProjects\\LifeHelp\\base\\base_object.py\", line 14, in is_clickable\n    return self.wait.until(ec.element_to_be_clickable(locator))\n  File \"C:\\Users\\Owner\\PycharmProjects\\LifeHelp\\venv\\lib\\site-packages\\selenium\\webdriver\\support\\wait.py\", line 95, in until\n    raise TimeoutException(message, screen, stacktrace)\n"}, "start": 1689921059819, "stop": 1689921065133}], "start": 1689921059146, "stop": 1689921065141, "uuid": "8556faa1-0619-40b8-9390-c7c1ef7f7207", "historyId": "a7a977142de701fb470a11df571944f2", "testCaseId": "dabdc79719cb1cbeafb99397efd0928b", "fullName": "tests.test_authorization#test_wrong_password_authorization", "labels": [{"name": "parentSuite", "value": "tests"}, {"name": "suite", "value": "test_authorization"}, {"name": "host", "value": "DESKTOP-MNCDD93"}, {"name": "thread", "value": "27244-MainThread"}, {"name": "framework", "value": "pytest"}, {"name": "language", "value": "cpython3"}, {"name": "package", "value": "tests.test_authorization"}]}