{"name": "test_error_psychologist_order_occupied_time_session", "status": "broken", "statusDetails": {"message": "selenium.common.exceptions.TimeoutException: Message:", "trace": "authorization_page = <pages.authorization_page.AuthorizationPage object at 0x00000276D0E06350>\n\n    def test_error_psychologist_order_occupied_time_session(authorization_page):\n        authorization_page.click_to_login_button()\n        authorization_page.click_to_login_w_password_button()\n        authorization_page.set_email_psychologist()\n        authorization_page.set_password_pass()\n        authorization_page.click_to_authorize_button()\n        authorization_page.click_to_clients_and_aims_menu_psychologist()\n        authorization_page.select_aygul_clients_and_aims_menu_psychologist()\n        authorization_page.click_to_three_dots_clients_and_aims_menu_psychologist()\n        authorization_page.click_to_create_new_session_for_clients_menu_psychologist()\n        authorization_page.click_to_create_button_to_create_new_session_for_clients_menu_psychologist()\n        # authorization_page.click_ok_button_successful_order_by_psychologist()\n        # authorization_page.click_to_create_new_session_for_clients_menu_psychologist()\n        # authorization_page.click_to_create_button_to_create_new_session_for_clients_menu_psychologist()\n>       authorization_page.verify_error_unsuccessful_creation_order_text_psychologist()\n\ntests\\test_authorization.py:887: \n_ _ _ _ _ _ _ _ _ _ _ _ _ _ _ _ _ _ _ _ _ _ _ _ _ _ _ _ _ _ _ _ _ _ _ _ _ _ _ _ _ _ _ _ _ _ _ _ _ _ _ _ _ _ _ _ _ _ _ _ _ _ _ _ _ _ _ _ _ _ _ _ _ _ _ \npages\\authorization_page.py:658: in verify_error_unsuccessful_creation_order_text_psychologist\n    actual_result = self.get_text_title_of_element(\nbase\\base_object.py:56: in get_text_title_of_element\n    return self.is_visible(locator).text\nbase\\base_object.py:16: in is_visible\n    return self.wait.until(ec.visibility_of_element_located(locator))\n_ _ _ _ _ _ _ _ _ _ _ _ _ _ _ _ _ _ _ _ _ _ _ _ _ _ _ _ _ _ _ _ _ _ _ _ _ _ _ _ _ _ _ _ _ _ _ _ _ _ _ _ _ _ _ _ _ _ _ _ _ _ _ _ _ _ _ _ _ _ _ _ _ _ _ \n\nself = <selenium.webdriver.support.wait.WebDriverWait (session=\"4a95b66e3af952dd140c8c6b963d3ee1\")>\nmethod = <function visibility_of_element_located.<locals>._predicate at 0x00000276D0DC5FC0>, message = ''\n\n    def until(self, method, message: str = \"\"):\n        \"\"\"Calls the method provided with the driver as an argument until the \\\n        return value does not evaluate to ``False``.\n    \n        :param method: callable(WebDriver)\n        :param message: optional message for :exc:`TimeoutException`\n        :returns: the result of the last call to `method`\n        :raises: :exc:`selenium.common.exceptions.TimeoutException` if timeout occurs\n        \"\"\"\n        screen = None\n        stacktrace = None\n    \n        end_time = time.monotonic() + self._timeout\n        while True:\n            try:\n                value = method(self._driver)\n                if value:\n                    return value\n            except self._ignored_exceptions as exc:\n                screen = getattr(exc, \"screen\", None)\n                stacktrace = getattr(exc, \"stacktrace\", None)\n            time.sleep(self._poll)\n            if time.monotonic() > end_time:\n                break\n>       raise TimeoutException(message, screen, stacktrace)\nE       selenium.common.exceptions.TimeoutException: Message:\n\nvenv\\lib\\site-packages\\selenium\\webdriver\\support\\wait.py:95: TimeoutException"}, "steps": [{"name": "clicking to \"Login\" button", "status": "passed", "start": 1694156965809, "stop": 1694156978288}, {"name": "clicking to \"Login with password\" button", "status": "passed", "start": 1694156978288, "stop": 1694156978553}, {"name": "set up password", "status": "passed", "start": 1694156979089, "stop": 1694156979367}, {"name": "clicking to \"Authorize\" button", "status": "passed", "start": 1694156979367, "stop": 1694156979533}, {"name": "click to \"clients and aims\" button in menu navigation of psychologist account", "status": "passed", "start": 1694156979533, "stop": 1694156984114}, {"name": "select Aygul-test in \"clients and aims\" of menu navigation of psychologist account", "status": "passed", "start": 1694156984115, "stop": 1694156984450}, {"name": "click to three dots in client in \"clients and aims\" of menu navigation of psychologist account", "status": "passed", "start": 1694156984450, "stop": 1694156985239}, {"name": "click \"to create new session\" button for client in \"clients and aims\" of menu navigation of psychologist account", "status": "passed", "start": 1694156985241, "stop": 1694156985769}, {"name": "click to \"to create\" button for creating new session for client in \"clients and aims\" of menu navigation of psychologist account", "status": "passed", "start": 1694156985769, "stop": 1694156988869}, {"name": "verify unsuccessful creation of session from psychologist account", "status": "broken", "statusDetails": {"message": "selenium.common.exceptions.TimeoutException: Message: \n\n", "trace": "  File \"C:\\Users\\Owner\\PycharmProjects\\LifeHelp\\venv\\lib\\site-packages\\allure_commons\\_allure.py\", line 192, in impl\n    return func(*a, **kw)\n  File \"C:\\Users\\Owner\\PycharmProjects\\LifeHelp\\pages\\authorization_page.py\", line 658, in verify_error_unsuccessful_creation_order_text_psychologist\n    actual_result = self.get_text_title_of_element(\n  File \"C:\\Users\\Owner\\PycharmProjects\\LifeHelp\\base\\base_object.py\", line 56, in get_text_title_of_element\n    return self.is_visible(locator).text\n  File \"C:\\Users\\Owner\\PycharmProjects\\LifeHelp\\base\\base_object.py\", line 16, in is_visible\n    return self.wait.until(ec.visibility_of_element_located(locator))\n  File \"C:\\Users\\Owner\\PycharmProjects\\LifeHelp\\venv\\lib\\site-packages\\selenium\\webdriver\\support\\wait.py\", line 95, in until\n    raise TimeoutException(message, screen, stacktrace)\n"}, "start": 1694156988873, "stop": 1694156994545}], "start": 1694156965809, "stop": 1694156994558, "uuid": "005bb47f-50a0-495d-a8ef-d00fb9727262", "historyId": "160968c9d3e399c193e9900746a6fee8", "testCaseId": "5132a0480f71c398b1093990f86a426b", "fullName": "tests.test_authorization#test_error_psychologist_order_occupied_time_session", "labels": [{"name": "parentSuite", "value": "tests"}, {"name": "suite", "value": "test_authorization"}, {"name": "host", "value": "DESKTOP-MNCDD93"}, {"name": "thread", "value": "43748-MainThread"}, {"name": "framework", "value": "pytest"}, {"name": "language", "value": "cpython3"}, {"name": "package", "value": "tests.test_authorization"}]}