{"name": "test_not_terminated_deny_paied_session", "status": "broken", "statusDetails": {"message": "selenium.common.exceptions.TimeoutException: Message: \nStacktrace:\nBacktrace:\n\tGetHandleVerifier [0x00007FF6F51E3E62+57250]\n\t(No symbol) [0x00007FF6F515BC02]\n\t(No symbol) [0x00007FF6F502E0BB]\n\t(No symbol) [0x00007FF6F506765E]\n\t(No symbol) [0x00007FF6F506774C]\n\t(No symbol) [0x00007FF6F50A0267]\n\t(No symbol) [0x00007FF6F50867EF]\n\t(No symbol) [0x00007FF6F509E312]\n\t(No symbol) [0x00007FF6F5086583]\n\t(No symbol) [0x00007FF6F505CC71]\n\t(No symbol) [0x00007FF6F505DE54]\n\tGetHandleVerifier [0x00007FF6F5494CF2+2879026]\n\tGetHandleVerifier [0x00007FF6F54E6F30+3215472]\n\tGetHandleVerifier [0x00007FF6F54DFD4F+3186319]\n\tGetHandleVerifier [0x00007FF6F5275505+652869]\n\t(No symbol) [0x00007FF6F5167518]\n\t(No symbol) [0x00007FF6F51635F4]\n\t(No symbol) [0x00007FF6F51636EC]\n\t(No symbol) [0x00007FF6F51538E3]\n\tBaseThreadInitThunk [0x00007FFF50327344+20]\n\tRtlUserThreadStart [0x00007FFF513226B1+33]", "trace": "authorization_page = <pages.authorization_page.AuthorizationPage object at 0x000001F36E6E3040>\n\n    def test_not_terminated_deny_paied_session(authorization_page):\n        authorization_page.click_to_login_button()\n        authorization_page.click_to_login_w_password_button()\n        authorization_page.set_email_email()\n        authorization_page.set_password_pass()\n        authorization_page.click_to_authorize_button()\n        authorization_page.click_go_to_payed_session_btn()\n>       authorization_page.click_to_deny_payed_session_btn()\n\ntests\\test_authorization.py:811: \n_ _ _ _ _ _ _ _ _ _ _ _ _ _ _ _ _ _ _ _ _ _ _ _ _ _ _ _ _ _ _ _ _ _ _ _ _ _ _ _ _ _ _ _ _ _ _ _ _ _ _ _ _ _ _ _ _ _ _ _ _ _ _ _ _ _ _ _ _ _ _ _ _ _ _ \npages\\authorization_page.py:1068: in click_to_deny_payed_session_btn\n    self.to_click(AuthorizationLocators.TO_DENY_PAYED_SESSION)\nbase\\base_object.py:32: in to_click\n    self.is_clickable(locator).click()\nbase\\base_object.py:24: in is_clickable\n    return self.wait.until(ec.element_to_be_clickable(locator))\n_ _ _ _ _ _ _ _ _ _ _ _ _ _ _ _ _ _ _ _ _ _ _ _ _ _ _ _ _ _ _ _ _ _ _ _ _ _ _ _ _ _ _ _ _ _ _ _ _ _ _ _ _ _ _ _ _ _ _ _ _ _ _ _ _ _ _ _ _ _ _ _ _ _ _ \n\nself = <selenium.webdriver.support.wait.WebDriverWait (session=\"2b65d74f109f36619c9a60ccdc3ed92b\")>\nmethod = <function element_to_be_clickable.<locals>._predicate at 0x000001F36E6D8AF0>, message = ''\n\n    def until(self, method, message: str = \"\"):\n        \"\"\"Calls the method provided with the driver as an argument until the \\\n        return value does not evaluate to ``False``.\n    \n        :param method: callable(WebDriver)\n        :param message: optional message for :exc:`TimeoutException`\n        :returns: the result of the last call to `method`\n        :raises: :exc:`selenium.common.exceptions.TimeoutException` if timeout occurs\n        \"\"\"\n        screen = None\n        stacktrace = None\n    \n        end_time = time.monotonic() + self._timeout\n        while True:\n            try:\n                value = method(self._driver)\n                if value:\n                    return value\n            except self._ignored_exceptions as exc:\n                screen = getattr(exc, \"screen\", None)\n                stacktrace = getattr(exc, \"stacktrace\", None)\n            time.sleep(self._poll)\n            if time.monotonic() > end_time:\n                break\n>       raise TimeoutException(message, screen, stacktrace)\nE       selenium.common.exceptions.TimeoutException: Message: \nE       Stacktrace:\nE       Backtrace:\nE       \tGetHandleVerifier [0x00007FF6F51E3E62+57250]\nE       \t(No symbol) [0x00007FF6F515BC02]\nE       \t(No symbol) [0x00007FF6F502E0BB]\nE       \t(No symbol) [0x00007FF6F506765E]\nE       \t(No symbol) [0x00007FF6F506774C]\nE       \t(No symbol) [0x00007FF6F50A0267]\nE       \t(No symbol) [0x00007FF6F50867EF]\nE       \t(No symbol) [0x00007FF6F509E312]\nE       \t(No symbol) [0x00007FF6F5086583]\nE       \t(No symbol) [0x00007FF6F505CC71]\nE       \t(No symbol) [0x00007FF6F505DE54]\nE       \tGetHandleVerifier [0x00007FF6F5494CF2+2879026]\nE       \tGetHandleVerifier [0x00007FF6F54E6F30+3215472]\nE       \tGetHandleVerifier [0x00007FF6F54DFD4F+3186319]\nE       \tGetHandleVerifier [0x00007FF6F5275505+652869]\nE       \t(No symbol) [0x00007FF6F5167518]\nE       \t(No symbol) [0x00007FF6F51635F4]\nE       \t(No symbol) [0x00007FF6F51636EC]\nE       \t(No symbol) [0x00007FF6F51538E3]\nE       \tBaseThreadInitThunk [0x00007FFF50327344+20]\nE       \tRtlUserThreadStart [0x00007FFF513226B1+33]\n\nvenv\\lib\\site-packages\\selenium\\webdriver\\support\\wait.py:95: TimeoutException"}, "steps": [{"name": "clicking to \"Login\" button", "status": "passed", "start": 1695710929006, "stop": 1695710955502}, {"name": "clicking to \"Login with password\" button", "status": "passed", "start": 1695710955502, "stop": 1695710956202}, {"name": "set up password", "status": "passed", "start": 1695710957031, "stop": 1695710957701}, {"name": "clicking to \"Authorize\" button", "status": "passed", "start": 1695710957701, "stop": 1695710958051}, {"name": "click to \"go to the session\" button on payed session", "status": "passed", "start": 1695710958051, "stop": 1695710969517}, {"name": "click to \"reschedule session time\" button on payed session", "status": "broken", "statusDetails": {"message": "selenium.common.exceptions.TimeoutException: Message: \nStacktrace:\nBacktrace:\n\tGetHandleVerifier [0x00007FF6F51E3E62+57250]\n\t(No symbol) [0x00007FF6F515BC02]\n\t(No symbol) [0x00007FF6F502E0BB]\n\t(No symbol) [0x00007FF6F506765E]\n\t(No symbol) [0x00007FF6F506774C]\n\t(No symbol) [0x00007FF6F50A0267]\n\t(No symbol) [0x00007FF6F50867EF]\n\t(No symbol) [0x00007FF6F509E312]\n\t(No symbol) [0x00007FF6F5086583]\n\t(No symbol) [0x00007FF6F505CC71]\n\t(No symbol) [0x00007FF6F505DE54]\n\tGetHandleVerifier [0x00007FF6F5494CF2+2879026]\n\tGetHandleVerifier [0x00007FF6F54E6F30+3215472]\n\tGetHandleVerifier [0x00007FF6F54DFD4F+3186319]\n\tGetHandleVerifier [0x00007FF6F5275505+652869]\n\t(No symbol) [0x00007FF6F5167518]\n\t(No symbol) [0x00007FF6F51635F4]\n\t(No symbol) [0x00007FF6F51636EC]\n\t(No symbol) [0x00007FF6F51538E3]\n\tBaseThreadInitThunk [0x00007FFF50327344+20]\n\tRtlUserThreadStart [0x00007FFF513226B1+33]\n\n", "trace": "  File \"C:\\Users\\Owner\\PycharmProjects\\LifeHelp\\venv\\lib\\site-packages\\allure_commons\\_allure.py\", line 192, in impl\n    return func(*a, **kw)\n  File \"C:\\Users\\Owner\\PycharmProjects\\LifeHelp\\pages\\authorization_page.py\", line 1068, in click_to_deny_payed_session_btn\n    self.to_click(AuthorizationLocators.TO_DENY_PAYED_SESSION)\n  File \"C:\\Users\\Owner\\PycharmProjects\\LifeHelp\\base\\base_object.py\", line 32, in to_click\n    self.is_clickable(locator).click()\n  File \"C:\\Users\\Owner\\PycharmProjects\\LifeHelp\\base\\base_object.py\", line 24, in is_clickable\n    return self.wait.until(ec.element_to_be_clickable(locator))\n  File \"C:\\Users\\Owner\\PycharmProjects\\LifeHelp\\venv\\lib\\site-packages\\selenium\\webdriver\\support\\wait.py\", line 95, in until\n    raise TimeoutException(message, screen, stacktrace)\n"}, "start": 1695710969517, "stop": 1695710977158}], "start": 1695710929005, "stop": 1695710977162, "uuid": "c25b85aa-2e13-43b3-baa7-16f7e0077385", "historyId": "ec44c3c28eb4843905416e923d330546", "testCaseId": "514c53f6e668e618266576bb94c4cbd8", "fullName": "tests.test_authorization#test_not_terminated_deny_paied_session", "labels": [{"name": "parentSuite", "value": "tests"}, {"name": "suite", "value": "test_authorization"}, {"name": "host", "value": "DESKTOP-MNCDD93"}, {"name": "thread", "value": "14736-MainThread"}, {"name": "framework", "value": "pytest"}, {"name": "language", "value": "cpython3"}, {"name": "package", "value": "tests.test_authorization"}]}