{"name": "test_psychologist_chat", "status": "broken", "statusDetails": {"message": "selenium.common.exceptions.TimeoutException: Message: \nStacktrace:\nBacktrace:\n\tGetHandleVerifier [0x0022A813+48355]\n\t(No symbol) [0x001BC4B1]\n\t(No symbol) [0x000C5358]\n\t(No symbol) [0x000F09A5]\n\t(No symbol) [0x000F0B3B]\n\t(No symbol) [0x0011E232]\n\t(No symbol) [0x0010A784]\n\t(No symbol) [0x0011C922]\n\t(No symbol) [0x0010A536]\n\t(No symbol) [0x000E82DC]\n\t(No symbol) [0x000E93DD]\n\tGetHandleVerifier [0x0048AABD+2539405]\n\tGetHandleVerifier [0x004CA78F+2800735]\n\tGetHandleVerifier [0x004C456C+2775612]\n\tGetHandleVerifier [0x002B51E0+616112]\n\t(No symbol) [0x001C5F8C]\n\t(No symbol) [0x001C2328]\n\t(No symbol) [0x001C240B]\n\t(No symbol) [0x001B4FF7]\n\tBaseThreadInitThunk [0x770100C9+25]\n\tRtlGetAppContainerNamedObjectPath [0x774F7B4E+286]\n\tRtlGetAppContainerNamedObjectPath [0x774F7B1E+238]\n\t(No symbol) [0x00000000]", "trace": "authorization_page = <pages.authorization_page.AuthorizationPage object at 0x0000016C69BEDAB0>\n\n    def test_psychologist_chat (authorization_page):\n        authorization_page.click_to_login_button()\n        authorization_page.click_to_login_w_password_button()\n        authorization_page.set_email_psychologist()\n        authorization_page.set_password_pass()\n        authorization_page.click_to_authorize_button()\n        authorization_page.move_to_chat_w_client()\n>       authorization_page.select_chat_w_client()\n\ntests\\test_authorization.py:82: \n_ _ _ _ _ _ _ _ _ _ _ _ _ _ _ _ _ _ _ _ _ _ _ _ _ _ _ _ _ _ _ _ _ _ _ _ _ _ _ _ _ _ _ _ _ _ _ _ _ _ _ _ _ _ _ _ _ _ _ _ _ _ _ _ _ _ _ _ _ _ _ _ _ _ _ \npages\\authorization_page.py:115: in select_chat_w_client\n    self.to_click(AuthorizationLocators.CHAT_W_CLIENT_AYGUL)\nbase\\base_object.py:17: in to_click\n    self.is_clickable(locator).click()\nbase\\base_object.py:14: in is_clickable\n    return self.wait.until(ec.element_to_be_clickable(locator))\n_ _ _ _ _ _ _ _ _ _ _ _ _ _ _ _ _ _ _ _ _ _ _ _ _ _ _ _ _ _ _ _ _ _ _ _ _ _ _ _ _ _ _ _ _ _ _ _ _ _ _ _ _ _ _ _ _ _ _ _ _ _ _ _ _ _ _ _ _ _ _ _ _ _ _ \n\nself = <selenium.webdriver.support.wait.WebDriverWait (session=\"4e3ef4c2d0aae10b72d807d85ab393d5\")>\nmethod = <function element_to_be_clickable.<locals>._predicate at 0x0000016C69C01CF0>, message = ''\n\n    def until(self, method, message: str = \"\"):\n        \"\"\"Calls the method provided with the driver as an argument until the \\\n        return value does not evaluate to ``False``.\n    \n        :param method: callable(WebDriver)\n        :param message: optional message for :exc:`TimeoutException`\n        :returns: the result of the last call to `method`\n        :raises: :exc:`selenium.common.exceptions.TimeoutException` if timeout occurs\n        \"\"\"\n        screen = None\n        stacktrace = None\n    \n        end_time = time.monotonic() + self._timeout\n        while True:\n            try:\n                value = method(self._driver)\n                if value:\n                    return value\n            except self._ignored_exceptions as exc:\n                screen = getattr(exc, \"screen\", None)\n                stacktrace = getattr(exc, \"stacktrace\", None)\n            time.sleep(self._poll)\n            if time.monotonic() > end_time:\n                break\n>       raise TimeoutException(message, screen, stacktrace)\nE       selenium.common.exceptions.TimeoutException: Message: \nE       Stacktrace:\nE       Backtrace:\nE       \tGetHandleVerifier [0x0022A813+48355]\nE       \t(No symbol) [0x001BC4B1]\nE       \t(No symbol) [0x000C5358]\nE       \t(No symbol) [0x000F09A5]\nE       \t(No symbol) [0x000F0B3B]\nE       \t(No symbol) [0x0011E232]\nE       \t(No symbol) [0x0010A784]\nE       \t(No symbol) [0x0011C922]\nE       \t(No symbol) [0x0010A536]\nE       \t(No symbol) [0x000E82DC]\nE       \t(No symbol) [0x000E93DD]\nE       \tGetHandleVerifier [0x0048AABD+2539405]\nE       \tGetHandleVerifier [0x004CA78F+2800735]\nE       \tGetHandleVerifier [0x004C456C+2775612]\nE       \tGetHandleVerifier [0x002B51E0+616112]\nE       \t(No symbol) [0x001C5F8C]\nE       \t(No symbol) [0x001C2328]\nE       \t(No symbol) [0x001C240B]\nE       \t(No symbol) [0x001B4FF7]\nE       \tBaseThreadInitThunk [0x770100C9+25]\nE       \tRtlGetAppContainerNamedObjectPath [0x774F7B4E+286]\nE       \tRtlGetAppContainerNamedObjectPath [0x774F7B1E+238]\nE       \t(No symbol) [0x00000000]\n\nvenv\\lib\\site-packages\\selenium\\webdriver\\support\\wait.py:95: TimeoutException"}, "steps": [{"name": "clicking to \"Login\" button", "status": "passed", "start": 1688112961188, "stop": 1688112964433}, {"name": "clicking to \"Login with password\" button", "status": "passed", "start": 1688112964433, "stop": 1688112964641}, {"name": "set up password", "status": "passed", "start": 1688112964997, "stop": 1688112965232}, {"name": "clicking to \"Authorize\" button", "status": "passed", "start": 1688112965232, "stop": 1688112965384}, {"name": "click to \"Chat w psychologist", "status": "passed", "start": 1688112965385, "stop": 1688112969103}, {"name": "select client from chats list", "status": "broken", "statusDetails": {"message": "selenium.common.exceptions.TimeoutException: Message: \nStacktrace:\nBacktrace:\n\tGetHandleVerifier [0x0022A813+48355]\n\t(No symbol) [0x001BC4B1]\n\t(No symbol) [0x000C5358]\n\t(No symbol) [0x000F09A5]\n\t(No symbol) [0x000F0B3B]\n\t(No symbol) [0x0011E232]\n\t(No symbol) [0x0010A784]\n\t(No symbol) [0x0011C922]\n\t(No symbol) [0x0010A536]\n\t(No symbol) [0x000E82DC]\n\t(No symbol) [0x000E93DD]\n\tGetHandleVerifier [0x0048AABD+2539405]\n\tGetHandleVerifier [0x004CA78F+2800735]\n\tGetHandleVerifier [0x004C456C+2775612]\n\tGetHandleVerifier [0x002B51E0+616112]\n\t(No symbol) [0x001C5F8C]\n\t(No symbol) [0x001C2328]\n\t(No symbol) [0x001C240B]\n\t(No symbol) [0x001B4FF7]\n\tBaseThreadInitThunk [0x770100C9+25]\n\tRtlGetAppContainerNamedObjectPath [0x774F7B4E+286]\n\tRtlGetAppContainerNamedObjectPath [0x774F7B1E+238]\n\t(No symbol) [0x00000000]\n\n", "trace": "  File \"C:\\Users\\Owner\\PycharmProjects\\LifeHelp\\venv\\lib\\site-packages\\allure_commons\\_allure.py\", line 192, in impl\n    return func(*a, **kw)\n  File \"C:\\Users\\Owner\\PycharmProjects\\LifeHelp\\pages\\authorization_page.py\", line 115, in select_chat_w_client\n    self.to_click(AuthorizationLocators.CHAT_W_CLIENT_AYGUL)\n  File \"C:\\Users\\Owner\\PycharmProjects\\LifeHelp\\base\\base_object.py\", line 17, in to_click\n    self.is_clickable(locator).click()\n  File \"C:\\Users\\Owner\\PycharmProjects\\LifeHelp\\base\\base_object.py\", line 14, in is_clickable\n    return self.wait.until(ec.element_to_be_clickable(locator))\n  File \"C:\\Users\\Owner\\PycharmProjects\\LifeHelp\\venv\\lib\\site-packages\\selenium\\webdriver\\support\\wait.py\", line 95, in until\n    raise TimeoutException(message, screen, stacktrace)\n"}, "start": 1688112969103, "stop": 1688112974498}], "start": 1688112961188, "stop": 1688112974510, "uuid": "4cb91a8b-293f-4c0a-a66a-c2d1e3db6d3a", "historyId": "b226f6eb0d3339577bd65bf821413f90", "testCaseId": "14ea578de493b6d8d6091f4c92aefdb2", "fullName": "tests.test_authorization#test_psychologist_chat", "labels": [{"name": "parentSuite", "value": "tests"}, {"name": "suite", "value": "test_authorization"}, {"name": "host", "value": "DESKTOP-MNCDD93"}, {"name": "thread", "value": "17232-MainThread"}, {"name": "framework", "value": "pytest"}, {"name": "language", "value": "cpython3"}, {"name": "package", "value": "tests.test_authorization"}]}