{"name": "test_reschedule_automatic_order", "status": "broken", "statusDetails": {"message": "selenium.common.exceptions.TimeoutException: Message: \nStacktrace:\nBacktrace:\n\tGetHandleVerifier [0x00007FF7D8F23E62+57250]\n\t(No symbol) [0x00007FF7D8E9BC02]\n\t(No symbol) [0x00007FF7D8D6E0BB]\n\t(No symbol) [0x00007FF7D8DA765E]\n\t(No symbol) [0x00007FF7D8DA774C]\n\t(No symbol) [0x00007FF7D8DE0267]\n\t(No symbol) [0x00007FF7D8DC67EF]\n\t(No symbol) [0x00007FF7D8DDE312]\n\t(No symbol) [0x00007FF7D8DC6583]\n\t(No symbol) [0x00007FF7D8D9CC71]\n\t(No symbol) [0x00007FF7D8D9DE54]\n\tGetHandleVerifier [0x00007FF7D91D4CF2+2879026]\n\tGetHandleVerifier [0x00007FF7D9226F30+3215472]\n\tGetHandleVerifier [0x00007FF7D921FD4F+3186319]\n\tGetHandleVerifier [0x00007FF7D8FB5505+652869]\n\t(No symbol) [0x00007FF7D8EA7518]\n\t(No symbol) [0x00007FF7D8EA35F4]\n\t(No symbol) [0x00007FF7D8EA36EC]\n\t(No symbol) [0x00007FF7D8E938E3]\n\tBaseThreadInitThunk [0x00007FFA86F47614+20]\n\tRtlUserThreadStart [0x00007FFA872426B1+33]", "trace": "authorization_page = <pages.authorization_page.AuthorizationPage object at 0x00000111CD199270>\n\n    def test_reschedule_automatic_order(authorization_page):\n>       authorization_page.click_to_login_button()\n\ntests\\test_authorization.py:385: \n_ _ _ _ _ _ _ _ _ _ _ _ _ _ _ _ _ _ _ _ _ _ _ _ _ _ _ _ _ _ _ _ _ _ _ _ _ _ _ _ _ _ _ _ _ _ _ _ _ _ _ _ _ _ _ _ _ _ _ _ _ _ _ _ _ _ _ _ _ _ _ _ _ _ _ \npages\\authorization_page.py:21: in click_to_login_button\n    self.to_click(AuthorizationLocators.LOGIN_BUTTON)\nbase\\base_object.py:17: in to_click\n    self.is_clickable(locator).click()\nbase\\base_object.py:14: in is_clickable\n    return self.wait.until(ec.element_to_be_clickable(locator))\n_ _ _ _ _ _ _ _ _ _ _ _ _ _ _ _ _ _ _ _ _ _ _ _ _ _ _ _ _ _ _ _ _ _ _ _ _ _ _ _ _ _ _ _ _ _ _ _ _ _ _ _ _ _ _ _ _ _ _ _ _ _ _ _ _ _ _ _ _ _ _ _ _ _ _ \n\nself = <selenium.webdriver.support.wait.WebDriverWait (session=\"4ab7a3eabc37e199d18d769f47696b5b\")>\nmethod = <function element_to_be_clickable.<locals>._predicate at 0x00000111CD1D8CA0>, message = ''\n\n    def until(self, method, message: str = \"\"):\n        \"\"\"Calls the method provided with the driver as an argument until the \\\n        return value does not evaluate to ``False``.\n    \n        :param method: callable(WebDriver)\n        :param message: optional message for :exc:`TimeoutException`\n        :returns: the result of the last call to `method`\n        :raises: :exc:`selenium.common.exceptions.TimeoutException` if timeout occurs\n        \"\"\"\n        screen = None\n        stacktrace = None\n    \n        end_time = time.monotonic() + self._timeout\n        while True:\n            try:\n                value = method(self._driver)\n                if value:\n                    return value\n            except self._ignored_exceptions as exc:\n                screen = getattr(exc, \"screen\", None)\n                stacktrace = getattr(exc, \"stacktrace\", None)\n            time.sleep(self._poll)\n            if time.monotonic() > end_time:\n                break\n>       raise TimeoutException(message, screen, stacktrace)\nE       selenium.common.exceptions.TimeoutException: Message: \nE       Stacktrace:\nE       Backtrace:\nE       \tGetHandleVerifier [0x00007FF7D8F23E62+57250]\nE       \t(No symbol) [0x00007FF7D8E9BC02]\nE       \t(No symbol) [0x00007FF7D8D6E0BB]\nE       \t(No symbol) [0x00007FF7D8DA765E]\nE       \t(No symbol) [0x00007FF7D8DA774C]\nE       \t(No symbol) [0x00007FF7D8DE0267]\nE       \t(No symbol) [0x00007FF7D8DC67EF]\nE       \t(No symbol) [0x00007FF7D8DDE312]\nE       \t(No symbol) [0x00007FF7D8DC6583]\nE       \t(No symbol) [0x00007FF7D8D9CC71]\nE       \t(No symbol) [0x00007FF7D8D9DE54]\nE       \tGetHandleVerifier [0x00007FF7D91D4CF2+2879026]\nE       \tGetHandleVerifier [0x00007FF7D9226F30+3215472]\nE       \tGetHandleVerifier [0x00007FF7D921FD4F+3186319]\nE       \tGetHandleVerifier [0x00007FF7D8FB5505+652869]\nE       \t(No symbol) [0x00007FF7D8EA7518]\nE       \t(No symbol) [0x00007FF7D8EA35F4]\nE       \t(No symbol) [0x00007FF7D8EA36EC]\nE       \t(No symbol) [0x00007FF7D8E938E3]\nE       \tBaseThreadInitThunk [0x00007FFA86F47614+20]\nE       \tRtlUserThreadStart [0x00007FFA872426B1+33]\n\nvenv\\lib\\site-packages\\selenium\\webdriver\\support\\wait.py:95: TimeoutException"}, "steps": [{"name": "clicking to \"Login\" button", "status": "broken", "statusDetails": {"message": "selenium.common.exceptions.TimeoutException: Message: \nStacktrace:\nBacktrace:\n\tGetHandleVerifier [0x00007FF7D8F23E62+57250]\n\t(No symbol) [0x00007FF7D8E9BC02]\n\t(No symbol) [0x00007FF7D8D6E0BB]\n\t(No symbol) [0x00007FF7D8DA765E]\n\t(No symbol) [0x00007FF7D8DA774C]\n\t(No symbol) [0x00007FF7D8DE0267]\n\t(No symbol) [0x00007FF7D8DC67EF]\n\t(No symbol) [0x00007FF7D8DDE312]\n\t(No symbol) [0x00007FF7D8DC6583]\n\t(No symbol) [0x00007FF7D8D9CC71]\n\t(No symbol) [0x00007FF7D8D9DE54]\n\tGetHandleVerifier [0x00007FF7D91D4CF2+2879026]\n\tGetHandleVerifier [0x00007FF7D9226F30+3215472]\n\tGetHandleVerifier [0x00007FF7D921FD4F+3186319]\n\tGetHandleVerifier [0x00007FF7D8FB5505+652869]\n\t(No symbol) [0x00007FF7D8EA7518]\n\t(No symbol) [0x00007FF7D8EA35F4]\n\t(No symbol) [0x00007FF7D8EA36EC]\n\t(No symbol) [0x00007FF7D8E938E3]\n\tBaseThreadInitThunk [0x00007FFA86F47614+20]\n\tRtlUserThreadStart [0x00007FFA872426B1+33]\n\n", "trace": "  File \"C:\\Users\\Owner\\PycharmProjects\\LifeHelp\\venv\\lib\\site-packages\\allure_commons\\_allure.py\", line 192, in impl\n    return func(*a, **kw)\n  File \"C:\\Users\\Owner\\PycharmProjects\\LifeHelp\\pages\\authorization_page.py\", line 21, in click_to_login_button\n    self.to_click(AuthorizationLocators.LOGIN_BUTTON)\n  File \"C:\\Users\\Owner\\PycharmProjects\\LifeHelp\\base\\base_object.py\", line 17, in to_click\n    self.is_clickable(locator).click()\n  File \"C:\\Users\\Owner\\PycharmProjects\\LifeHelp\\base\\base_object.py\", line 14, in is_clickable\n    return self.wait.until(ec.element_to_be_clickable(locator))\n  File \"C:\\Users\\Owner\\PycharmProjects\\LifeHelp\\venv\\lib\\site-packages\\selenium\\webdriver\\support\\wait.py\", line 95, in until\n    raise TimeoutException(message, screen, stacktrace)\n"}, "start": 1692941788017, "stop": 1692941793320}], "start": 1692941788015, "stop": 1692941793331, "uuid": "54dcd44e-9596-4418-b2c4-4f80a67c8ea0", "historyId": "df06ef49b1a0d6882b81190f8b37856b", "testCaseId": "1043e2fcb3edd362a2f36dceea310fa0", "fullName": "tests.test_authorization#test_reschedule_automatic_order", "labels": [{"name": "parentSuite", "value": "tests"}, {"name": "suite", "value": "test_authorization"}, {"name": "host", "value": "DESKTOP-MNCDD93"}, {"name": "thread", "value": "22936-MainThread"}, {"name": "framework", "value": "pytest"}, {"name": "language", "value": "cpython3"}, {"name": "package", "value": "tests.test_authorization"}]}