{"name": "test_message_sent_verification_email_client", "status": "broken", "statusDetails": {"message": "selenium.common.exceptions.ElementClickInterceptedException: Message: element click intercepted: Element is not clickable at point (1119, -51)\n  (Session info: chrome=118.0.5993.89)\nStacktrace:\n\tGetHandleVerifier [0x00007FF702678EF2+54786]\n\t(No symbol) [0x00007FF7025E5612]\n\t(No symbol) [0x00007FF70249A64B]\n\t(No symbol) [0x00007FF7024E1A6B]\n\t(No symbol) [0x00007FF7024DFE39]\n\t(No symbol) [0x00007FF7024DDC08]\n\t(No symbol) [0x00007FF7024DCCC3]\n\t(No symbol) [0x00007FF7024D29CF]\n\t(No symbol) [0x00007FF7024FBE6A]\n\t(No symbol) [0x00007FF7024D22E6]\n\t(No symbol) [0x00007FF7024FC080]\n\t(No symbol) [0x00007FF702514D02]\n\t(No symbol) [0x00007FF7024FBC43]\n\t(No symbol) [0x00007FF7024D0941]\n\t(No symbol) [0x00007FF7024D1B84]\n\tGetHandleVerifier [0x00007FF7029C7F52+3524194]\n\tGetHandleVerifier [0x00007FF702A1D800+3874576]\n\tGetHandleVerifier [0x00007FF702A15D7F+3843215]\n\tGetHandleVerifier [0x00007FF702715086+694166]\n\t(No symbol) [0x00007FF7025F0A88]\n\t(No symbol) [0x00007FF7025ECA94]\n\t(No symbol) [0x00007FF7025ECBC2]\n\t(No symbol) [0x00007FF7025DCC83]\n\tBaseThreadInitThunk [0x00007FFAC5AF7344+20]\n\tRtlUserThreadStart [0x00007FFAC63A26B1+33]", "trace": "authorization_page = <pages.authorization_page.AuthorizationPage object at 0x000001A3D5C26110>\nuser_account_page = <pages.user_account_page.UserAccountPage object at 0x000001A3D5C27100>\n\n    def test_message_sent_verification_email_client(authorization_page, user_account_page):\n        authorization_page.click_to_login_button()\n        authorization_page.click_to_login_w_password_button()\n        authorization_page.set_phone_password_authorization()\n        authorization_page.set_password_pass()\n        authorization_page.click_to_authorize_button()\n        user_account_page.click_to_personal_information_menu()\n        user_account_page.delete_client_email()\n        user_account_page.set_client_email()\n        user_account_page.scroll_to_button_save_changes()\n        user_account_page.click_to_button_save_changes()\n        user_account_page.refresh_page()\n>       user_account_page.click_to_fet_letter_btn_not_verified_email_client_account()\n\ntests\\test_user_account_page.py:283: \n_ _ _ _ _ _ _ _ _ _ _ _ _ _ _ _ _ _ _ _ _ _ _ _ _ _ _ _ _ _ _ _ _ _ _ _ _ _ _ _ _ _ _ _ _ _ _ _ _ _ _ _ _ _ _ _ _ _ _ _ _ _ _ _ _ _ _ _ _ _ _ _ _ _ _ \npages\\user_account_page.py:219: in click_to_fet_letter_btn_not_verified_email_client_account\n    self.to_click(UserAccountLocators.GET_LETTER_TO_VERIFY_EMAIL)\nbase\\base_object.py:32: in to_click\n    self.is_clickable(locator).click()\nvenv\\lib\\site-packages\\selenium\\webdriver\\remote\\webelement.py:93: in click\n    self._execute(Command.CLICK_ELEMENT)\nvenv\\lib\\site-packages\\selenium\\webdriver\\remote\\webelement.py:394: in _execute\n    return self._parent.execute(command, params)\nvenv\\lib\\site-packages\\selenium\\webdriver\\remote\\webdriver.py:344: in execute\n    self.error_handler.check_response(response)\n_ _ _ _ _ _ _ _ _ _ _ _ _ _ _ _ _ _ _ _ _ _ _ _ _ _ _ _ _ _ _ _ _ _ _ _ _ _ _ _ _ _ _ _ _ _ _ _ _ _ _ _ _ _ _ _ _ _ _ _ _ _ _ _ _ _ _ _ _ _ _ _ _ _ _ \n\nself = <selenium.webdriver.remote.errorhandler.ErrorHandler object at 0x000001A3D5C26530>\nresponse = {'status': 400, 'value': '{\"value\":{\"error\":\"element click intercepted\",\"message\":\"element click intercepted: Element ...07FF7025DCC83]\\\\n\\\\tBaseThreadInitThunk [0x00007FFAC5AF7344+20]\\\\n\\\\tRtlUserThreadStart [0x00007FFAC63A26B1+33]\\\\n\"}}'}\n\n    def check_response(self, response: Dict[str, Any]) -> None:\n        \"\"\"Checks that a JSON response from the WebDriver does not have an\n        error.\n    \n        :Args:\n         - response - The JSON response from the WebDriver server as a dictionary\n           object.\n    \n        :Raises: If the response contains an error message.\n        \"\"\"\n        status = response.get(\"status\", None)\n        if not status or status == ErrorCode.SUCCESS:\n            return\n        value = None\n        message = response.get(\"message\", \"\")\n        screen: str = response.get(\"screen\", \"\")\n        stacktrace = None\n        if isinstance(status, int):\n            value_json = response.get(\"value\", None)\n            if value_json and isinstance(value_json, str):\n                import json\n    \n                try:\n                    value = json.loads(value_json)\n                    if len(value) == 1:\n                        value = value[\"value\"]\n                    status = value.get(\"error\", None)\n                    if not status:\n                        status = value.get(\"status\", ErrorCode.UNKNOWN_ERROR)\n                        message = value.get(\"value\") or value.get(\"message\")\n                        if not isinstance(message, str):\n                            value = message\n                            message = message.get(\"message\")\n                    else:\n                        message = value.get(\"message\", None)\n                except ValueError:\n                    pass\n    \n        exception_class: Type[WebDriverException]\n        e = ErrorCode()\n        error_codes = [item for item in dir(e) if not item.startswith(\"__\")]\n        for error_code in error_codes:\n            error_info = getattr(ErrorCode, error_code)\n            if isinstance(error_info, list) and status in error_info:\n                exception_class = getattr(ExceptionMapping, error_code, WebDriverException)\n                break\n        else:\n            exception_class = WebDriverException\n    \n        if not value:\n            value = response[\"value\"]\n        if isinstance(value, str):\n            raise exception_class(value)\n        if message == \"\" and \"message\" in value:\n            message = value[\"message\"]\n    \n        screen = None  # type: ignore[assignment]\n        if \"screen\" in value:\n            screen = value[\"screen\"]\n    \n        stacktrace = None\n        st_value = value.get(\"stackTrace\") or value.get(\"stacktrace\")\n        if st_value:\n            if isinstance(st_value, str):\n                stacktrace = st_value.split(\"\\n\")\n            else:\n                stacktrace = []\n                try:\n                    for frame in st_value:\n                        line = frame.get(\"lineNumber\", \"\")\n                        file = frame.get(\"fileName\", \"<anonymous>\")\n                        if line:\n                            file = f\"{file}:{line}\"\n                        meth = frame.get(\"methodName\", \"<anonymous>\")\n                        if \"className\" in frame:\n                            meth = f\"{frame['className']}.{meth}\"\n                        msg = \"    at %s (%s)\"\n                        msg = msg % (meth, file)\n                        stacktrace.append(msg)\n                except TypeError:\n                    pass\n        if exception_class == UnexpectedAlertPresentException:\n            alert_text = None\n            if \"data\" in value:\n                alert_text = value[\"data\"].get(\"text\")\n            elif \"alert\" in value:\n                alert_text = value[\"alert\"].get(\"text\")\n            raise exception_class(message, screen, stacktrace, alert_text)  # type: ignore[call-arg]  # mypy is not smart enough here\n>       raise exception_class(message, screen, stacktrace)\nE       selenium.common.exceptions.ElementClickInterceptedException: Message: element click intercepted: Element is not clickable at point (1119, -51)\nE         (Session info: chrome=118.0.5993.89)\nE       Stacktrace:\nE       \tGetHandleVerifier [0x00007FF702678EF2+54786]\nE       \t(No symbol) [0x00007FF7025E5612]\nE       \t(No symbol) [0x00007FF70249A64B]\nE       \t(No symbol) [0x00007FF7024E1A6B]\nE       \t(No symbol) [0x00007FF7024DFE39]\nE       \t(No symbol) [0x00007FF7024DDC08]\nE       \t(No symbol) [0x00007FF7024DCCC3]\nE       \t(No symbol) [0x00007FF7024D29CF]\nE       \t(No symbol) [0x00007FF7024FBE6A]\nE       \t(No symbol) [0x00007FF7024D22E6]\nE       \t(No symbol) [0x00007FF7024FC080]\nE       \t(No symbol) [0x00007FF702514D02]\nE       \t(No symbol) [0x00007FF7024FBC43]\nE       \t(No symbol) [0x00007FF7024D0941]\nE       \t(No symbol) [0x00007FF7024D1B84]\nE       \tGetHandleVerifier [0x00007FF7029C7F52+3524194]\nE       \tGetHandleVerifier [0x00007FF702A1D800+3874576]\nE       \tGetHandleVerifier [0x00007FF702A15D7F+3843215]\nE       \tGetHandleVerifier [0x00007FF702715086+694166]\nE       \t(No symbol) [0x00007FF7025F0A88]\nE       \t(No symbol) [0x00007FF7025ECA94]\nE       \t(No symbol) [0x00007FF7025ECBC2]\nE       \t(No symbol) [0x00007FF7025DCC83]\nE       \tBaseThreadInitThunk [0x00007FFAC5AF7344+20]\nE       \tRtlUserThreadStart [0x00007FFAC63A26B1+33]\n\nvenv\\lib\\site-packages\\selenium\\webdriver\\remote\\errorhandler.py:229: ElementClickInterceptedException"}, "steps": [{"name": "clicking to \"Login\" button", "status": "passed", "start": 1697783728588, "stop": 1697783731754}, {"name": "clicking to \"Login with password\" button", "status": "passed", "start": 1697783731754, "stop": 1697783731992}, {"name": "set up password", "status": "passed", "start": 1697783732363, "stop": 1697783732611}, {"name": "clicking to \"Authorize\" button", "status": "passed", "start": 1697783732611, "stop": 1697783732792}, {"name": "click to title \"personal information\" in clients menu", "status": "passed", "start": 1697783732792, "stop": 1697783737616}, {"name": "delete client email", "status": "passed", "start": 1697783737616, "stop": 1697783737808}, {"name": "set client email \"abrakadaba@mail.ru\"", "status": "passed", "start": 1697783737808, "stop": 1697783738167}, {"name": "scroll to button \"save changes\"", "status": "passed", "start": 1697783738167, "stop": 1697783738634}, {"name": "click to button \"save changes\"", "status": "passed", "start": 1697783738634, "stop": 1697783738783}, {"name": "refresh the current page", "status": "passed", "start": 1697783738783, "stop": 1697783740266}, {"name": "click to \"get letter\" button in message that email is not yet verified in client account", "status": "broken", "statusDetails": {"message": "selenium.common.exceptions.ElementClickInterceptedException: Message: element click intercepted: Element is not clickable at point (1119, -51)\n  (Session info: chrome=118.0.5993.89)\nStacktrace:\n\tGetHandleVerifier [0x00007FF702678EF2+54786]\n\t(No symbol) [0x00007FF7025E5612]\n\t(No symbol) [0x00007FF70249A64B]\n\t(No symbol) [0x00007FF7024E1A6B]\n\t(No symbol) [0x00007FF7024DFE39]\n\t(No symbol) [0x00007FF7024DDC08]\n\t(No symbol) [0x00007FF7024DCCC3]\n\t(No symbol) [0x00007FF7024D29CF]\n\t(No symbol) [0x00007FF7024FBE6A]\n\t(No symbol) [0x00007FF7024D22E6]\n\t(No symbol) [0x00007FF7024FC080]\n\t(No symbol) [0x00007FF702514D02]\n\t(No symbol) [0x00007FF7024FBC43]\n\t(No symbol) [0x00007FF7024D0941]\n\t(No symbol) [0x00007FF7024D1B84]\n\tGetHandleVerifier [0x00007FF7029C7F52+3524194]\n\tGetHandleVerifier [0x00007FF702A1D800+3874576]\n\tGetHandleVerifier [0x00007FF702A15D7F+3843215]\n\tGetHandleVerifier [0x00007FF702715086+694166]\n\t(No symbol) [0x00007FF7025F0A88]\n\t(No symbol) [0x00007FF7025ECA94]\n\t(No symbol) [0x00007FF7025ECBC2]\n\t(No symbol) [0x00007FF7025DCC83]\n\tBaseThreadInitThunk [0x00007FFAC5AF7344+20]\n\tRtlUserThreadStart [0x00007FFAC63A26B1+33]\n\n", "trace": "  File \"C:\\Users\\Owner\\PycharmProjects\\LifeHelp\\venv\\lib\\site-packages\\allure_commons\\_allure.py\", line 192, in impl\n    return func(*a, **kw)\n  File \"C:\\Users\\Owner\\PycharmProjects\\LifeHelp\\pages\\user_account_page.py\", line 219, in click_to_fet_letter_btn_not_verified_email_client_account\n    self.to_click(UserAccountLocators.GET_LETTER_TO_VERIFY_EMAIL)\n  File \"C:\\Users\\Owner\\PycharmProjects\\LifeHelp\\base\\base_object.py\", line 32, in to_click\n    self.is_clickable(locator).click()\n  File \"C:\\Users\\Owner\\PycharmProjects\\LifeHelp\\venv\\lib\\site-packages\\selenium\\webdriver\\remote\\webelement.py\", line 93, in click\n    self._execute(Command.CLICK_ELEMENT)\n  File \"C:\\Users\\Owner\\PycharmProjects\\LifeHelp\\venv\\lib\\site-packages\\selenium\\webdriver\\remote\\webelement.py\", line 394, in _execute\n    return self._parent.execute(command, params)\n  File \"C:\\Users\\Owner\\PycharmProjects\\LifeHelp\\venv\\lib\\site-packages\\selenium\\webdriver\\remote\\webdriver.py\", line 344, in execute\n    self.error_handler.check_response(response)\n  File \"C:\\Users\\Owner\\PycharmProjects\\LifeHelp\\venv\\lib\\site-packages\\selenium\\webdriver\\remote\\errorhandler.py\", line 229, in check_response\n    raise exception_class(message, screen, stacktrace)\n"}, "start": 1697783740266, "stop": 1697783741591}], "attachments": [{"name": "log", "source": "dc3f2515-00d4-419e-8665-d05c929254dc-attachment.txt", "type": "text/plain"}], "start": 1697783728587, "stop": 1697783741676, "uuid": "efdfdedc-9fe0-4575-bc67-c6196cc2feb9", "historyId": "f0d8f87e04ea6d4e4988bdc84cb39cc6", "testCaseId": "5cc723753ad65a9dc175e345e35a6bc5", "fullName": "tests.test_user_account_page#test_message_sent_verification_email_client", "labels": [{"name": "parentSuite", "value": "tests"}, {"name": "suite", "value": "test_user_account_page"}, {"name": "host", "value": "DESKTOP-MNCDD93"}, {"name": "thread", "value": "18936-MainThread"}, {"name": "framework", "value": "pytest"}, {"name": "language", "value": "cpython3"}, {"name": "package", "value": "tests.test_user_account_page"}]}