{"name": "test_query_20_min_session_veb_lh", "status": "broken", "statusDetails": {"message": "selenium.common.exceptions.TimeoutException: Message: \nStacktrace:\nBacktrace:\n\tGetHandleVerifier [0x00007FF7CE353E62+57250]\n\t(No symbol) [0x00007FF7CE2CBC02]\n\t(No symbol) [0x00007FF7CE19E0BB]\n\t(No symbol) [0x00007FF7CE1D765E]\n\t(No symbol) [0x00007FF7CE1D774C]\n\t(No symbol) [0x00007FF7CE210267]\n\t(No symbol) [0x00007FF7CE1F67EF]\n\t(No symbol) [0x00007FF7CE20E312]\n\t(No symbol) [0x00007FF7CE1F6583]\n\t(No symbol) [0x00007FF7CE1CCC71]\n\t(No symbol) [0x00007FF7CE1CDE54]\n\tGetHandleVerifier [0x00007FF7CE604CF2+2879026]\n\tGetHandleVerifier [0x00007FF7CE656F30+3215472]\n\tGetHandleVerifier [0x00007FF7CE64FD4F+3186319]\n\tGetHandleVerifier [0x00007FF7CE3E5505+652869]\n\t(No symbol) [0x00007FF7CE2D7518]\n\t(No symbol) [0x00007FF7CE2D35F4]\n\t(No symbol) [0x00007FF7CE2D36EC]\n\t(No symbol) [0x00007FF7CE2C38E3]\n\tBaseThreadInitThunk [0x00007FFCC69B7614+20]\n\tRtlUserThreadStart [0x00007FFCC6BE26B1+33]", "trace": "setup_veb_lh = <selenium.webdriver.chrome.webdriver.WebDriver (session=\"4e90718853d92346c20e86d38bc56163\")>\nveb_lh_page = <pages.veb_life_help_page.VebLhPage object at 0x00000250CF464AF0>\n\n    def test_query_20_min_session_veb_lh(setup_veb_lh, veb_lh_page):\n>       veb_lh_page.click_order_20min_session_button_veb_lh()\n\ntests\\test_veb_life_help_pro.py:63: \n_ _ _ _ _ _ _ _ _ _ _ _ _ _ _ _ _ _ _ _ _ _ _ _ _ _ _ _ _ _ _ _ _ _ _ _ _ _ _ _ _ _ _ _ _ _ _ _ _ _ _ _ _ _ _ _ _ _ _ _ _ _ _ _ _ _ _ _ _ _ _ _ _ _ _ \npages\\veb_life_help_page.py:81: in click_order_20min_session_button_veb_lh\n    self.to_click(VebLifeHelpLocators.ORDER_20_MIN_SESSION_VEB_LH)\nbase\\base_object.py:32: in to_click\n    self.is_clickable(locator).click()\nbase\\base_object.py:24: in is_clickable\n    return self.wait.until(ec.element_to_be_clickable(locator))\n_ _ _ _ _ _ _ _ _ _ _ _ _ _ _ _ _ _ _ _ _ _ _ _ _ _ _ _ _ _ _ _ _ _ _ _ _ _ _ _ _ _ _ _ _ _ _ _ _ _ _ _ _ _ _ _ _ _ _ _ _ _ _ _ _ _ _ _ _ _ _ _ _ _ _ \n\nself = <selenium.webdriver.support.wait.WebDriverWait (session=\"4e90718853d92346c20e86d38bc56163\")>\nmethod = <function element_to_be_clickable.<locals>._predicate at 0x00000250CF459240>, message = ''\n\n    def until(self, method, message: str = \"\"):\n        \"\"\"Calls the method provided with the driver as an argument until the \\\n        return value does not evaluate to ``False``.\n    \n        :param method: callable(WebDriver)\n        :param message: optional message for :exc:`TimeoutException`\n        :returns: the result of the last call to `method`\n        :raises: :exc:`selenium.common.exceptions.TimeoutException` if timeout occurs\n        \"\"\"\n        screen = None\n        stacktrace = None\n    \n        end_time = time.monotonic() + self._timeout\n        while True:\n            try:\n                value = method(self._driver)\n                if value:\n                    return value\n            except self._ignored_exceptions as exc:\n                screen = getattr(exc, \"screen\", None)\n                stacktrace = getattr(exc, \"stacktrace\", None)\n            time.sleep(self._poll)\n            if time.monotonic() > end_time:\n                break\n>       raise TimeoutException(message, screen, stacktrace)\nE       selenium.common.exceptions.TimeoutException: Message: \nE       Stacktrace:\nE       Backtrace:\nE       \tGetHandleVerifier [0x00007FF7CE353E62+57250]\nE       \t(No symbol) [0x00007FF7CE2CBC02]\nE       \t(No symbol) [0x00007FF7CE19E0BB]\nE       \t(No symbol) [0x00007FF7CE1D765E]\nE       \t(No symbol) [0x00007FF7CE1D774C]\nE       \t(No symbol) [0x00007FF7CE210267]\nE       \t(No symbol) [0x00007FF7CE1F67EF]\nE       \t(No symbol) [0x00007FF7CE20E312]\nE       \t(No symbol) [0x00007FF7CE1F6583]\nE       \t(No symbol) [0x00007FF7CE1CCC71]\nE       \t(No symbol) [0x00007FF7CE1CDE54]\nE       \tGetHandleVerifier [0x00007FF7CE604CF2+2879026]\nE       \tGetHandleVerifier [0x00007FF7CE656F30+3215472]\nE       \tGetHandleVerifier [0x00007FF7CE64FD4F+3186319]\nE       \tGetHandleVerifier [0x00007FF7CE3E5505+652869]\nE       \t(No symbol) [0x00007FF7CE2D7518]\nE       \t(No symbol) [0x00007FF7CE2D35F4]\nE       \t(No symbol) [0x00007FF7CE2D36EC]\nE       \t(No symbol) [0x00007FF7CE2C38E3]\nE       \tBaseThreadInitThunk [0x00007FFCC69B7614+20]\nE       \tRtlUserThreadStart [0x00007FFCC6BE26B1+33]\n\nvenv\\lib\\site-packages\\selenium\\webdriver\\support\\wait.py:95: TimeoutException"}, "steps": [{"name": "clicking to \"Consent mailing\" button of footer", "status": "broken", "statusDetails": {"message": "selenium.common.exceptions.TimeoutException: Message: \nStacktrace:\nBacktrace:\n\tGetHandleVerifier [0x00007FF7CE353E62+57250]\n\t(No symbol) [0x00007FF7CE2CBC02]\n\t(No symbol) [0x00007FF7CE19E0BB]\n\t(No symbol) [0x00007FF7CE1D765E]\n\t(No symbol) [0x00007FF7CE1D774C]\n\t(No symbol) [0x00007FF7CE210267]\n\t(No symbol) [0x00007FF7CE1F67EF]\n\t(No symbol) [0x00007FF7CE20E312]\n\t(No symbol) [0x00007FF7CE1F6583]\n\t(No symbol) [0x00007FF7CE1CCC71]\n\t(No symbol) [0x00007FF7CE1CDE54]\n\tGetHandleVerifier [0x00007FF7CE604CF2+2879026]\n\tGetHandleVerifier [0x00007FF7CE656F30+3215472]\n\tGetHandleVerifier [0x00007FF7CE64FD4F+3186319]\n\tGetHandleVerifier [0x00007FF7CE3E5505+652869]\n\t(No symbol) [0x00007FF7CE2D7518]\n\t(No symbol) [0x00007FF7CE2D35F4]\n\t(No symbol) [0x00007FF7CE2D36EC]\n\t(No symbol) [0x00007FF7CE2C38E3]\n\tBaseThreadInitThunk [0x00007FFCC69B7614+20]\n\tRtlUserThreadStart [0x00007FFCC6BE26B1+33]\n\n", "trace": "  File \"C:\\Users\\Owner\\PycharmProjects\\LifeHelp\\venv\\lib\\site-packages\\allure_commons\\_allure.py\", line 192, in impl\n    return func(*a, **kw)\n  File \"C:\\Users\\Owner\\PycharmProjects\\LifeHelp\\pages\\veb_life_help_page.py\", line 81, in click_order_20min_session_button_veb_lh\n    self.to_click(VebLifeHelpLocators.ORDER_20_MIN_SESSION_VEB_LH)\n  File \"C:\\Users\\Owner\\PycharmProjects\\LifeHelp\\base\\base_object.py\", line 32, in to_click\n    self.is_clickable(locator).click()\n  File \"C:\\Users\\Owner\\PycharmProjects\\LifeHelp\\base\\base_object.py\", line 24, in is_clickable\n    return self.wait.until(ec.element_to_be_clickable(locator))\n  File \"C:\\Users\\Owner\\PycharmProjects\\LifeHelp\\venv\\lib\\site-packages\\selenium\\webdriver\\support\\wait.py\", line 95, in until\n    raise TimeoutException(message, screen, stacktrace)\n"}, "start": 1694502806355, "stop": 1694502811690}], "start": 1694502806355, "stop": 1694502811715, "uuid": "fd95066a-973c-4287-951f-7ebc206de342", "historyId": "14d981eb99c35dd13e28421d5bb2e018", "testCaseId": "fda33424215fbda2c91fb64aedef4678", "fullName": "tests.test_veb_life_help_pro#test_query_20_min_session_veb_lh", "labels": [{"name": "parentSuite", "value": "tests"}, {"name": "suite", "value": "test_veb_life_help_pro"}, {"name": "host", "value": "DESKTOP-MNCDD93"}, {"name": "thread", "value": "11084-MainThread"}, {"name": "framework", "value": "pytest"}, {"name": "language", "value": "cpython3"}, {"name": "package", "value": "tests.test_veb_life_help_pro"}]}