{"name": "test_automatic_order_after_stoped_cloudpayments_payment", "status": "broken", "statusDetails": {"message": "selenium.common.exceptions.TimeoutException: Message: \nStacktrace:\nBacktrace:\n\tGetHandleVerifier [0x00C4A813+48355]\n\t(No symbol) [0x00BDC4B1]\n\t(No symbol) [0x00AE5358]\n\t(No symbol) [0x00B109A5]\n\t(No symbol) [0x00B10B3B]\n\t(No symbol) [0x00B3E232]\n\t(No symbol) [0x00B2A784]\n\t(No symbol) [0x00B3C922]\n\t(No symbol) [0x00B2A536]\n\t(No symbol) [0x00B082DC]\n\t(No symbol) [0x00B093DD]\n\tGetHandleVerifier [0x00EAAABD+2539405]\n\tGetHandleVerifier [0x00EEA78F+2800735]\n\tGetHandleVerifier [0x00EE456C+2775612]\n\tGetHandleVerifier [0x00CD51E0+616112]\n\t(No symbol) [0x00BE5F8C]\n\t(No symbol) [0x00BE2328]\n\t(No symbol) [0x00BE240B]\n\t(No symbol) [0x00BD4FF7]\n\tBaseThreadInitThunk [0x759B00C9+25]\n\tRtlGetAppContainerNamedObjectPath [0x77B57B1E+286]\n\tRtlGetAppContainerNamedObjectPath [0x77B57AEE+238]", "trace": "authorization_page = <pages.authorization_page.AuthorizationPage object at 0x000001B634D8F400>\n\n    def test_automatic_order_after_stoped_cloudpayments_payment(authorization_page):\n        authorization_page.click_to_login_button()\n        authorization_page.click_to_login_w_password_button()\n        authorization_page.set_email_email()\n        authorization_page.set_password_pass()\n        authorization_page.click_to_authorize_button()\n        authorization_page.click_terminated_sessions_title()\n        authorization_page.click_order_session_again_button()\n        authorization_page.select_time_session_schedule_psychologist()\n        authorization_page.click_rapid_go_payment_btn()\n>       authorization_page.click_card_rf_button_session()\n\ntests\\test_authorization.py:351: \n_ _ _ _ _ _ _ _ _ _ _ _ _ _ _ _ _ _ _ _ _ _ _ _ _ _ _ _ _ _ _ _ _ _ _ _ _ _ _ _ _ _ _ _ _ _ _ _ _ _ _ _ _ _ _ _ _ _ _ _ _ _ _ _ _ _ _ _ _ _ _ _ _ _ _ \npages\\authorization_page.py:240: in click_card_rf_button_session\n    self.to_click(AuthorizationLocators.CARD_RF_BUTTON_SESSION)\nbase\\base_object.py:17: in to_click\n    self.is_clickable(locator).click()\nbase\\base_object.py:14: in is_clickable\n    return self.wait.until(ec.element_to_be_clickable(locator))\n_ _ _ _ _ _ _ _ _ _ _ _ _ _ _ _ _ _ _ _ _ _ _ _ _ _ _ _ _ _ _ _ _ _ _ _ _ _ _ _ _ _ _ _ _ _ _ _ _ _ _ _ _ _ _ _ _ _ _ _ _ _ _ _ _ _ _ _ _ _ _ _ _ _ _ \n\nself = <selenium.webdriver.support.wait.WebDriverWait (session=\"c9f7fb247b5c9befbe24ca4bfa24594d\")>\nmethod = <function element_to_be_clickable.<locals>._predicate at 0x000001B634C627A0>, message = ''\n\n    def until(self, method, message: str = \"\"):\n        \"\"\"Calls the method provided with the driver as an argument until the \\\n        return value does not evaluate to ``False``.\n    \n        :param method: callable(WebDriver)\n        :param message: optional message for :exc:`TimeoutException`\n        :returns: the result of the last call to `method`\n        :raises: :exc:`selenium.common.exceptions.TimeoutException` if timeout occurs\n        \"\"\"\n        screen = None\n        stacktrace = None\n    \n        end_time = time.monotonic() + self._timeout\n        while True:\n            try:\n                value = method(self._driver)\n                if value:\n                    return value\n            except self._ignored_exceptions as exc:\n                screen = getattr(exc, \"screen\", None)\n                stacktrace = getattr(exc, \"stacktrace\", None)\n            time.sleep(self._poll)\n            if time.monotonic() > end_time:\n                break\n>       raise TimeoutException(message, screen, stacktrace)\nE       selenium.common.exceptions.TimeoutException: Message: \nE       Stacktrace:\nE       Backtrace:\nE       \tGetHandleVerifier [0x00C4A813+48355]\nE       \t(No symbol) [0x00BDC4B1]\nE       \t(No symbol) [0x00AE5358]\nE       \t(No symbol) [0x00B109A5]\nE       \t(No symbol) [0x00B10B3B]\nE       \t(No symbol) [0x00B3E232]\nE       \t(No symbol) [0x00B2A784]\nE       \t(No symbol) [0x00B3C922]\nE       \t(No symbol) [0x00B2A536]\nE       \t(No symbol) [0x00B082DC]\nE       \t(No symbol) [0x00B093DD]\nE       \tGetHandleVerifier [0x00EAAABD+2539405]\nE       \tGetHandleVerifier [0x00EEA78F+2800735]\nE       \tGetHandleVerifier [0x00EE456C+2775612]\nE       \tGetHandleVerifier [0x00CD51E0+616112]\nE       \t(No symbol) [0x00BE5F8C]\nE       \t(No symbol) [0x00BE2328]\nE       \t(No symbol) [0x00BE240B]\nE       \t(No symbol) [0x00BD4FF7]\nE       \tBaseThreadInitThunk [0x759B00C9+25]\nE       \tRtlGetAppContainerNamedObjectPath [0x77B57B1E+286]\nE       \tRtlGetAppContainerNamedObjectPath [0x77B57AEE+238]\n\nvenv\\lib\\site-packages\\selenium\\webdriver\\support\\wait.py:95: TimeoutException"}, "steps": [{"name": "clicking to \"Login\" button", "status": "passed", "start": 1690257076913, "stop": 1690257079016}, {"name": "clicking to \"Login with password\" button", "status": "passed", "start": 1690257079016, "stop": 1690257079173}, {"name": "set up password", "status": "passed", "start": 1690257080000, "stop": 1690257080240}, {"name": "clicking to \"Authorize\" button", "status": "passed", "start": 1690257080240, "stop": 1690257080434}, {"name": "click terminated sessions title in client account", "status": "passed", "start": 1690257080434, "stop": 1690257082824}, {"name": "click order session again in client account", "status": "passed", "start": 1690257082824, "stop": 1690257083718}, {"name": "select the nearest time for second session", "status": "passed", "start": 1690257083718, "stop": 1690257084402}, {"name": "click to \"go to payment\" button", "status": "passed", "start": 1690257084403, "stop": 1690257085863}, {"name": "click to \"card RF\" button", "status": "broken", "statusDetails": {"message": "selenium.common.exceptions.TimeoutException: Message: \nStacktrace:\nBacktrace:\n\tGetHandleVerifier [0x00C4A813+48355]\n\t(No symbol) [0x00BDC4B1]\n\t(No symbol) [0x00AE5358]\n\t(No symbol) [0x00B109A5]\n\t(No symbol) [0x00B10B3B]\n\t(No symbol) [0x00B3E232]\n\t(No symbol) [0x00B2A784]\n\t(No symbol) [0x00B3C922]\n\t(No symbol) [0x00B2A536]\n\t(No symbol) [0x00B082DC]\n\t(No symbol) [0x00B093DD]\n\tGetHandleVerifier [0x00EAAABD+2539405]\n\tGetHandleVerifier [0x00EEA78F+2800735]\n\tGetHandleVerifier [0x00EE456C+2775612]\n\tGetHandleVerifier [0x00CD51E0+616112]\n\t(No symbol) [0x00BE5F8C]\n\t(No symbol) [0x00BE2328]\n\t(No symbol) [0x00BE240B]\n\t(No symbol) [0x00BD4FF7]\n\tBaseThreadInitThunk [0x759B00C9+25]\n\tRtlGetAppContainerNamedObjectPath [0x77B57B1E+286]\n\tRtlGetAppContainerNamedObjectPath [0x77B57AEE+238]\n\n", "trace": "  File \"C:\\Users\\Owner\\PycharmProjects\\LifeHelp\\venv\\lib\\site-packages\\allure_commons\\_allure.py\", line 192, in impl\n    return func(*a, **kw)\n  File \"C:\\Users\\Owner\\PycharmProjects\\LifeHelp\\pages\\authorization_page.py\", line 240, in click_card_rf_button_session\n    self.to_click(AuthorizationLocators.CARD_RF_BUTTON_SESSION)\n  File \"C:\\Users\\Owner\\PycharmProjects\\LifeHelp\\base\\base_object.py\", line 17, in to_click\n    self.is_clickable(locator).click()\n  File \"C:\\Users\\Owner\\PycharmProjects\\LifeHelp\\base\\base_object.py\", line 14, in is_clickable\n    return self.wait.until(ec.element_to_be_clickable(locator))\n  File \"C:\\Users\\Owner\\PycharmProjects\\LifeHelp\\venv\\lib\\site-packages\\selenium\\webdriver\\support\\wait.py\", line 95, in until\n    raise TimeoutException(message, screen, stacktrace)\n"}, "start": 1690257085863, "stop": 1690257091257}], "start": 1690257076913, "stop": 1690257091258, "uuid": "b7adabeb-786b-4da6-96d2-fefc1fd7c7a8", "historyId": "177c5d5f3d4ffecf2cada95334431755", "testCaseId": "14ad250ab885d5905b2e7b34eb4cd116", "fullName": "tests.test_authorization#test_automatic_order_after_stoped_cloudpayments_payment", "labels": [{"name": "parentSuite", "value": "tests"}, {"name": "suite", "value": "test_authorization"}, {"name": "host", "value": "DESKTOP-MNCDD93"}, {"name": "thread", "value": "27048-MainThread"}, {"name": "framework", "value": "pytest"}, {"name": "language", "value": "cpython3"}, {"name": "package", "value": "tests.test_authorization"}]}