{"name": "test_click_opens_telegram_care_page", "status": "broken", "statusDetails": {"message": "selenium.common.exceptions.WebDriverException: Message: unknown error: cannot determine loading status\nfrom no such window\n  (Session info: chrome=115.0.5790.171)\nStacktrace:\nBacktrace:\n\tGetHandleVerifier [0x00007FF619DF3E62+57250]\n\t(No symbol) [0x00007FF619D6BC02]\n\t(No symbol) [0x00007FF619C3DF6D]\n\t(No symbol) [0x00007FF619C2C21C]\n\t(No symbol) [0x00007FF619C2A44B]\n\t(No symbol) [0x00007FF619C2AD2E]\n\t(No symbol) [0x00007FF619C383AA]\n\t(No symbol) [0x00007FF619C47C51]\n\t(No symbol) [0x00007FF619C4BDEA]\n\t(No symbol) [0x00007FF619C2B2F7]\n\t(No symbol) [0x00007FF619C478E3]\n\t(No symbol) [0x00007FF619CAE23F]\n\t(No symbol) [0x00007FF619C96583]\n\t(No symbol) [0x00007FF619C6CC71]\n\t(No symbol) [0x00007FF619C6DE54]\n\tGetHandleVerifier [0x00007FF61A0A4CF2+2879026]\n\tGetHandleVerifier [0x00007FF61A0F6F30+3215472]\n\tGetHandleVerifier [0x00007FF61A0EFD4F+3186319]\n\tGetHandleVerifier [0x00007FF619E85505+652869]\n\t(No symbol) [0x00007FF619D77518]\n\t(No symbol) [0x00007FF619D735F4]\n\t(No symbol) [0x00007FF619D736EC]\n\t(No symbol) [0x00007FF619D638E3]\n\tBaseThreadInitThunk [0x00007FFE057C7614+20]\n\tRtlUserThreadStart [0x00007FFE061626B1+33]", "trace": "authorization_page = <pages.authorization_page.AuthorizationPage object at 0x00000231EABE1810>\n\n    def test_click_opens_telegram_care_page(authorization_page):\n        authorization_page.click_to_accept_cookies()\n        authorization_page.click_to_telegram_care_button()\n        authorization_page.move_to_new_telegram_care_page()\n>       authorization_page.verify_url_telegram_care_page()\n\ntests\\test_authorization.py:302: \n_ _ _ _ _ _ _ _ _ _ _ _ _ _ _ _ _ _ _ _ _ _ _ _ _ _ _ _ _ _ _ _ _ _ _ _ _ _ _ _ _ _ _ _ _ _ _ _ _ _ _ _ _ _ _ _ _ _ _ _ _ _ _ _ _ _ _ _ _ _ _ _ _ _ _ \npages\\authorization_page.py:469: in verify_url_telegram_care_page\n    self.get_url('https://t.me/+79600645557')\nbase\\base_object.py:29: in get_url\n    return self.wait.until(ec.url_to_be(url))\nvenv\\lib\\site-packages\\selenium\\webdriver\\support\\wait.py:86: in until\n    value = method(self._driver)\nvenv\\lib\\site-packages\\selenium\\webdriver\\support\\expected_conditions.py:110: in _predicate\n    return url == driver.current_url\nvenv\\lib\\site-packages\\selenium\\webdriver\\remote\\webdriver.py:530: in current_url\n    return self.execute(Command.GET_CURRENT_URL)[\"value\"]\nvenv\\lib\\site-packages\\selenium\\webdriver\\remote\\webdriver.py:440: in execute\n    self.error_handler.check_response(response)\n_ _ _ _ _ _ _ _ _ _ _ _ _ _ _ _ _ _ _ _ _ _ _ _ _ _ _ _ _ _ _ _ _ _ _ _ _ _ _ _ _ _ _ _ _ _ _ _ _ _ _ _ _ _ _ _ _ _ _ _ _ _ _ _ _ _ _ _ _ _ _ _ _ _ _ \n\nself = <selenium.webdriver.remote.errorhandler.ErrorHandler object at 0x00000231EABE33A0>\nresponse = {'status': 500, 'value': '{\"value\":{\"error\":\"unknown error\",\"message\":\"unknown error: cannot determine loading status\\...07FF619D638E3]\\\\n\\\\tBaseThreadInitThunk [0x00007FFE057C7614+20]\\\\n\\\\tRtlUserThreadStart [0x00007FFE061626B1+33]\\\\n\"}}'}\n\n    def check_response(self, response: Dict[str, Any]) -> None:\n        \"\"\"Checks that a JSON response from the WebDriver does not have an\n        error.\n    \n        :Args:\n         - response - The JSON response from the WebDriver server as a dictionary\n           object.\n    \n        :Raises: If the response contains an error message.\n        \"\"\"\n        status = response.get(\"status\", None)\n        if not status or status == ErrorCode.SUCCESS:\n            return\n        value = None\n        message = response.get(\"message\", \"\")\n        screen: str = response.get(\"screen\", \"\")\n        stacktrace = None\n        if isinstance(status, int):\n            value_json = response.get(\"value\", None)\n            if value_json and isinstance(value_json, str):\n                import json\n    \n                try:\n                    value = json.loads(value_json)\n                    if len(value.keys()) == 1:\n                        value = value[\"value\"]\n                    status = value.get(\"error\", None)\n                    if not status:\n                        status = value.get(\"status\", ErrorCode.UNKNOWN_ERROR)\n                        message = value.get(\"value\") or value.get(\"message\")\n                        if not isinstance(message, str):\n                            value = message\n                            message = message.get(\"message\")\n                    else:\n                        message = value.get(\"message\", None)\n                except ValueError:\n                    pass\n    \n        exception_class: Type[WebDriverException]\n        if status in ErrorCode.NO_SUCH_ELEMENT:\n            exception_class = NoSuchElementException\n        elif status in ErrorCode.NO_SUCH_FRAME:\n            exception_class = NoSuchFrameException\n        elif status in ErrorCode.NO_SUCH_SHADOW_ROOT:\n            exception_class = NoSuchShadowRootException\n        elif status in ErrorCode.NO_SUCH_WINDOW:\n            exception_class = NoSuchWindowException\n        elif status in ErrorCode.STALE_ELEMENT_REFERENCE:\n            exception_class = StaleElementReferenceException\n        elif status in ErrorCode.ELEMENT_NOT_VISIBLE:\n            exception_class = ElementNotVisibleException\n        elif status in ErrorCode.INVALID_ELEMENT_STATE:\n            exception_class = InvalidElementStateException\n        elif (\n            status in ErrorCode.INVALID_SELECTOR\n            or status in ErrorCode.INVALID_XPATH_SELECTOR\n            or status in ErrorCode.INVALID_XPATH_SELECTOR_RETURN_TYPER\n        ):\n            exception_class = InvalidSelectorException\n        elif status in ErrorCode.ELEMENT_IS_NOT_SELECTABLE:\n            exception_class = ElementNotSelectableException\n        elif status in ErrorCode.ELEMENT_NOT_INTERACTABLE:\n            exception_class = ElementNotInteractableException\n        elif status in ErrorCode.INVALID_COOKIE_DOMAIN:\n            exception_class = InvalidCookieDomainException\n        elif status in ErrorCode.UNABLE_TO_SET_COOKIE:\n            exception_class = UnableToSetCookieException\n        elif status in ErrorCode.TIMEOUT:\n            exception_class = TimeoutException\n        elif status in ErrorCode.SCRIPT_TIMEOUT:\n            exception_class = TimeoutException\n        elif status in ErrorCode.UNKNOWN_ERROR:\n            exception_class = WebDriverException\n        elif status in ErrorCode.UNEXPECTED_ALERT_OPEN:\n            exception_class = UnexpectedAlertPresentException\n        elif status in ErrorCode.NO_ALERT_OPEN:\n            exception_class = NoAlertPresentException\n        elif status in ErrorCode.IME_NOT_AVAILABLE:\n            exception_class = ImeNotAvailableException\n        elif status in ErrorCode.IME_ENGINE_ACTIVATION_FAILED:\n            exception_class = ImeActivationFailedException\n        elif status in ErrorCode.MOVE_TARGET_OUT_OF_BOUNDS:\n            exception_class = MoveTargetOutOfBoundsException\n        elif status in ErrorCode.JAVASCRIPT_ERROR:\n            exception_class = JavascriptException\n        elif status in ErrorCode.SESSION_NOT_CREATED:\n            exception_class = SessionNotCreatedException\n        elif status in ErrorCode.INVALID_ARGUMENT:\n            exception_class = InvalidArgumentException\n        elif status in ErrorCode.NO_SUCH_COOKIE:\n            exception_class = NoSuchCookieException\n        elif status in ErrorCode.UNABLE_TO_CAPTURE_SCREEN:\n            exception_class = ScreenshotException\n        elif status in ErrorCode.ELEMENT_CLICK_INTERCEPTED:\n            exception_class = ElementClickInterceptedException\n        elif status in ErrorCode.INSECURE_CERTIFICATE:\n            exception_class = InsecureCertificateException\n        elif status in ErrorCode.INVALID_COORDINATES:\n            exception_class = InvalidCoordinatesException\n        elif status in ErrorCode.INVALID_SESSION_ID:\n            exception_class = InvalidSessionIdException\n        elif status in ErrorCode.UNKNOWN_METHOD:\n            exception_class = UnknownMethodException\n        else:\n            exception_class = WebDriverException\n        if not value:\n            value = response[\"value\"]\n        if isinstance(value, str):\n            raise exception_class(value)\n        if message == \"\" and \"message\" in value:\n            message = value[\"message\"]\n    \n        screen = None  # type: ignore[assignment]\n        if \"screen\" in value:\n            screen = value[\"screen\"]\n    \n        stacktrace = None\n        st_value = value.get(\"stackTrace\") or value.get(\"stacktrace\")\n        if st_value:\n            if isinstance(st_value, str):\n                stacktrace = st_value.split(\"\\n\")\n            else:\n                stacktrace = []\n                try:\n                    for frame in st_value:\n                        line = frame.get(\"lineNumber\", \"\")\n                        file = frame.get(\"fileName\", \"<anonymous>\")\n                        if line:\n                            file = f\"{file}:{line}\"\n                        meth = frame.get(\"methodName\", \"<anonymous>\")\n                        if \"className\" in frame:\n                            meth = f\"{frame['className']}.{meth}\"\n                        msg = \"    at %s (%s)\"\n                        msg = msg % (meth, file)\n                        stacktrace.append(msg)\n                except TypeError:\n                    pass\n        if exception_class == UnexpectedAlertPresentException:\n            alert_text = None\n            if \"data\" in value:\n                alert_text = value[\"data\"].get(\"text\")\n            elif \"alert\" in value:\n                alert_text = value[\"alert\"].get(\"text\")\n            raise exception_class(message, screen, stacktrace, alert_text)  # type: ignore[call-arg]  # mypy is not smart enough here\n>       raise exception_class(message, screen, stacktrace)\nE       selenium.common.exceptions.WebDriverException: Message: unknown error: cannot determine loading status\nE       from no such window\nE         (Session info: chrome=115.0.5790.171)\nE       Stacktrace:\nE       Backtrace:\nE       \tGetHandleVerifier [0x00007FF619DF3E62+57250]\nE       \t(No symbol) [0x00007FF619D6BC02]\nE       \t(No symbol) [0x00007FF619C3DF6D]\nE       \t(No symbol) [0x00007FF619C2C21C]\nE       \t(No symbol) [0x00007FF619C2A44B]\nE       \t(No symbol) [0x00007FF619C2AD2E]\nE       \t(No symbol) [0x00007FF619C383AA]\nE       \t(No symbol) [0x00007FF619C47C51]\nE       \t(No symbol) [0x00007FF619C4BDEA]\nE       \t(No symbol) [0x00007FF619C2B2F7]\nE       \t(No symbol) [0x00007FF619C478E3]\nE       \t(No symbol) [0x00007FF619CAE23F]\nE       \t(No symbol) [0x00007FF619C96583]\nE       \t(No symbol) [0x00007FF619C6CC71]\nE       \t(No symbol) [0x00007FF619C6DE54]\nE       \tGetHandleVerifier [0x00007FF61A0A4CF2+2879026]\nE       \tGetHandleVerifier [0x00007FF61A0F6F30+3215472]\nE       \tGetHandleVerifier [0x00007FF61A0EFD4F+3186319]\nE       \tGetHandleVerifier [0x00007FF619E85505+652869]\nE       \t(No symbol) [0x00007FF619D77518]\nE       \t(No symbol) [0x00007FF619D735F4]\nE       \t(No symbol) [0x00007FF619D736EC]\nE       \t(No symbol) [0x00007FF619D638E3]\nE       \tBaseThreadInitThunk [0x00007FFE057C7614+20]\nE       \tRtlUserThreadStart [0x00007FFE061626B1+33]\n\nvenv\\lib\\site-packages\\selenium\\webdriver\\remote\\errorhandler.py:245: WebDriverException"}, "steps": [{"name": "accept cookies", "status": "passed", "start": 1691735226688, "stop": 1691735227020}, {"name": "click to \"telegram\" logo button in main page care block", "status": "passed", "start": 1691735227021, "stop": 1691735227582}, {"name": "move to new telegram care page", "status": "passed", "start": 1691735227582, "stop": 1691735227683}, {"name": "verify url of telegram care page", "status": "broken", "statusDetails": {"message": "selenium.common.exceptions.WebDriverException: Message: unknown error: cannot determine loading status\nfrom no such window\n  (Session info: chrome=115.0.5790.171)\nStacktrace:\nBacktrace:\n\tGetHandleVerifier [0x00007FF619DF3E62+57250]\n\t(No symbol) [0x00007FF619D6BC02]\n\t(No symbol) [0x00007FF619C3DF6D]\n\t(No symbol) [0x00007FF619C2C21C]\n\t(No symbol) [0x00007FF619C2A44B]\n\t(No symbol) [0x00007FF619C2AD2E]\n\t(No symbol) [0x00007FF619C383AA]\n\t(No symbol) [0x00007FF619C47C51]\n\t(No symbol) [0x00007FF619C4BDEA]\n\t(No symbol) [0x00007FF619C2B2F7]\n\t(No symbol) [0x00007FF619C478E3]\n\t(No symbol) [0x00007FF619CAE23F]\n\t(No symbol) [0x00007FF619C96583]\n\t(No symbol) [0x00007FF619C6CC71]\n\t(No symbol) [0x00007FF619C6DE54]\n\tGetHandleVerifier [0x00007FF61A0A4CF2+2879026]\n\tGetHandleVerifier [0x00007FF61A0F6F30+3215472]\n\tGetHandleVerifier [0x00007FF61A0EFD4F+3186319]\n\tGetHandleVerifier [0x00007FF619E85505+652869]\n\t(No symbol) [0x00007FF619D77518]\n\t(No symbol) [0x00007FF619D735F4]\n\t(No symbol) [0x00007FF619D736EC]\n\t(No symbol) [0x00007FF619D638E3]\n\tBaseThreadInitThunk [0x00007FFE057C7614+20]\n\tRtlUserThreadStart [0x00007FFE061626B1+33]\n\n", "trace": "  File \"C:\\Users\\Owner\\PycharmProjects\\LifeHelp\\venv\\lib\\site-packages\\allure_commons\\_allure.py\", line 192, in impl\n    return func(*a, **kw)\n  File \"C:\\Users\\Owner\\PycharmProjects\\LifeHelp\\pages\\authorization_page.py\", line 469, in verify_url_telegram_care_page\n    self.get_url('https://t.me/+79600645557')\n  File \"C:\\Users\\Owner\\PycharmProjects\\LifeHelp\\base\\base_object.py\", line 29, in get_url\n    return self.wait.until(ec.url_to_be(url))\n  File \"C:\\Users\\Owner\\PycharmProjects\\LifeHelp\\venv\\lib\\site-packages\\selenium\\webdriver\\support\\wait.py\", line 86, in until\n    value = method(self._driver)\n  File \"C:\\Users\\Owner\\PycharmProjects\\LifeHelp\\venv\\lib\\site-packages\\selenium\\webdriver\\support\\expected_conditions.py\", line 110, in _predicate\n    return url == driver.current_url\n  File \"C:\\Users\\Owner\\PycharmProjects\\LifeHelp\\venv\\lib\\site-packages\\selenium\\webdriver\\remote\\webdriver.py\", line 530, in current_url\n    return self.execute(Command.GET_CURRENT_URL)[\"value\"]\n  File \"C:\\Users\\Owner\\PycharmProjects\\LifeHelp\\venv\\lib\\site-packages\\selenium\\webdriver\\remote\\webdriver.py\", line 440, in execute\n    self.error_handler.check_response(response)\n  File \"C:\\Users\\Owner\\PycharmProjects\\LifeHelp\\venv\\lib\\site-packages\\selenium\\webdriver\\remote\\errorhandler.py\", line 245, in check_response\n    raise exception_class(message, screen, stacktrace)\n"}, "start": 1691735227684, "stop": 1691735227783}], "start": 1691735226686, "stop": 1691735227912, "uuid": "59dcd502-1259-4bb0-9180-3404fab8a27e", "historyId": "f4d36c7dccaa68f223b02b5ff9c8efd2", "testCaseId": "21932ab0cebc2c6ca1b6670905725b07", "fullName": "tests.test_authorization#test_click_opens_telegram_care_page", "labels": [{"name": "parentSuite", "value": "tests"}, {"name": "suite", "value": "test_authorization"}, {"name": "host", "value": "DESKTOP-MNCDD93"}, {"name": "thread", "value": "6220-MainThread"}, {"name": "framework", "value": "pytest"}, {"name": "language", "value": "cpython3"}, {"name": "package", "value": "tests.test_authorization"}]}