{"name": "test_deny_payment_automatic_order", "status": "broken", "statusDetails": {"message": "selenium.common.exceptions.TimeoutException: Message: \nStacktrace:\nBacktrace:\n\tGetHandleVerifier [0x00007FF79A643E62+57250]\n\t(No symbol) [0x00007FF79A5BBC02]\n\t(No symbol) [0x00007FF79A48E0BB]\n\t(No symbol) [0x00007FF79A4C765E]\n\t(No symbol) [0x00007FF79A4C774C]\n\t(No symbol) [0x00007FF79A500267]\n\t(No symbol) [0x00007FF79A4E67EF]\n\t(No symbol) [0x00007FF79A4FE312]\n\t(No symbol) [0x00007FF79A4E6583]\n\t(No symbol) [0x00007FF79A4BCC71]\n\t(No symbol) [0x00007FF79A4BDE54]\n\tGetHandleVerifier [0x00007FF79A8F4CF2+2879026]\n\tGetHandleVerifier [0x00007FF79A946F30+3215472]\n\tGetHandleVerifier [0x00007FF79A93FD4F+3186319]\n\tGetHandleVerifier [0x00007FF79A6D5505+652869]\n\t(No symbol) [0x00007FF79A5C7518]\n\t(No symbol) [0x00007FF79A5C35F4]\n\t(No symbol) [0x00007FF79A5C36EC]\n\t(No symbol) [0x00007FF79A5B38E3]\n\tBaseThreadInitThunk [0x00007FFF1B0A7614+20]\n\tRtlUserThreadStart [0x00007FFF1B8426B1+33]", "trace": "authorization_page = <pages.authorization_page.AuthorizationPage object at 0x0000026DF5A73D90>\n\n    def test_deny_payment_automatic_order(authorization_page):\n        authorization_page.click_to_login_button()\n        authorization_page.click_to_login_w_password_button()\n        authorization_page.set_email_email()\n        authorization_page.set_password_pass()\n        authorization_page.click_to_authorize_button()\n        authorization_page.click_to_three_dots_button_ordered_session()\n>       authorization_page.click_to_deny_payment_ordered_session_drop_down()\n\ntests\\test_authorization.py:403: \n_ _ _ _ _ _ _ _ _ _ _ _ _ _ _ _ _ _ _ _ _ _ _ _ _ _ _ _ _ _ _ _ _ _ _ _ _ _ _ _ _ _ _ _ _ _ _ _ _ _ _ _ _ _ _ _ _ _ _ _ _ _ _ _ _ _ _ _ _ _ _ _ _ _ _ \npages\\authorization_page.py:548: in click_to_deny_payment_ordered_session_drop_down\n    self.to_click(AuthorizationLocators.DENY_ORDER_PAYMENT_DROP_DOWN_LINK)\nbase\\base_object.py:17: in to_click\n    self.is_clickable(locator).click()\nbase\\base_object.py:14: in is_clickable\n    return self.wait.until(ec.element_to_be_clickable(locator))\n_ _ _ _ _ _ _ _ _ _ _ _ _ _ _ _ _ _ _ _ _ _ _ _ _ _ _ _ _ _ _ _ _ _ _ _ _ _ _ _ _ _ _ _ _ _ _ _ _ _ _ _ _ _ _ _ _ _ _ _ _ _ _ _ _ _ _ _ _ _ _ _ _ _ _ \n\nself = <selenium.webdriver.support.wait.WebDriverWait (session=\"54079db47831f60d8e21933c2b843c58\")>\nmethod = <function element_to_be_clickable.<locals>._predicate at 0x0000026DF5A76B90>, message = ''\n\n    def until(self, method, message: str = \"\"):\n        \"\"\"Calls the method provided with the driver as an argument until the \\\n        return value does not evaluate to ``False``.\n    \n        :param method: callable(WebDriver)\n        :param message: optional message for :exc:`TimeoutException`\n        :returns: the result of the last call to `method`\n        :raises: :exc:`selenium.common.exceptions.TimeoutException` if timeout occurs\n        \"\"\"\n        screen = None\n        stacktrace = None\n    \n        end_time = time.monotonic() + self._timeout\n        while True:\n            try:\n                value = method(self._driver)\n                if value:\n                    return value\n            except self._ignored_exceptions as exc:\n                screen = getattr(exc, \"screen\", None)\n                stacktrace = getattr(exc, \"stacktrace\", None)\n            time.sleep(self._poll)\n            if time.monotonic() > end_time:\n                break\n>       raise TimeoutException(message, screen, stacktrace)\nE       selenium.common.exceptions.TimeoutException: Message: \nE       Stacktrace:\nE       Backtrace:\nE       \tGetHandleVerifier [0x00007FF79A643E62+57250]\nE       \t(No symbol) [0x00007FF79A5BBC02]\nE       \t(No symbol) [0x00007FF79A48E0BB]\nE       \t(No symbol) [0x00007FF79A4C765E]\nE       \t(No symbol) [0x00007FF79A4C774C]\nE       \t(No symbol) [0x00007FF79A500267]\nE       \t(No symbol) [0x00007FF79A4E67EF]\nE       \t(No symbol) [0x00007FF79A4FE312]\nE       \t(No symbol) [0x00007FF79A4E6583]\nE       \t(No symbol) [0x00007FF79A4BCC71]\nE       \t(No symbol) [0x00007FF79A4BDE54]\nE       \tGetHandleVerifier [0x00007FF79A8F4CF2+2879026]\nE       \tGetHandleVerifier [0x00007FF79A946F30+3215472]\nE       \tGetHandleVerifier [0x00007FF79A93FD4F+3186319]\nE       \tGetHandleVerifier [0x00007FF79A6D5505+652869]\nE       \t(No symbol) [0x00007FF79A5C7518]\nE       \t(No symbol) [0x00007FF79A5C35F4]\nE       \t(No symbol) [0x00007FF79A5C36EC]\nE       \t(No symbol) [0x00007FF79A5B38E3]\nE       \tBaseThreadInitThunk [0x00007FFF1B0A7614+20]\nE       \tRtlUserThreadStart [0x00007FFF1B8426B1+33]\n\nvenv\\lib\\site-packages\\selenium\\webdriver\\support\\wait.py:95: TimeoutException"}, "steps": [{"name": "clicking to \"Login\" button", "status": "passed", "start": 1690952638621, "stop": 1690952641589}, {"name": "clicking to \"Login with password\" button", "status": "passed", "start": 1690952641590, "stop": 1690952641838}, {"name": "set up password", "status": "passed", "start": 1690952642377, "stop": 1690952642657}, {"name": "clicking to \"Authorize\" button", "status": "passed", "start": 1690952642657, "stop": 1690952642911}, {"name": "click to \"3 dots\" button on automatic order session", "status": "passed", "start": 1690952642912, "stop": 1690952645911}, {"name": "click to \"deny order payment\" button on drop down link from three dots in ordered session", "status": "broken", "statusDetails": {"message": "selenium.common.exceptions.TimeoutException: Message: \nStacktrace:\nBacktrace:\n\tGetHandleVerifier [0x00007FF79A643E62+57250]\n\t(No symbol) [0x00007FF79A5BBC02]\n\t(No symbol) [0x00007FF79A48E0BB]\n\t(No symbol) [0x00007FF79A4C765E]\n\t(No symbol) [0x00007FF79A4C774C]\n\t(No symbol) [0x00007FF79A500267]\n\t(No symbol) [0x00007FF79A4E67EF]\n\t(No symbol) [0x00007FF79A4FE312]\n\t(No symbol) [0x00007FF79A4E6583]\n\t(No symbol) [0x00007FF79A4BCC71]\n\t(No symbol) [0x00007FF79A4BDE54]\n\tGetHandleVerifier [0x00007FF79A8F4CF2+2879026]\n\tGetHandleVerifier [0x00007FF79A946F30+3215472]\n\tGetHandleVerifier [0x00007FF79A93FD4F+3186319]\n\tGetHandleVerifier [0x00007FF79A6D5505+652869]\n\t(No symbol) [0x00007FF79A5C7518]\n\t(No symbol) [0x00007FF79A5C35F4]\n\t(No symbol) [0x00007FF79A5C36EC]\n\t(No symbol) [0x00007FF79A5B38E3]\n\tBaseThreadInitThunk [0x00007FFF1B0A7614+20]\n\tRtlUserThreadStart [0x00007FFF1B8426B1+33]\n\n", "trace": "  File \"C:\\Users\\Owner\\PycharmProjects\\LifeHelp\\venv\\lib\\site-packages\\allure_commons\\_allure.py\", line 192, in impl\n    return func(*a, **kw)\n  File \"C:\\Users\\Owner\\PycharmProjects\\LifeHelp\\pages\\authorization_page.py\", line 548, in click_to_deny_payment_ordered_session_drop_down\n    self.to_click(AuthorizationLocators.DENY_ORDER_PAYMENT_DROP_DOWN_LINK)\n  File \"C:\\Users\\Owner\\PycharmProjects\\LifeHelp\\base\\base_object.py\", line 17, in to_click\n    self.is_clickable(locator).click()\n  File \"C:\\Users\\Owner\\PycharmProjects\\LifeHelp\\base\\base_object.py\", line 14, in is_clickable\n    return self.wait.until(ec.element_to_be_clickable(locator))\n  File \"C:\\Users\\Owner\\PycharmProjects\\LifeHelp\\venv\\lib\\site-packages\\selenium\\webdriver\\support\\wait.py\", line 95, in until\n    raise TimeoutException(message, screen, stacktrace)\n"}, "start": 1690952645912, "stop": 1690952651097}], "start": 1690952638621, "stop": 1690952651100, "uuid": "6d2133c6-bd06-49f0-889f-57173819465e", "historyId": "f3cabf34790ed74f83b78bd0af6c9640", "testCaseId": "937c0cf717d47dfb2c87a25ca33999b4", "fullName": "tests.test_authorization#test_deny_payment_automatic_order", "labels": [{"name": "parentSuite", "value": "tests"}, {"name": "suite", "value": "test_authorization"}, {"name": "host", "value": "DESKTOP-MNCDD93"}, {"name": "thread", "value": "18012-MainThread"}, {"name": "framework", "value": "pytest"}, {"name": "language", "value": "cpython3"}, {"name": "package", "value": "tests.test_authorization"}]}