{"name": "test_buy_order_by_package_short_pathway", "status": "broken", "statusDetails": {"message": "selenium.common.exceptions.TimeoutException: Message: \nStacktrace:\nBacktrace:\n\tGetHandleVerifier [0x00007FF7C4FE3E62+57250]\n\t(No symbol) [0x00007FF7C4F5BC02]\n\t(No symbol) [0x00007FF7C4E2E0BB]\n\t(No symbol) [0x00007FF7C4E6765E]\n\t(No symbol) [0x00007FF7C4E6774C]\n\t(No symbol) [0x00007FF7C4EA0267]\n\t(No symbol) [0x00007FF7C4E867EF]\n\t(No symbol) [0x00007FF7C4E9E312]\n\t(No symbol) [0x00007FF7C4E86583]\n\t(No symbol) [0x00007FF7C4E5CC71]\n\t(No symbol) [0x00007FF7C4E5DE54]\n\tGetHandleVerifier [0x00007FF7C5294CF2+2879026]\n\tGetHandleVerifier [0x00007FF7C52E6F30+3215472]\n\tGetHandleVerifier [0x00007FF7C52DFD4F+3186319]\n\tGetHandleVerifier [0x00007FF7C5075505+652869]\n\t(No symbol) [0x00007FF7C4F67518]\n\t(No symbol) [0x00007FF7C4F635F4]\n\t(No symbol) [0x00007FF7C4F636EC]\n\t(No symbol) [0x00007FF7C4F538E3]\n\tBaseThreadInitThunk [0x00007FFD63ED7344+20]\n\tRtlUserThreadStart [0x00007FFD659C26B1+33]", "trace": "authorization_page = <pages.authorization_page.AuthorizationPage object at 0x000001A9656FF4C0>\n\n    def test_buy_order_by_package_short_pathway(authorization_page):\n        authorization_page.click_to_login_button()\n        authorization_page.click_to_login_w_password_button()\n        authorization_page.set_email_email()\n        authorization_page.set_password_pass()\n        authorization_page.click_to_authorize_button()\n>       authorization_page.click_to_pay_btn_order_my_schedule_page()\n\ntests\\test_authorization.py:834: \n_ _ _ _ _ _ _ _ _ _ _ _ _ _ _ _ _ _ _ _ _ _ _ _ _ _ _ _ _ _ _ _ _ _ _ _ _ _ _ _ _ _ _ _ _ _ _ _ _ _ _ _ _ _ _ _ _ _ _ _ _ _ _ _ _ _ _ _ _ _ _ _ _ _ _ \npages\\authorization_page.py:1128: in click_to_pay_btn_order_my_schedule_page\n    self.to_click(AuthorizationLocators.TO_PAY_BUTTON_ORDER_ACCOUNT_PAGE)\nbase\\base_object.py:32: in to_click\n    self.is_clickable(locator).click()\nbase\\base_object.py:24: in is_clickable\n    return self.wait.until(ec.element_to_be_clickable(locator))\n_ _ _ _ _ _ _ _ _ _ _ _ _ _ _ _ _ _ _ _ _ _ _ _ _ _ _ _ _ _ _ _ _ _ _ _ _ _ _ _ _ _ _ _ _ _ _ _ _ _ _ _ _ _ _ _ _ _ _ _ _ _ _ _ _ _ _ _ _ _ _ _ _ _ _ \n\nself = <selenium.webdriver.support.wait.WebDriverWait (session=\"4596dee01916562147a0ad17e5958056\")>\nmethod = <function element_to_be_clickable.<locals>._predicate at 0x000001A965613520>, message = ''\n\n    def until(self, method, message: str = \"\"):\n        \"\"\"Calls the method provided with the driver as an argument until the \\\n        return value does not evaluate to ``False``.\n    \n        :param method: callable(WebDriver)\n        :param message: optional message for :exc:`TimeoutException`\n        :returns: the result of the last call to `method`\n        :raises: :exc:`selenium.common.exceptions.TimeoutException` if timeout occurs\n        \"\"\"\n        screen = None\n        stacktrace = None\n    \n        end_time = time.monotonic() + self._timeout\n        while True:\n            try:\n                value = method(self._driver)\n                if value:\n                    return value\n            except self._ignored_exceptions as exc:\n                screen = getattr(exc, \"screen\", None)\n                stacktrace = getattr(exc, \"stacktrace\", None)\n            time.sleep(self._poll)\n            if time.monotonic() > end_time:\n                break\n>       raise TimeoutException(message, screen, stacktrace)\nE       selenium.common.exceptions.TimeoutException: Message: \nE       Stacktrace:\nE       Backtrace:\nE       \tGetHandleVerifier [0x00007FF7C4FE3E62+57250]\nE       \t(No symbol) [0x00007FF7C4F5BC02]\nE       \t(No symbol) [0x00007FF7C4E2E0BB]\nE       \t(No symbol) [0x00007FF7C4E6765E]\nE       \t(No symbol) [0x00007FF7C4E6774C]\nE       \t(No symbol) [0x00007FF7C4EA0267]\nE       \t(No symbol) [0x00007FF7C4E867EF]\nE       \t(No symbol) [0x00007FF7C4E9E312]\nE       \t(No symbol) [0x00007FF7C4E86583]\nE       \t(No symbol) [0x00007FF7C4E5CC71]\nE       \t(No symbol) [0x00007FF7C4E5DE54]\nE       \tGetHandleVerifier [0x00007FF7C5294CF2+2879026]\nE       \tGetHandleVerifier [0x00007FF7C52E6F30+3215472]\nE       \tGetHandleVerifier [0x00007FF7C52DFD4F+3186319]\nE       \tGetHandleVerifier [0x00007FF7C5075505+652869]\nE       \t(No symbol) [0x00007FF7C4F67518]\nE       \t(No symbol) [0x00007FF7C4F635F4]\nE       \t(No symbol) [0x00007FF7C4F636EC]\nE       \t(No symbol) [0x00007FF7C4F538E3]\nE       \tBaseThreadInitThunk [0x00007FFD63ED7344+20]\nE       \tRtlUserThreadStart [0x00007FFD659C26B1+33]\n\nvenv\\lib\\site-packages\\selenium\\webdriver\\support\\wait.py:95: TimeoutException"}, "steps": [{"name": "clicking to \"Login\" button", "status": "passed", "start": 1694675676178, "stop": 1694675679387}, {"name": "clicking to \"Login with password\" button", "status": "passed", "start": 1694675679387, "stop": 1694675679761}, {"name": "set up password", "status": "passed", "start": 1694675680307, "stop": 1694675680534}, {"name": "clicking to \"Authorize\" button", "status": "passed", "start": 1694675680534, "stop": 1694675680785}, {"name": "click to \"to pay\" button in clients account - My schedule page", "status": "broken", "statusDetails": {"message": "selenium.common.exceptions.TimeoutException: Message: \nStacktrace:\nBacktrace:\n\tGetHandleVerifier [0x00007FF7C4FE3E62+57250]\n\t(No symbol) [0x00007FF7C4F5BC02]\n\t(No symbol) [0x00007FF7C4E2E0BB]\n\t(No symbol) [0x00007FF7C4E6765E]\n\t(No symbol) [0x00007FF7C4E6774C]\n\t(No symbol) [0x00007FF7C4EA0267]\n\t(No symbol) [0x00007FF7C4E867EF]\n\t(No symbol) [0x00007FF7C4E9E312]\n\t(No symbol) [0x00007FF7C4E86583]\n\t(No symbol) [0x00007FF7C4E5CC71]\n\t(No symbol) [0x00007FF7C4E5DE54]\n\tGetHandleVerifier [0x00007FF7C5294CF2+2879026]\n\tGetHandleVerifier [0x00007FF7C52E6F30+3215472]\n\tGetHandleVerifier [0x00007FF7C52DFD4F+3186319]\n\tGetHandleVerifier [0x00007FF7C5075505+652869]\n\t(No symbol) [0x00007FF7C4F67518]\n\t(No symbol) [0x00007FF7C4F635F4]\n\t(No symbol) [0x00007FF7C4F636EC]\n\t(No symbol) [0x00007FF7C4F538E3]\n\tBaseThreadInitThunk [0x00007FFD63ED7344+20]\n\tRtlUserThreadStart [0x00007FFD659C26B1+33]\n\n", "trace": "  File \"C:\\Users\\Owner\\PycharmProjects\\LifeHelp\\venv\\lib\\site-packages\\allure_commons\\_allure.py\", line 192, in impl\n    return func(*a, **kw)\n  File \"C:\\Users\\Owner\\PycharmProjects\\LifeHelp\\pages\\authorization_page.py\", line 1128, in click_to_pay_btn_order_my_schedule_page\n    self.to_click(AuthorizationLocators.TO_PAY_BUTTON_ORDER_ACCOUNT_PAGE)\n  File \"C:\\Users\\Owner\\PycharmProjects\\LifeHelp\\base\\base_object.py\", line 32, in to_click\n    self.is_clickable(locator).click()\n  File \"C:\\Users\\Owner\\PycharmProjects\\LifeHelp\\base\\base_object.py\", line 24, in is_clickable\n    return self.wait.until(ec.element_to_be_clickable(locator))\n  File \"C:\\Users\\Owner\\PycharmProjects\\LifeHelp\\venv\\lib\\site-packages\\selenium\\webdriver\\support\\wait.py\", line 95, in until\n    raise TimeoutException(message, screen, stacktrace)\n"}, "start": 1694675680786, "stop": 1694675686074}], "start": 1694675676178, "stop": 1694675686105, "uuid": "f372edbc-0da5-4f4c-905d-7746b4178066", "historyId": "0619eac3eaebcd63842b37a448a0a402", "testCaseId": "6044c57f750e73f89e494db1fb1ec77c", "fullName": "tests.test_authorization#test_buy_order_by_package_short_pathway", "labels": [{"name": "parentSuite", "value": "tests"}, {"name": "suite", "value": "test_authorization"}, {"name": "host", "value": "DESKTOP-MNCDD93"}, {"name": "thread", "value": "17844-MainThread"}, {"name": "framework", "value": "pytest"}, {"name": "language", "value": "cpython3"}, {"name": "package", "value": "tests.test_authorization"}]}