{"name": "test_pay_buy_session_by_package", "status": "broken", "statusDetails": {"message": "selenium.common.exceptions.TimeoutException: Message: \nStacktrace:\nBacktrace:\n\tGetHandleVerifier [0x00007FF6E0383E62+57250]\n\t(No symbol) [0x00007FF6E02FBC02]\n\t(No symbol) [0x00007FF6E01CE0BB]\n\t(No symbol) [0x00007FF6E020765E]\n\t(No symbol) [0x00007FF6E020774C]\n\t(No symbol) [0x00007FF6E0240267]\n\t(No symbol) [0x00007FF6E02267EF]\n\t(No symbol) [0x00007FF6E023E312]\n\t(No symbol) [0x00007FF6E0226583]\n\t(No symbol) [0x00007FF6E01FCC71]\n\t(No symbol) [0x00007FF6E01FDE54]\n\tGetHandleVerifier [0x00007FF6E0634CF2+2879026]\n\tGetHandleVerifier [0x00007FF6E0686F30+3215472]\n\tGetHandleVerifier [0x00007FF6E067FD4F+3186319]\n\tGetHandleVerifier [0x00007FF6E0415505+652869]\n\t(No symbol) [0x00007FF6E0307518]\n\t(No symbol) [0x00007FF6E03035F4]\n\t(No symbol) [0x00007FF6E03036EC]\n\t(No symbol) [0x00007FF6E02F38E3]\n\tBaseThreadInitThunk [0x00007FFE057C7614+20]\n\tRtlUserThreadStart [0x00007FFE061626B1+33]", "trace": "authorization_page = <pages.authorization_page.AuthorizationPage object at 0x000001EEB55A2470>\n\n    def test_pay_buy_session_by_package(authorization_page):\n        authorization_page.click_to_login_button()\n        authorization_page.click_to_login_w_password_button()\n        authorization_page.set_email_email()\n        authorization_page.set_password_pass()\n        authorization_page.click_to_authorize_button()\n        authorization_page.click_terminated_sessions_title()\n        authorization_page.click_order_session_again_button()\n        authorization_page.select_time_session_schedule_psychologist()\n        authorization_page.click_rapid_go_payment_btn()\n>       authorization_page.verify_presence_package_test_payment_page()\n\ntests\\test_authorization.py:586: \n_ _ _ _ _ _ _ _ _ _ _ _ _ _ _ _ _ _ _ _ _ _ _ _ _ _ _ _ _ _ _ _ _ _ _ _ _ _ _ _ _ _ _ _ _ _ _ _ _ _ _ _ _ _ _ _ _ _ _ _ _ _ _ _ _ _ _ _ _ _ _ _ _ _ _ \npages\\authorization_page.py:853: in verify_presence_package_test_payment_page\n    actual_result = self.get_text_title_of_element(AuthorizationLocators.PACKAGE_TEST_NAME_PAYMENT_PAGE)\nbase\\base_object.py:26: in get_text_title_of_element\n    return self.is_visible(locator).text\nbase\\base_object.py:11: in is_visible\n    return self.wait.until(ec.visibility_of_element_located(locator))\n_ _ _ _ _ _ _ _ _ _ _ _ _ _ _ _ _ _ _ _ _ _ _ _ _ _ _ _ _ _ _ _ _ _ _ _ _ _ _ _ _ _ _ _ _ _ _ _ _ _ _ _ _ _ _ _ _ _ _ _ _ _ _ _ _ _ _ _ _ _ _ _ _ _ _ \n\nself = <selenium.webdriver.support.wait.WebDriverWait (session=\"85e51de6d040c33677e563063de03c8e\")>\nmethod = <function visibility_of_element_located.<locals>._predicate at 0x000001EEB4BF4DC0>, message = ''\n\n    def until(self, method, message: str = \"\"):\n        \"\"\"Calls the method provided with the driver as an argument until the \\\n        return value does not evaluate to ``False``.\n    \n        :param method: callable(WebDriver)\n        :param message: optional message for :exc:`TimeoutException`\n        :returns: the result of the last call to `method`\n        :raises: :exc:`selenium.common.exceptions.TimeoutException` if timeout occurs\n        \"\"\"\n        screen = None\n        stacktrace = None\n    \n        end_time = time.monotonic() + self._timeout\n        while True:\n            try:\n                value = method(self._driver)\n                if value:\n                    return value\n            except self._ignored_exceptions as exc:\n                screen = getattr(exc, \"screen\", None)\n                stacktrace = getattr(exc, \"stacktrace\", None)\n            time.sleep(self._poll)\n            if time.monotonic() > end_time:\n                break\n>       raise TimeoutException(message, screen, stacktrace)\nE       selenium.common.exceptions.TimeoutException: Message: \nE       Stacktrace:\nE       Backtrace:\nE       \tGetHandleVerifier [0x00007FF6E0383E62+57250]\nE       \t(No symbol) [0x00007FF6E02FBC02]\nE       \t(No symbol) [0x00007FF6E01CE0BB]\nE       \t(No symbol) [0x00007FF6E020765E]\nE       \t(No symbol) [0x00007FF6E020774C]\nE       \t(No symbol) [0x00007FF6E0240267]\nE       \t(No symbol) [0x00007FF6E02267EF]\nE       \t(No symbol) [0x00007FF6E023E312]\nE       \t(No symbol) [0x00007FF6E0226583]\nE       \t(No symbol) [0x00007FF6E01FCC71]\nE       \t(No symbol) [0x00007FF6E01FDE54]\nE       \tGetHandleVerifier [0x00007FF6E0634CF2+2879026]\nE       \tGetHandleVerifier [0x00007FF6E0686F30+3215472]\nE       \tGetHandleVerifier [0x00007FF6E067FD4F+3186319]\nE       \tGetHandleVerifier [0x00007FF6E0415505+652869]\nE       \t(No symbol) [0x00007FF6E0307518]\nE       \t(No symbol) [0x00007FF6E03035F4]\nE       \t(No symbol) [0x00007FF6E03036EC]\nE       \t(No symbol) [0x00007FF6E02F38E3]\nE       \tBaseThreadInitThunk [0x00007FFE057C7614+20]\nE       \tRtlUserThreadStart [0x00007FFE061626B1+33]\n\nvenv\\lib\\site-packages\\selenium\\webdriver\\support\\wait.py:95: TimeoutException"}, "steps": [{"name": "clicking to \"Login\" button", "status": "passed", "start": 1692079742566, "stop": 1692079747937}, {"name": "clicking to \"Login with password\" button", "status": "passed", "start": 1692079747937, "stop": 1692079748336}, {"name": "set up password", "status": "passed", "start": 1692079748968, "stop": 1692079749313}, {"name": "clicking to \"Authorize\" button", "status": "passed", "start": 1692079749313, "stop": 1692079749556}, {"name": "click terminated sessions title in client account", "status": "passed", "start": 1692079749556, "stop": 1692079754087}, {"name": "click order session again in client account", "status": "passed", "start": 1692079754087, "stop": 1692079757164}, {"name": "select the nearest time for second session", "status": "passed", "start": 1692079757164, "stop": 1692079758568}, {"name": "click to \"go to payment\" button", "status": "passed", "start": 1692079758568, "stop": 1692079761082}, {"name": "verify presence of the package 54 on the payment page ", "status": "broken", "statusDetails": {"message": "selenium.common.exceptions.TimeoutException: Message: \nStacktrace:\nBacktrace:\n\tGetHandleVerifier [0x00007FF6E0383E62+57250]\n\t(No symbol) [0x00007FF6E02FBC02]\n\t(No symbol) [0x00007FF6E01CE0BB]\n\t(No symbol) [0x00007FF6E020765E]\n\t(No symbol) [0x00007FF6E020774C]\n\t(No symbol) [0x00007FF6E0240267]\n\t(No symbol) [0x00007FF6E02267EF]\n\t(No symbol) [0x00007FF6E023E312]\n\t(No symbol) [0x00007FF6E0226583]\n\t(No symbol) [0x00007FF6E01FCC71]\n\t(No symbol) [0x00007FF6E01FDE54]\n\tGetHandleVerifier [0x00007FF6E0634CF2+2879026]\n\tGetHandleVerifier [0x00007FF6E0686F30+3215472]\n\tGetHandleVerifier [0x00007FF6E067FD4F+3186319]\n\tGetHandleVerifier [0x00007FF6E0415505+652869]\n\t(No symbol) [0x00007FF6E0307518]\n\t(No symbol) [0x00007FF6E03035F4]\n\t(No symbol) [0x00007FF6E03036EC]\n\t(No symbol) [0x00007FF6E02F38E3]\n\tBaseThreadInitThunk [0x00007FFE057C7614+20]\n\tRtlUserThreadStart [0x00007FFE061626B1+33]\n\n", "trace": "  File \"C:\\Users\\Owner\\PycharmProjects\\LifeHelp\\venv\\lib\\site-packages\\allure_commons\\_allure.py\", line 192, in impl\n    return func(*a, **kw)\n  File \"C:\\Users\\Owner\\PycharmProjects\\LifeHelp\\pages\\authorization_page.py\", line 853, in verify_presence_package_test_payment_page\n    actual_result = self.get_text_title_of_element(AuthorizationLocators.PACKAGE_TEST_NAME_PAYMENT_PAGE)\n  File \"C:\\Users\\Owner\\PycharmProjects\\LifeHelp\\base\\base_object.py\", line 26, in get_text_title_of_element\n    return self.is_visible(locator).text\n  File \"C:\\Users\\Owner\\PycharmProjects\\LifeHelp\\base\\base_object.py\", line 11, in is_visible\n    return self.wait.until(ec.visibility_of_element_located(locator))\n  File \"C:\\Users\\Owner\\PycharmProjects\\LifeHelp\\venv\\lib\\site-packages\\selenium\\webdriver\\support\\wait.py\", line 95, in until\n    raise TimeoutException(message, screen, stacktrace)\n"}, "start": 1692079761083, "stop": 1692079766106}], "start": 1692079742565, "stop": 1692079766107, "uuid": "652bc881-855e-42b5-9323-cf42a0e87acc", "historyId": "356da1a49fcf608efb373a1383122ab3", "testCaseId": "570b6b04818c510dfda6001b0dfabc19", "fullName": "tests.test_authorization#test_pay_buy_session_by_package", "labels": [{"name": "parentSuite", "value": "tests"}, {"name": "suite", "value": "test_authorization"}, {"name": "host", "value": "DESKTOP-MNCDD93"}, {"name": "thread", "value": "25632-MainThread"}, {"name": "framework", "value": "pytest"}, {"name": "language", "value": "cpython3"}, {"name": "package", "value": "tests.test_authorization"}]}