{"name": "test_pay_buy_session_by_package_54", "status": "broken", "statusDetails": {"message": "selenium.common.exceptions.TimeoutException: Message: \nStacktrace:\nBacktrace:\n\tGetHandleVerifier [0x00007FF6E6B23E62+57250]\n\t(No symbol) [0x00007FF6E6A9BC02]\n\t(No symbol) [0x00007FF6E696E0BB]\n\t(No symbol) [0x00007FF6E69A765E]\n\t(No symbol) [0x00007FF6E69A774C]\n\t(No symbol) [0x00007FF6E69E0267]\n\t(No symbol) [0x00007FF6E69C67EF]\n\t(No symbol) [0x00007FF6E69DE312]\n\t(No symbol) [0x00007FF6E69C6583]\n\t(No symbol) [0x00007FF6E699CC71]\n\t(No symbol) [0x00007FF6E699DE54]\n\tGetHandleVerifier [0x00007FF6E6DD4CF2+2879026]\n\tGetHandleVerifier [0x00007FF6E6E26F30+3215472]\n\tGetHandleVerifier [0x00007FF6E6E1FD4F+3186319]\n\tGetHandleVerifier [0x00007FF6E6BB5505+652869]\n\t(No symbol) [0x00007FF6E6AA7518]\n\t(No symbol) [0x00007FF6E6AA35F4]\n\t(No symbol) [0x00007FF6E6AA36EC]\n\t(No symbol) [0x00007FF6E6A938E3]\n\tBaseThreadInitThunk [0x00007FFF1B0A7614+20]\n\tRtlUserThreadStart [0x00007FFF1B8426B1+33]", "trace": "authorization_page = <pages.authorization_page.AuthorizationPage object at 0x000001C4854083D0>\n\n    def test_pay_buy_session_by_package_54(authorization_page):\n        authorization_page.click_to_login_button()\n        authorization_page.click_to_login_w_password_button()\n        authorization_page.set_email_email()\n        authorization_page.set_password_pass()\n        authorization_page.click_to_authorize_button()\n        authorization_page.click_terminated_sessions_title()\n        authorization_page.click_order_session_again_button()\n        authorization_page.select_time_session_schedule_psychologist()\n        authorization_page.click_rapid_go_payment_btn()\n>       authorization_page.verify_presence_package_54_payment_page()\n\ntests\\test_authorization.py:585: \n_ _ _ _ _ _ _ _ _ _ _ _ _ _ _ _ _ _ _ _ _ _ _ _ _ _ _ _ _ _ _ _ _ _ _ _ _ _ _ _ _ _ _ _ _ _ _ _ _ _ _ _ _ _ _ _ _ _ _ _ _ _ _ _ _ _ _ _ _ _ _ _ _ _ _ \npages\\authorization_page.py:826: in verify_presence_package_54_payment_page\n    actual_result = self.get_text_title_of_element(AuthorizationLocators.PACKAGE_54_NAME_PAYMENT_PAGE)\nbase\\base_object.py:26: in get_text_title_of_element\n    return self.is_visible(locator).text\nbase\\base_object.py:11: in is_visible\n    return self.wait.until(ec.visibility_of_element_located(locator))\n_ _ _ _ _ _ _ _ _ _ _ _ _ _ _ _ _ _ _ _ _ _ _ _ _ _ _ _ _ _ _ _ _ _ _ _ _ _ _ _ _ _ _ _ _ _ _ _ _ _ _ _ _ _ _ _ _ _ _ _ _ _ _ _ _ _ _ _ _ _ _ _ _ _ _ \n\nself = <selenium.webdriver.support.wait.WebDriverWait (session=\"f993a1fb2560da47f71b648a69b30892\")>\nmethod = <function visibility_of_element_located.<locals>._predicate at 0x000001C484A1A9E0>, message = ''\n\n    def until(self, method, message: str = \"\"):\n        \"\"\"Calls the method provided with the driver as an argument until the \\\n        return value does not evaluate to ``False``.\n    \n        :param method: callable(WebDriver)\n        :param message: optional message for :exc:`TimeoutException`\n        :returns: the result of the last call to `method`\n        :raises: :exc:`selenium.common.exceptions.TimeoutException` if timeout occurs\n        \"\"\"\n        screen = None\n        stacktrace = None\n    \n        end_time = time.monotonic() + self._timeout\n        while True:\n            try:\n                value = method(self._driver)\n                if value:\n                    return value\n            except self._ignored_exceptions as exc:\n                screen = getattr(exc, \"screen\", None)\n                stacktrace = getattr(exc, \"stacktrace\", None)\n            time.sleep(self._poll)\n            if time.monotonic() > end_time:\n                break\n>       raise TimeoutException(message, screen, stacktrace)\nE       selenium.common.exceptions.TimeoutException: Message: \nE       Stacktrace:\nE       Backtrace:\nE       \tGetHandleVerifier [0x00007FF6E6B23E62+57250]\nE       \t(No symbol) [0x00007FF6E6A9BC02]\nE       \t(No symbol) [0x00007FF6E696E0BB]\nE       \t(No symbol) [0x00007FF6E69A765E]\nE       \t(No symbol) [0x00007FF6E69A774C]\nE       \t(No symbol) [0x00007FF6E69E0267]\nE       \t(No symbol) [0x00007FF6E69C67EF]\nE       \t(No symbol) [0x00007FF6E69DE312]\nE       \t(No symbol) [0x00007FF6E69C6583]\nE       \t(No symbol) [0x00007FF6E699CC71]\nE       \t(No symbol) [0x00007FF6E699DE54]\nE       \tGetHandleVerifier [0x00007FF6E6DD4CF2+2879026]\nE       \tGetHandleVerifier [0x00007FF6E6E26F30+3215472]\nE       \tGetHandleVerifier [0x00007FF6E6E1FD4F+3186319]\nE       \tGetHandleVerifier [0x00007FF6E6BB5505+652869]\nE       \t(No symbol) [0x00007FF6E6AA7518]\nE       \t(No symbol) [0x00007FF6E6AA35F4]\nE       \t(No symbol) [0x00007FF6E6AA36EC]\nE       \t(No symbol) [0x00007FF6E6A938E3]\nE       \tBaseThreadInitThunk [0x00007FFF1B0A7614+20]\nE       \tRtlUserThreadStart [0x00007FFF1B8426B1+33]\n\nvenv\\lib\\site-packages\\selenium\\webdriver\\support\\wait.py:95: TimeoutException"}, "steps": [{"name": "clicking to \"Login\" button", "status": "passed", "start": 1691386903722, "stop": 1691386907163}, {"name": "clicking to \"Login with password\" button", "status": "passed", "start": 1691386907163, "stop": 1691386907318}, {"name": "set up password", "status": "passed", "start": 1691386907777, "stop": 1691386908003}, {"name": "clicking to \"Authorize\" button", "status": "passed", "start": 1691386908003, "stop": 1691386908163}, {"name": "click terminated sessions title in client account", "status": "passed", "start": 1691386908163, "stop": 1691386911259}, {"name": "click order session again in client account", "status": "passed", "start": 1691386911259, "stop": 1691386912816}, {"name": "select the nearest time for second session", "status": "passed", "start": 1691386912816, "stop": 1691386913620}, {"name": "click to \"go to payment\" button", "status": "passed", "start": 1691386913620, "stop": 1691386915244}, {"name": "verify presence of the package 54 on the payment page ", "status": "broken", "statusDetails": {"message": "selenium.common.exceptions.TimeoutException: Message: \nStacktrace:\nBacktrace:\n\tGetHandleVerifier [0x00007FF6E6B23E62+57250]\n\t(No symbol) [0x00007FF6E6A9BC02]\n\t(No symbol) [0x00007FF6E696E0BB]\n\t(No symbol) [0x00007FF6E69A765E]\n\t(No symbol) [0x00007FF6E69A774C]\n\t(No symbol) [0x00007FF6E69E0267]\n\t(No symbol) [0x00007FF6E69C67EF]\n\t(No symbol) [0x00007FF6E69DE312]\n\t(No symbol) [0x00007FF6E69C6583]\n\t(No symbol) [0x00007FF6E699CC71]\n\t(No symbol) [0x00007FF6E699DE54]\n\tGetHandleVerifier [0x00007FF6E6DD4CF2+2879026]\n\tGetHandleVerifier [0x00007FF6E6E26F30+3215472]\n\tGetHandleVerifier [0x00007FF6E6E1FD4F+3186319]\n\tGetHandleVerifier [0x00007FF6E6BB5505+652869]\n\t(No symbol) [0x00007FF6E6AA7518]\n\t(No symbol) [0x00007FF6E6AA35F4]\n\t(No symbol) [0x00007FF6E6AA36EC]\n\t(No symbol) [0x00007FF6E6A938E3]\n\tBaseThreadInitThunk [0x00007FFF1B0A7614+20]\n\tRtlUserThreadStart [0x00007FFF1B8426B1+33]\n\n", "trace": "  File \"C:\\Users\\Owner\\PycharmProjects\\LifeHelp\\venv\\lib\\site-packages\\allure_commons\\_allure.py\", line 192, in impl\n    return func(*a, **kw)\n  File \"C:\\Users\\Owner\\PycharmProjects\\LifeHelp\\pages\\authorization_page.py\", line 826, in verify_presence_package_54_payment_page\n    actual_result = self.get_text_title_of_element(AuthorizationLocators.PACKAGE_54_NAME_PAYMENT_PAGE)\n  File \"C:\\Users\\Owner\\PycharmProjects\\LifeHelp\\base\\base_object.py\", line 26, in get_text_title_of_element\n    return self.is_visible(locator).text\n  File \"C:\\Users\\Owner\\PycharmProjects\\LifeHelp\\base\\base_object.py\", line 11, in is_visible\n    return self.wait.until(ec.visibility_of_element_located(locator))\n  File \"C:\\Users\\Owner\\PycharmProjects\\LifeHelp\\venv\\lib\\site-packages\\selenium\\webdriver\\support\\wait.py\", line 95, in until\n    raise TimeoutException(message, screen, stacktrace)\n"}, "start": 1691386915244, "stop": 1691386920563}], "start": 1691386903722, "stop": 1691386920565, "uuid": "f7494a74-6601-4601-87d3-4a895eac4349", "historyId": "8adc2850f0a81fd24722420875bb769a", "testCaseId": "0e3f6aeb6ecdf30335f3f8e3fc6df802", "fullName": "tests.test_authorization#test_pay_buy_session_by_package_54", "labels": [{"name": "parentSuite", "value": "tests"}, {"name": "suite", "value": "test_authorization"}, {"name": "host", "value": "DESKTOP-MNCDD93"}, {"name": "thread", "value": "12096-MainThread"}, {"name": "framework", "value": "pytest"}, {"name": "language", "value": "cpython3"}, {"name": "package", "value": "tests.test_authorization"}]}