{"name": "test_deny_payment_automatic_order", "status": "broken", "statusDetails": {"message": "selenium.common.exceptions.TimeoutException: Message: \nStacktrace:\nBacktrace:\n\tGetHandleVerifier [0x0033A813+48355]\n\t(No symbol) [0x002CC4B1]\n\t(No symbol) [0x001D5358]\n\t(No symbol) [0x002009A5]\n\t(No symbol) [0x00200B3B]\n\t(No symbol) [0x0022E232]\n\t(No symbol) [0x0021A784]\n\t(No symbol) [0x0022C922]\n\t(No symbol) [0x0021A536]\n\t(No symbol) [0x001F82DC]\n\t(No symbol) [0x001F93DD]\n\tGetHandleVerifier [0x0059AABD+2539405]\n\tGetHandleVerifier [0x005DA78F+2800735]\n\tGetHandleVerifier [0x005D456C+2775612]\n\tGetHandleVerifier [0x003C51E0+616112]\n\t(No symbol) [0x002D5F8C]\n\t(No symbol) [0x002D2328]\n\t(No symbol) [0x002D240B]\n\t(No symbol) [0x002C4FF7]\n\tBaseThreadInitThunk [0x759B00C9+25]\n\tRtlGetAppContainerNamedObjectPath [0x77B57B1E+286]\n\tRtlGetAppContainerNamedObjectPath [0x77B57AEE+238]", "trace": "authorization_page = <pages.authorization_page.AuthorizationPage object at 0x000001B37B7BEDA0>\n\n    def test_deny_payment_automatic_order(authorization_page):\n        authorization_page.click_to_login_button()\n        authorization_page.click_to_login_w_password_button()\n        authorization_page.set_email_email()\n        authorization_page.set_password_pass()\n        authorization_page.click_to_authorize_button()\n        authorization_page.click_to_three_dots_button_ordered_session()\n>       authorization_page.click_to_deny_payment_ordered_session_drop_down()\n\ntests\\test_authorization.py:380: \n_ _ _ _ _ _ _ _ _ _ _ _ _ _ _ _ _ _ _ _ _ _ _ _ _ _ _ _ _ _ _ _ _ _ _ _ _ _ _ _ _ _ _ _ _ _ _ _ _ _ _ _ _ _ _ _ _ _ _ _ _ _ _ _ _ _ _ _ _ _ _ _ _ _ _ \npages\\authorization_page.py:520: in click_to_deny_payment_ordered_session_drop_down\n    self.to_click(AuthorizationLocators.DENY_ORDER_PAYMENT_DROP_DOWN_LINK)\nbase\\base_object.py:17: in to_click\n    self.is_clickable(locator).click()\nbase\\base_object.py:14: in is_clickable\n    return self.wait.until(ec.element_to_be_clickable(locator))\n_ _ _ _ _ _ _ _ _ _ _ _ _ _ _ _ _ _ _ _ _ _ _ _ _ _ _ _ _ _ _ _ _ _ _ _ _ _ _ _ _ _ _ _ _ _ _ _ _ _ _ _ _ _ _ _ _ _ _ _ _ _ _ _ _ _ _ _ _ _ _ _ _ _ _ \n\nself = <selenium.webdriver.support.wait.WebDriverWait (session=\"0837cde7dbb1eb953197f099ccbd5e9a\")>\nmethod = <function element_to_be_clickable.<locals>._predicate at 0x000001B37AF05240>, message = ''\n\n    def until(self, method, message: str = \"\"):\n        \"\"\"Calls the method provided with the driver as an argument until the \\\n        return value does not evaluate to ``False``.\n    \n        :param method: callable(WebDriver)\n        :param message: optional message for :exc:`TimeoutException`\n        :returns: the result of the last call to `method`\n        :raises: :exc:`selenium.common.exceptions.TimeoutException` if timeout occurs\n        \"\"\"\n        screen = None\n        stacktrace = None\n    \n        end_time = time.monotonic() + self._timeout\n        while True:\n            try:\n                value = method(self._driver)\n                if value:\n                    return value\n            except self._ignored_exceptions as exc:\n                screen = getattr(exc, \"screen\", None)\n                stacktrace = getattr(exc, \"stacktrace\", None)\n            time.sleep(self._poll)\n            if time.monotonic() > end_time:\n                break\n>       raise TimeoutException(message, screen, stacktrace)\nE       selenium.common.exceptions.TimeoutException: Message: \nE       Stacktrace:\nE       Backtrace:\nE       \tGetHandleVerifier [0x0033A813+48355]\nE       \t(No symbol) [0x002CC4B1]\nE       \t(No symbol) [0x001D5358]\nE       \t(No symbol) [0x002009A5]\nE       \t(No symbol) [0x00200B3B]\nE       \t(No symbol) [0x0022E232]\nE       \t(No symbol) [0x0021A784]\nE       \t(No symbol) [0x0022C922]\nE       \t(No symbol) [0x0021A536]\nE       \t(No symbol) [0x001F82DC]\nE       \t(No symbol) [0x001F93DD]\nE       \tGetHandleVerifier [0x0059AABD+2539405]\nE       \tGetHandleVerifier [0x005DA78F+2800735]\nE       \tGetHandleVerifier [0x005D456C+2775612]\nE       \tGetHandleVerifier [0x003C51E0+616112]\nE       \t(No symbol) [0x002D5F8C]\nE       \t(No symbol) [0x002D2328]\nE       \t(No symbol) [0x002D240B]\nE       \t(No symbol) [0x002C4FF7]\nE       \tBaseThreadInitThunk [0x759B00C9+25]\nE       \tRtlGetAppContainerNamedObjectPath [0x77B57B1E+286]\nE       \tRtlGetAppContainerNamedObjectPath [0x77B57AEE+238]\n\nvenv\\lib\\site-packages\\selenium\\webdriver\\support\\wait.py:95: TimeoutException"}, "steps": [{"name": "clicking to \"Login\" button", "status": "passed", "start": 1690260599906, "stop": 1690260603739}, {"name": "clicking to \"Login with password\" button", "status": "passed", "start": 1690260603739, "stop": 1690260603952}, {"name": "set up password", "status": "passed", "start": 1690260604408, "stop": 1690260604682}, {"name": "clicking to \"Authorize\" button", "status": "passed", "start": 1690260604682, "stop": 1690260604840}, {"name": "click to \"3 dots\" button on automatic order session", "status": "passed", "start": 1690260604840, "stop": 1690260608575}, {"name": "click to \"deny order payment\" button on drop down link from three dots in ordered session", "status": "broken", "statusDetails": {"message": "selenium.common.exceptions.TimeoutException: Message: \nStacktrace:\nBacktrace:\n\tGetHandleVerifier [0x0033A813+48355]\n\t(No symbol) [0x002CC4B1]\n\t(No symbol) [0x001D5358]\n\t(No symbol) [0x002009A5]\n\t(No symbol) [0x00200B3B]\n\t(No symbol) [0x0022E232]\n\t(No symbol) [0x0021A784]\n\t(No symbol) [0x0022C922]\n\t(No symbol) [0x0021A536]\n\t(No symbol) [0x001F82DC]\n\t(No symbol) [0x001F93DD]\n\tGetHandleVerifier [0x0059AABD+2539405]\n\tGetHandleVerifier [0x005DA78F+2800735]\n\tGetHandleVerifier [0x005D456C+2775612]\n\tGetHandleVerifier [0x003C51E0+616112]\n\t(No symbol) [0x002D5F8C]\n\t(No symbol) [0x002D2328]\n\t(No symbol) [0x002D240B]\n\t(No symbol) [0x002C4FF7]\n\tBaseThreadInitThunk [0x759B00C9+25]\n\tRtlGetAppContainerNamedObjectPath [0x77B57B1E+286]\n\tRtlGetAppContainerNamedObjectPath [0x77B57AEE+238]\n\n", "trace": "  File \"C:\\Users\\Owner\\PycharmProjects\\LifeHelp\\venv\\lib\\site-packages\\allure_commons\\_allure.py\", line 192, in impl\n    return func(*a, **kw)\n  File \"C:\\Users\\Owner\\PycharmProjects\\LifeHelp\\pages\\authorization_page.py\", line 520, in click_to_deny_payment_ordered_session_drop_down\n    self.to_click(AuthorizationLocators.DENY_ORDER_PAYMENT_DROP_DOWN_LINK)\n  File \"C:\\Users\\Owner\\PycharmProjects\\LifeHelp\\base\\base_object.py\", line 17, in to_click\n    self.is_clickable(locator).click()\n  File \"C:\\Users\\Owner\\PycharmProjects\\LifeHelp\\base\\base_object.py\", line 14, in is_clickable\n    return self.wait.until(ec.element_to_be_clickable(locator))\n  File \"C:\\Users\\Owner\\PycharmProjects\\LifeHelp\\venv\\lib\\site-packages\\selenium\\webdriver\\support\\wait.py\", line 95, in until\n    raise TimeoutException(message, screen, stacktrace)\n"}, "start": 1690260608575, "stop": 1690260614043}], "start": 1690260599906, "stop": 1690260614047, "uuid": "b0fee42e-bf5d-4ce5-a49a-c63a770c3bd8", "historyId": "f3cabf34790ed74f83b78bd0af6c9640", "testCaseId": "937c0cf717d47dfb2c87a25ca33999b4", "fullName": "tests.test_authorization#test_deny_payment_automatic_order", "labels": [{"name": "parentSuite", "value": "tests"}, {"name": "suite", "value": "test_authorization"}, {"name": "host", "value": "DESKTOP-MNCDD93"}, {"name": "thread", "value": "21068-MainThread"}, {"name": "framework", "value": "pytest"}, {"name": "language", "value": "cpython3"}, {"name": "package", "value": "tests.test_authorization"}]}