{"name": "test_reschedule_automatic_order", "status": "broken", "statusDetails": {"message": "selenium.common.exceptions.TimeoutException: Message: \nStacktrace:\nBacktrace:\n\tGetHandleVerifier [0x0058A813+48355]\n\t(No symbol) [0x0051C4B1]\n\t(No symbol) [0x00425358]\n\t(No symbol) [0x004509A5]\n\t(No symbol) [0x00450B3B]\n\t(No symbol) [0x0047E232]\n\t(No symbol) [0x0046A784]\n\t(No symbol) [0x0047C922]\n\t(No symbol) [0x0046A536]\n\t(No symbol) [0x004482DC]\n\t(No symbol) [0x004493DD]\n\tGetHandleVerifier [0x007EAABD+2539405]\n\tGetHandleVerifier [0x0082A78F+2800735]\n\tGetHandleVerifier [0x0082456C+2775612]\n\tGetHandleVerifier [0x006151E0+616112]\n\t(No symbol) [0x00525F8C]\n\t(No symbol) [0x00522328]\n\t(No symbol) [0x0052240B]\n\t(No symbol) [0x00514FF7]\n\tBaseThreadInitThunk [0x759B00C9+25]\n\tRtlGetAppContainerNamedObjectPath [0x77B57B1E+286]\n\tRtlGetAppContainerNamedObjectPath [0x77B57AEE+238]", "trace": "authorization_page = <pages.authorization_page.AuthorizationPage object at 0x000001F43F9B3CA0>\n\n    def test_reschedule_automatic_order(authorization_page):\n        authorization_page.click_to_login_button()\n        authorization_page.click_to_login_w_password_button()\n        authorization_page.set_email_email()\n        authorization_page.set_password_pass()\n        authorization_page.click_to_authorize_button()\n>       authorization_page.click_to_three_dots_button_ordered_session()\n\ntests\\test_authorization.py:366: \n_ _ _ _ _ _ _ _ _ _ _ _ _ _ _ _ _ _ _ _ _ _ _ _ _ _ _ _ _ _ _ _ _ _ _ _ _ _ _ _ _ _ _ _ _ _ _ _ _ _ _ _ _ _ _ _ _ _ _ _ _ _ _ _ _ _ _ _ _ _ _ _ _ _ _ \npages\\authorization_page.py:524: in click_to_three_dots_button_ordered_session\n    self.to_click(AuthorizationLocators.THREE_DOTS_ORDERED_SESSION)\nbase\\base_object.py:17: in to_click\n    self.is_clickable(locator).click()\nbase\\base_object.py:14: in is_clickable\n    return self.wait.until(ec.element_to_be_clickable(locator))\n_ _ _ _ _ _ _ _ _ _ _ _ _ _ _ _ _ _ _ _ _ _ _ _ _ _ _ _ _ _ _ _ _ _ _ _ _ _ _ _ _ _ _ _ _ _ _ _ _ _ _ _ _ _ _ _ _ _ _ _ _ _ _ _ _ _ _ _ _ _ _ _ _ _ _ \n\nself = <selenium.webdriver.support.wait.WebDriverWait (session=\"b8733b53872d585ccf9dcc10ce4addbf\")>\nmethod = <function element_to_be_clickable.<locals>._predicate at 0x000001F43F8CF9A0>, message = ''\n\n    def until(self, method, message: str = \"\"):\n        \"\"\"Calls the method provided with the driver as an argument until the \\\n        return value does not evaluate to ``False``.\n    \n        :param method: callable(WebDriver)\n        :param message: optional message for :exc:`TimeoutException`\n        :returns: the result of the last call to `method`\n        :raises: :exc:`selenium.common.exceptions.TimeoutException` if timeout occurs\n        \"\"\"\n        screen = None\n        stacktrace = None\n    \n        end_time = time.monotonic() + self._timeout\n        while True:\n            try:\n                value = method(self._driver)\n                if value:\n                    return value\n            except self._ignored_exceptions as exc:\n                screen = getattr(exc, \"screen\", None)\n                stacktrace = getattr(exc, \"stacktrace\", None)\n            time.sleep(self._poll)\n            if time.monotonic() > end_time:\n                break\n>       raise TimeoutException(message, screen, stacktrace)\nE       selenium.common.exceptions.TimeoutException: Message: \nE       Stacktrace:\nE       Backtrace:\nE       \tGetHandleVerifier [0x0058A813+48355]\nE       \t(No symbol) [0x0051C4B1]\nE       \t(No symbol) [0x00425358]\nE       \t(No symbol) [0x004509A5]\nE       \t(No symbol) [0x00450B3B]\nE       \t(No symbol) [0x0047E232]\nE       \t(No symbol) [0x0046A784]\nE       \t(No symbol) [0x0047C922]\nE       \t(No symbol) [0x0046A536]\nE       \t(No symbol) [0x004482DC]\nE       \t(No symbol) [0x004493DD]\nE       \tGetHandleVerifier [0x007EAABD+2539405]\nE       \tGetHandleVerifier [0x0082A78F+2800735]\nE       \tGetHandleVerifier [0x0082456C+2775612]\nE       \tGetHandleVerifier [0x006151E0+616112]\nE       \t(No symbol) [0x00525F8C]\nE       \t(No symbol) [0x00522328]\nE       \t(No symbol) [0x0052240B]\nE       \t(No symbol) [0x00514FF7]\nE       \tBaseThreadInitThunk [0x759B00C9+25]\nE       \tRtlGetAppContainerNamedObjectPath [0x77B57B1E+286]\nE       \tRtlGetAppContainerNamedObjectPath [0x77B57AEE+238]\n\nvenv\\lib\\site-packages\\selenium\\webdriver\\support\\wait.py:95: TimeoutException"}, "steps": [{"name": "clicking to \"Login\" button", "status": "passed", "start": 1690435071470, "stop": 1690435074972}, {"name": "clicking to \"Login with password\" button", "status": "passed", "start": 1690435074974, "stop": 1690435075266}, {"name": "set up password", "status": "passed", "start": 1690435075835, "stop": 1690435076051}, {"name": "clicking to \"Authorize\" button", "status": "passed", "start": 1690435076052, "stop": 1690435076216}, {"name": "click to \"3 dots\" button on automatic order session", "status": "broken", "statusDetails": {"message": "selenium.common.exceptions.TimeoutException: Message: \nStacktrace:\nBacktrace:\n\tGetHandleVerifier [0x0058A813+48355]\n\t(No symbol) [0x0051C4B1]\n\t(No symbol) [0x00425358]\n\t(No symbol) [0x004509A5]\n\t(No symbol) [0x00450B3B]\n\t(No symbol) [0x0047E232]\n\t(No symbol) [0x0046A784]\n\t(No symbol) [0x0047C922]\n\t(No symbol) [0x0046A536]\n\t(No symbol) [0x004482DC]\n\t(No symbol) [0x004493DD]\n\tGetHandleVerifier [0x007EAABD+2539405]\n\tGetHandleVerifier [0x0082A78F+2800735]\n\tGetHandleVerifier [0x0082456C+2775612]\n\tGetHandleVerifier [0x006151E0+616112]\n\t(No symbol) [0x00525F8C]\n\t(No symbol) [0x00522328]\n\t(No symbol) [0x0052240B]\n\t(No symbol) [0x00514FF7]\n\tBaseThreadInitThunk [0x759B00C9+25]\n\tRtlGetAppContainerNamedObjectPath [0x77B57B1E+286]\n\tRtlGetAppContainerNamedObjectPath [0x77B57AEE+238]\n\n", "trace": "  File \"C:\\Users\\Owner\\PycharmProjects\\LifeHelp\\venv\\lib\\site-packages\\allure_commons\\_allure.py\", line 192, in impl\n    return func(*a, **kw)\n  File \"C:\\Users\\Owner\\PycharmProjects\\LifeHelp\\pages\\authorization_page.py\", line 524, in click_to_three_dots_button_ordered_session\n    self.to_click(AuthorizationLocators.THREE_DOTS_ORDERED_SESSION)\n  File \"C:\\Users\\Owner\\PycharmProjects\\LifeHelp\\base\\base_object.py\", line 17, in to_click\n    self.is_clickable(locator).click()\n  File \"C:\\Users\\Owner\\PycharmProjects\\LifeHelp\\base\\base_object.py\", line 14, in is_clickable\n    return self.wait.until(ec.element_to_be_clickable(locator))\n  File \"C:\\Users\\Owner\\PycharmProjects\\LifeHelp\\venv\\lib\\site-packages\\selenium\\webdriver\\support\\wait.py\", line 95, in until\n    raise TimeoutException(message, screen, stacktrace)\n"}, "start": 1690435076216, "stop": 1690435081344}], "start": 1690435071470, "stop": 1690435081350, "uuid": "b914890b-3dad-40f4-bc41-9101ad505647", "historyId": "df06ef49b1a0d6882b81190f8b37856b", "testCaseId": "1043e2fcb3edd362a2f36dceea310fa0", "fullName": "tests.test_authorization#test_reschedule_automatic_order", "labels": [{"name": "parentSuite", "value": "tests"}, {"name": "suite", "value": "test_authorization"}, {"name": "host", "value": "DESKTOP-MNCDD93"}, {"name": "thread", "value": "37320-MainThread"}, {"name": "framework", "value": "pytest"}, {"name": "language", "value": "cpython3"}, {"name": "package", "value": "tests.test_authorization"}]}