{"name": "test_red_password_field_wo_password_auth_page", "status": "broken", "statusDetails": {"message": "selenium.common.exceptions.TimeoutException: Message: \nStacktrace:\nBacktrace:\n\tGetHandleVerifier [0x00007FF76DC33E62+57250]\n\t(No symbol) [0x00007FF76DBABC02]\n\t(No symbol) [0x00007FF76DA7E0BB]\n\t(No symbol) [0x00007FF76DAB765E]\n\t(No symbol) [0x00007FF76DAB774C]\n\t(No symbol) [0x00007FF76DAF0267]\n\t(No symbol) [0x00007FF76DAD67EF]\n\t(No symbol) [0x00007FF76DAEE312]\n\t(No symbol) [0x00007FF76DAD6583]\n\t(No symbol) [0x00007FF76DAACC71]\n\t(No symbol) [0x00007FF76DAADE54]\n\tGetHandleVerifier [0x00007FF76DEE4CF2+2879026]\n\tGetHandleVerifier [0x00007FF76DF36F30+3215472]\n\tGetHandleVerifier [0x00007FF76DF2FD4F+3186319]\n\tGetHandleVerifier [0x00007FF76DCC5505+652869]\n\t(No symbol) [0x00007FF76DBB7518]\n\t(No symbol) [0x00007FF76DBB35F4]\n\t(No symbol) [0x00007FF76DBB36EC]\n\t(No symbol) [0x00007FF76DBA38E3]\n\tBaseThreadInitThunk [0x00007FFA86F47614+20]\n\tRtlUserThreadStart [0x00007FFA872426B1+33]", "trace": "authorization_page = <pages.authorization_page.AuthorizationPage object at 0x00000174F9442200>\n\n    def test_red_password_field_wo_password_auth_page(authorization_page):\n>       authorization_page.click_to_login_button()\n\ntests\\test_authorization.py:620: \n_ _ _ _ _ _ _ _ _ _ _ _ _ _ _ _ _ _ _ _ _ _ _ _ _ _ _ _ _ _ _ _ _ _ _ _ _ _ _ _ _ _ _ _ _ _ _ _ _ _ _ _ _ _ _ _ _ _ _ _ _ _ _ _ _ _ _ _ _ _ _ _ _ _ _ \npages\\authorization_page.py:21: in click_to_login_button\n    self.to_click(AuthorizationLocators.LOGIN_BUTTON)\nbase\\base_object.py:17: in to_click\n    self.is_clickable(locator).click()\nbase\\base_object.py:14: in is_clickable\n    return self.wait.until(ec.element_to_be_clickable(locator))\n_ _ _ _ _ _ _ _ _ _ _ _ _ _ _ _ _ _ _ _ _ _ _ _ _ _ _ _ _ _ _ _ _ _ _ _ _ _ _ _ _ _ _ _ _ _ _ _ _ _ _ _ _ _ _ _ _ _ _ _ _ _ _ _ _ _ _ _ _ _ _ _ _ _ _ \n\nself = <selenium.webdriver.support.wait.WebDriverWait (session=\"4d2c45739b42a4e4d3731bc60b308533\")>\nmethod = <function element_to_be_clickable.<locals>._predicate at 0x00000174F89930A0>, message = ''\n\n    def until(self, method, message: str = \"\"):\n        \"\"\"Calls the method provided with the driver as an argument until the \\\n        return value does not evaluate to ``False``.\n    \n        :param method: callable(WebDriver)\n        :param message: optional message for :exc:`TimeoutException`\n        :returns: the result of the last call to `method`\n        :raises: :exc:`selenium.common.exceptions.TimeoutException` if timeout occurs\n        \"\"\"\n        screen = None\n        stacktrace = None\n    \n        end_time = time.monotonic() + self._timeout\n        while True:\n            try:\n                value = method(self._driver)\n                if value:\n                    return value\n            except self._ignored_exceptions as exc:\n                screen = getattr(exc, \"screen\", None)\n                stacktrace = getattr(exc, \"stacktrace\", None)\n            time.sleep(self._poll)\n            if time.monotonic() > end_time:\n                break\n>       raise TimeoutException(message, screen, stacktrace)\nE       selenium.common.exceptions.TimeoutException: Message: \nE       Stacktrace:\nE       Backtrace:\nE       \tGetHandleVerifier [0x00007FF76DC33E62+57250]\nE       \t(No symbol) [0x00007FF76DBABC02]\nE       \t(No symbol) [0x00007FF76DA7E0BB]\nE       \t(No symbol) [0x00007FF76DAB765E]\nE       \t(No symbol) [0x00007FF76DAB774C]\nE       \t(No symbol) [0x00007FF76DAF0267]\nE       \t(No symbol) [0x00007FF76DAD67EF]\nE       \t(No symbol) [0x00007FF76DAEE312]\nE       \t(No symbol) [0x00007FF76DAD6583]\nE       \t(No symbol) [0x00007FF76DAACC71]\nE       \t(No symbol) [0x00007FF76DAADE54]\nE       \tGetHandleVerifier [0x00007FF76DEE4CF2+2879026]\nE       \tGetHandleVerifier [0x00007FF76DF36F30+3215472]\nE       \tGetHandleVerifier [0x00007FF76DF2FD4F+3186319]\nE       \tGetHandleVerifier [0x00007FF76DCC5505+652869]\nE       \t(No symbol) [0x00007FF76DBB7518]\nE       \t(No symbol) [0x00007FF76DBB35F4]\nE       \t(No symbol) [0x00007FF76DBB36EC]\nE       \t(No symbol) [0x00007FF76DBA38E3]\nE       \tBaseThreadInitThunk [0x00007FFA86F47614+20]\nE       \tRtlUserThreadStart [0x00007FFA872426B1+33]\n\nvenv\\lib\\site-packages\\selenium\\webdriver\\support\\wait.py:95: TimeoutException"}, "steps": [{"name": "clicking to \"Login\" button", "status": "broken", "statusDetails": {"message": "selenium.common.exceptions.TimeoutException: Message: \nStacktrace:\nBacktrace:\n\tGetHandleVerifier [0x00007FF76DC33E62+57250]\n\t(No symbol) [0x00007FF76DBABC02]\n\t(No symbol) [0x00007FF76DA7E0BB]\n\t(No symbol) [0x00007FF76DAB765E]\n\t(No symbol) [0x00007FF76DAB774C]\n\t(No symbol) [0x00007FF76DAF0267]\n\t(No symbol) [0x00007FF76DAD67EF]\n\t(No symbol) [0x00007FF76DAEE312]\n\t(No symbol) [0x00007FF76DAD6583]\n\t(No symbol) [0x00007FF76DAACC71]\n\t(No symbol) [0x00007FF76DAADE54]\n\tGetHandleVerifier [0x00007FF76DEE4CF2+2879026]\n\tGetHandleVerifier [0x00007FF76DF36F30+3215472]\n\tGetHandleVerifier [0x00007FF76DF2FD4F+3186319]\n\tGetHandleVerifier [0x00007FF76DCC5505+652869]\n\t(No symbol) [0x00007FF76DBB7518]\n\t(No symbol) [0x00007FF76DBB35F4]\n\t(No symbol) [0x00007FF76DBB36EC]\n\t(No symbol) [0x00007FF76DBA38E3]\n\tBaseThreadInitThunk [0x00007FFA86F47614+20]\n\tRtlUserThreadStart [0x00007FFA872426B1+33]\n\n", "trace": "  File \"C:\\Users\\Owner\\PycharmProjects\\LifeHelp\\venv\\lib\\site-packages\\allure_commons\\_allure.py\", line 192, in impl\n    return func(*a, **kw)\n  File \"C:\\Users\\Owner\\PycharmProjects\\LifeHelp\\pages\\authorization_page.py\", line 21, in click_to_login_button\n    self.to_click(AuthorizationLocators.LOGIN_BUTTON)\n  File \"C:\\Users\\Owner\\PycharmProjects\\LifeHelp\\base\\base_object.py\", line 17, in to_click\n    self.is_clickable(locator).click()\n  File \"C:\\Users\\Owner\\PycharmProjects\\LifeHelp\\base\\base_object.py\", line 14, in is_clickable\n    return self.wait.until(ec.element_to_be_clickable(locator))\n  File \"C:\\Users\\Owner\\PycharmProjects\\LifeHelp\\venv\\lib\\site-packages\\selenium\\webdriver\\support\\wait.py\", line 95, in until\n    raise TimeoutException(message, screen, stacktrace)\n"}, "start": 1693463163317, "stop": 1693463168649}], "start": 1693463163316, "stop": 1693463168653, "uuid": "487138d6-bab3-48b8-9d0b-6be064e999b6", "historyId": "92be37bf7f1ac0f99ed3037a8887f42a", "testCaseId": "736a751ec2508407514dea5e71005e8b", "fullName": "tests.test_authorization#test_red_password_field_wo_password_auth_page", "labels": [{"name": "parentSuite", "value": "tests"}, {"name": "suite", "value": "test_authorization"}, {"name": "host", "value": "DESKTOP-MNCDD93"}, {"name": "thread", "value": "15348-MainThread"}, {"name": "framework", "value": "pytest"}, {"name": "language", "value": "cpython3"}, {"name": "package", "value": "tests.test_authorization"}]}