{"name": "test_authorization[success_login_user]", "status": "broken", "statusDetails": {"message": "selenium.common.exceptions.TimeoutException: Message: \nStacktrace:\nBacktrace:\n\tGetHandleVerifier [0x00007FF6F54F3E62+57250]\n\t(No symbol) [0x00007FF6F546BC02]\n\t(No symbol) [0x00007FF6F533E0BB]\n\t(No symbol) [0x00007FF6F537765E]\n\t(No symbol) [0x00007FF6F537774C]\n\t(No symbol) [0x00007FF6F53B0267]\n\t(No symbol) [0x00007FF6F53967EF]\n\t(No symbol) [0x00007FF6F53AE312]\n\t(No symbol) [0x00007FF6F5396583]\n\t(No symbol) [0x00007FF6F536CC71]\n\t(No symbol) [0x00007FF6F536DE54]\n\tGetHandleVerifier [0x00007FF6F57A4CF2+2879026]\n\tGetHandleVerifier [0x00007FF6F57F6F30+3215472]\n\tGetHandleVerifier [0x00007FF6F57EFD4F+3186319]\n\tGetHandleVerifier [0x00007FF6F5585505+652869]\n\t(No symbol) [0x00007FF6F5477518]\n\t(No symbol) [0x00007FF6F54735F4]\n\t(No symbol) [0x00007FF6F54736EC]\n\t(No symbol) [0x00007FF6F54638E3]\n\tBaseThreadInitThunk [0x00007FFA86F47614+20]\n\tRtlUserThreadStart [0x00007FFA872426B1+33]", "trace": "authorization_page = <pages.authorization_page.AuthorizationPage object at 0x00000199DB3B6050>, first = 'sh.aygul@gmail.com', second = 'lifehelp1@'\nthird = 'https://life-help.ru/user/notes'\n\n    @pytest.mark.parametrize('first, second, third', (case_1, case_2),\n                                 ids=['success_login_user', 'success_login_psychologist'])\n    def test_authorization(authorization_page, first, second, third):\n        #authorization_page.click_to_accept_cookies()\n>       authorization_page.click_to_login_button()\n\ntests\\test_authorization.py:22: \n_ _ _ _ _ _ _ _ _ _ _ _ _ _ _ _ _ _ _ _ _ _ _ _ _ _ _ _ _ _ _ _ _ _ _ _ _ _ _ _ _ _ _ _ _ _ _ _ _ _ _ _ _ _ _ _ _ _ _ _ _ _ _ _ _ _ _ _ _ _ _ _ _ _ _ \npages\\authorization_page.py:21: in click_to_login_button\n    self.to_click(AuthorizationLocators.LOGIN_BUTTON)\nbase\\base_object.py:17: in to_click\n    self.is_clickable(locator).click()\nbase\\base_object.py:14: in is_clickable\n    return self.wait.until(ec.element_to_be_clickable(locator))\n_ _ _ _ _ _ _ _ _ _ _ _ _ _ _ _ _ _ _ _ _ _ _ _ _ _ _ _ _ _ _ _ _ _ _ _ _ _ _ _ _ _ _ _ _ _ _ _ _ _ _ _ _ _ _ _ _ _ _ _ _ _ _ _ _ _ _ _ _ _ _ _ _ _ _ \n\nself = <selenium.webdriver.support.wait.WebDriverWait (session=\"50671e2020201dc6cfdf5ebda96e0ab8\")>\nmethod = <function element_to_be_clickable.<locals>._predicate at 0x00000199DB381480>, message = ''\n\n    def until(self, method, message: str = \"\"):\n        \"\"\"Calls the method provided with the driver as an argument until the \\\n        return value does not evaluate to ``False``.\n    \n        :param method: callable(WebDriver)\n        :param message: optional message for :exc:`TimeoutException`\n        :returns: the result of the last call to `method`\n        :raises: :exc:`selenium.common.exceptions.TimeoutException` if timeout occurs\n        \"\"\"\n        screen = None\n        stacktrace = None\n    \n        end_time = time.monotonic() + self._timeout\n        while True:\n            try:\n                value = method(self._driver)\n                if value:\n                    return value\n            except self._ignored_exceptions as exc:\n                screen = getattr(exc, \"screen\", None)\n                stacktrace = getattr(exc, \"stacktrace\", None)\n            time.sleep(self._poll)\n            if time.monotonic() > end_time:\n                break\n>       raise TimeoutException(message, screen, stacktrace)\nE       selenium.common.exceptions.TimeoutException: Message: \nE       Stacktrace:\nE       Backtrace:\nE       \tGetHandleVerifier [0x00007FF6F54F3E62+57250]\nE       \t(No symbol) [0x00007FF6F546BC02]\nE       \t(No symbol) [0x00007FF6F533E0BB]\nE       \t(No symbol) [0x00007FF6F537765E]\nE       \t(No symbol) [0x00007FF6F537774C]\nE       \t(No symbol) [0x00007FF6F53B0267]\nE       \t(No symbol) [0x00007FF6F53967EF]\nE       \t(No symbol) [0x00007FF6F53AE312]\nE       \t(No symbol) [0x00007FF6F5396583]\nE       \t(No symbol) [0x00007FF6F536CC71]\nE       \t(No symbol) [0x00007FF6F536DE54]\nE       \tGetHandleVerifier [0x00007FF6F57A4CF2+2879026]\nE       \tGetHandleVerifier [0x00007FF6F57F6F30+3215472]\nE       \tGetHandleVerifier [0x00007FF6F57EFD4F+3186319]\nE       \tGetHandleVerifier [0x00007FF6F5585505+652869]\nE       \t(No symbol) [0x00007FF6F5477518]\nE       \t(No symbol) [0x00007FF6F54735F4]\nE       \t(No symbol) [0x00007FF6F54736EC]\nE       \t(No symbol) [0x00007FF6F54638E3]\nE       \tBaseThreadInitThunk [0x00007FFA86F47614+20]\nE       \tRtlUserThreadStart [0x00007FFA872426B1+33]\n\nvenv\\lib\\site-packages\\selenium\\webdriver\\support\\wait.py:95: TimeoutException"}, "steps": [{"name": "clicking to \"Login\" button", "status": "broken", "statusDetails": {"message": "selenium.common.exceptions.TimeoutException: Message: \nStacktrace:\nBacktrace:\n\tGetHandleVerifier [0x00007FF6F54F3E62+57250]\n\t(No symbol) [0x00007FF6F546BC02]\n\t(No symbol) [0x00007FF6F533E0BB]\n\t(No symbol) [0x00007FF6F537765E]\n\t(No symbol) [0x00007FF6F537774C]\n\t(No symbol) [0x00007FF6F53B0267]\n\t(No symbol) [0x00007FF6F53967EF]\n\t(No symbol) [0x00007FF6F53AE312]\n\t(No symbol) [0x00007FF6F5396583]\n\t(No symbol) [0x00007FF6F536CC71]\n\t(No symbol) [0x00007FF6F536DE54]\n\tGetHandleVerifier [0x00007FF6F57A4CF2+2879026]\n\tGetHandleVerifier [0x00007FF6F57F6F30+3215472]\n\tGetHandleVerifier [0x00007FF6F57EFD4F+3186319]\n\tGetHandleVerifier [0x00007FF6F5585505+652869]\n\t(No symbol) [0x00007FF6F5477518]\n\t(No symbol) [0x00007FF6F54735F4]\n\t(No symbol) [0x00007FF6F54736EC]\n\t(No symbol) [0x00007FF6F54638E3]\n\tBaseThreadInitThunk [0x00007FFA86F47614+20]\n\tRtlUserThreadStart [0x00007FFA872426B1+33]\n\n", "trace": "  File \"C:\\Users\\Owner\\PycharmProjects\\LifeHelp\\venv\\lib\\site-packages\\allure_commons\\_allure.py\", line 192, in impl\n    return func(*a, **kw)\n  File \"C:\\Users\\Owner\\PycharmProjects\\LifeHelp\\pages\\authorization_page.py\", line 21, in click_to_login_button\n    self.to_click(AuthorizationLocators.LOGIN_BUTTON)\n  File \"C:\\Users\\Owner\\PycharmProjects\\LifeHelp\\base\\base_object.py\", line 17, in to_click\n    self.is_clickable(locator).click()\n  File \"C:\\Users\\Owner\\PycharmProjects\\LifeHelp\\base\\base_object.py\", line 14, in is_clickable\n    return self.wait.until(ec.element_to_be_clickable(locator))\n  File \"C:\\Users\\Owner\\PycharmProjects\\LifeHelp\\venv\\lib\\site-packages\\selenium\\webdriver\\support\\wait.py\", line 95, in until\n    raise TimeoutException(message, screen, stacktrace)\n"}, "start": 1693552234289, "stop": 1693552239423}], "parameters": [{"name": "first", "value": "'sh.aygul@gmail.com'"}, {"name": "second", "value": "'lifehelp1@'"}, {"name": "third", "value": "'https://life-help.ru/user/notes'"}], "start": 1693552234289, "stop": 1693552239429, "uuid": "e259153b-2f5a-4e90-a79d-d5d3b6959e4e", "historyId": "13f6e62e1e2de09b2900a32daa398a75", "testCaseId": "a028d93313ce349bc1d2f8b740c48a2f", "fullName": "tests.test_authorization#test_authorization", "labels": [{"name": "parentSuite", "value": "tests"}, {"name": "suite", "value": "test_authorization"}, {"name": "host", "value": "DESKTOP-MNCDD93"}, {"name": "thread", "value": "11472-MainThread"}, {"name": "framework", "value": "pytest"}, {"name": "language", "value": "cpython3"}, {"name": "package", "value": "tests.test_authorization"}]}