{"name": "test_regular_session_order_schedule", "status": "broken", "statusDetails": {"message": "selenium.common.exceptions.TimeoutException: Message: \nStacktrace:\nBacktrace:\n\tGetHandleVerifier [0x00007FF698A73E62+57250]\n\t(No symbol) [0x00007FF6989EBC02]\n\t(No symbol) [0x00007FF6988BE0BB]\n\t(No symbol) [0x00007FF6988F765E]\n\t(No symbol) [0x00007FF6988F774C]\n\t(No symbol) [0x00007FF698930267]\n\t(No symbol) [0x00007FF6989167EF]\n\t(No symbol) [0x00007FF69892E312]\n\t(No symbol) [0x00007FF698916583]\n\t(No symbol) [0x00007FF6988ECC71]\n\t(No symbol) [0x00007FF6988EDE54]\n\tGetHandleVerifier [0x00007FF698D24CF2+2879026]\n\tGetHandleVerifier [0x00007FF698D76F30+3215472]\n\tGetHandleVerifier [0x00007FF698D6FD4F+3186319]\n\tGetHandleVerifier [0x00007FF698B05505+652869]\n\t(No symbol) [0x00007FF6989F7518]\n\t(No symbol) [0x00007FF6989F35F4]\n\t(No symbol) [0x00007FF6989F36EC]\n\t(No symbol) [0x00007FF6989E38E3]\n\tBaseThreadInitThunk [0x00007FFA86F47614+20]\n\tRtlUserThreadStart [0x00007FFA872426B1+33]", "trace": "authorization_page = <pages.authorization_page.AuthorizationPage object at 0x000002342BACFE20>\n\n>   ???\n\ntests\\test_authorization.py:832: \n_ _ _ _ _ _ _ _ _ _ _ _ _ _ _ _ _ _ _ _ _ _ _ _ _ _ _ _ _ _ _ _ _ _ _ _ _ _ _ _ _ _ _ _ _ _ _ _ _ _ _ _ _ _ _ _ _ _ _ _ _ _ _ _ _ _ _ _ _ _ _ _ _ _ _ \npages\\authorization_page.py:1065: in verify_regular_schedule_page_title\n    actual_result = self.get_text_title_of_element(AuthorizationLocators.REGULAR_SCHEDULE_PAGE_TITLE)\nbase\\base_object.py:26: in get_text_title_of_element\n    return self.is_visible(locator).text\nbase\\base_object.py:11: in is_visible\n    return self.wait.until(ec.visibility_of_element_located(locator))\n_ _ _ _ _ _ _ _ _ _ _ _ _ _ _ _ _ _ _ _ _ _ _ _ _ _ _ _ _ _ _ _ _ _ _ _ _ _ _ _ _ _ _ _ _ _ _ _ _ _ _ _ _ _ _ _ _ _ _ _ _ _ _ _ _ _ _ _ _ _ _ _ _ _ _ \n\nself = <selenium.webdriver.support.wait.WebDriverWait (session=\"2df87ac6622af6064f6ed0cd500c1024\")>\nmethod = <function visibility_of_element_located.<locals>._predicate at 0x000002342BA96A70>, message = ''\n\n    def until(self, method, message: str = \"\"):\n        \"\"\"Calls the method provided with the driver as an argument until the \\\n        return value does not evaluate to ``False``.\n    \n        :param method: callable(WebDriver)\n        :param message: optional message for :exc:`TimeoutException`\n        :returns: the result of the last call to `method`\n        :raises: :exc:`selenium.common.exceptions.TimeoutException` if timeout occurs\n        \"\"\"\n        screen = None\n        stacktrace = None\n    \n        end_time = time.monotonic() + self._timeout\n        while True:\n            try:\n                value = method(self._driver)\n                if value:\n                    return value\n            except self._ignored_exceptions as exc:\n                screen = getattr(exc, \"screen\", None)\n                stacktrace = getattr(exc, \"stacktrace\", None)\n            time.sleep(self._poll)\n            if time.monotonic() > end_time:\n                break\n>       raise TimeoutException(message, screen, stacktrace)\nE       selenium.common.exceptions.TimeoutException: Message: \nE       Stacktrace:\nE       Backtrace:\nE       \tGetHandleVerifier [0x00007FF698A73E62+57250]\nE       \t(No symbol) [0x00007FF6989EBC02]\nE       \t(No symbol) [0x00007FF6988BE0BB]\nE       \t(No symbol) [0x00007FF6988F765E]\nE       \t(No symbol) [0x00007FF6988F774C]\nE       \t(No symbol) [0x00007FF698930267]\nE       \t(No symbol) [0x00007FF6989167EF]\nE       \t(No symbol) [0x00007FF69892E312]\nE       \t(No symbol) [0x00007FF698916583]\nE       \t(No symbol) [0x00007FF6988ECC71]\nE       \t(No symbol) [0x00007FF6988EDE54]\nE       \tGetHandleVerifier [0x00007FF698D24CF2+2879026]\nE       \tGetHandleVerifier [0x00007FF698D76F30+3215472]\nE       \tGetHandleVerifier [0x00007FF698D6FD4F+3186319]\nE       \tGetHandleVerifier [0x00007FF698B05505+652869]\nE       \t(No symbol) [0x00007FF6989F7518]\nE       \t(No symbol) [0x00007FF6989F35F4]\nE       \t(No symbol) [0x00007FF6989F36EC]\nE       \t(No symbol) [0x00007FF6989E38E3]\nE       \tBaseThreadInitThunk [0x00007FFA86F47614+20]\nE       \tRtlUserThreadStart [0x00007FFA872426B1+33]\n\nvenv\\lib\\site-packages\\selenium\\webdriver\\support\\wait.py:95: TimeoutException"}, "steps": [{"name": "clicking to \"Login\" button", "status": "passed", "start": 1693391367700, "stop": 1693391370262}, {"name": "clicking to \"Login with password\" button", "status": "passed", "start": 1693391370262, "stop": 1693391370497}, {"name": "set up password", "status": "passed", "start": 1693391370935, "stop": 1693391371125}, {"name": "clicking to \"Authorize\" button", "status": "passed", "start": 1693391371125, "stop": 1693391371249}, {"name": "click to \"regular session order\" icon", "status": "passed", "start": 1693391371249, "stop": 1693391374246}, {"name": "verify correct name of the session payment on the cloudpayments page", "status": "broken", "statusDetails": {"message": "selenium.common.exceptions.TimeoutException: Message: \nStacktrace:\nBacktrace:\n\tGetHandleVerifier [0x00007FF698A73E62+57250]\n\t(No symbol) [0x00007FF6989EBC02]\n\t(No symbol) [0x00007FF6988BE0BB]\n\t(No symbol) [0x00007FF6988F765E]\n\t(No symbol) [0x00007FF6988F774C]\n\t(No symbol) [0x00007FF698930267]\n\t(No symbol) [0x00007FF6989167EF]\n\t(No symbol) [0x00007FF69892E312]\n\t(No symbol) [0x00007FF698916583]\n\t(No symbol) [0x00007FF6988ECC71]\n\t(No symbol) [0x00007FF6988EDE54]\n\tGetHandleVerifier [0x00007FF698D24CF2+2879026]\n\tGetHandleVerifier [0x00007FF698D76F30+3215472]\n\tGetHandleVerifier [0x00007FF698D6FD4F+3186319]\n\tGetHandleVerifier [0x00007FF698B05505+652869]\n\t(No symbol) [0x00007FF6989F7518]\n\t(No symbol) [0x00007FF6989F35F4]\n\t(No symbol) [0x00007FF6989F36EC]\n\t(No symbol) [0x00007FF6989E38E3]\n\tBaseThreadInitThunk [0x00007FFA86F47614+20]\n\tRtlUserThreadStart [0x00007FFA872426B1+33]\n\n", "trace": "  File \"C:\\Users\\Owner\\PycharmProjects\\LifeHelp\\venv\\lib\\site-packages\\allure_commons\\_allure.py\", line 192, in impl\n    return func(*a, **kw)\n  File \"C:\\Users\\Owner\\PycharmProjects\\LifeHelp\\pages\\authorization_page.py\", line 1065, in verify_regular_schedule_page_title\n    actual_result = self.get_text_title_of_element(AuthorizationLocators.REGULAR_SCHEDULE_PAGE_TITLE)\n  File \"C:\\Users\\Owner\\PycharmProjects\\LifeHelp\\base\\base_object.py\", line 26, in get_text_title_of_element\n    return self.is_visible(locator).text\n  File \"C:\\Users\\Owner\\PycharmProjects\\LifeHelp\\base\\base_object.py\", line 11, in is_visible\n    return self.wait.until(ec.visibility_of_element_located(locator))\n  File \"C:\\Users\\Owner\\PycharmProjects\\LifeHelp\\venv\\lib\\site-packages\\selenium\\webdriver\\support\\wait.py\", line 95, in until\n    raise TimeoutException(message, screen, stacktrace)\n"}, "start": 1693391374248, "stop": 1693391379745}], "start": 1693391367699, "stop": 1693391379781, "uuid": "1ec2faac-30da-49a6-a0bf-0aaa48def116", "historyId": "959346838817da50e0f3921ac040a0f6", "testCaseId": "8acd4f7c99768156a62fb49c7d004dbc", "fullName": "tests.test_authorization#test_regular_session_order_schedule", "labels": [{"name": "parentSuite", "value": "tests"}, {"name": "suite", "value": "test_authorization"}, {"name": "host", "value": "DESKTOP-MNCDD93"}, {"name": "thread", "value": "33040-MainThread"}, {"name": "framework", "value": "pytest"}, {"name": "language", "value": "cpython3"}, {"name": "package", "value": "tests.test_authorization"}]}