{"name": "test_authorization[success_login_psychologist]", "status": "broken", "statusDetails": {"message": "selenium.common.exceptions.TimeoutException: Message: \nStacktrace:\nBacktrace:\n\tGetHandleVerifier [0x00007FF69B583E62+57250]\n\t(No symbol) [0x00007FF69B4FBC02]\n\t(No symbol) [0x00007FF69B3CE0BB]\n\t(No symbol) [0x00007FF69B40765E]\n\t(No symbol) [0x00007FF69B40774C]\n\t(No symbol) [0x00007FF69B440267]\n\t(No symbol) [0x00007FF69B4267EF]\n\t(No symbol) [0x00007FF69B43E312]\n\t(No symbol) [0x00007FF69B426583]\n\t(No symbol) [0x00007FF69B3FCC71]\n\t(No symbol) [0x00007FF69B3FDE54]\n\tGetHandleVerifier [0x00007FF69B834CF2+2879026]\n\tGetHandleVerifier [0x00007FF69B886F30+3215472]\n\tGetHandleVerifier [0x00007FF69B87FD4F+3186319]\n\tGetHandleVerifier [0x00007FF69B615505+652869]\n\t(No symbol) [0x00007FF69B507518]\n\t(No symbol) [0x00007FF69B5035F4]\n\t(No symbol) [0x00007FF69B5036EC]\n\t(No symbol) [0x00007FF69B4F38E3]\n\tBaseThreadInitThunk [0x00007FFE057C7614+20]\n\tRtlUserThreadStart [0x00007FFE061626B1+33]", "trace": "authorization_page = <pages.authorization_page.AuthorizationPage object at 0x0000017277445AB0>, first = '89520476828', second = 'lifehelp1@'\nthird = 'https://life-help.ru/doctor/sessions'\n\n    @pytest.mark.parametrize('first, second, third', (case_1, case_2),\n                                 ids=['success_login_user', 'success_login_psychologist'])\n    def test_authorization(authorization_page, first, second, third):\n        #authorization_page.click_to_accept_cookies()\n>       authorization_page.click_to_login_button()\n\ntests\\test_authorization.py:22: \n_ _ _ _ _ _ _ _ _ _ _ _ _ _ _ _ _ _ _ _ _ _ _ _ _ _ _ _ _ _ _ _ _ _ _ _ _ _ _ _ _ _ _ _ _ _ _ _ _ _ _ _ _ _ _ _ _ _ _ _ _ _ _ _ _ _ _ _ _ _ _ _ _ _ _ \npages\\authorization_page.py:21: in click_to_login_button\n    self.to_click(AuthorizationLocators.LOGIN_BUTTON)\nbase\\base_object.py:17: in to_click\n    self.is_clickable(locator).click()\nbase\\base_object.py:14: in is_clickable\n    return self.wait.until(ec.element_to_be_clickable(locator))\n_ _ _ _ _ _ _ _ _ _ _ _ _ _ _ _ _ _ _ _ _ _ _ _ _ _ _ _ _ _ _ _ _ _ _ _ _ _ _ _ _ _ _ _ _ _ _ _ _ _ _ _ _ _ _ _ _ _ _ _ _ _ _ _ _ _ _ _ _ _ _ _ _ _ _ \n\nself = <selenium.webdriver.support.wait.WebDriverWait (session=\"7d81ccea2c0da37c3626ed2f6e7725eb\")>\nmethod = <function element_to_be_clickable.<locals>._predicate at 0x00000172774EB5B0>, message = ''\n\n    def until(self, method, message: str = \"\"):\n        \"\"\"Calls the method provided with the driver as an argument until the \\\n        return value does not evaluate to ``False``.\n    \n        :param method: callable(WebDriver)\n        :param message: optional message for :exc:`TimeoutException`\n        :returns: the result of the last call to `method`\n        :raises: :exc:`selenium.common.exceptions.TimeoutException` if timeout occurs\n        \"\"\"\n        screen = None\n        stacktrace = None\n    \n        end_time = time.monotonic() + self._timeout\n        while True:\n            try:\n                value = method(self._driver)\n                if value:\n                    return value\n            except self._ignored_exceptions as exc:\n                screen = getattr(exc, \"screen\", None)\n                stacktrace = getattr(exc, \"stacktrace\", None)\n            time.sleep(self._poll)\n            if time.monotonic() > end_time:\n                break\n>       raise TimeoutException(message, screen, stacktrace)\nE       selenium.common.exceptions.TimeoutException: Message: \nE       Stacktrace:\nE       Backtrace:\nE       \tGetHandleVerifier [0x00007FF69B583E62+57250]\nE       \t(No symbol) [0x00007FF69B4FBC02]\nE       \t(No symbol) [0x00007FF69B3CE0BB]\nE       \t(No symbol) [0x00007FF69B40765E]\nE       \t(No symbol) [0x00007FF69B40774C]\nE       \t(No symbol) [0x00007FF69B440267]\nE       \t(No symbol) [0x00007FF69B4267EF]\nE       \t(No symbol) [0x00007FF69B43E312]\nE       \t(No symbol) [0x00007FF69B426583]\nE       \t(No symbol) [0x00007FF69B3FCC71]\nE       \t(No symbol) [0x00007FF69B3FDE54]\nE       \tGetHandleVerifier [0x00007FF69B834CF2+2879026]\nE       \tGetHandleVerifier [0x00007FF69B886F30+3215472]\nE       \tGetHandleVerifier [0x00007FF69B87FD4F+3186319]\nE       \tGetHandleVerifier [0x00007FF69B615505+652869]\nE       \t(No symbol) [0x00007FF69B507518]\nE       \t(No symbol) [0x00007FF69B5035F4]\nE       \t(No symbol) [0x00007FF69B5036EC]\nE       \t(No symbol) [0x00007FF69B4F38E3]\nE       \tBaseThreadInitThunk [0x00007FFE057C7614+20]\nE       \tRtlUserThreadStart [0x00007FFE061626B1+33]\n\nvenv\\lib\\site-packages\\selenium\\webdriver\\support\\wait.py:95: TimeoutException"}, "steps": [{"name": "clicking to \"Login\" button", "status": "broken", "statusDetails": {"message": "selenium.common.exceptions.TimeoutException: Message: \nStacktrace:\nBacktrace:\n\tGetHandleVerifier [0x00007FF69B583E62+57250]\n\t(No symbol) [0x00007FF69B4FBC02]\n\t(No symbol) [0x00007FF69B3CE0BB]\n\t(No symbol) [0x00007FF69B40765E]\n\t(No symbol) [0x00007FF69B40774C]\n\t(No symbol) [0x00007FF69B440267]\n\t(No symbol) [0x00007FF69B4267EF]\n\t(No symbol) [0x00007FF69B43E312]\n\t(No symbol) [0x00007FF69B426583]\n\t(No symbol) [0x00007FF69B3FCC71]\n\t(No symbol) [0x00007FF69B3FDE54]\n\tGetHandleVerifier [0x00007FF69B834CF2+2879026]\n\tGetHandleVerifier [0x00007FF69B886F30+3215472]\n\tGetHandleVerifier [0x00007FF69B87FD4F+3186319]\n\tGetHandleVerifier [0x00007FF69B615505+652869]\n\t(No symbol) [0x00007FF69B507518]\n\t(No symbol) [0x00007FF69B5035F4]\n\t(No symbol) [0x00007FF69B5036EC]\n\t(No symbol) [0x00007FF69B4F38E3]\n\tBaseThreadInitThunk [0x00007FFE057C7614+20]\n\tRtlUserThreadStart [0x00007FFE061626B1+33]\n\n", "trace": "  File \"C:\\Users\\Owner\\PycharmProjects\\LifeHelp\\venv\\lib\\site-packages\\allure_commons\\_allure.py\", line 192, in impl\n    return func(*a, **kw)\n  File \"C:\\Users\\Owner\\PycharmProjects\\LifeHelp\\pages\\authorization_page.py\", line 21, in click_to_login_button\n    self.to_click(AuthorizationLocators.LOGIN_BUTTON)\n  File \"C:\\Users\\Owner\\PycharmProjects\\LifeHelp\\base\\base_object.py\", line 17, in to_click\n    self.is_clickable(locator).click()\n  File \"C:\\Users\\Owner\\PycharmProjects\\LifeHelp\\base\\base_object.py\", line 14, in is_clickable\n    return self.wait.until(ec.element_to_be_clickable(locator))\n  File \"C:\\Users\\Owner\\PycharmProjects\\LifeHelp\\venv\\lib\\site-packages\\selenium\\webdriver\\support\\wait.py\", line 95, in until\n    raise TimeoutException(message, screen, stacktrace)\n"}, "start": 1692162006641, "stop": 1692162012128}], "parameters": [{"name": "first", "value": "'89520476828'"}, {"name": "second", "value": "'lifehelp1@'"}, {"name": "third", "value": "'https://life-help.ru/doctor/sessions'"}], "start": 1692162006641, "stop": 1692162012204, "uuid": "59895520-c6e2-4607-8fdb-d060c1007753", "historyId": "063c3b3b6fab4c96fced2b56cc53efcf", "testCaseId": "a028d93313ce349bc1d2f8b740c48a2f", "fullName": "tests.test_authorization#test_authorization", "labels": [{"name": "parentSuite", "value": "tests"}, {"name": "suite", "value": "test_authorization"}, {"name": "host", "value": "DESKTOP-MNCDD93"}, {"name": "thread", "value": "23580-MainThread"}, {"name": "framework", "value": "pytest"}, {"name": "language", "value": "cpython3"}, {"name": "package", "value": "tests.test_authorization"}]}