{"name": "test_authorization_via_vk", "status": "broken", "statusDetails": {"message": "selenium.common.exceptions.TimeoutException: Message: \nStacktrace:\n\tGetHandleVerifier [0x00007FF793277892+54818]\n\t(No symbol) [0x00007FF7931E6AC2]\n\t(No symbol) [0x00007FF79309DA3B]\n\t(No symbol) [0x00007FF7930DE4FC]\n\t(No symbol) [0x00007FF7930DE67C]\n\t(No symbol) [0x00007FF793119627]\n\t(No symbol) [0x00007FF7930FEAEF]\n\t(No symbol) [0x00007FF7931175A2]\n\t(No symbol) [0x00007FF7930FE883]\n\t(No symbol) [0x00007FF7930D3691]\n\t(No symbol) [0x00007FF7930D48D4]\n\tGetHandleVerifier [0x00007FF7935DB992+3610402]\n\tGetHandleVerifier [0x00007FF793631860+3962352]\n\tGetHandleVerifier [0x00007FF793629D4F+3930847]\n\tGetHandleVerifier [0x00007FF793313646+693206]\n\t(No symbol) [0x00007FF7931F1628]\n\t(No symbol) [0x00007FF7931ED934]\n\t(No symbol) [0x00007FF7931EDA62]\n\t(No symbol) [0x00007FF7931DE113]\n\tBaseThreadInitThunk [0x00007FFF50327344+20]\n\tRtlUserThreadStart [0x00007FFF513226B1+33]", "trace": "authorization_page = <pages.authorization_page.AuthorizationPage object at 0x000002358D454700>\n\n    def test_authorization_via_vk(authorization_page):\n>       authorization_page.click_to_login_button()\n\ntests\\test_authorization.py:595: \n_ _ _ _ _ _ _ _ _ _ _ _ _ _ _ _ _ _ _ _ _ _ _ _ _ _ _ _ _ _ _ _ _ _ _ _ _ _ _ _\npages\\authorization_page.py:21: in click_to_login_button\n    self.to_click(AuthorizationLocators.LOGIN_BUTTON)\nbase\\base_object.py:32: in to_click\n    self.is_clickable(locator).click()\nbase\\base_object.py:24: in is_clickable\n    return self.wait.until(ec.element_to_be_clickable(locator))\n_ _ _ _ _ _ _ _ _ _ _ _ _ _ _ _ _ _ _ _ _ _ _ _ _ _ _ _ _ _ _ _ _ _ _ _ _ _ _ _\n\nself = <selenium.webdriver.support.wait.WebDriverWait (session=\"02558856b2fa20552baadf41936852a5\")>\nmethod = <function element_to_be_clickable.<locals>._predicate at 0x000002358CBAA0E0>\nmessage = ''\n\n    def until(self, method, message: str = \"\"):\n        \"\"\"Calls the method provided with the driver as an argument until the \\\n        return value does not evaluate to ``False``.\n    \n        :param method: callable(WebDriver)\n        :param message: optional message for :exc:`TimeoutException`\n        :returns: the result of the last call to `method`\n        :raises: :exc:`selenium.common.exceptions.TimeoutException` if timeout occurs\n        \"\"\"\n        screen = None\n        stacktrace = None\n    \n        end_time = time.monotonic() + self._timeout\n        while True:\n            try:\n                value = method(self._driver)\n                if value:\n                    return value\n            except self._ignored_exceptions as exc:\n                screen = getattr(exc, \"screen\", None)\n                stacktrace = getattr(exc, \"stacktrace\", None)\n            time.sleep(self._poll)\n            if time.monotonic() > end_time:\n                break\n>       raise TimeoutException(message, screen, stacktrace)\nE       selenium.common.exceptions.TimeoutException: Message: \nE       Stacktrace:\nE       \tGetHandleVerifier [0x00007FF793277892+54818]\nE       \t(No symbol) [0x00007FF7931E6AC2]\nE       \t(No symbol) [0x00007FF79309DA3B]\nE       \t(No symbol) [0x00007FF7930DE4FC]\nE       \t(No symbol) [0x00007FF7930DE67C]\nE       \t(No symbol) [0x00007FF793119627]\nE       \t(No symbol) [0x00007FF7930FEAEF]\nE       \t(No symbol) [0x00007FF7931175A2]\nE       \t(No symbol) [0x00007FF7930FE883]\nE       \t(No symbol) [0x00007FF7930D3691]\nE       \t(No symbol) [0x00007FF7930D48D4]\nE       \tGetHandleVerifier [0x00007FF7935DB992+3610402]\nE       \tGetHandleVerifier [0x00007FF793631860+3962352]\nE       \tGetHandleVerifier [0x00007FF793629D4F+3930847]\nE       \tGetHandleVerifier [0x00007FF793313646+693206]\nE       \t(No symbol) [0x00007FF7931F1628]\nE       \t(No symbol) [0x00007FF7931ED934]\nE       \t(No symbol) [0x00007FF7931EDA62]\nE       \t(No symbol) [0x00007FF7931DE113]\nE       \tBaseThreadInitThunk [0x00007FFF50327344+20]\nE       \tRtlUserThreadStart [0x00007FFF513226B1+33]\n\nvenv\\lib\\site-packages\\selenium\\webdriver\\support\\wait.py:95: TimeoutException"}, "steps": [{"name": "clicking to \"Login\" button", "status": "broken", "statusDetails": {"message": "selenium.common.exceptions.TimeoutException: Message: \nStacktrace:\n\tGetHandleVerifier [0x00007FF793277892+54818]\n\t(No symbol) [0x00007FF7931E6AC2]\n\t(No symbol) [0x00007FF79309DA3B]\n\t(No symbol) [0x00007FF7930DE4FC]\n\t(No symbol) [0x00007FF7930DE67C]\n\t(No symbol) [0x00007FF793119627]\n\t(No symbol) [0x00007FF7930FEAEF]\n\t(No symbol) [0x00007FF7931175A2]\n\t(No symbol) [0x00007FF7930FE883]\n\t(No symbol) [0x00007FF7930D3691]\n\t(No symbol) [0x00007FF7930D48D4]\n\tGetHandleVerifier [0x00007FF7935DB992+3610402]\n\tGetHandleVerifier [0x00007FF793631860+3962352]\n\tGetHandleVerifier [0x00007FF793629D4F+3930847]\n\tGetHandleVerifier [0x00007FF793313646+693206]\n\t(No symbol) [0x00007FF7931F1628]\n\t(No symbol) [0x00007FF7931ED934]\n\t(No symbol) [0x00007FF7931EDA62]\n\t(No symbol) [0x00007FF7931DE113]\n\tBaseThreadInitThunk [0x00007FFF50327344+20]\n\tRtlUserThreadStart [0x00007FFF513226B1+33]\n\n", "trace": "  File \"C:\\Users\\Owner\\PycharmProjects\\LifeHelp\\venv\\lib\\site-packages\\allure_commons\\_allure.py\", line 192, in impl\n    return func(*a, **kw)\n  File \"C:\\Users\\Owner\\PycharmProjects\\LifeHelp\\pages\\authorization_page.py\", line 21, in click_to_login_button\n    self.to_click(AuthorizationLocators.LOGIN_BUTTON)\n  File \"C:\\Users\\Owner\\PycharmProjects\\LifeHelp\\base\\base_object.py\", line 32, in to_click\n    self.is_clickable(locator).click()\n  File \"C:\\Users\\Owner\\PycharmProjects\\LifeHelp\\base\\base_object.py\", line 24, in is_clickable\n    return self.wait.until(ec.element_to_be_clickable(locator))\n  File \"C:\\Users\\Owner\\PycharmProjects\\LifeHelp\\venv\\lib\\site-packages\\selenium\\webdriver\\support\\wait.py\", line 95, in until\n    raise TimeoutException(message, screen, stacktrace)\n"}, "start": 1696403411536, "stop": 1696403416929}], "start": 1696403411536, "stop": 1696403416931, "uuid": "afd92c83-d68e-42d3-b4bf-df96471be5dd", "historyId": "3c39892c719be43e0d19641e359efec4", "testCaseId": "f53f5f3ebb83a1038461de39cc047019", "fullName": "tests.test_authorization#test_authorization_via_vk", "labels": [{"name": "parentSuite", "value": "tests"}, {"name": "suite", "value": "test_authorization"}, {"name": "host", "value": "DESKTOP-MNCDD93"}, {"name": "thread", "value": "11344-MainThread"}, {"name": "framework", "value": "pytest"}, {"name": "language", "value": "cpython3"}, {"name": "package", "value": "tests.test_authorization"}]}