{"name": "test_set_new_password", "status": "broken", "statusDetails": {"message": "selenium.common.exceptions.TimeoutException: Message: \nStacktrace:\n\tGetHandleVerifier [0x00007FF689D67D12+55474]\n\t(No symbol) [0x00007FF689CD77C2]\n\t(No symbol) [0x00007FF689B8E0EB]\n\t(No symbol) [0x00007FF689BCEBAC]\n\t(No symbol) [0x00007FF689BCED2C]\n\t(No symbol) [0x00007FF689C09F77]\n\t(No symbol) [0x00007FF689BEF19F]\n\t(No symbol) [0x00007FF689C07EF2]\n\t(No symbol) [0x00007FF689BEEF33]\n\t(No symbol) [0x00007FF689BC3D41]\n\t(No symbol) [0x00007FF689BC4F84]\n\tGetHandleVerifier [0x00007FF68A0CB762+3609346]\n\tGetHandleVerifier [0x00007FF68A121A80+3962400]\n\tGetHandleVerifier [0x00007FF68A119F0F+3930799]\n\tGetHandleVerifier [0x00007FF689E03CA6+694342]\n\t(No symbol) [0x00007FF689CE2218]\n\t(No symbol) [0x00007FF689CDE484]\n\t(No symbol) [0x00007FF689CDE5B2]\n\t(No symbol) [0x00007FF689CCEE13]\n\tBaseThreadInitThunk [0x00007FFF50327344+20]\n\tRtlUserThreadStart [0x00007FFF513226B1+33]", "trace": "restore_password_link_page = <pages.restore_password_link_page.RestorePasswordLinkPage object at 0x00000238A0DC6680>\n\n    def test_set_new_password(restore_password_link_page):\n        restore_password_link_page.set_new_password()\n        restore_password_link_page.repeat_new_password()\n        restore_password_link_page.click_to_save_btn_restore_password()\n>       restore_password_link_page.verify_invalid_token_error_message()\n\ntests\\test_restore_password_link.py:22: \n_ _ _ _ _ _ _ _ _ _ _ _ _ _ _ _ _ _ _ _ _ _ _ _ _ _ _ _ _ _ _ _ _ _ _ _ _ _ _ _ _ _ _ _ _ _ _ _ _ _ _ _ _ _ _ _ _ _ _ _ _ _ _ _ _ _ _ _ _ _ _ _ _ _ _ \npages\\restore_password_link_page.py:35: in verify_invalid_token_error_message\n    actual_result = self.get_text_title_of_element(RestorePasswordLinkLocators.INVALID_TOKEN_ERROR_MESSAGE)\nbase\\base_object.py:56: in get_text_title_of_element\n    return self.is_clickable(locator).text\nbase\\base_object.py:24: in is_clickable\n    return self.wait.until(ec.element_to_be_clickable(locator))\n_ _ _ _ _ _ _ _ _ _ _ _ _ _ _ _ _ _ _ _ _ _ _ _ _ _ _ _ _ _ _ _ _ _ _ _ _ _ _ _ _ _ _ _ _ _ _ _ _ _ _ _ _ _ _ _ _ _ _ _ _ _ _ _ _ _ _ _ _ _ _ _ _ _ _ \n\nself = <selenium.webdriver.support.wait.WebDriverWait (session=\"fa20ab3b7458d8838b239de268f5a42c\")>\nmethod = <function element_to_be_clickable.<locals>._predicate at 0x00000238A0D30430>, message = ''\n\n    def until(self, method, message: str = \"\"):\n        \"\"\"Calls the method provided with the driver as an argument until the \\\n        return value does not evaluate to ``False``.\n    \n        :param method: callable(WebDriver)\n        :param message: optional message for :exc:`TimeoutException`\n        :returns: the result of the last call to `method`\n        :raises: :exc:`selenium.common.exceptions.TimeoutException` if timeout occurs\n        \"\"\"\n        screen = None\n        stacktrace = None\n    \n        end_time = time.monotonic() + self._timeout\n        while True:\n            try:\n                value = method(self._driver)\n                if value:\n                    return value\n            except self._ignored_exceptions as exc:\n                screen = getattr(exc, \"screen\", None)\n                stacktrace = getattr(exc, \"stacktrace\", None)\n            time.sleep(self._poll)\n            if time.monotonic() > end_time:\n                break\n>       raise TimeoutException(message, screen, stacktrace)\nE       selenium.common.exceptions.TimeoutException: Message: \nE       Stacktrace:\nE       \tGetHandleVerifier [0x00007FF689D67D12+55474]\nE       \t(No symbol) [0x00007FF689CD77C2]\nE       \t(No symbol) [0x00007FF689B8E0EB]\nE       \t(No symbol) [0x00007FF689BCEBAC]\nE       \t(No symbol) [0x00007FF689BCED2C]\nE       \t(No symbol) [0x00007FF689C09F77]\nE       \t(No symbol) [0x00007FF689BEF19F]\nE       \t(No symbol) [0x00007FF689C07EF2]\nE       \t(No symbol) [0x00007FF689BEEF33]\nE       \t(No symbol) [0x00007FF689BC3D41]\nE       \t(No symbol) [0x00007FF689BC4F84]\nE       \tGetHandleVerifier [0x00007FF68A0CB762+3609346]\nE       \tGetHandleVerifier [0x00007FF68A121A80+3962400]\nE       \tGetHandleVerifier [0x00007FF68A119F0F+3930799]\nE       \tGetHandleVerifier [0x00007FF689E03CA6+694342]\nE       \t(No symbol) [0x00007FF689CE2218]\nE       \t(No symbol) [0x00007FF689CDE484]\nE       \t(No symbol) [0x00007FF689CDE5B2]\nE       \t(No symbol) [0x00007FF689CCEE13]\nE       \tBaseThreadInitThunk [0x00007FFF50327344+20]\nE       \tRtlUserThreadStart [0x00007FFF513226B1+33]\n\nvenv\\lib\\site-packages\\selenium\\webdriver\\support\\wait.py:95: TimeoutException"}, "steps": [{"name": "set up new password", "status": "passed", "start": 1696570304161, "stop": 1696570304530}, {"name": "repeat new password", "status": "passed", "start": 1696570304530, "stop": 1696570304829}, {"name": "click to \"save\" btn", "status": "passed", "start": 1696570304829, "stop": 1696570304980}, {"name": "verify invalid token error message", "status": "broken", "statusDetails": {"message": "selenium.common.exceptions.TimeoutException: Message: \nStacktrace:\n\tGetHandleVerifier [0x00007FF689D67D12+55474]\n\t(No symbol) [0x00007FF689CD77C2]\n\t(No symbol) [0x00007FF689B8E0EB]\n\t(No symbol) [0x00007FF689BCEBAC]\n\t(No symbol) [0x00007FF689BCED2C]\n\t(No symbol) [0x00007FF689C09F77]\n\t(No symbol) [0x00007FF689BEF19F]\n\t(No symbol) [0x00007FF689C07EF2]\n\t(No symbol) [0x00007FF689BEEF33]\n\t(No symbol) [0x00007FF689BC3D41]\n\t(No symbol) [0x00007FF689BC4F84]\n\tGetHandleVerifier [0x00007FF68A0CB762+3609346]\n\tGetHandleVerifier [0x00007FF68A121A80+3962400]\n\tGetHandleVerifier [0x00007FF68A119F0F+3930799]\n\tGetHandleVerifier [0x00007FF689E03CA6+694342]\n\t(No symbol) [0x00007FF689CE2218]\n\t(No symbol) [0x00007FF689CDE484]\n\t(No symbol) [0x00007FF689CDE5B2]\n\t(No symbol) [0x00007FF689CCEE13]\n\tBaseThreadInitThunk [0x00007FFF50327344+20]\n\tRtlUserThreadStart [0x00007FFF513226B1+33]\n\n", "trace": "  File \"C:\\Users\\Owner\\PycharmProjects\\LifeHelp\\venv\\lib\\site-packages\\allure_commons\\_allure.py\", line 192, in impl\n    return func(*a, **kw)\n  File \"C:\\Users\\Owner\\PycharmProjects\\LifeHelp\\pages\\restore_password_link_page.py\", line 35, in verify_invalid_token_error_message\n    actual_result = self.get_text_title_of_element(RestorePasswordLinkLocators.INVALID_TOKEN_ERROR_MESSAGE)\n  File \"C:\\Users\\Owner\\PycharmProjects\\LifeHelp\\base\\base_object.py\", line 56, in get_text_title_of_element\n    return self.is_clickable(locator).text\n  File \"C:\\Users\\Owner\\PycharmProjects\\LifeHelp\\base\\base_object.py\", line 24, in is_clickable\n    return self.wait.until(ec.element_to_be_clickable(locator))\n  File \"C:\\Users\\Owner\\PycharmProjects\\LifeHelp\\venv\\lib\\site-packages\\selenium\\webdriver\\support\\wait.py\", line 95, in until\n    raise TimeoutException(message, screen, stacktrace)\n"}, "start": 1696570304980, "stop": 1696570310378}], "start": 1696570304160, "stop": 1696570310405, "uuid": "94b06247-6994-4df8-b10a-315fa1fa964c", "historyId": "40415a2bebe0f912186836b4a601f8a9", "testCaseId": "2f56d55f60fa301f66e7861bb2765108", "fullName": "tests.test_restore_password_link#test_set_new_password", "labels": [{"name": "parentSuite", "value": "tests"}, {"name": "suite", "value": "test_restore_password_link"}, {"name": "host", "value": "DESKTOP-MNCDD93"}, {"name": "thread", "value": "11488-MainThread"}, {"name": "framework", "value": "pytest"}, {"name": "language", "value": "cpython3"}, {"name": "package", "value": "tests.test_restore_password_link"}]}