{"name": "test_logout_client", "status": "broken", "statusDetails": {"message": "selenium.common.exceptions.TimeoutException: Message: \nStacktrace:\nBacktrace:\n\tGetHandleVerifier [0x00007FF70A733E62+57250]\n\t(No symbol) [0x00007FF70A6ABC02]\n\t(No symbol) [0x00007FF70A57E0BB]\n\t(No symbol) [0x00007FF70A5B765E]\n\t(No symbol) [0x00007FF70A5B774C]\n\t(No symbol) [0x00007FF70A5F0267]\n\t(No symbol) [0x00007FF70A5D67EF]\n\t(No symbol) [0x00007FF70A5EE312]\n\t(No symbol) [0x00007FF70A5D6583]\n\t(No symbol) [0x00007FF70A5ACC71]\n\t(No symbol) [0x00007FF70A5ADE54]\n\tGetHandleVerifier [0x00007FF70A9E4CF2+2879026]\n\tGetHandleVerifier [0x00007FF70AA36F30+3215472]\n\tGetHandleVerifier [0x00007FF70AA2FD4F+3186319]\n\tGetHandleVerifier [0x00007FF70A7C5505+652869]\n\t(No symbol) [0x00007FF70A6B7518]\n\t(No symbol) [0x00007FF70A6B35F4]\n\t(No symbol) [0x00007FF70A6B36EC]\n\t(No symbol) [0x00007FF70A6A38E3]\n\tBaseThreadInitThunk [0x00007FF8DED07344+20]\n\tRtlUserThreadStart [0x00007FF8E0CE26B1+33]", "trace": "authorization_page = <pages.authorization_page.AuthorizationPage object at 0x00000182B36E1AB0>\n\n    def test_logout_client(authorization_page):\n        authorization_page.click_to_login_button()\n        authorization_page.click_to_login_w_password_button()\n        authorization_page.set_email_email()\n        authorization_page.set_password_pass()\n        authorization_page.click_to_authorize_button()\n>       authorization_page.click_logout_btn()\n\ntests\\test_authorization.py:52: \n_ _ _ _ _ _ _ _ _ _ _ _ _ _ _ _ _ _ _ _ _ _ _ _ _ _ _ _ _ _ _ _ _ _ _ _ _ _ _ _ _ _ _ _ _ _ _ _ _ _ _ _ _ _ _ _ _ _ _ _ _ _ _ _ _ _ _ _ _ _ _ _ _ _ _ \npages\\authorization_page.py:196: in click_logout_btn\n    self.to_click(AuthorizationLocators.LOGOUT_BTN)\nbase\\base_object.py:32: in to_click\n    self.is_clickable(locator).click()\nbase\\base_object.py:24: in is_clickable\n    return self.wait.until(ec.element_to_be_clickable(locator))\n_ _ _ _ _ _ _ _ _ _ _ _ _ _ _ _ _ _ _ _ _ _ _ _ _ _ _ _ _ _ _ _ _ _ _ _ _ _ _ _ _ _ _ _ _ _ _ _ _ _ _ _ _ _ _ _ _ _ _ _ _ _ _ _ _ _ _ _ _ _ _ _ _ _ _ \n\nself = <selenium.webdriver.support.wait.WebDriverWait (session=\"e39decf1d6deed16897214c5596d0461\")>\nmethod = <function element_to_be_clickable.<locals>._predicate at 0x00000182B2E3F5B0>, message = ''\n\n    def until(self, method, message: str = \"\"):\n        \"\"\"Calls the method provided with the driver as an argument until the \\\n        return value does not evaluate to ``False``.\n    \n        :param method: callable(WebDriver)\n        :param message: optional message for :exc:`TimeoutException`\n        :returns: the result of the last call to `method`\n        :raises: :exc:`selenium.common.exceptions.TimeoutException` if timeout occurs\n        \"\"\"\n        screen = None\n        stacktrace = None\n    \n        end_time = time.monotonic() + self._timeout\n        while True:\n            try:\n                value = method(self._driver)\n                if value:\n                    return value\n            except self._ignored_exceptions as exc:\n                screen = getattr(exc, \"screen\", None)\n                stacktrace = getattr(exc, \"stacktrace\", None)\n            time.sleep(self._poll)\n            if time.monotonic() > end_time:\n                break\n>       raise TimeoutException(message, screen, stacktrace)\nE       selenium.common.exceptions.TimeoutException: Message: \nE       Stacktrace:\nE       Backtrace:\nE       \tGetHandleVerifier [0x00007FF70A733E62+57250]\nE       \t(No symbol) [0x00007FF70A6ABC02]\nE       \t(No symbol) [0x00007FF70A57E0BB]\nE       \t(No symbol) [0x00007FF70A5B765E]\nE       \t(No symbol) [0x00007FF70A5B774C]\nE       \t(No symbol) [0x00007FF70A5F0267]\nE       \t(No symbol) [0x00007FF70A5D67EF]\nE       \t(No symbol) [0x00007FF70A5EE312]\nE       \t(No symbol) [0x00007FF70A5D6583]\nE       \t(No symbol) [0x00007FF70A5ACC71]\nE       \t(No symbol) [0x00007FF70A5ADE54]\nE       \tGetHandleVerifier [0x00007FF70A9E4CF2+2879026]\nE       \tGetHandleVerifier [0x00007FF70AA36F30+3215472]\nE       \tGetHandleVerifier [0x00007FF70AA2FD4F+3186319]\nE       \tGetHandleVerifier [0x00007FF70A7C5505+652869]\nE       \t(No symbol) [0x00007FF70A6B7518]\nE       \t(No symbol) [0x00007FF70A6B35F4]\nE       \t(No symbol) [0x00007FF70A6B36EC]\nE       \t(No symbol) [0x00007FF70A6A38E3]\nE       \tBaseThreadInitThunk [0x00007FF8DED07344+20]\nE       \tRtlUserThreadStart [0x00007FF8E0CE26B1+33]\n\nvenv\\lib\\site-packages\\selenium\\webdriver\\support\\wait.py:95: TimeoutException"}, "steps": [{"name": "clicking to \"Login\" button", "status": "passed", "start": 1695361096856, "stop": 1695361101050}, {"name": "clicking to \"Login with password\" button", "status": "passed", "start": 1695361101050, "stop": 1695361101324}, {"name": "set up password", "status": "passed", "start": 1695361102098, "stop": 1695361102528}, {"name": "clicking to \"Authorize\" button", "status": "passed", "start": 1695361102528, "stop": 1695361102775}, {"name": "click logout button", "status": "broken", "statusDetails": {"message": "selenium.common.exceptions.TimeoutException: Message: \nStacktrace:\nBacktrace:\n\tGetHandleVerifier [0x00007FF70A733E62+57250]\n\t(No symbol) [0x00007FF70A6ABC02]\n\t(No symbol) [0x00007FF70A57E0BB]\n\t(No symbol) [0x00007FF70A5B765E]\n\t(No symbol) [0x00007FF70A5B774C]\n\t(No symbol) [0x00007FF70A5F0267]\n\t(No symbol) [0x00007FF70A5D67EF]\n\t(No symbol) [0x00007FF70A5EE312]\n\t(No symbol) [0x00007FF70A5D6583]\n\t(No symbol) [0x00007FF70A5ACC71]\n\t(No symbol) [0x00007FF70A5ADE54]\n\tGetHandleVerifier [0x00007FF70A9E4CF2+2879026]\n\tGetHandleVerifier [0x00007FF70AA36F30+3215472]\n\tGetHandleVerifier [0x00007FF70AA2FD4F+3186319]\n\tGetHandleVerifier [0x00007FF70A7C5505+652869]\n\t(No symbol) [0x00007FF70A6B7518]\n\t(No symbol) [0x00007FF70A6B35F4]\n\t(No symbol) [0x00007FF70A6B36EC]\n\t(No symbol) [0x00007FF70A6A38E3]\n\tBaseThreadInitThunk [0x00007FF8DED07344+20]\n\tRtlUserThreadStart [0x00007FF8E0CE26B1+33]\n\n", "trace": "  File \"C:\\Users\\Owner\\PycharmProjects\\LifeHelp\\venv\\lib\\site-packages\\allure_commons\\_allure.py\", line 192, in impl\n    return func(*a, **kw)\n  File \"C:\\Users\\Owner\\PycharmProjects\\LifeHelp\\pages\\authorization_page.py\", line 196, in click_logout_btn\n    self.to_click(AuthorizationLocators.LOGOUT_BTN)\n  File \"C:\\Users\\Owner\\PycharmProjects\\LifeHelp\\base\\base_object.py\", line 32, in to_click\n    self.is_clickable(locator).click()\n  File \"C:\\Users\\Owner\\PycharmProjects\\LifeHelp\\base\\base_object.py\", line 24, in is_clickable\n    return self.wait.until(ec.element_to_be_clickable(locator))\n  File \"C:\\Users\\Owner\\PycharmProjects\\LifeHelp\\venv\\lib\\site-packages\\selenium\\webdriver\\support\\wait.py\", line 95, in until\n    raise TimeoutException(message, screen, stacktrace)\n"}, "start": 1695361102776, "stop": 1695361108119}], "start": 1695361096855, "stop": 1695361108158, "uuid": "636881b0-c579-4841-a0d5-08f4f974782e", "historyId": "2f979ec108e64fcd74e27b1a4d9c3200", "testCaseId": "e6671f9b6265f1f99274f4ce3278e124", "fullName": "tests.test_authorization#test_logout_client", "labels": [{"name": "parentSuite", "value": "tests"}, {"name": "suite", "value": "test_authorization"}, {"name": "host", "value": "DESKTOP-MNCDD93"}, {"name": "thread", "value": "9352-MainThread"}, {"name": "framework", "value": "pytest"}, {"name": "language", "value": "cpython3"}, {"name": "package", "value": "tests.test_authorization"}]}