{"name": "test_change_flag_rapid_auth_page", "status": "broken", "statusDetails": {"message": "selenium.common.exceptions.TimeoutException: Message: \nStacktrace:\nBacktrace:\n\tGetHandleVerifier [0x00007FF6E2163E62+57250]\n\t(No symbol) [0x00007FF6E20DBC02]\n\t(No symbol) [0x00007FF6E1FAE0BB]\n\t(No symbol) [0x00007FF6E1FE765E]\n\t(No symbol) [0x00007FF6E1FE774C]\n\t(No symbol) [0x00007FF6E2020267]\n\t(No symbol) [0x00007FF6E20067EF]\n\t(No symbol) [0x00007FF6E201E312]\n\t(No symbol) [0x00007FF6E2006583]\n\t(No symbol) [0x00007FF6E1FDCC71]\n\t(No symbol) [0x00007FF6E1FDDE54]\n\tGetHandleVerifier [0x00007FF6E2414CF2+2879026]\n\tGetHandleVerifier [0x00007FF6E2466F30+3215472]\n\tGetHandleVerifier [0x00007FF6E245FD4F+3186319]\n\tGetHandleVerifier [0x00007FF6E21F5505+652869]\n\t(No symbol) [0x00007FF6E20E7518]\n\t(No symbol) [0x00007FF6E20E35F4]\n\t(No symbol) [0x00007FF6E20E36EC]\n\t(No symbol) [0x00007FF6E20D38E3]\n\tBaseThreadInitThunk [0x00007FFA86F47614+20]\n\tRtlUserThreadStart [0x00007FFA872426B1+33]", "trace": "authorization_page = <pages.authorization_page.AuthorizationPage object at 0x00000285AD5CD540>\n\n    def test_change_flag_rapid_auth_page(authorization_page):\n>       authorization_page.click_to_login_button()\n\ntests\\test_authorization.py:677: \n_ _ _ _ _ _ _ _ _ _ _ _ _ _ _ _ _ _ _ _ _ _ _ _ _ _ _ _ _ _ _ _ _ _ _ _ _ _ _ _ _ _ _ _ _ _ _ _ _ _ _ _ _ _ _ _ _ _ _ _ _ _ _ _ _ _ _ _ _ _ _ _ _ _ _ \npages\\authorization_page.py:21: in click_to_login_button\n    self.to_click(AuthorizationLocators.LOGIN_BUTTON)\nbase\\base_object.py:32: in to_click\n    self.is_clickable(locator).click()\nbase\\base_object.py:24: in is_clickable\n    return self.wait.until(ec.element_to_be_clickable(locator))\n_ _ _ _ _ _ _ _ _ _ _ _ _ _ _ _ _ _ _ _ _ _ _ _ _ _ _ _ _ _ _ _ _ _ _ _ _ _ _ _ _ _ _ _ _ _ _ _ _ _ _ _ _ _ _ _ _ _ _ _ _ _ _ _ _ _ _ _ _ _ _ _ _ _ _ \n\nself = <selenium.webdriver.support.wait.WebDriverWait (session=\"c01ec683c69c191175f105e64ac9b047\")>\nmethod = <function element_to_be_clickable.<locals>._predicate at 0x00000285AD55A290>, message = ''\n\n    def until(self, method, message: str = \"\"):\n        \"\"\"Calls the method provided with the driver as an argument until the \\\n        return value does not evaluate to ``False``.\n    \n        :param method: callable(WebDriver)\n        :param message: optional message for :exc:`TimeoutException`\n        :returns: the result of the last call to `method`\n        :raises: :exc:`selenium.common.exceptions.TimeoutException` if timeout occurs\n        \"\"\"\n        screen = None\n        stacktrace = None\n    \n        end_time = time.monotonic() + self._timeout\n        while True:\n            try:\n                value = method(self._driver)\n                if value:\n                    return value\n            except self._ignored_exceptions as exc:\n                screen = getattr(exc, \"screen\", None)\n                stacktrace = getattr(exc, \"stacktrace\", None)\n            time.sleep(self._poll)\n            if time.monotonic() > end_time:\n                break\n>       raise TimeoutException(message, screen, stacktrace)\nE       selenium.common.exceptions.TimeoutException: Message: \nE       Stacktrace:\nE       Backtrace:\nE       \tGetHandleVerifier [0x00007FF6E2163E62+57250]\nE       \t(No symbol) [0x00007FF6E20DBC02]\nE       \t(No symbol) [0x00007FF6E1FAE0BB]\nE       \t(No symbol) [0x00007FF6E1FE765E]\nE       \t(No symbol) [0x00007FF6E1FE774C]\nE       \t(No symbol) [0x00007FF6E2020267]\nE       \t(No symbol) [0x00007FF6E20067EF]\nE       \t(No symbol) [0x00007FF6E201E312]\nE       \t(No symbol) [0x00007FF6E2006583]\nE       \t(No symbol) [0x00007FF6E1FDCC71]\nE       \t(No symbol) [0x00007FF6E1FDDE54]\nE       \tGetHandleVerifier [0x00007FF6E2414CF2+2879026]\nE       \tGetHandleVerifier [0x00007FF6E2466F30+3215472]\nE       \tGetHandleVerifier [0x00007FF6E245FD4F+3186319]\nE       \tGetHandleVerifier [0x00007FF6E21F5505+652869]\nE       \t(No symbol) [0x00007FF6E20E7518]\nE       \t(No symbol) [0x00007FF6E20E35F4]\nE       \t(No symbol) [0x00007FF6E20E36EC]\nE       \t(No symbol) [0x00007FF6E20D38E3]\nE       \tBaseThreadInitThunk [0x00007FFA86F47614+20]\nE       \tRtlUserThreadStart [0x00007FFA872426B1+33]\n\nvenv\\lib\\site-packages\\selenium\\webdriver\\support\\wait.py:95: TimeoutException"}, "steps": [{"name": "clicking to \"Login\" button", "status": "broken", "statusDetails": {"message": "selenium.common.exceptions.TimeoutException: Message: \nStacktrace:\nBacktrace:\n\tGetHandleVerifier [0x00007FF6E2163E62+57250]\n\t(No symbol) [0x00007FF6E20DBC02]\n\t(No symbol) [0x00007FF6E1FAE0BB]\n\t(No symbol) [0x00007FF6E1FE765E]\n\t(No symbol) [0x00007FF6E1FE774C]\n\t(No symbol) [0x00007FF6E2020267]\n\t(No symbol) [0x00007FF6E20067EF]\n\t(No symbol) [0x00007FF6E201E312]\n\t(No symbol) [0x00007FF6E2006583]\n\t(No symbol) [0x00007FF6E1FDCC71]\n\t(No symbol) [0x00007FF6E1FDDE54]\n\tGetHandleVerifier [0x00007FF6E2414CF2+2879026]\n\tGetHandleVerifier [0x00007FF6E2466F30+3215472]\n\tGetHandleVerifier [0x00007FF6E245FD4F+3186319]\n\tGetHandleVerifier [0x00007FF6E21F5505+652869]\n\t(No symbol) [0x00007FF6E20E7518]\n\t(No symbol) [0x00007FF6E20E35F4]\n\t(No symbol) [0x00007FF6E20E36EC]\n\t(No symbol) [0x00007FF6E20D38E3]\n\tBaseThreadInitThunk [0x00007FFA86F47614+20]\n\tRtlUserThreadStart [0x00007FFA872426B1+33]\n\n", "trace": "  File \"C:\\Users\\Owner\\PycharmProjects\\LifeHelp\\venv\\lib\\site-packages\\allure_commons\\_allure.py\", line 192, in impl\n    return func(*a, **kw)\n  File \"C:\\Users\\Owner\\PycharmProjects\\LifeHelp\\pages\\authorization_page.py\", line 21, in click_to_login_button\n    self.to_click(AuthorizationLocators.LOGIN_BUTTON)\n  File \"C:\\Users\\Owner\\PycharmProjects\\LifeHelp\\base\\base_object.py\", line 32, in to_click\n    self.is_clickable(locator).click()\n  File \"C:\\Users\\Owner\\PycharmProjects\\LifeHelp\\base\\base_object.py\", line 24, in is_clickable\n    return self.wait.until(ec.element_to_be_clickable(locator))\n  File \"C:\\Users\\Owner\\PycharmProjects\\LifeHelp\\venv\\lib\\site-packages\\selenium\\webdriver\\support\\wait.py\", line 95, in until\n    raise TimeoutException(message, screen, stacktrace)\n"}, "start": 1694066038978, "stop": 1694066044359}], "start": 1694066038978, "stop": 1694066044363, "uuid": "85800c00-a7c5-457d-a0f1-12d7bea77ec3", "historyId": "355b9e12714f422cac804e4c864ef66b", "testCaseId": "d4b5f6193b2910e54b63ff0e25b08d2d", "fullName": "tests.test_authorization#test_change_flag_rapid_auth_page", "labels": [{"name": "parentSuite", "value": "tests"}, {"name": "suite", "value": "test_authorization"}, {"name": "host", "value": "DESKTOP-MNCDD93"}, {"name": "thread", "value": "46092-MainThread"}, {"name": "framework", "value": "pytest"}, {"name": "language", "value": "cpython3"}, {"name": "package", "value": "tests.test_authorization"}]}