{"name": "test_selfestimation_test_btn_taplink", "status": "broken", "statusDetails": {"message": "selenium.common.exceptions.TimeoutException: Message: \nStacktrace:\nBacktrace:\n\tGetHandleVerifier [0x00007FF6F54F3E62+57250]\n\t(No symbol) [0x00007FF6F546BC02]\n\t(No symbol) [0x00007FF6F533E0BB]\n\t(No symbol) [0x00007FF6F537765E]\n\t(No symbol) [0x00007FF6F537774C]\n\t(No symbol) [0x00007FF6F53B0267]\n\t(No symbol) [0x00007FF6F53967EF]\n\t(No symbol) [0x00007FF6F53AE312]\n\t(No symbol) [0x00007FF6F5396583]\n\t(No symbol) [0x00007FF6F536CC71]\n\t(No symbol) [0x00007FF6F536DE54]\n\tGetHandleVerifier [0x00007FF6F57A4CF2+2879026]\n\tGetHandleVerifier [0x00007FF6F57F6F30+3215472]\n\tGetHandleVerifier [0x00007FF6F57EFD4F+3186319]\n\tGetHandleVerifier [0x00007FF6F5585505+652869]\n\t(No symbol) [0x00007FF6F5477518]\n\t(No symbol) [0x00007FF6F54735F4]\n\t(No symbol) [0x00007FF6F54736EC]\n\t(No symbol) [0x00007FF6F54638E3]\n\tBaseThreadInitThunk [0x00007FFA86F47614+20]\n\tRtlUserThreadStart [0x00007FFA872426B1+33]", "trace": "taplink_page = <pages.taplink_pages.TaplinkPage object at 0x00000210CC8A4A60>\n\n    def test_selfestimation_test_btn_taplink(taplink_page):\n        taplink_page.click_to_selfestimation_test_btn_taplink()\n>       taplink_page.verify_mrqz_page_feel_diffidence()\n\ntests\\test_taplink_page.py:25: \n_ _ _ _ _ _ _ _ _ _ _ _ _ _ _ _ _ _ _ _ _ _ _ _ _ _ _ _ _ _ _ _ _ _ _ _ _ _ _ _ _ _ _ _ _ _ _ _ _ _ _ _ _ _ _ _ _ _ _ _ _ _ _ _ _ _ _ _ _ _ _ _ _ _ _ \npages\\taplink_pages.py:44: in verify_mrqz_page_feel_diffidence\n    actual_result = self.get_text_title_of_element(TaplinkLocators.FEEL_DIFFIDENCE_MRQZ)\nbase\\base_object.py:26: in get_text_title_of_element\n    return self.is_visible(locator).text\nbase\\base_object.py:11: in is_visible\n    return self.wait.until(ec.visibility_of_element_located(locator))\n_ _ _ _ _ _ _ _ _ _ _ _ _ _ _ _ _ _ _ _ _ _ _ _ _ _ _ _ _ _ _ _ _ _ _ _ _ _ _ _ _ _ _ _ _ _ _ _ _ _ _ _ _ _ _ _ _ _ _ _ _ _ _ _ _ _ _ _ _ _ _ _ _ _ _ \n\nself = <selenium.webdriver.support.wait.WebDriverWait (session=\"0305cb37514bd217555c90640a55f52e\")>\nmethod = <function visibility_of_element_located.<locals>._predicate at 0x00000210CC811480>, message = ''\n\n    def until(self, method, message: str = \"\"):\n        \"\"\"Calls the method provided with the driver as an argument until the \\\n        return value does not evaluate to ``False``.\n    \n        :param method: callable(WebDriver)\n        :param message: optional message for :exc:`TimeoutException`\n        :returns: the result of the last call to `method`\n        :raises: :exc:`selenium.common.exceptions.TimeoutException` if timeout occurs\n        \"\"\"\n        screen = None\n        stacktrace = None\n    \n        end_time = time.monotonic() + self._timeout\n        while True:\n            try:\n                value = method(self._driver)\n                if value:\n                    return value\n            except self._ignored_exceptions as exc:\n                screen = getattr(exc, \"screen\", None)\n                stacktrace = getattr(exc, \"stacktrace\", None)\n            time.sleep(self._poll)\n            if time.monotonic() > end_time:\n                break\n>       raise TimeoutException(message, screen, stacktrace)\nE       selenium.common.exceptions.TimeoutException: Message: \nE       Stacktrace:\nE       Backtrace:\nE       \tGetHandleVerifier [0x00007FF6F54F3E62+57250]\nE       \t(No symbol) [0x00007FF6F546BC02]\nE       \t(No symbol) [0x00007FF6F533E0BB]\nE       \t(No symbol) [0x00007FF6F537765E]\nE       \t(No symbol) [0x00007FF6F537774C]\nE       \t(No symbol) [0x00007FF6F53B0267]\nE       \t(No symbol) [0x00007FF6F53967EF]\nE       \t(No symbol) [0x00007FF6F53AE312]\nE       \t(No symbol) [0x00007FF6F5396583]\nE       \t(No symbol) [0x00007FF6F536CC71]\nE       \t(No symbol) [0x00007FF6F536DE54]\nE       \tGetHandleVerifier [0x00007FF6F57A4CF2+2879026]\nE       \tGetHandleVerifier [0x00007FF6F57F6F30+3215472]\nE       \tGetHandleVerifier [0x00007FF6F57EFD4F+3186319]\nE       \tGetHandleVerifier [0x00007FF6F5585505+652869]\nE       \t(No symbol) [0x00007FF6F5477518]\nE       \t(No symbol) [0x00007FF6F54735F4]\nE       \t(No symbol) [0x00007FF6F54736EC]\nE       \t(No symbol) [0x00007FF6F54638E3]\nE       \tBaseThreadInitThunk [0x00007FFA86F47614+20]\nE       \tRtlUserThreadStart [0x00007FFA872426B1+33]\n\nvenv\\lib\\site-packages\\selenium\\webdriver\\support\\wait.py:95: TimeoutException"}, "steps": [{"name": "click to \"selfestimation test\" btn taplink page", "status": "passed", "start": 1693551492751, "stop": 1693551501477}, {"name": "verify mrqz test page \"diffidence\"", "status": "broken", "statusDetails": {"message": "selenium.common.exceptions.TimeoutException: Message: \nStacktrace:\nBacktrace:\n\tGetHandleVerifier [0x00007FF6F54F3E62+57250]\n\t(No symbol) [0x00007FF6F546BC02]\n\t(No symbol) [0x00007FF6F533E0BB]\n\t(No symbol) [0x00007FF6F537765E]\n\t(No symbol) [0x00007FF6F537774C]\n\t(No symbol) [0x00007FF6F53B0267]\n\t(No symbol) [0x00007FF6F53967EF]\n\t(No symbol) [0x00007FF6F53AE312]\n\t(No symbol) [0x00007FF6F5396583]\n\t(No symbol) [0x00007FF6F536CC71]\n\t(No symbol) [0x00007FF6F536DE54]\n\tGetHandleVerifier [0x00007FF6F57A4CF2+2879026]\n\tGetHandleVerifier [0x00007FF6F57F6F30+3215472]\n\tGetHandleVerifier [0x00007FF6F57EFD4F+3186319]\n\tGetHandleVerifier [0x00007FF6F5585505+652869]\n\t(No symbol) [0x00007FF6F5477518]\n\t(No symbol) [0x00007FF6F54735F4]\n\t(No symbol) [0x00007FF6F54736EC]\n\t(No symbol) [0x00007FF6F54638E3]\n\tBaseThreadInitThunk [0x00007FFA86F47614+20]\n\tRtlUserThreadStart [0x00007FFA872426B1+33]\n\n", "trace": "  File \"C:\\Users\\Owner\\PycharmProjects\\LifeHelp\\venv\\lib\\site-packages\\allure_commons\\_allure.py\", line 192, in impl\n    return func(*a, **kw)\n  File \"C:\\Users\\Owner\\PycharmProjects\\LifeHelp\\pages\\taplink_pages.py\", line 44, in verify_mrqz_page_feel_diffidence\n    actual_result = self.get_text_title_of_element(TaplinkLocators.FEEL_DIFFIDENCE_MRQZ)\n  File \"C:\\Users\\Owner\\PycharmProjects\\LifeHelp\\base\\base_object.py\", line 26, in get_text_title_of_element\n    return self.is_visible(locator).text\n  File \"C:\\Users\\Owner\\PycharmProjects\\LifeHelp\\base\\base_object.py\", line 11, in is_visible\n    return self.wait.until(ec.visibility_of_element_located(locator))\n  File \"C:\\Users\\Owner\\PycharmProjects\\LifeHelp\\venv\\lib\\site-packages\\selenium\\webdriver\\support\\wait.py\", line 95, in until\n    raise TimeoutException(message, screen, stacktrace)\n"}, "start": 1693551501478, "stop": 1693551506876}], "start": 1693551492750, "stop": 1693551506897, "uuid": "58dbe89a-99a3-40f2-be89-e152fa82d53f", "historyId": "b8cb678626589bb0e5a072833a82e942", "testCaseId": "1c43b405890c44fbb6934329eb14faef", "fullName": "tests.test_taplink_page#test_selfestimation_test_btn_taplink", "labels": [{"name": "parentSuite", "value": "tests"}, {"name": "suite", "value": "test_taplink_page"}, {"name": "host", "value": "DESKTOP-MNCDD93"}, {"name": "thread", "value": "29116-MainThread"}, {"name": "framework", "value": "pytest"}, {"name": "language", "value": "cpython3"}, {"name": "package", "value": "tests.test_taplink_page"}]}