{"name": "test_order_session_in_package_4", "status": "broken", "statusDetails": {"message": "selenium.common.exceptions.TimeoutException: Message: \nStacktrace:\nBacktrace:\n\tGetHandleVerifier [0x00007FF70FB93E62+57250]\n\t(No symbol) [0x00007FF70FB0BC02]\n\t(No symbol) [0x00007FF70F9DE0BB]\n\t(No symbol) [0x00007FF70FA1765E]\n\t(No symbol) [0x00007FF70FA1774C]\n\t(No symbol) [0x00007FF70FA50267]\n\t(No symbol) [0x00007FF70FA367EF]\n\t(No symbol) [0x00007FF70FA4E312]\n\t(No symbol) [0x00007FF70FA36583]\n\t(No symbol) [0x00007FF70FA0CC71]\n\t(No symbol) [0x00007FF70FA0DE54]\n\tGetHandleVerifier [0x00007FF70FE44CF2+2879026]\n\tGetHandleVerifier [0x00007FF70FE96F30+3215472]\n\tGetHandleVerifier [0x00007FF70FE8FD4F+3186319]\n\tGetHandleVerifier [0x00007FF70FC25505+652869]\n\t(No symbol) [0x00007FF70FB17518]\n\t(No symbol) [0x00007FF70FB135F4]\n\t(No symbol) [0x00007FF70FB136EC]\n\t(No symbol) [0x00007FF70FB038E3]\n\tBaseThreadInitThunk [0x00007FFF1B0A7614+20]\n\tRtlUserThreadStart [0x00007FFF1B8426B1+33]", "trace": "authorization_page = <pages.authorization_page.AuthorizationPage object at 0x00000203DC44C9A0>\n\n    def test_order_session_in_package_4(authorization_page):\n        authorization_page.click_to_login_button()\n        authorization_page.click_to_login_w_password_button()\n        authorization_page.set_email_email()\n        authorization_page.set_password_pass()\n        authorization_page.click_to_authorize_button()\n        authorization_page.click_my_balance_menu_navigation()\n        authorization_page.scroll_to_empty_element_order_session_package()\n>       authorization_page.click_to_order_session_package()\n\ntests\\test_authorization.py:461: \n_ _ _ _ _ _ _ _ _ _ _ _ _ _ _ _ _ _ _ _ _ _ _ _ _ _ _ _ _ _ _ _ _ _ _ _ _ _ _ _ _ _ _ _ _ _ _ _ _ _ _ _ _ _ _ _ _ _ _ _ _ _ _ _ _ _ _ _ _ _ _ _ _ _ _ \npages\\authorization_page.py:644: in click_to_order_session_package\n    self.to_click(AuthorizationLocators.ORDER_SESSION_IN_PACKAGE)\nbase\\base_object.py:17: in to_click\n    self.is_clickable(locator).click()\nbase\\base_object.py:14: in is_clickable\n    return self.wait.until(ec.element_to_be_clickable(locator))\n_ _ _ _ _ _ _ _ _ _ _ _ _ _ _ _ _ _ _ _ _ _ _ _ _ _ _ _ _ _ _ _ _ _ _ _ _ _ _ _ _ _ _ _ _ _ _ _ _ _ _ _ _ _ _ _ _ _ _ _ _ _ _ _ _ _ _ _ _ _ _ _ _ _ _ \n\nself = <selenium.webdriver.support.wait.WebDriverWait (session=\"a114169d4fc1884bcb69380659919d8d\")>\nmethod = <function element_to_be_clickable.<locals>._predicate at 0x00000203DC369AB0>, message = ''\n\n    def until(self, method, message: str = \"\"):\n        \"\"\"Calls the method provided with the driver as an argument until the \\\n        return value does not evaluate to ``False``.\n    \n        :param method: callable(WebDriver)\n        :param message: optional message for :exc:`TimeoutException`\n        :returns: the result of the last call to `method`\n        :raises: :exc:`selenium.common.exceptions.TimeoutException` if timeout occurs\n        \"\"\"\n        screen = None\n        stacktrace = None\n    \n        end_time = time.monotonic() + self._timeout\n        while True:\n            try:\n                value = method(self._driver)\n                if value:\n                    return value\n            except self._ignored_exceptions as exc:\n                screen = getattr(exc, \"screen\", None)\n                stacktrace = getattr(exc, \"stacktrace\", None)\n            time.sleep(self._poll)\n            if time.monotonic() > end_time:\n                break\n>       raise TimeoutException(message, screen, stacktrace)\nE       selenium.common.exceptions.TimeoutException: Message: \nE       Stacktrace:\nE       Backtrace:\nE       \tGetHandleVerifier [0x00007FF70FB93E62+57250]\nE       \t(No symbol) [0x00007FF70FB0BC02]\nE       \t(No symbol) [0x00007FF70F9DE0BB]\nE       \t(No symbol) [0x00007FF70FA1765E]\nE       \t(No symbol) [0x00007FF70FA1774C]\nE       \t(No symbol) [0x00007FF70FA50267]\nE       \t(No symbol) [0x00007FF70FA367EF]\nE       \t(No symbol) [0x00007FF70FA4E312]\nE       \t(No symbol) [0x00007FF70FA36583]\nE       \t(No symbol) [0x00007FF70FA0CC71]\nE       \t(No symbol) [0x00007FF70FA0DE54]\nE       \tGetHandleVerifier [0x00007FF70FE44CF2+2879026]\nE       \tGetHandleVerifier [0x00007FF70FE96F30+3215472]\nE       \tGetHandleVerifier [0x00007FF70FE8FD4F+3186319]\nE       \tGetHandleVerifier [0x00007FF70FC25505+652869]\nE       \t(No symbol) [0x00007FF70FB17518]\nE       \t(No symbol) [0x00007FF70FB135F4]\nE       \t(No symbol) [0x00007FF70FB136EC]\nE       \t(No symbol) [0x00007FF70FB038E3]\nE       \tBaseThreadInitThunk [0x00007FFF1B0A7614+20]\nE       \tRtlUserThreadStart [0x00007FFF1B8426B1+33]\n\nvenv\\lib\\site-packages\\selenium\\webdriver\\support\\wait.py:95: TimeoutException"}, "steps": [{"name": "clicking to \"Login\" button", "status": "passed", "start": 1691473536070, "stop": 1691473545556}, {"name": "clicking to \"Login with password\" button", "status": "passed", "start": 1691473545556, "stop": 1691473545737}, {"name": "set up password", "status": "passed", "start": 1691473546154, "stop": 1691473546341}, {"name": "clicking to \"Authorize\" button", "status": "passed", "start": 1691473546341, "stop": 1691473546462}, {"name": "click to \"my balance\" in clients menu navigation", "status": "passed", "start": 1691473546462, "stop": 1691473551430}, {"name": "scroll to empty element to order session in package", "status": "passed", "start": 1691473551431, "stop": 1691473552493}, {"name": "click to \"order session\" in the package", "status": "broken", "statusDetails": {"message": "selenium.common.exceptions.TimeoutException: Message: \nStacktrace:\nBacktrace:\n\tGetHandleVerifier [0x00007FF70FB93E62+57250]\n\t(No symbol) [0x00007FF70FB0BC02]\n\t(No symbol) [0x00007FF70F9DE0BB]\n\t(No symbol) [0x00007FF70FA1765E]\n\t(No symbol) [0x00007FF70FA1774C]\n\t(No symbol) [0x00007FF70FA50267]\n\t(No symbol) [0x00007FF70FA367EF]\n\t(No symbol) [0x00007FF70FA4E312]\n\t(No symbol) [0x00007FF70FA36583]\n\t(No symbol) [0x00007FF70FA0CC71]\n\t(No symbol) [0x00007FF70FA0DE54]\n\tGetHandleVerifier [0x00007FF70FE44CF2+2879026]\n\tGetHandleVerifier [0x00007FF70FE96F30+3215472]\n\tGetHandleVerifier [0x00007FF70FE8FD4F+3186319]\n\tGetHandleVerifier [0x00007FF70FC25505+652869]\n\t(No symbol) [0x00007FF70FB17518]\n\t(No symbol) [0x00007FF70FB135F4]\n\t(No symbol) [0x00007FF70FB136EC]\n\t(No symbol) [0x00007FF70FB038E3]\n\tBaseThreadInitThunk [0x00007FFF1B0A7614+20]\n\tRtlUserThreadStart [0x00007FFF1B8426B1+33]\n\n", "trace": "  File \"C:\\Users\\Owner\\PycharmProjects\\LifeHelp\\venv\\lib\\site-packages\\allure_commons\\_allure.py\", line 192, in impl\n    return func(*a, **kw)\n  File \"C:\\Users\\Owner\\PycharmProjects\\LifeHelp\\pages\\authorization_page.py\", line 644, in click_to_order_session_package\n    self.to_click(AuthorizationLocators.ORDER_SESSION_IN_PACKAGE)\n  File \"C:\\Users\\Owner\\PycharmProjects\\LifeHelp\\base\\base_object.py\", line 17, in to_click\n    self.is_clickable(locator).click()\n  File \"C:\\Users\\Owner\\PycharmProjects\\LifeHelp\\base\\base_object.py\", line 14, in is_clickable\n    return self.wait.until(ec.element_to_be_clickable(locator))\n  File \"C:\\Users\\Owner\\PycharmProjects\\LifeHelp\\venv\\lib\\site-packages\\selenium\\webdriver\\support\\wait.py\", line 95, in until\n    raise TimeoutException(message, screen, stacktrace)\n"}, "start": 1691473552493, "stop": 1691473557839}], "start": 1691473536070, "stop": 1691473557840, "uuid": "415bc6c5-be7c-4223-8e7d-4bc95299c348", "historyId": "d07fd56f085475352fdd8a1a9c7fd74e", "testCaseId": "3b426889147c21f39513d8f7e95f6db8", "fullName": "tests.test_authorization#test_order_session_in_package_4", "labels": [{"name": "parentSuite", "value": "tests"}, {"name": "suite", "value": "test_authorization"}, {"name": "host", "value": "DESKTOP-MNCDD93"}, {"name": "thread", "value": "24240-MainThread"}, {"name": "framework", "value": "pytest"}, {"name": "language", "value": "cpython3"}, {"name": "package", "value": "tests.test_authorization"}]}