{"name": "test_back_account_package_order_page", "status": "broken", "statusDetails": {"message": "selenium.common.exceptions.TimeoutException: Message: \nStacktrace:\nBacktrace:\n\tGetHandleVerifier [0x00007FF791F83E62+57250]\n\t(No symbol) [0x00007FF791EFBC02]\n\t(No symbol) [0x00007FF791DCE0BB]\n\t(No symbol) [0x00007FF791E0765E]\n\t(No symbol) [0x00007FF791E0774C]\n\t(No symbol) [0x00007FF791E40267]\n\t(No symbol) [0x00007FF791E267EF]\n\t(No symbol) [0x00007FF791E3E312]\n\t(No symbol) [0x00007FF791E26583]\n\t(No symbol) [0x00007FF791DFCC71]\n\t(No symbol) [0x00007FF791DFDE54]\n\tGetHandleVerifier [0x00007FF792234CF2+2879026]\n\tGetHandleVerifier [0x00007FF792286F30+3215472]\n\tGetHandleVerifier [0x00007FF79227FD4F+3186319]\n\tGetHandleVerifier [0x00007FF792015505+652869]\n\t(No symbol) [0x00007FF791F07518]\n\t(No symbol) [0x00007FF791F035F4]\n\t(No symbol) [0x00007FF791F036EC]\n\t(No symbol) [0x00007FF791EF38E3]\n\tBaseThreadInitThunk [0x00007FFE057C7614+20]\n\tRtlUserThreadStart [0x00007FFE061626B1+33]", "trace": "authorization_page = <pages.authorization_page.AuthorizationPage object at 0x000002669A2E03A0>\n\n    def test_back_account_package_order_page(authorization_page):\n        authorization_page.click_to_login_button()\n        authorization_page.click_to_login_w_password_button()\n        authorization_page.set_phone_password_authorization()\n        authorization_page.set_password_pass()\n        authorization_page.click_to_authorize_button()\n        authorization_page.click_my_balance_menu_navigation()\n>       authorization_page.click_buy_package()\n\ntests\\test_authorization.py:736: \n_ _ _ _ _ _ _ _ _ _ _ _ _ _ _ _ _ _ _ _ _ _ _ _ _ _ _ _ _ _ _ _ _ _ _ _ _ _ _ _ _ _ _ _ _ _ _ _ _ _ _ _ _ _ _ _ _ _ _ _ _ _ _ _ _ _ _ _ _ _ _ _ _ _ _ \npages\\authorization_page.py:226: in click_buy_package\n    self.to_click(AuthorizationLocators.BUY_PACKAGE_BUTTON)\nbase\\base_object.py:17: in to_click\n    self.is_clickable(locator).click()\nbase\\base_object.py:14: in is_clickable\n    return self.wait.until(ec.element_to_be_clickable(locator))\n_ _ _ _ _ _ _ _ _ _ _ _ _ _ _ _ _ _ _ _ _ _ _ _ _ _ _ _ _ _ _ _ _ _ _ _ _ _ _ _ _ _ _ _ _ _ _ _ _ _ _ _ _ _ _ _ _ _ _ _ _ _ _ _ _ _ _ _ _ _ _ _ _ _ _ \n\nself = <selenium.webdriver.support.wait.WebDriverWait (session=\"d5df2128f56ddadf488ff4f3dc26a7f1\")>\nmethod = <function element_to_be_clickable.<locals>._predicate at 0x000002669970F130>, message = ''\n\n    def until(self, method, message: str = \"\"):\n        \"\"\"Calls the method provided with the driver as an argument until the \\\n        return value does not evaluate to ``False``.\n    \n        :param method: callable(WebDriver)\n        :param message: optional message for :exc:`TimeoutException`\n        :returns: the result of the last call to `method`\n        :raises: :exc:`selenium.common.exceptions.TimeoutException` if timeout occurs\n        \"\"\"\n        screen = None\n        stacktrace = None\n    \n        end_time = time.monotonic() + self._timeout\n        while True:\n            try:\n                value = method(self._driver)\n                if value:\n                    return value\n            except self._ignored_exceptions as exc:\n                screen = getattr(exc, \"screen\", None)\n                stacktrace = getattr(exc, \"stacktrace\", None)\n            time.sleep(self._poll)\n            if time.monotonic() > end_time:\n                break\n>       raise TimeoutException(message, screen, stacktrace)\nE       selenium.common.exceptions.TimeoutException: Message: \nE       Stacktrace:\nE       Backtrace:\nE       \tGetHandleVerifier [0x00007FF791F83E62+57250]\nE       \t(No symbol) [0x00007FF791EFBC02]\nE       \t(No symbol) [0x00007FF791DCE0BB]\nE       \t(No symbol) [0x00007FF791E0765E]\nE       \t(No symbol) [0x00007FF791E0774C]\nE       \t(No symbol) [0x00007FF791E40267]\nE       \t(No symbol) [0x00007FF791E267EF]\nE       \t(No symbol) [0x00007FF791E3E312]\nE       \t(No symbol) [0x00007FF791E26583]\nE       \t(No symbol) [0x00007FF791DFCC71]\nE       \t(No symbol) [0x00007FF791DFDE54]\nE       \tGetHandleVerifier [0x00007FF792234CF2+2879026]\nE       \tGetHandleVerifier [0x00007FF792286F30+3215472]\nE       \tGetHandleVerifier [0x00007FF79227FD4F+3186319]\nE       \tGetHandleVerifier [0x00007FF792015505+652869]\nE       \t(No symbol) [0x00007FF791F07518]\nE       \t(No symbol) [0x00007FF791F035F4]\nE       \t(No symbol) [0x00007FF791F036EC]\nE       \t(No symbol) [0x00007FF791EF38E3]\nE       \tBaseThreadInitThunk [0x00007FFE057C7614+20]\nE       \tRtlUserThreadStart [0x00007FFE061626B1+33]\n\nvenv\\lib\\site-packages\\selenium\\webdriver\\support\\wait.py:95: TimeoutException"}, "steps": [{"name": "clicking to \"Login\" button", "status": "passed", "start": 1692600683543, "stop": 1692600687703}, {"name": "clicking to \"Login with password\" button", "status": "passed", "start": 1692600687703, "stop": 1692600687964}, {"name": "set up password", "status": "passed", "start": 1692600688443, "stop": 1692600688673}, {"name": "clicking to \"Authorize\" button", "status": "passed", "start": 1692600688674, "stop": 1692600688858}, {"name": "click to \"my balance\" in clients menu navigation", "status": "passed", "start": 1692600688858, "stop": 1692600693780}, {"name": "click to \"buy package\" button", "status": "broken", "statusDetails": {"message": "selenium.common.exceptions.TimeoutException: Message: \nStacktrace:\nBacktrace:\n\tGetHandleVerifier [0x00007FF791F83E62+57250]\n\t(No symbol) [0x00007FF791EFBC02]\n\t(No symbol) [0x00007FF791DCE0BB]\n\t(No symbol) [0x00007FF791E0765E]\n\t(No symbol) [0x00007FF791E0774C]\n\t(No symbol) [0x00007FF791E40267]\n\t(No symbol) [0x00007FF791E267EF]\n\t(No symbol) [0x00007FF791E3E312]\n\t(No symbol) [0x00007FF791E26583]\n\t(No symbol) [0x00007FF791DFCC71]\n\t(No symbol) [0x00007FF791DFDE54]\n\tGetHandleVerifier [0x00007FF792234CF2+2879026]\n\tGetHandleVerifier [0x00007FF792286F30+3215472]\n\tGetHandleVerifier [0x00007FF79227FD4F+3186319]\n\tGetHandleVerifier [0x00007FF792015505+652869]\n\t(No symbol) [0x00007FF791F07518]\n\t(No symbol) [0x00007FF791F035F4]\n\t(No symbol) [0x00007FF791F036EC]\n\t(No symbol) [0x00007FF791EF38E3]\n\tBaseThreadInitThunk [0x00007FFE057C7614+20]\n\tRtlUserThreadStart [0x00007FFE061626B1+33]\n\n", "trace": "  File \"C:\\Users\\Owner\\PycharmProjects\\LifeHelp\\venv\\lib\\site-packages\\allure_commons\\_allure.py\", line 192, in impl\n    return func(*a, **kw)\n  File \"C:\\Users\\Owner\\PycharmProjects\\LifeHelp\\pages\\authorization_page.py\", line 226, in click_buy_package\n    self.to_click(AuthorizationLocators.BUY_PACKAGE_BUTTON)\n  File \"C:\\Users\\Owner\\PycharmProjects\\LifeHelp\\base\\base_object.py\", line 17, in to_click\n    self.is_clickable(locator).click()\n  File \"C:\\Users\\Owner\\PycharmProjects\\LifeHelp\\base\\base_object.py\", line 14, in is_clickable\n    return self.wait.until(ec.element_to_be_clickable(locator))\n  File \"C:\\Users\\Owner\\PycharmProjects\\LifeHelp\\venv\\lib\\site-packages\\selenium\\webdriver\\support\\wait.py\", line 95, in until\n    raise TimeoutException(message, screen, stacktrace)\n"}, "start": 1692600693780, "stop": 1692600699092}], "start": 1692600683542, "stop": 1692600699103, "uuid": "2f0d4350-b325-4339-b2dd-3df563b31c3a", "historyId": "b5cd9e10ebcc18826d8d851b55d03504", "testCaseId": "6c9b35c0251ee7e13d51b748f4ba6715", "fullName": "tests.test_authorization#test_back_account_package_order_page", "labels": [{"name": "parentSuite", "value": "tests"}, {"name": "suite", "value": "test_authorization"}, {"name": "host", "value": "DESKTOP-MNCDD93"}, {"name": "thread", "value": "30304-MainThread"}, {"name": "framework", "value": "pytest"}, {"name": "language", "value": "cpython3"}, {"name": "package", "value": "tests.test_authorization"}]}