{"name": "test_client_second_session_order_cloudpayments", "status": "broken", "statusDetails": {"message": "selenium.common.exceptions.TimeoutException: Message: \nStacktrace:\nBacktrace:\n\tGetHandleVerifier [0x00C4A813+48355]\n\t(No symbol) [0x00BDC4B1]\n\t(No symbol) [0x00AE5358]\n\t(No symbol) [0x00B109A5]\n\t(No symbol) [0x00B10B3B]\n\t(No symbol) [0x00B3E232]\n\t(No symbol) [0x00B2A784]\n\t(No symbol) [0x00B3C922]\n\t(No symbol) [0x00B2A536]\n\t(No symbol) [0x00B082DC]\n\t(No symbol) [0x00B093DD]\n\tGetHandleVerifier [0x00EAAABD+2539405]\n\tGetHandleVerifier [0x00EEA78F+2800735]\n\tGetHandleVerifier [0x00EE456C+2775612]\n\tGetHandleVerifier [0x00CD51E0+616112]\n\t(No symbol) [0x00BE5F8C]\n\t(No symbol) [0x00BE2328]\n\t(No symbol) [0x00BE240B]\n\t(No symbol) [0x00BD4FF7]\n\tBaseThreadInitThunk [0x759B00C9+25]\n\tRtlGetAppContainerNamedObjectPath [0x77B57B1E+286]\n\tRtlGetAppContainerNamedObjectPath [0x77B57AEE+238]", "trace": "authorization_page = <pages.authorization_page.AuthorizationPage object at 0x000001B634BFAC20>\n\n    def test_client_second_session_order_cloudpayments (authorization_page):\n        authorization_page.click_to_login_button()\n        authorization_page.click_to_login_w_password_button()\n        authorization_page.set_email_email()\n        authorization_page.set_password_pass()\n        authorization_page.click_to_authorize_button()\n        authorization_page.click_terminated_sessions_title()\n        authorization_page.click_order_session_again_button()\n        authorization_page.select_time_session_schedule_psychologist()\n        authorization_page.click_rapid_go_payment_btn()\n>       authorization_page.click_card_rf_button_session()\n\ntests\\test_authorization.py:157: \n_ _ _ _ _ _ _ _ _ _ _ _ _ _ _ _ _ _ _ _ _ _ _ _ _ _ _ _ _ _ _ _ _ _ _ _ _ _ _ _ _ _ _ _ _ _ _ _ _ _ _ _ _ _ _ _ _ _ _ _ _ _ _ _ _ _ _ _ _ _ _ _ _ _ _ \npages\\authorization_page.py:240: in click_card_rf_button_session\n    self.to_click(AuthorizationLocators.CARD_RF_BUTTON_SESSION)\nbase\\base_object.py:17: in to_click\n    self.is_clickable(locator).click()\nbase\\base_object.py:14: in is_clickable\n    return self.wait.until(ec.element_to_be_clickable(locator))\n_ _ _ _ _ _ _ _ _ _ _ _ _ _ _ _ _ _ _ _ _ _ _ _ _ _ _ _ _ _ _ _ _ _ _ _ _ _ _ _ _ _ _ _ _ _ _ _ _ _ _ _ _ _ _ _ _ _ _ _ _ _ _ _ _ _ _ _ _ _ _ _ _ _ _ \n\nself = <selenium.webdriver.support.wait.WebDriverWait (session=\"6f957725fa5fd61e4ea6daebad9440d0\")>\nmethod = <function element_to_be_clickable.<locals>._predicate at 0x000001B6343AB910>, message = ''\n\n    def until(self, method, message: str = \"\"):\n        \"\"\"Calls the method provided with the driver as an argument until the \\\n        return value does not evaluate to ``False``.\n    \n        :param method: callable(WebDriver)\n        :param message: optional message for :exc:`TimeoutException`\n        :returns: the result of the last call to `method`\n        :raises: :exc:`selenium.common.exceptions.TimeoutException` if timeout occurs\n        \"\"\"\n        screen = None\n        stacktrace = None\n    \n        end_time = time.monotonic() + self._timeout\n        while True:\n            try:\n                value = method(self._driver)\n                if value:\n                    return value\n            except self._ignored_exceptions as exc:\n                screen = getattr(exc, \"screen\", None)\n                stacktrace = getattr(exc, \"stacktrace\", None)\n            time.sleep(self._poll)\n            if time.monotonic() > end_time:\n                break\n>       raise TimeoutException(message, screen, stacktrace)\nE       selenium.common.exceptions.TimeoutException: Message: \nE       Stacktrace:\nE       Backtrace:\nE       \tGetHandleVerifier [0x00C4A813+48355]\nE       \t(No symbol) [0x00BDC4B1]\nE       \t(No symbol) [0x00AE5358]\nE       \t(No symbol) [0x00B109A5]\nE       \t(No symbol) [0x00B10B3B]\nE       \t(No symbol) [0x00B3E232]\nE       \t(No symbol) [0x00B2A784]\nE       \t(No symbol) [0x00B3C922]\nE       \t(No symbol) [0x00B2A536]\nE       \t(No symbol) [0x00B082DC]\nE       \t(No symbol) [0x00B093DD]\nE       \tGetHandleVerifier [0x00EAAABD+2539405]\nE       \tGetHandleVerifier [0x00EEA78F+2800735]\nE       \tGetHandleVerifier [0x00EE456C+2775612]\nE       \tGetHandleVerifier [0x00CD51E0+616112]\nE       \t(No symbol) [0x00BE5F8C]\nE       \t(No symbol) [0x00BE2328]\nE       \t(No symbol) [0x00BE240B]\nE       \t(No symbol) [0x00BD4FF7]\nE       \tBaseThreadInitThunk [0x759B00C9+25]\nE       \tRtlGetAppContainerNamedObjectPath [0x77B57B1E+286]\nE       \tRtlGetAppContainerNamedObjectPath [0x77B57AEE+238]\n\nvenv\\lib\\site-packages\\selenium\\webdriver\\support\\wait.py:95: TimeoutException"}, "steps": [{"name": "clicking to \"Login\" button", "status": "passed", "start": 1690256696723, "stop": 1690256698716}, {"name": "clicking to \"Login with password\" button", "status": "passed", "start": 1690256698717, "stop": 1690256698880}, {"name": "set up password", "status": "passed", "start": 1690256699653, "stop": 1690256699821}, {"name": "clicking to \"Authorize\" button", "status": "passed", "start": 1690256699821, "stop": 1690256699953}, {"name": "click terminated sessions title in client account", "status": "passed", "start": 1690256699953, "stop": 1690256704975}, {"name": "click order session again in client account", "status": "passed", "start": 1690256704975, "stop": 1690256706769}, {"name": "select the nearest time for second session", "status": "passed", "start": 1690256706769, "stop": 1690256707698}, {"name": "click to \"go to payment\" button", "status": "passed", "start": 1690256707699, "stop": 1690256709338}, {"name": "click to \"card RF\" button", "status": "broken", "statusDetails": {"message": "selenium.common.exceptions.TimeoutException: Message: \nStacktrace:\nBacktrace:\n\tGetHandleVerifier [0x00C4A813+48355]\n\t(No symbol) [0x00BDC4B1]\n\t(No symbol) [0x00AE5358]\n\t(No symbol) [0x00B109A5]\n\t(No symbol) [0x00B10B3B]\n\t(No symbol) [0x00B3E232]\n\t(No symbol) [0x00B2A784]\n\t(No symbol) [0x00B3C922]\n\t(No symbol) [0x00B2A536]\n\t(No symbol) [0x00B082DC]\n\t(No symbol) [0x00B093DD]\n\tGetHandleVerifier [0x00EAAABD+2539405]\n\tGetHandleVerifier [0x00EEA78F+2800735]\n\tGetHandleVerifier [0x00EE456C+2775612]\n\tGetHandleVerifier [0x00CD51E0+616112]\n\t(No symbol) [0x00BE5F8C]\n\t(No symbol) [0x00BE2328]\n\t(No symbol) [0x00BE240B]\n\t(No symbol) [0x00BD4FF7]\n\tBaseThreadInitThunk [0x759B00C9+25]\n\tRtlGetAppContainerNamedObjectPath [0x77B57B1E+286]\n\tRtlGetAppContainerNamedObjectPath [0x77B57AEE+238]\n\n", "trace": "  File \"C:\\Users\\Owner\\PycharmProjects\\LifeHelp\\venv\\lib\\site-packages\\allure_commons\\_allure.py\", line 192, in impl\n    return func(*a, **kw)\n  File \"C:\\Users\\Owner\\PycharmProjects\\LifeHelp\\pages\\authorization_page.py\", line 240, in click_card_rf_button_session\n    self.to_click(AuthorizationLocators.CARD_RF_BUTTON_SESSION)\n  File \"C:\\Users\\Owner\\PycharmProjects\\LifeHelp\\base\\base_object.py\", line 17, in to_click\n    self.is_clickable(locator).click()\n  File \"C:\\Users\\Owner\\PycharmProjects\\LifeHelp\\base\\base_object.py\", line 14, in is_clickable\n    return self.wait.until(ec.element_to_be_clickable(locator))\n  File \"C:\\Users\\Owner\\PycharmProjects\\LifeHelp\\venv\\lib\\site-packages\\selenium\\webdriver\\support\\wait.py\", line 95, in until\n    raise TimeoutException(message, screen, stacktrace)\n"}, "start": 1690256709338, "stop": 1690256714808}], "start": 1690256696723, "stop": 1690256714855, "uuid": "c5d450bb-aa00-4933-9eb6-466b15f81699", "historyId": "09cb72e0c2d680c2f17e405246270837", "testCaseId": "ed87a596588bc3178c6d77f01b7384e1", "fullName": "tests.test_authorization#test_client_second_session_order_cloudpayments", "labels": [{"name": "parentSuite", "value": "tests"}, {"name": "suite", "value": "test_authorization"}, {"name": "host", "value": "DESKTOP-MNCDD93"}, {"name": "thread", "value": "27048-MainThread"}, {"name": "framework", "value": "pytest"}, {"name": "language", "value": "cpython3"}, {"name": "package", "value": "tests.test_authorization"}]}