{"name": "test_reschedule_automatic_order", "status": "broken", "statusDetails": {"message": "selenium.common.exceptions.TimeoutException: Message: \nStacktrace:\nBacktrace:\n\tGetHandleVerifier [0x00007FF682113E62+57250]\n\t(No symbol) [0x00007FF68208BC02]\n\t(No symbol) [0x00007FF681F5E0BB]\n\t(No symbol) [0x00007FF681F9765E]\n\t(No symbol) [0x00007FF681F9774C]\n\t(No symbol) [0x00007FF681FD0267]\n\t(No symbol) [0x00007FF681FB67EF]\n\t(No symbol) [0x00007FF681FCE312]\n\t(No symbol) [0x00007FF681FB6583]\n\t(No symbol) [0x00007FF681F8CC71]\n\t(No symbol) [0x00007FF681F8DE54]\n\tGetHandleVerifier [0x00007FF6823C4CF2+2879026]\n\tGetHandleVerifier [0x00007FF682416F30+3215472]\n\tGetHandleVerifier [0x00007FF68240FD4F+3186319]\n\tGetHandleVerifier [0x00007FF6821A5505+652869]\n\t(No symbol) [0x00007FF682097518]\n\t(No symbol) [0x00007FF6820935F4]\n\t(No symbol) [0x00007FF6820936EC]\n\t(No symbol) [0x00007FF6820838E3]\n\tBaseThreadInitThunk [0x00007FFA86F47614+20]\n\tRtlUserThreadStart [0x00007FFA872426B1+33]", "trace": "authorization_page = <pages.authorization_page.AuthorizationPage object at 0x0000026EE6E37340>\n\n    def test_reschedule_automatic_order(authorization_page):\n        authorization_page.click_to_login_button()\n        authorization_page.click_to_login_w_password_button()\n        authorization_page.set_email_email()\n        authorization_page.set_password_pass()\n        authorization_page.click_to_authorize_button()\n        authorization_page.click_to_three_dots_button_ordered_session()\n        authorization_page.click_to_reschedule_ordered_session_drop_down()\n>       authorization_page.select_seventh_time_to_reschedule_order()\n\ntests\\test_authorization.py:392: \n_ _ _ _ _ _ _ _ _ _ _ _ _ _ _ _ _ _ _ _ _ _ _ _ _ _ _ _ _ _ _ _ _ _ _ _ _ _ _ _ _ _ _ _ _ _ _ _ _ _ _ _ _ _ _ _ _ _ _ _ _ _ _ _ _ _ _ _ _ _ _ _ _ _ _ \npages\\authorization_page.py:590: in select_seventh_time_to_reschedule_order\n    self.to_click(AuthorizationLocators.SELECT_TIME_TO_RESCHEDULE_ORDER)\nbase\\base_object.py:17: in to_click\n    self.is_clickable(locator).click()\nbase\\base_object.py:14: in is_clickable\n    return self.wait.until(ec.element_to_be_clickable(locator))\n_ _ _ _ _ _ _ _ _ _ _ _ _ _ _ _ _ _ _ _ _ _ _ _ _ _ _ _ _ _ _ _ _ _ _ _ _ _ _ _ _ _ _ _ _ _ _ _ _ _ _ _ _ _ _ _ _ _ _ _ _ _ _ _ _ _ _ _ _ _ _ _ _ _ _ \n\nself = <selenium.webdriver.support.wait.WebDriverWait (session=\"201e7ccd2202d352211cf18295962844\")>\nmethod = <function element_to_be_clickable.<locals>._predicate at 0x0000026EE6D91B40>, message = ''\n\n    def until(self, method, message: str = \"\"):\n        \"\"\"Calls the method provided with the driver as an argument until the \\\n        return value does not evaluate to ``False``.\n    \n        :param method: callable(WebDriver)\n        :param message: optional message for :exc:`TimeoutException`\n        :returns: the result of the last call to `method`\n        :raises: :exc:`selenium.common.exceptions.TimeoutException` if timeout occurs\n        \"\"\"\n        screen = None\n        stacktrace = None\n    \n        end_time = time.monotonic() + self._timeout\n        while True:\n            try:\n                value = method(self._driver)\n                if value:\n                    return value\n            except self._ignored_exceptions as exc:\n                screen = getattr(exc, \"screen\", None)\n                stacktrace = getattr(exc, \"stacktrace\", None)\n            time.sleep(self._poll)\n            if time.monotonic() > end_time:\n                break\n>       raise TimeoutException(message, screen, stacktrace)\nE       selenium.common.exceptions.TimeoutException: Message: \nE       Stacktrace:\nE       Backtrace:\nE       \tGetHandleVerifier [0x00007FF682113E62+57250]\nE       \t(No symbol) [0x00007FF68208BC02]\nE       \t(No symbol) [0x00007FF681F5E0BB]\nE       \t(No symbol) [0x00007FF681F9765E]\nE       \t(No symbol) [0x00007FF681F9774C]\nE       \t(No symbol) [0x00007FF681FD0267]\nE       \t(No symbol) [0x00007FF681FB67EF]\nE       \t(No symbol) [0x00007FF681FCE312]\nE       \t(No symbol) [0x00007FF681FB6583]\nE       \t(No symbol) [0x00007FF681F8CC71]\nE       \t(No symbol) [0x00007FF681F8DE54]\nE       \tGetHandleVerifier [0x00007FF6823C4CF2+2879026]\nE       \tGetHandleVerifier [0x00007FF682416F30+3215472]\nE       \tGetHandleVerifier [0x00007FF68240FD4F+3186319]\nE       \tGetHandleVerifier [0x00007FF6821A5505+652869]\nE       \t(No symbol) [0x00007FF682097518]\nE       \t(No symbol) [0x00007FF6820935F4]\nE       \t(No symbol) [0x00007FF6820936EC]\nE       \t(No symbol) [0x00007FF6820838E3]\nE       \tBaseThreadInitThunk [0x00007FFA86F47614+20]\nE       \tRtlUserThreadStart [0x00007FFA872426B1+33]\n\nvenv\\lib\\site-packages\\selenium\\webdriver\\support\\wait.py:95: TimeoutException"}, "steps": [{"name": "clicking to \"Login\" button", "status": "passed", "start": 1693293074525, "stop": 1693293088634}, {"name": "clicking to \"Login with password\" button", "status": "passed", "start": 1693293088634, "stop": 1693293088796}, {"name": "set up password", "status": "passed", "start": 1693293089299, "stop": 1693293089627}, {"name": "clicking to \"Authorize\" button", "status": "passed", "start": 1693293089627, "stop": 1693293089831}, {"name": "click to \"3 dots\" button on automatic order session", "status": "passed", "start": 1693293089831, "stop": 1693293093999}, {"name": "click to \"reschedule order\" button on drop down link from three dots in ordered session", "status": "passed", "start": 1693293094000, "stop": 1693293095560}, {"name": "select the 7th time position on the schedule  to reschedule order", "status": "broken", "statusDetails": {"message": "selenium.common.exceptions.TimeoutException: Message: \nStacktrace:\nBacktrace:\n\tGetHandleVerifier [0x00007FF682113E62+57250]\n\t(No symbol) [0x00007FF68208BC02]\n\t(No symbol) [0x00007FF681F5E0BB]\n\t(No symbol) [0x00007FF681F9765E]\n\t(No symbol) [0x00007FF681F9774C]\n\t(No symbol) [0x00007FF681FD0267]\n\t(No symbol) [0x00007FF681FB67EF]\n\t(No symbol) [0x00007FF681FCE312]\n\t(No symbol) [0x00007FF681FB6583]\n\t(No symbol) [0x00007FF681F8CC71]\n\t(No symbol) [0x00007FF681F8DE54]\n\tGetHandleVerifier [0x00007FF6823C4CF2+2879026]\n\tGetHandleVerifier [0x00007FF682416F30+3215472]\n\tGetHandleVerifier [0x00007FF68240FD4F+3186319]\n\tGetHandleVerifier [0x00007FF6821A5505+652869]\n\t(No symbol) [0x00007FF682097518]\n\t(No symbol) [0x00007FF6820935F4]\n\t(No symbol) [0x00007FF6820936EC]\n\t(No symbol) [0x00007FF6820838E3]\n\tBaseThreadInitThunk [0x00007FFA86F47614+20]\n\tRtlUserThreadStart [0x00007FFA872426B1+33]\n\n", "trace": "  File \"C:\\Users\\Owner\\PycharmProjects\\LifeHelp\\venv\\lib\\site-packages\\allure_commons\\_allure.py\", line 192, in impl\n    return func(*a, **kw)\n  File \"C:\\Users\\Owner\\PycharmProjects\\LifeHelp\\pages\\authorization_page.py\", line 590, in select_seventh_time_to_reschedule_order\n    self.to_click(AuthorizationLocators.SELECT_TIME_TO_RESCHEDULE_ORDER)\n  File \"C:\\Users\\Owner\\PycharmProjects\\LifeHelp\\base\\base_object.py\", line 17, in to_click\n    self.is_clickable(locator).click()\n  File \"C:\\Users\\Owner\\PycharmProjects\\LifeHelp\\base\\base_object.py\", line 14, in is_clickable\n    return self.wait.until(ec.element_to_be_clickable(locator))\n  File \"C:\\Users\\Owner\\PycharmProjects\\LifeHelp\\venv\\lib\\site-packages\\selenium\\webdriver\\support\\wait.py\", line 95, in until\n    raise TimeoutException(message, screen, stacktrace)\n"}, "start": 1693293095560, "stop": 1693293100946}], "start": 1693293074524, "stop": 1693293100947, "uuid": "b84157f7-97ae-429a-a1bd-fb5c7e16d758", "historyId": "df06ef49b1a0d6882b81190f8b37856b", "testCaseId": "1043e2fcb3edd362a2f36dceea310fa0", "fullName": "tests.test_authorization#test_reschedule_automatic_order", "labels": [{"name": "parentSuite", "value": "tests"}, {"name": "suite", "value": "test_authorization"}, {"name": "host", "value": "DESKTOP-MNCDD93"}, {"name": "thread", "value": "29832-MainThread"}, {"name": "framework", "value": "pytest"}, {"name": "language", "value": "cpython3"}, {"name": "package", "value": "tests.test_authorization"}]}