{"name": "test_pay_buy_session_by_package_54", "status": "broken", "statusDetails": {"message": "selenium.common.exceptions.TimeoutException: Message: \nStacktrace:\nBacktrace:\n\tGetHandleVerifier [0x00007FF70FB93E62+57250]\n\t(No symbol) [0x00007FF70FB0BC02]\n\t(No symbol) [0x00007FF70F9DE0BB]\n\t(No symbol) [0x00007FF70FA1765E]\n\t(No symbol) [0x00007FF70FA1774C]\n\t(No symbol) [0x00007FF70FA50267]\n\t(No symbol) [0x00007FF70FA367EF]\n\t(No symbol) [0x00007FF70FA4E312]\n\t(No symbol) [0x00007FF70FA36583]\n\t(No symbol) [0x00007FF70FA0CC71]\n\t(No symbol) [0x00007FF70FA0DE54]\n\tGetHandleVerifier [0x00007FF70FE44CF2+2879026]\n\tGetHandleVerifier [0x00007FF70FE96F30+3215472]\n\tGetHandleVerifier [0x00007FF70FE8FD4F+3186319]\n\tGetHandleVerifier [0x00007FF70FC25505+652869]\n\t(No symbol) [0x00007FF70FB17518]\n\t(No symbol) [0x00007FF70FB135F4]\n\t(No symbol) [0x00007FF70FB136EC]\n\t(No symbol) [0x00007FF70FB038E3]\n\tBaseThreadInitThunk [0x00007FFF1B0A7614+20]\n\tRtlUserThreadStart [0x00007FFF1B8426B1+33]", "trace": "authorization_page = <pages.authorization_page.AuthorizationPage object at 0x00000203DC435570>\n\n    def test_pay_buy_session_by_package_54(authorization_page):\n        authorization_page.click_to_login_button()\n        authorization_page.click_to_login_w_password_button()\n        authorization_page.set_email_email()\n        authorization_page.set_password_pass()\n        authorization_page.click_to_authorize_button()\n        authorization_page.click_terminated_sessions_title()\n        authorization_page.click_order_session_again_button()\n        authorization_page.select_time_session_schedule_psychologist()\n        authorization_page.click_rapid_go_payment_btn()\n>       authorization_page.verify_presence_package_54_payment_page()\n\ntests\\test_authorization.py:586: \n_ _ _ _ _ _ _ _ _ _ _ _ _ _ _ _ _ _ _ _ _ _ _ _ _ _ _ _ _ _ _ _ _ _ _ _ _ _ _ _ _ _ _ _ _ _ _ _ _ _ _ _ _ _ _ _ _ _ _ _ _ _ _ _ _ _ _ _ _ _ _ _ _ _ _ \npages\\authorization_page.py:830: in verify_presence_package_54_payment_page\n    actual_result = self.get_text_title_of_element(AuthorizationLocators.PACKAGE_54_NAME_PAYMENT_PAGE)\nbase\\base_object.py:26: in get_text_title_of_element\n    return self.is_visible(locator).text\nbase\\base_object.py:11: in is_visible\n    return self.wait.until(ec.visibility_of_element_located(locator))\n_ _ _ _ _ _ _ _ _ _ _ _ _ _ _ _ _ _ _ _ _ _ _ _ _ _ _ _ _ _ _ _ _ _ _ _ _ _ _ _ _ _ _ _ _ _ _ _ _ _ _ _ _ _ _ _ _ _ _ _ _ _ _ _ _ _ _ _ _ _ _ _ _ _ _ \n\nself = <selenium.webdriver.support.wait.WebDriverWait (session=\"e2bd2a7c1db033e0712a11976d378be6\")>\nmethod = <function visibility_of_element_located.<locals>._predicate at 0x00000203DC368E50>, message = ''\n\n    def until(self, method, message: str = \"\"):\n        \"\"\"Calls the method provided with the driver as an argument until the \\\n        return value does not evaluate to ``False``.\n    \n        :param method: callable(WebDriver)\n        :param message: optional message for :exc:`TimeoutException`\n        :returns: the result of the last call to `method`\n        :raises: :exc:`selenium.common.exceptions.TimeoutException` if timeout occurs\n        \"\"\"\n        screen = None\n        stacktrace = None\n    \n        end_time = time.monotonic() + self._timeout\n        while True:\n            try:\n                value = method(self._driver)\n                if value:\n                    return value\n            except self._ignored_exceptions as exc:\n                screen = getattr(exc, \"screen\", None)\n                stacktrace = getattr(exc, \"stacktrace\", None)\n            time.sleep(self._poll)\n            if time.monotonic() > end_time:\n                break\n>       raise TimeoutException(message, screen, stacktrace)\nE       selenium.common.exceptions.TimeoutException: Message: \nE       Stacktrace:\nE       Backtrace:\nE       \tGetHandleVerifier [0x00007FF70FB93E62+57250]\nE       \t(No symbol) [0x00007FF70FB0BC02]\nE       \t(No symbol) [0x00007FF70F9DE0BB]\nE       \t(No symbol) [0x00007FF70FA1765E]\nE       \t(No symbol) [0x00007FF70FA1774C]\nE       \t(No symbol) [0x00007FF70FA50267]\nE       \t(No symbol) [0x00007FF70FA367EF]\nE       \t(No symbol) [0x00007FF70FA4E312]\nE       \t(No symbol) [0x00007FF70FA36583]\nE       \t(No symbol) [0x00007FF70FA0CC71]\nE       \t(No symbol) [0x00007FF70FA0DE54]\nE       \tGetHandleVerifier [0x00007FF70FE44CF2+2879026]\nE       \tGetHandleVerifier [0x00007FF70FE96F30+3215472]\nE       \tGetHandleVerifier [0x00007FF70FE8FD4F+3186319]\nE       \tGetHandleVerifier [0x00007FF70FC25505+652869]\nE       \t(No symbol) [0x00007FF70FB17518]\nE       \t(No symbol) [0x00007FF70FB135F4]\nE       \t(No symbol) [0x00007FF70FB136EC]\nE       \t(No symbol) [0x00007FF70FB038E3]\nE       \tBaseThreadInitThunk [0x00007FFF1B0A7614+20]\nE       \tRtlUserThreadStart [0x00007FFF1B8426B1+33]\n\nvenv\\lib\\site-packages\\selenium\\webdriver\\support\\wait.py:95: TimeoutException"}, "steps": [{"name": "clicking to \"Login\" button", "status": "passed", "start": 1691473794794, "stop": 1691473797211}, {"name": "clicking to \"Login with password\" button", "status": "passed", "start": 1691473797211, "stop": 1691473797367}, {"name": "set up password", "status": "passed", "start": 1691473797741, "stop": 1691473797943}, {"name": "clicking to \"Authorize\" button", "status": "passed", "start": 1691473797943, "stop": 1691473798074}, {"name": "click terminated sessions title in client account", "status": "passed", "start": 1691473798074, "stop": 1691473801465}, {"name": "click order session again in client account", "status": "passed", "start": 1691473801466, "stop": 1691473802792}, {"name": "select the nearest time for second session", "status": "passed", "start": 1691473802792, "stop": 1691473803657}, {"name": "click to \"go to payment\" button", "status": "passed", "start": 1691473803657, "stop": 1691473805413}, {"name": "verify presence of the package 54 on the payment page ", "status": "broken", "statusDetails": {"message": "selenium.common.exceptions.TimeoutException: Message: \nStacktrace:\nBacktrace:\n\tGetHandleVerifier [0x00007FF70FB93E62+57250]\n\t(No symbol) [0x00007FF70FB0BC02]\n\t(No symbol) [0x00007FF70F9DE0BB]\n\t(No symbol) [0x00007FF70FA1765E]\n\t(No symbol) [0x00007FF70FA1774C]\n\t(No symbol) [0x00007FF70FA50267]\n\t(No symbol) [0x00007FF70FA367EF]\n\t(No symbol) [0x00007FF70FA4E312]\n\t(No symbol) [0x00007FF70FA36583]\n\t(No symbol) [0x00007FF70FA0CC71]\n\t(No symbol) [0x00007FF70FA0DE54]\n\tGetHandleVerifier [0x00007FF70FE44CF2+2879026]\n\tGetHandleVerifier [0x00007FF70FE96F30+3215472]\n\tGetHandleVerifier [0x00007FF70FE8FD4F+3186319]\n\tGetHandleVerifier [0x00007FF70FC25505+652869]\n\t(No symbol) [0x00007FF70FB17518]\n\t(No symbol) [0x00007FF70FB135F4]\n\t(No symbol) [0x00007FF70FB136EC]\n\t(No symbol) [0x00007FF70FB038E3]\n\tBaseThreadInitThunk [0x00007FFF1B0A7614+20]\n\tRtlUserThreadStart [0x00007FFF1B8426B1+33]\n\n", "trace": "  File \"C:\\Users\\Owner\\PycharmProjects\\LifeHelp\\venv\\lib\\site-packages\\allure_commons\\_allure.py\", line 192, in impl\n    return func(*a, **kw)\n  File \"C:\\Users\\Owner\\PycharmProjects\\LifeHelp\\pages\\authorization_page.py\", line 830, in verify_presence_package_54_payment_page\n    actual_result = self.get_text_title_of_element(AuthorizationLocators.PACKAGE_54_NAME_PAYMENT_PAGE)\n  File \"C:\\Users\\Owner\\PycharmProjects\\LifeHelp\\base\\base_object.py\", line 26, in get_text_title_of_element\n    return self.is_visible(locator).text\n  File \"C:\\Users\\Owner\\PycharmProjects\\LifeHelp\\base\\base_object.py\", line 11, in is_visible\n    return self.wait.until(ec.visibility_of_element_located(locator))\n  File \"C:\\Users\\Owner\\PycharmProjects\\LifeHelp\\venv\\lib\\site-packages\\selenium\\webdriver\\support\\wait.py\", line 95, in until\n    raise TimeoutException(message, screen, stacktrace)\n"}, "start": 1691473805413, "stop": 1691473810712}], "start": 1691473794793, "stop": 1691473810713, "uuid": "a6e6e90a-48f6-49eb-9706-427e8764a03d", "historyId": "8adc2850f0a81fd24722420875bb769a", "testCaseId": "0e3f6aeb6ecdf30335f3f8e3fc6df802", "fullName": "tests.test_authorization#test_pay_buy_session_by_package_54", "labels": [{"name": "parentSuite", "value": "tests"}, {"name": "suite", "value": "test_authorization"}, {"name": "host", "value": "DESKTOP-MNCDD93"}, {"name": "thread", "value": "24240-MainThread"}, {"name": "framework", "value": "pytest"}, {"name": "language", "value": "cpython3"}, {"name": "package", "value": "tests.test_authorization"}]}