{"name": "test_pay_buy_session_by_package", "status": "broken", "statusDetails": {"message": "selenium.common.exceptions.TimeoutException: Message: \nStacktrace:\nBacktrace:\n\tGetHandleVerifier [0x00007FF65EC83E62+57250]\n\t(No symbol) [0x00007FF65EBFBC02]\n\t(No symbol) [0x00007FF65EACE0BB]\n\t(No symbol) [0x00007FF65EB0765E]\n\t(No symbol) [0x00007FF65EB0774C]\n\t(No symbol) [0x00007FF65EB40267]\n\t(No symbol) [0x00007FF65EB267EF]\n\t(No symbol) [0x00007FF65EB3E312]\n\t(No symbol) [0x00007FF65EB26583]\n\t(No symbol) [0x00007FF65EAFCC71]\n\t(No symbol) [0x00007FF65EAFDE54]\n\tGetHandleVerifier [0x00007FF65EF34CF2+2879026]\n\tGetHandleVerifier [0x00007FF65EF86F30+3215472]\n\tGetHandleVerifier [0x00007FF65EF7FD4F+3186319]\n\tGetHandleVerifier [0x00007FF65ED15505+652869]\n\t(No symbol) [0x00007FF65EC07518]\n\t(No symbol) [0x00007FF65EC035F4]\n\t(No symbol) [0x00007FF65EC036EC]\n\t(No symbol) [0x00007FF65EBF38E3]\n\tBaseThreadInitThunk [0x00007FFA86F47614+20]\n\tRtlUserThreadStart [0x00007FFA872426B1+33]", "trace": "authorization_page = <pages.authorization_page.AuthorizationPage object at 0x0000015839BFCCA0>\n\n    def test_pay_buy_session_by_package(authorization_page):\n        authorization_page.click_to_login_button()\n        authorization_page.click_to_login_w_password_button()\n        authorization_page.set_email_email()\n        authorization_page.set_password_pass()\n        authorization_page.click_to_authorize_button()\n        authorization_page.click_terminated_sessions_title()\n        authorization_page.click_order_session_again_button()\n        authorization_page.select_time_session_schedule_psychologist()\n        authorization_page.click_rapid_go_payment_btn()\n>       authorization_page.verify_presence_package_test_payment_page()\n\ntests\\test_authorization.py:586: \n_ _ _ _ _ _ _ _ _ _ _ _ _ _ _ _ _ _ _ _ _ _ _ _ _ _ _ _ _ _ _ _ _ _ _ _ _ _ _ _ _ _ _ _ _ _ _ _ _ _ _ _ _ _ _ _ _ _ _ _ _ _ _ _ _ _ _ _ _ _ _ _ _ _ _ \npages\\authorization_page.py:853: in verify_presence_package_test_payment_page\n    actual_result = self.get_text_title_of_element(AuthorizationLocators.PACKAGE_TEST_NAME_PAYMENT_PAGE)\nbase\\base_object.py:26: in get_text_title_of_element\n    return self.is_visible(locator).text\nbase\\base_object.py:11: in is_visible\n    return self.wait.until(ec.visibility_of_element_located(locator))\n_ _ _ _ _ _ _ _ _ _ _ _ _ _ _ _ _ _ _ _ _ _ _ _ _ _ _ _ _ _ _ _ _ _ _ _ _ _ _ _ _ _ _ _ _ _ _ _ _ _ _ _ _ _ _ _ _ _ _ _ _ _ _ _ _ _ _ _ _ _ _ _ _ _ _ \n\nself = <selenium.webdriver.support.wait.WebDriverWait (session=\"b56f4b4269db6b19e0cb40aed9079ff5\")>\nmethod = <function visibility_of_element_located.<locals>._predicate at 0x0000015839B0EB00>, message = ''\n\n    def until(self, method, message: str = \"\"):\n        \"\"\"Calls the method provided with the driver as an argument until the \\\n        return value does not evaluate to ``False``.\n    \n        :param method: callable(WebDriver)\n        :param message: optional message for :exc:`TimeoutException`\n        :returns: the result of the last call to `method`\n        :raises: :exc:`selenium.common.exceptions.TimeoutException` if timeout occurs\n        \"\"\"\n        screen = None\n        stacktrace = None\n    \n        end_time = time.monotonic() + self._timeout\n        while True:\n            try:\n                value = method(self._driver)\n                if value:\n                    return value\n            except self._ignored_exceptions as exc:\n                screen = getattr(exc, \"screen\", None)\n                stacktrace = getattr(exc, \"stacktrace\", None)\n            time.sleep(self._poll)\n            if time.monotonic() > end_time:\n                break\n>       raise TimeoutException(message, screen, stacktrace)\nE       selenium.common.exceptions.TimeoutException: Message: \nE       Stacktrace:\nE       Backtrace:\nE       \tGetHandleVerifier [0x00007FF65EC83E62+57250]\nE       \t(No symbol) [0x00007FF65EBFBC02]\nE       \t(No symbol) [0x00007FF65EACE0BB]\nE       \t(No symbol) [0x00007FF65EB0765E]\nE       \t(No symbol) [0x00007FF65EB0774C]\nE       \t(No symbol) [0x00007FF65EB40267]\nE       \t(No symbol) [0x00007FF65EB267EF]\nE       \t(No symbol) [0x00007FF65EB3E312]\nE       \t(No symbol) [0x00007FF65EB26583]\nE       \t(No symbol) [0x00007FF65EAFCC71]\nE       \t(No symbol) [0x00007FF65EAFDE54]\nE       \tGetHandleVerifier [0x00007FF65EF34CF2+2879026]\nE       \tGetHandleVerifier [0x00007FF65EF86F30+3215472]\nE       \tGetHandleVerifier [0x00007FF65EF7FD4F+3186319]\nE       \tGetHandleVerifier [0x00007FF65ED15505+652869]\nE       \t(No symbol) [0x00007FF65EC07518]\nE       \t(No symbol) [0x00007FF65EC035F4]\nE       \t(No symbol) [0x00007FF65EC036EC]\nE       \t(No symbol) [0x00007FF65EBF38E3]\nE       \tBaseThreadInitThunk [0x00007FFA86F47614+20]\nE       \tRtlUserThreadStart [0x00007FFA872426B1+33]\n\nvenv\\lib\\site-packages\\selenium\\webdriver\\support\\wait.py:95: TimeoutException"}, "steps": [{"name": "clicking to \"Login\" button", "status": "passed", "start": 1692692505252, "stop": 1692692510454}, {"name": "clicking to \"Login with password\" button", "status": "passed", "start": 1692692510455, "stop": 1692692510770}, {"name": "set up password", "status": "passed", "start": 1692692511450, "stop": 1692692511803}, {"name": "clicking to \"Authorize\" button", "status": "passed", "start": 1692692511803, "stop": 1692692512019}, {"name": "click terminated sessions title in client account", "status": "passed", "start": 1692692512020, "stop": 1692692515954}, {"name": "click order session again in client account", "status": "passed", "start": 1692692515956, "stop": 1692692517879}, {"name": "select the nearest time for second session", "status": "passed", "start": 1692692517879, "stop": 1692692518964}, {"name": "click to \"go to payment\" button", "status": "passed", "start": 1692692518965, "stop": 1692692521312}, {"name": "verify presence of the package 54 on the payment page ", "status": "broken", "statusDetails": {"message": "selenium.common.exceptions.TimeoutException: Message: \nStacktrace:\nBacktrace:\n\tGetHandleVerifier [0x00007FF65EC83E62+57250]\n\t(No symbol) [0x00007FF65EBFBC02]\n\t(No symbol) [0x00007FF65EACE0BB]\n\t(No symbol) [0x00007FF65EB0765E]\n\t(No symbol) [0x00007FF65EB0774C]\n\t(No symbol) [0x00007FF65EB40267]\n\t(No symbol) [0x00007FF65EB267EF]\n\t(No symbol) [0x00007FF65EB3E312]\n\t(No symbol) [0x00007FF65EB26583]\n\t(No symbol) [0x00007FF65EAFCC71]\n\t(No symbol) [0x00007FF65EAFDE54]\n\tGetHandleVerifier [0x00007FF65EF34CF2+2879026]\n\tGetHandleVerifier [0x00007FF65EF86F30+3215472]\n\tGetHandleVerifier [0x00007FF65EF7FD4F+3186319]\n\tGetHandleVerifier [0x00007FF65ED15505+652869]\n\t(No symbol) [0x00007FF65EC07518]\n\t(No symbol) [0x00007FF65EC035F4]\n\t(No symbol) [0x00007FF65EC036EC]\n\t(No symbol) [0x00007FF65EBF38E3]\n\tBaseThreadInitThunk [0x00007FFA86F47614+20]\n\tRtlUserThreadStart [0x00007FFA872426B1+33]\n\n", "trace": "  File \"C:\\Users\\Owner\\PycharmProjects\\LifeHelp\\venv\\lib\\site-packages\\allure_commons\\_allure.py\", line 192, in impl\n    return func(*a, **kw)\n  File \"C:\\Users\\Owner\\PycharmProjects\\LifeHelp\\pages\\authorization_page.py\", line 853, in verify_presence_package_test_payment_page\n    actual_result = self.get_text_title_of_element(AuthorizationLocators.PACKAGE_TEST_NAME_PAYMENT_PAGE)\n  File \"C:\\Users\\Owner\\PycharmProjects\\LifeHelp\\base\\base_object.py\", line 26, in get_text_title_of_element\n    return self.is_visible(locator).text\n  File \"C:\\Users\\Owner\\PycharmProjects\\LifeHelp\\base\\base_object.py\", line 11, in is_visible\n    return self.wait.until(ec.visibility_of_element_located(locator))\n  File \"C:\\Users\\Owner\\PycharmProjects\\LifeHelp\\venv\\lib\\site-packages\\selenium\\webdriver\\support\\wait.py\", line 95, in until\n    raise TimeoutException(message, screen, stacktrace)\n"}, "start": 1692692521312, "stop": 1692692526791}], "start": 1692692505251, "stop": 1692692526802, "uuid": "2e29bc90-d99c-48ae-8b7e-d4171069734a", "historyId": "356da1a49fcf608efb373a1383122ab3", "testCaseId": "570b6b04818c510dfda6001b0dfabc19", "fullName": "tests.test_authorization#test_pay_buy_session_by_package", "labels": [{"name": "parentSuite", "value": "tests"}, {"name": "suite", "value": "test_authorization"}, {"name": "host", "value": "DESKTOP-MNCDD93"}, {"name": "thread", "value": "17536-MainThread"}, {"name": "framework", "value": "pytest"}, {"name": "language", "value": "cpython3"}, {"name": "package", "value": "tests.test_authorization"}]}