{"name": "test_reschedule_automatic_order", "status": "broken", "statusDetails": {"message": "selenium.common.exceptions.TimeoutException: Message: \nStacktrace:\nBacktrace:\n\tGetHandleVerifier [0x00007FF6E04A3E62+57250]\n\t(No symbol) [0x00007FF6E041BC02]\n\t(No symbol) [0x00007FF6E02EE0BB]\n\t(No symbol) [0x00007FF6E032765E]\n\t(No symbol) [0x00007FF6E032774C]\n\t(No symbol) [0x00007FF6E0360267]\n\t(No symbol) [0x00007FF6E03467EF]\n\t(No symbol) [0x00007FF6E035E312]\n\t(No symbol) [0x00007FF6E0346583]\n\t(No symbol) [0x00007FF6E031CC71]\n\t(No symbol) [0x00007FF6E031DE54]\n\tGetHandleVerifier [0x00007FF6E0754CF2+2879026]\n\tGetHandleVerifier [0x00007FF6E07A6F30+3215472]\n\tGetHandleVerifier [0x00007FF6E079FD4F+3186319]\n\tGetHandleVerifier [0x00007FF6E0535505+652869]\n\t(No symbol) [0x00007FF6E0427518]\n\t(No symbol) [0x00007FF6E04235F4]\n\t(No symbol) [0x00007FF6E04236EC]\n\t(No symbol) [0x00007FF6E04138E3]\n\tBaseThreadInitThunk [0x00007FFF1B0A7614+20]\n\tRtlUserThreadStart [0x00007FFF1B8426B1+33]", "trace": "authorization_page = <pages.authorization_page.AuthorizationPage object at 0x000001BBAEF44C70>\n\n    def test_reschedule_automatic_order(authorization_page):\n        authorization_page.click_to_login_button()\n        authorization_page.click_to_login_w_password_button()\n        authorization_page.set_email_email()\n        authorization_page.set_password_pass()\n        authorization_page.click_to_authorize_button()\n>       authorization_page.click_to_three_dots_button_ordered_session()\n\ntests\\test_authorization.py:389: \n_ _ _ _ _ _ _ _ _ _ _ _ _ _ _ _ _ _ _ _ _ _ _ _ _ _ _ _ _ _ _ _ _ _ _ _ _ _ _ _ _ _ _ _ _ _ _ _ _ _ _ _ _ _ _ _ _ _ _ _ _ _ _ _ _ _ _ _ _ _ _ _ _ _ _ \npages\\authorization_page.py:555: in click_to_three_dots_button_ordered_session\n    self.to_click(AuthorizationLocators.THREE_DOTS_ORDERED_SESSION)\nbase\\base_object.py:17: in to_click\n    self.is_clickable(locator).click()\nbase\\base_object.py:14: in is_clickable\n    return self.wait.until(ec.element_to_be_clickable(locator))\n_ _ _ _ _ _ _ _ _ _ _ _ _ _ _ _ _ _ _ _ _ _ _ _ _ _ _ _ _ _ _ _ _ _ _ _ _ _ _ _ _ _ _ _ _ _ _ _ _ _ _ _ _ _ _ _ _ _ _ _ _ _ _ _ _ _ _ _ _ _ _ _ _ _ _ \n\nself = <selenium.webdriver.support.wait.WebDriverWait (session=\"65a0401952a2fc4973e323218a859552\")>\nmethod = <function element_to_be_clickable.<locals>._predicate at 0x000001BBAEE8EB90>, message = ''\n\n    def until(self, method, message: str = \"\"):\n        \"\"\"Calls the method provided with the driver as an argument until the \\\n        return value does not evaluate to ``False``.\n    \n        :param method: callable(WebDriver)\n        :param message: optional message for :exc:`TimeoutException`\n        :returns: the result of the last call to `method`\n        :raises: :exc:`selenium.common.exceptions.TimeoutException` if timeout occurs\n        \"\"\"\n        screen = None\n        stacktrace = None\n    \n        end_time = time.monotonic() + self._timeout\n        while True:\n            try:\n                value = method(self._driver)\n                if value:\n                    return value\n            except self._ignored_exceptions as exc:\n                screen = getattr(exc, \"screen\", None)\n                stacktrace = getattr(exc, \"stacktrace\", None)\n            time.sleep(self._poll)\n            if time.monotonic() > end_time:\n                break\n>       raise TimeoutException(message, screen, stacktrace)\nE       selenium.common.exceptions.TimeoutException: Message: \nE       Stacktrace:\nE       Backtrace:\nE       \tGetHandleVerifier [0x00007FF6E04A3E62+57250]\nE       \t(No symbol) [0x00007FF6E041BC02]\nE       \t(No symbol) [0x00007FF6E02EE0BB]\nE       \t(No symbol) [0x00007FF6E032765E]\nE       \t(No symbol) [0x00007FF6E032774C]\nE       \t(No symbol) [0x00007FF6E0360267]\nE       \t(No symbol) [0x00007FF6E03467EF]\nE       \t(No symbol) [0x00007FF6E035E312]\nE       \t(No symbol) [0x00007FF6E0346583]\nE       \t(No symbol) [0x00007FF6E031CC71]\nE       \t(No symbol) [0x00007FF6E031DE54]\nE       \tGetHandleVerifier [0x00007FF6E0754CF2+2879026]\nE       \tGetHandleVerifier [0x00007FF6E07A6F30+3215472]\nE       \tGetHandleVerifier [0x00007FF6E079FD4F+3186319]\nE       \tGetHandleVerifier [0x00007FF6E0535505+652869]\nE       \t(No symbol) [0x00007FF6E0427518]\nE       \t(No symbol) [0x00007FF6E04235F4]\nE       \t(No symbol) [0x00007FF6E04236EC]\nE       \t(No symbol) [0x00007FF6E04138E3]\nE       \tBaseThreadInitThunk [0x00007FFF1B0A7614+20]\nE       \tRtlUserThreadStart [0x00007FFF1B8426B1+33]\n\nvenv\\lib\\site-packages\\selenium\\webdriver\\support\\wait.py:95: TimeoutException"}, "steps": [{"name": "clicking to \"Login\" button", "status": "passed", "start": 1691560611421, "stop": 1691560614298}, {"name": "clicking to \"Login with password\" button", "status": "passed", "start": 1691560614298, "stop": 1691560614548}, {"name": "set up password", "status": "passed", "start": 1691560614995, "stop": 1691560615215}, {"name": "clicking to \"Authorize\" button", "status": "passed", "start": 1691560615215, "stop": 1691560615363}, {"name": "click to \"3 dots\" button on automatic order session", "status": "broken", "statusDetails": {"message": "selenium.common.exceptions.TimeoutException: Message: \nStacktrace:\nBacktrace:\n\tGetHandleVerifier [0x00007FF6E04A3E62+57250]\n\t(No symbol) [0x00007FF6E041BC02]\n\t(No symbol) [0x00007FF6E02EE0BB]\n\t(No symbol) [0x00007FF6E032765E]\n\t(No symbol) [0x00007FF6E032774C]\n\t(No symbol) [0x00007FF6E0360267]\n\t(No symbol) [0x00007FF6E03467EF]\n\t(No symbol) [0x00007FF6E035E312]\n\t(No symbol) [0x00007FF6E0346583]\n\t(No symbol) [0x00007FF6E031CC71]\n\t(No symbol) [0x00007FF6E031DE54]\n\tGetHandleVerifier [0x00007FF6E0754CF2+2879026]\n\tGetHandleVerifier [0x00007FF6E07A6F30+3215472]\n\tGetHandleVerifier [0x00007FF6E079FD4F+3186319]\n\tGetHandleVerifier [0x00007FF6E0535505+652869]\n\t(No symbol) [0x00007FF6E0427518]\n\t(No symbol) [0x00007FF6E04235F4]\n\t(No symbol) [0x00007FF6E04236EC]\n\t(No symbol) [0x00007FF6E04138E3]\n\tBaseThreadInitThunk [0x00007FFF1B0A7614+20]\n\tRtlUserThreadStart [0x00007FFF1B8426B1+33]\n\n", "trace": "  File \"C:\\Users\\Owner\\PycharmProjects\\LifeHelp\\venv\\lib\\site-packages\\allure_commons\\_allure.py\", line 192, in impl\n    return func(*a, **kw)\n  File \"C:\\Users\\Owner\\PycharmProjects\\LifeHelp\\pages\\authorization_page.py\", line 555, in click_to_three_dots_button_ordered_session\n    self.to_click(AuthorizationLocators.THREE_DOTS_ORDERED_SESSION)\n  File \"C:\\Users\\Owner\\PycharmProjects\\LifeHelp\\base\\base_object.py\", line 17, in to_click\n    self.is_clickable(locator).click()\n  File \"C:\\Users\\Owner\\PycharmProjects\\LifeHelp\\base\\base_object.py\", line 14, in is_clickable\n    return self.wait.until(ec.element_to_be_clickable(locator))\n  File \"C:\\Users\\Owner\\PycharmProjects\\LifeHelp\\venv\\lib\\site-packages\\selenium\\webdriver\\support\\wait.py\", line 95, in until\n    raise TimeoutException(message, screen, stacktrace)\n"}, "start": 1691560615364, "stop": 1691560620721}], "start": 1691560611421, "stop": 1691560620767, "uuid": "588de542-fbd6-4a56-9a2f-7f67fc73603b", "historyId": "df06ef49b1a0d6882b81190f8b37856b", "testCaseId": "1043e2fcb3edd362a2f36dceea310fa0", "fullName": "tests.test_authorization#test_reschedule_automatic_order", "labels": [{"name": "parentSuite", "value": "tests"}, {"name": "suite", "value": "test_authorization"}, {"name": "host", "value": "DESKTOP-MNCDD93"}, {"name": "thread", "value": "22488-MainThread"}, {"name": "framework", "value": "pytest"}, {"name": "language", "value": "cpython3"}, {"name": "package", "value": "tests.test_authorization"}]}