{"name": "test_order_session_in_package_4", "status": "broken", "statusDetails": {"message": "selenium.common.exceptions.ElementClickInterceptedException: Message: element click intercepted: Element is not clickable at point (637, 758)\n  (Session info: chrome=115.0.5790.111)\nStacktrace:\nBacktrace:\n\tGetHandleVerifier [0x00007FF6E6B23E62+57250]\n\t(No symbol) [0x00007FF6E6A9BC02]\n\t(No symbol) [0x00007FF6E696E0BB]\n\t(No symbol) [0x00007FF6E69AD080]\n\t(No symbol) [0x00007FF6E69AB6FD]\n\t(No symbol) [0x00007FF6E69A96E5]\n\t(No symbol) [0x00007FF6E69A88F5]\n\t(No symbol) [0x00007FF6E699EC1F]\n\t(No symbol) [0x00007FF6E69C67AA]\n\t(No symbol) [0x00007FF6E699E536]\n\t(No symbol) [0x00007FF6E69C69C0]\n\t(No symbol) [0x00007FF6E69DE312]\n\t(No symbol) [0x00007FF6E69C6583]\n\t(No symbol) [0x00007FF6E699CC71]\n\t(No symbol) [0x00007FF6E699DE54]\n\tGetHandleVerifier [0x00007FF6E6DD4CF2+2879026]\n\tGetHandleVerifier [0x00007FF6E6E26F30+3215472]\n\tGetHandleVerifier [0x00007FF6E6E1FD4F+3186319]\n\tGetHandleVerifier [0x00007FF6E6BB5505+652869]\n\t(No symbol) [0x00007FF6E6AA7518]\n\t(No symbol) [0x00007FF6E6AA35F4]\n\t(No symbol) [0x00007FF6E6AA36EC]\n\t(No symbol) [0x00007FF6E6A938E3]\n\tBaseThreadInitThunk [0x00007FFF1B0A7614+20]\n\tRtlUserThreadStart [0x00007FFF1B8426B1+33]", "trace": "authorization_page = <pages.authorization_page.AuthorizationPage object at 0x000001C484B7EAA0>\n\n    def test_order_session_in_package_4(authorization_page):\n        authorization_page.click_to_login_button()\n        authorization_page.click_to_login_w_password_button()\n        authorization_page.set_email_email()\n        authorization_page.set_password_pass()\n        authorization_page.click_to_authorize_button()\n        authorization_page.click_my_balance_menu_navigation()\n>       authorization_page.click_to_order_session_package()\n\ntests\\test_authorization.py:460: \n_ _ _ _ _ _ _ _ _ _ _ _ _ _ _ _ _ _ _ _ _ _ _ _ _ _ _ _ _ _ _ _ _ _ _ _ _ _ _ _ _ _ _ _ _ _ _ _ _ _ _ _ _ _ _ _ _ _ _ _ _ _ _ _ _ _ _ _ _ _ _ _ _ _ _ \npages\\authorization_page.py:640: in click_to_order_session_package\n    self.to_click(AuthorizationLocators.ORDER_SESSION_IN_PACKAGE)\nbase\\base_object.py:17: in to_click\n    self.is_clickable(locator).click()\nvenv\\lib\\site-packages\\selenium\\webdriver\\remote\\webelement.py:93: in click\n    self._execute(Command.CLICK_ELEMENT)\nvenv\\lib\\site-packages\\selenium\\webdriver\\remote\\webelement.py:403: in _execute\n    return self._parent.execute(command, params)\nvenv\\lib\\site-packages\\selenium\\webdriver\\remote\\webdriver.py:440: in execute\n    self.error_handler.check_response(response)\n_ _ _ _ _ _ _ _ _ _ _ _ _ _ _ _ _ _ _ _ _ _ _ _ _ _ _ _ _ _ _ _ _ _ _ _ _ _ _ _ _ _ _ _ _ _ _ _ _ _ _ _ _ _ _ _ _ _ _ _ _ _ _ _ _ _ _ _ _ _ _ _ _ _ _ \n\nself = <selenium.webdriver.remote.errorhandler.ErrorHandler object at 0x000001C484B7E860>\nresponse = {'status': 400, 'value': '{\"value\":{\"error\":\"element click intercepted\",\"message\":\"element click intercepted: Element ...07FF6E6A938E3]\\\\n\\\\tBaseThreadInitThunk [0x00007FFF1B0A7614+20]\\\\n\\\\tRtlUserThreadStart [0x00007FFF1B8426B1+33]\\\\n\"}}'}\n\n    def check_response(self, response: Dict[str, Any]) -> None:\n        \"\"\"Checks that a JSON response from the WebDriver does not have an\n        error.\n    \n        :Args:\n         - response - The JSON response from the WebDriver server as a dictionary\n           object.\n    \n        :Raises: If the response contains an error message.\n        \"\"\"\n        status = response.get(\"status\", None)\n        if not status or status == ErrorCode.SUCCESS:\n            return\n        value = None\n        message = response.get(\"message\", \"\")\n        screen: str = response.get(\"screen\", \"\")\n        stacktrace = None\n        if isinstance(status, int):\n            value_json = response.get(\"value\", None)\n            if value_json and isinstance(value_json, str):\n                import json\n    \n                try:\n                    value = json.loads(value_json)\n                    if len(value.keys()) == 1:\n                        value = value[\"value\"]\n                    status = value.get(\"error\", None)\n                    if not status:\n                        status = value.get(\"status\", ErrorCode.UNKNOWN_ERROR)\n                        message = value.get(\"value\") or value.get(\"message\")\n                        if not isinstance(message, str):\n                            value = message\n                            message = message.get(\"message\")\n                    else:\n                        message = value.get(\"message\", None)\n                except ValueError:\n                    pass\n    \n        exception_class: Type[WebDriverException]\n        if status in ErrorCode.NO_SUCH_ELEMENT:\n            exception_class = NoSuchElementException\n        elif status in ErrorCode.NO_SUCH_FRAME:\n            exception_class = NoSuchFrameException\n        elif status in ErrorCode.NO_SUCH_SHADOW_ROOT:\n            exception_class = NoSuchShadowRootException\n        elif status in ErrorCode.NO_SUCH_WINDOW:\n            exception_class = NoSuchWindowException\n        elif status in ErrorCode.STALE_ELEMENT_REFERENCE:\n            exception_class = StaleElementReferenceException\n        elif status in ErrorCode.ELEMENT_NOT_VISIBLE:\n            exception_class = ElementNotVisibleException\n        elif status in ErrorCode.INVALID_ELEMENT_STATE:\n            exception_class = InvalidElementStateException\n        elif (\n            status in ErrorCode.INVALID_SELECTOR\n            or status in ErrorCode.INVALID_XPATH_SELECTOR\n            or status in ErrorCode.INVALID_XPATH_SELECTOR_RETURN_TYPER\n        ):\n            exception_class = InvalidSelectorException\n        elif status in ErrorCode.ELEMENT_IS_NOT_SELECTABLE:\n            exception_class = ElementNotSelectableException\n        elif status in ErrorCode.ELEMENT_NOT_INTERACTABLE:\n            exception_class = ElementNotInteractableException\n        elif status in ErrorCode.INVALID_COOKIE_DOMAIN:\n            exception_class = InvalidCookieDomainException\n        elif status in ErrorCode.UNABLE_TO_SET_COOKIE:\n            exception_class = UnableToSetCookieException\n        elif status in ErrorCode.TIMEOUT:\n            exception_class = TimeoutException\n        elif status in ErrorCode.SCRIPT_TIMEOUT:\n            exception_class = TimeoutException\n        elif status in ErrorCode.UNKNOWN_ERROR:\n            exception_class = WebDriverException\n        elif status in ErrorCode.UNEXPECTED_ALERT_OPEN:\n            exception_class = UnexpectedAlertPresentException\n        elif status in ErrorCode.NO_ALERT_OPEN:\n            exception_class = NoAlertPresentException\n        elif status in ErrorCode.IME_NOT_AVAILABLE:\n            exception_class = ImeNotAvailableException\n        elif status in ErrorCode.IME_ENGINE_ACTIVATION_FAILED:\n            exception_class = ImeActivationFailedException\n        elif status in ErrorCode.MOVE_TARGET_OUT_OF_BOUNDS:\n            exception_class = MoveTargetOutOfBoundsException\n        elif status in ErrorCode.JAVASCRIPT_ERROR:\n            exception_class = JavascriptException\n        elif status in ErrorCode.SESSION_NOT_CREATED:\n            exception_class = SessionNotCreatedException\n        elif status in ErrorCode.INVALID_ARGUMENT:\n            exception_class = InvalidArgumentException\n        elif status in ErrorCode.NO_SUCH_COOKIE:\n            exception_class = NoSuchCookieException\n        elif status in ErrorCode.UNABLE_TO_CAPTURE_SCREEN:\n            exception_class = ScreenshotException\n        elif status in ErrorCode.ELEMENT_CLICK_INTERCEPTED:\n            exception_class = ElementClickInterceptedException\n        elif status in ErrorCode.INSECURE_CERTIFICATE:\n            exception_class = InsecureCertificateException\n        elif status in ErrorCode.INVALID_COORDINATES:\n            exception_class = InvalidCoordinatesException\n        elif status in ErrorCode.INVALID_SESSION_ID:\n            exception_class = InvalidSessionIdException\n        elif status in ErrorCode.UNKNOWN_METHOD:\n            exception_class = UnknownMethodException\n        else:\n            exception_class = WebDriverException\n        if not value:\n            value = response[\"value\"]\n        if isinstance(value, str):\n            raise exception_class(value)\n        if message == \"\" and \"message\" in value:\n            message = value[\"message\"]\n    \n        screen = None  # type: ignore[assignment]\n        if \"screen\" in value:\n            screen = value[\"screen\"]\n    \n        stacktrace = None\n        st_value = value.get(\"stackTrace\") or value.get(\"stacktrace\")\n        if st_value:\n            if isinstance(st_value, str):\n                stacktrace = st_value.split(\"\\n\")\n            else:\n                stacktrace = []\n                try:\n                    for frame in st_value:\n                        line = frame.get(\"lineNumber\", \"\")\n                        file = frame.get(\"fileName\", \"<anonymous>\")\n                        if line:\n                            file = f\"{file}:{line}\"\n                        meth = frame.get(\"methodName\", \"<anonymous>\")\n                        if \"className\" in frame:\n                            meth = f\"{frame['className']}.{meth}\"\n                        msg = \"    at %s (%s)\"\n                        msg = msg % (meth, file)\n                        stacktrace.append(msg)\n                except TypeError:\n                    pass\n        if exception_class == UnexpectedAlertPresentException:\n            alert_text = None\n            if \"data\" in value:\n                alert_text = value[\"data\"].get(\"text\")\n            elif \"alert\" in value:\n                alert_text = value[\"alert\"].get(\"text\")\n            raise exception_class(message, screen, stacktrace, alert_text)  # type: ignore[call-arg]  # mypy is not smart enough here\n>       raise exception_class(message, screen, stacktrace)\nE       selenium.common.exceptions.ElementClickInterceptedException: Message: element click intercepted: Element is not clickable at point (637, 758)\nE         (Session info: chrome=115.0.5790.111)\nE       Stacktrace:\nE       Backtrace:\nE       \tGetHandleVerifier [0x00007FF6E6B23E62+57250]\nE       \t(No symbol) [0x00007FF6E6A9BC02]\nE       \t(No symbol) [0x00007FF6E696E0BB]\nE       \t(No symbol) [0x00007FF6E69AD080]\nE       \t(No symbol) [0x00007FF6E69AB6FD]\nE       \t(No symbol) [0x00007FF6E69A96E5]\nE       \t(No symbol) [0x00007FF6E69A88F5]\nE       \t(No symbol) [0x00007FF6E699EC1F]\nE       \t(No symbol) [0x00007FF6E69C67AA]\nE       \t(No symbol) [0x00007FF6E699E536]\nE       \t(No symbol) [0x00007FF6E69C69C0]\nE       \t(No symbol) [0x00007FF6E69DE312]\nE       \t(No symbol) [0x00007FF6E69C6583]\nE       \t(No symbol) [0x00007FF6E699CC71]\nE       \t(No symbol) [0x00007FF6E699DE54]\nE       \tGetHandleVerifier [0x00007FF6E6DD4CF2+2879026]\nE       \tGetHandleVerifier [0x00007FF6E6E26F30+3215472]\nE       \tGetHandleVerifier [0x00007FF6E6E1FD4F+3186319]\nE       \tGetHandleVerifier [0x00007FF6E6BB5505+652869]\nE       \t(No symbol) [0x00007FF6E6AA7518]\nE       \t(No symbol) [0x00007FF6E6AA35F4]\nE       \t(No symbol) [0x00007FF6E6AA36EC]\nE       \t(No symbol) [0x00007FF6E6A938E3]\nE       \tBaseThreadInitThunk [0x00007FFF1B0A7614+20]\nE       \tRtlUserThreadStart [0x00007FFF1B8426B1+33]\n\nvenv\\lib\\site-packages\\selenium\\webdriver\\remote\\errorhandler.py:245: ElementClickInterceptedException"}, "steps": [{"name": "clicking to \"Login\" button", "status": "passed", "start": 1691386649914, "stop": 1691386652660}, {"name": "clicking to \"Login with password\" button", "status": "passed", "start": 1691386652661, "stop": 1691386652872}, {"name": "set up password", "status": "passed", "start": 1691386653279, "stop": 1691386653561}, {"name": "clicking to \"Authorize\" button", "status": "passed", "start": 1691386653561, "stop": 1691386653717}, {"name": "click to \"my balance\" in clients menu navigation", "status": "passed", "start": 1691386653717, "stop": 1691386658658}, {"name": "click to \"order session\" in the package", "status": "broken", "statusDetails": {"message": "selenium.common.exceptions.ElementClickInterceptedException: Message: element click intercepted: Element is not clickable at point (637, 758)\n  (Session info: chrome=115.0.5790.111)\nStacktrace:\nBacktrace:\n\tGetHandleVerifier [0x00007FF6E6B23E62+57250]\n\t(No symbol) [0x00007FF6E6A9BC02]\n\t(No symbol) [0x00007FF6E696E0BB]\n\t(No symbol) [0x00007FF6E69AD080]\n\t(No symbol) [0x00007FF6E69AB6FD]\n\t(No symbol) [0x00007FF6E69A96E5]\n\t(No symbol) [0x00007FF6E69A88F5]\n\t(No symbol) [0x00007FF6E699EC1F]\n\t(No symbol) [0x00007FF6E69C67AA]\n\t(No symbol) [0x00007FF6E699E536]\n\t(No symbol) [0x00007FF6E69C69C0]\n\t(No symbol) [0x00007FF6E69DE312]\n\t(No symbol) [0x00007FF6E69C6583]\n\t(No symbol) [0x00007FF6E699CC71]\n\t(No symbol) [0x00007FF6E699DE54]\n\tGetHandleVerifier [0x00007FF6E6DD4CF2+2879026]\n\tGetHandleVerifier [0x00007FF6E6E26F30+3215472]\n\tGetHandleVerifier [0x00007FF6E6E1FD4F+3186319]\n\tGetHandleVerifier [0x00007FF6E6BB5505+652869]\n\t(No symbol) [0x00007FF6E6AA7518]\n\t(No symbol) [0x00007FF6E6AA35F4]\n\t(No symbol) [0x00007FF6E6AA36EC]\n\t(No symbol) [0x00007FF6E6A938E3]\n\tBaseThreadInitThunk [0x00007FFF1B0A7614+20]\n\tRtlUserThreadStart [0x00007FFF1B8426B1+33]\n\n", "trace": "  File \"C:\\Users\\Owner\\PycharmProjects\\LifeHelp\\venv\\lib\\site-packages\\allure_commons\\_allure.py\", line 192, in impl\n    return func(*a, **kw)\n  File \"C:\\Users\\Owner\\PycharmProjects\\LifeHelp\\pages\\authorization_page.py\", line 640, in click_to_order_session_package\n    self.to_click(AuthorizationLocators.ORDER_SESSION_IN_PACKAGE)\n  File \"C:\\Users\\Owner\\PycharmProjects\\LifeHelp\\base\\base_object.py\", line 17, in to_click\n    self.is_clickable(locator).click()\n  File \"C:\\Users\\Owner\\PycharmProjects\\LifeHelp\\venv\\lib\\site-packages\\selenium\\webdriver\\remote\\webelement.py\", line 93, in click\n    self._execute(Command.CLICK_ELEMENT)\n  File \"C:\\Users\\Owner\\PycharmProjects\\LifeHelp\\venv\\lib\\site-packages\\selenium\\webdriver\\remote\\webelement.py\", line 403, in _execute\n    return self._parent.execute(command, params)\n  File \"C:\\Users\\Owner\\PycharmProjects\\LifeHelp\\venv\\lib\\site-packages\\selenium\\webdriver\\remote\\webdriver.py\", line 440, in execute\n    self.error_handler.check_response(response)\n  File \"C:\\Users\\Owner\\PycharmProjects\\LifeHelp\\venv\\lib\\site-packages\\selenium\\webdriver\\remote\\errorhandler.py\", line 245, in check_response\n    raise exception_class(message, screen, stacktrace)\n"}, "start": 1691386658659, "stop": 1691386659948}], "start": 1691386649914, "stop": 1691386659975, "uuid": "248dd43c-c396-4f0c-a7ab-ddfe41f29073", "historyId": "d07fd56f085475352fdd8a1a9c7fd74e", "testCaseId": "3b426889147c21f39513d8f7e95f6db8", "fullName": "tests.test_authorization#test_order_session_in_package_4", "labels": [{"name": "parentSuite", "value": "tests"}, {"name": "suite", "value": "test_authorization"}, {"name": "host", "value": "DESKTOP-MNCDD93"}, {"name": "thread", "value": "12096-MainThread"}, {"name": "framework", "value": "pytest"}, {"name": "language", "value": "cpython3"}, {"name": "package", "value": "tests.test_authorization"}]}