{"name": "test_deny_payment_automatic_order", "status": "broken", "statusDetails": {"message": "selenium.common.exceptions.TimeoutException: Message:", "trace": "authorization_page = <pages.authorization_page.AuthorizationPage object at 0x00000174F93681C0>\n\n    def test_deny_payment_automatic_order(authorization_page):\n        authorization_page.click_to_login_button()\n        authorization_page.click_to_login_w_password_button()\n        authorization_page.set_email_email()\n        authorization_page.set_password_pass()\n        authorization_page.click_to_authorize_button()\n        authorization_page.click_to_three_dots_button_ordered_session()\n>       authorization_page.click_to_deny_payment_ordered_session_drop_down()\n\ntests\\test_authorization.py:404: \n_ _ _ _ _ _ _ _ _ _ _ _ _ _ _ _ _ _ _ _ _ _ _ _ _ _ _ _ _ _ _ _ _ _ _ _ _ _ _ _ _ _ _ _ _ _ _ _ _ _ _ _ _ _ _ _ _ _ _ _ _ _ _ _ _ _ _ _ _ _ _ _ _ _ _ \npages\\authorization_page.py:598: in click_to_deny_payment_ordered_session_drop_down\n    self.to_click(AuthorizationLocators.DENY_ORDER_PAYMENT_DROP_DOWN_LINK)\nbase\\base_object.py:17: in to_click\n    self.is_clickable(locator).click()\nbase\\base_object.py:14: in is_clickable\n    return self.wait.until(ec.element_to_be_clickable(locator))\n_ _ _ _ _ _ _ _ _ _ _ _ _ _ _ _ _ _ _ _ _ _ _ _ _ _ _ _ _ _ _ _ _ _ _ _ _ _ _ _ _ _ _ _ _ _ _ _ _ _ _ _ _ _ _ _ _ _ _ _ _ _ _ _ _ _ _ _ _ _ _ _ _ _ _ \n\nself = <selenium.webdriver.support.wait.WebDriverWait (session=\"f9d26f60133eae137688c77e4af8f3c8\")>\nmethod = <function element_to_be_clickable.<locals>._predicate at 0x00000174F92BE9E0>, message = ''\n\n    def until(self, method, message: str = \"\"):\n        \"\"\"Calls the method provided with the driver as an argument until the \\\n        return value does not evaluate to ``False``.\n    \n        :param method: callable(WebDriver)\n        :param message: optional message for :exc:`TimeoutException`\n        :returns: the result of the last call to `method`\n        :raises: :exc:`selenium.common.exceptions.TimeoutException` if timeout occurs\n        \"\"\"\n        screen = None\n        stacktrace = None\n    \n        end_time = time.monotonic() + self._timeout\n        while True:\n            try:\n                value = method(self._driver)\n                if value:\n                    return value\n            except self._ignored_exceptions as exc:\n                screen = getattr(exc, \"screen\", None)\n                stacktrace = getattr(exc, \"stacktrace\", None)\n            time.sleep(self._poll)\n            if time.monotonic() > end_time:\n                break\n>       raise TimeoutException(message, screen, stacktrace)\nE       selenium.common.exceptions.TimeoutException: Message:\n\nvenv\\lib\\site-packages\\selenium\\webdriver\\support\\wait.py:95: TimeoutException"}, "steps": [{"name": "clicking to \"Login\" button", "status": "passed", "start": 1693462491150, "stop": 1693462494666}, {"name": "clicking to \"Login with password\" button", "status": "passed", "start": 1693462494666, "stop": 1693462494869}, {"name": "set up password", "status": "passed", "start": 1693462495414, "stop": 1693462495718}, {"name": "clicking to \"Authorize\" button", "status": "passed", "start": 1693462495719, "stop": 1693462495942}, {"name": "click to \"3 dots\" button on automatic order session", "status": "passed", "start": 1693462495942, "stop": 1693462499262}, {"name": "click to \"deny order payment\" button on drop down link from three dots in ordered session", "status": "broken", "statusDetails": {"message": "selenium.common.exceptions.TimeoutException: Message: \n\n", "trace": "  File \"C:\\Users\\Owner\\PycharmProjects\\LifeHelp\\venv\\lib\\site-packages\\allure_commons\\_allure.py\", line 192, in impl\n    return func(*a, **kw)\n  File \"C:\\Users\\Owner\\PycharmProjects\\LifeHelp\\pages\\authorization_page.py\", line 598, in click_to_deny_payment_ordered_session_drop_down\n    self.to_click(AuthorizationLocators.DENY_ORDER_PAYMENT_DROP_DOWN_LINK)\n  File \"C:\\Users\\Owner\\PycharmProjects\\LifeHelp\\base\\base_object.py\", line 17, in to_click\n    self.is_clickable(locator).click()\n  File \"C:\\Users\\Owner\\PycharmProjects\\LifeHelp\\base\\base_object.py\", line 14, in is_clickable\n    return self.wait.until(ec.element_to_be_clickable(locator))\n  File \"C:\\Users\\Owner\\PycharmProjects\\LifeHelp\\venv\\lib\\site-packages\\selenium\\webdriver\\support\\wait.py\", line 95, in until\n    raise TimeoutException(message, screen, stacktrace)\n"}, "start": 1693462499263, "stop": 1693462504458}], "start": 1693462491148, "stop": 1693462504480, "uuid": "f8a6a6f3-1c3a-495a-ac3f-32ff8ddc3951", "historyId": "f3cabf34790ed74f83b78bd0af6c9640", "testCaseId": "937c0cf717d47dfb2c87a25ca33999b4", "fullName": "tests.test_authorization#test_deny_payment_automatic_order", "labels": [{"name": "parentSuite", "value": "tests"}, {"name": "suite", "value": "test_authorization"}, {"name": "host", "value": "DESKTOP-MNCDD93"}, {"name": "thread", "value": "15348-MainThread"}, {"name": "framework", "value": "pytest"}, {"name": "language", "value": "cpython3"}, {"name": "package", "value": "tests.test_authorization"}]}