{"name": "test_deny_payment_automatic_order", "status": "broken", "statusDetails": {"message": "selenium.common.exceptions.ElementClickInterceptedException: Message: element click intercepted: Element is not clickable at point (1183, 641)\n  (Session info: chrome=116.0.5845.188)\nStacktrace:\nBacktrace:\n\tGetHandleVerifier [0x00007FF6F51E3E62+57250]\n\t(No symbol) [0x00007FF6F515BC02]\n\t(No symbol) [0x00007FF6F502E0BB]\n\t(No symbol) [0x00007FF6F506D080]\n\t(No symbol) [0x00007FF6F506B6FD]\n\t(No symbol) [0x00007FF6F50696E5]\n\t(No symbol) [0x00007FF6F50688F5]\n\t(No symbol) [0x00007FF6F505EC1F]\n\t(No symbol) [0x00007FF6F50867AA]\n\t(No symbol) [0x00007FF6F505E536]\n\t(No symbol) [0x00007FF6F50869C0]\n\t(No symbol) [0x00007FF6F509E312]\n\t(No symbol) [0x00007FF6F5086583]\n\t(No symbol) [0x00007FF6F505CC71]\n\t(No symbol) [0x00007FF6F505DE54]\n\tGetHandleVerifier [0x00007FF6F5494CF2+2879026]\n\tGetHandleVerifier [0x00007FF6F54E6F30+3215472]\n\tGetHandleVerifier [0x00007FF6F54DFD4F+3186319]\n\tGetHandleVerifier [0x00007FF6F5275505+652869]\n\t(No symbol) [0x00007FF6F5167518]\n\t(No symbol) [0x00007FF6F51635F4]\n\t(No symbol) [0x00007FF6F51636EC]\n\t(No symbol) [0x00007FF6F51538E3]\n\tBaseThreadInitThunk [0x00007FFF50327344+20]\n\tRtlUserThreadStart [0x00007FFF513226B1+33]", "trace": "authorization_page = <pages.authorization_page.AuthorizationPage object at 0x000001F36E7885B0>\n\n    def test_deny_payment_automatic_order(authorization_page):\n        authorization_page.click_to_login_button()\n        authorization_page.click_to_login_w_password_button()\n        authorization_page.set_email_email()\n        authorization_page.set_password_pass()\n        authorization_page.click_to_authorize_button()\n        authorization_page.click_to_three_dots_button_ordered_session()\n>       authorization_page.click_to_deny_payment_ordered_session_drop_down()\n\ntests\\test_authorization.py:407: \n_ _ _ _ _ _ _ _ _ _ _ _ _ _ _ _ _ _ _ _ _ _ _ _ _ _ _ _ _ _ _ _ _ _ _ _ _ _ _ _ _ _ _ _ _ _ _ _ _ _ _ _ _ _ _ _ _ _ _ _ _ _ _ _ _ _ _ _ _ _ _ _ _ _ _ \npages\\authorization_page.py:620: in click_to_deny_payment_ordered_session_drop_down\n    self.to_click(AuthorizationLocators.DENY_ORDER_PAYMENT_DROP_DOWN_LINK)\nbase\\base_object.py:32: in to_click\n    self.is_clickable(locator).click()\nvenv\\lib\\site-packages\\selenium\\webdriver\\remote\\webelement.py:93: in click\n    self._execute(Command.CLICK_ELEMENT)\nvenv\\lib\\site-packages\\selenium\\webdriver\\remote\\webelement.py:403: in _execute\n    return self._parent.execute(command, params)\nvenv\\lib\\site-packages\\selenium\\webdriver\\remote\\webdriver.py:440: in execute\n    self.error_handler.check_response(response)\n_ _ _ _ _ _ _ _ _ _ _ _ _ _ _ _ _ _ _ _ _ _ _ _ _ _ _ _ _ _ _ _ _ _ _ _ _ _ _ _ _ _ _ _ _ _ _ _ _ _ _ _ _ _ _ _ _ _ _ _ _ _ _ _ _ _ _ _ _ _ _ _ _ _ _ \n\nself = <selenium.webdriver.remote.errorhandler.ErrorHandler object at 0x000001F36E788190>\nresponse = {'status': 400, 'value': '{\"value\":{\"error\":\"element click intercepted\",\"message\":\"element click intercepted: Element ...07FF6F51538E3]\\\\n\\\\tBaseThreadInitThunk [0x00007FFF50327344+20]\\\\n\\\\tRtlUserThreadStart [0x00007FFF513226B1+33]\\\\n\"}}'}\n\n    def check_response(self, response: Dict[str, Any]) -> None:\n        \"\"\"Checks that a JSON response from the WebDriver does not have an\n        error.\n    \n        :Args:\n         - response - The JSON response from the WebDriver server as a dictionary\n           object.\n    \n        :Raises: If the response contains an error message.\n        \"\"\"\n        status = response.get(\"status\", None)\n        if not status or status == ErrorCode.SUCCESS:\n            return\n        value = None\n        message = response.get(\"message\", \"\")\n        screen: str = response.get(\"screen\", \"\")\n        stacktrace = None\n        if isinstance(status, int):\n            value_json = response.get(\"value\", None)\n            if value_json and isinstance(value_json, str):\n                import json\n    \n                try:\n                    value = json.loads(value_json)\n                    if len(value.keys()) == 1:\n                        value = value[\"value\"]\n                    status = value.get(\"error\", None)\n                    if not status:\n                        status = value.get(\"status\", ErrorCode.UNKNOWN_ERROR)\n                        message = value.get(\"value\") or value.get(\"message\")\n                        if not isinstance(message, str):\n                            value = message\n                            message = message.get(\"message\")\n                    else:\n                        message = value.get(\"message\", None)\n                except ValueError:\n                    pass\n    \n        exception_class: Type[WebDriverException]\n        if status in ErrorCode.NO_SUCH_ELEMENT:\n            exception_class = NoSuchElementException\n        elif status in ErrorCode.NO_SUCH_FRAME:\n            exception_class = NoSuchFrameException\n        elif status in ErrorCode.NO_SUCH_SHADOW_ROOT:\n            exception_class = NoSuchShadowRootException\n        elif status in ErrorCode.NO_SUCH_WINDOW:\n            exception_class = NoSuchWindowException\n        elif status in ErrorCode.STALE_ELEMENT_REFERENCE:\n            exception_class = StaleElementReferenceException\n        elif status in ErrorCode.ELEMENT_NOT_VISIBLE:\n            exception_class = ElementNotVisibleException\n        elif status in ErrorCode.INVALID_ELEMENT_STATE:\n            exception_class = InvalidElementStateException\n        elif (\n            status in ErrorCode.INVALID_SELECTOR\n            or status in ErrorCode.INVALID_XPATH_SELECTOR\n            or status in ErrorCode.INVALID_XPATH_SELECTOR_RETURN_TYPER\n        ):\n            exception_class = InvalidSelectorException\n        elif status in ErrorCode.ELEMENT_IS_NOT_SELECTABLE:\n            exception_class = ElementNotSelectableException\n        elif status in ErrorCode.ELEMENT_NOT_INTERACTABLE:\n            exception_class = ElementNotInteractableException\n        elif status in ErrorCode.INVALID_COOKIE_DOMAIN:\n            exception_class = InvalidCookieDomainException\n        elif status in ErrorCode.UNABLE_TO_SET_COOKIE:\n            exception_class = UnableToSetCookieException\n        elif status in ErrorCode.TIMEOUT:\n            exception_class = TimeoutException\n        elif status in ErrorCode.SCRIPT_TIMEOUT:\n            exception_class = TimeoutException\n        elif status in ErrorCode.UNKNOWN_ERROR:\n            exception_class = WebDriverException\n        elif status in ErrorCode.UNEXPECTED_ALERT_OPEN:\n            exception_class = UnexpectedAlertPresentException\n        elif status in ErrorCode.NO_ALERT_OPEN:\n            exception_class = NoAlertPresentException\n        elif status in ErrorCode.IME_NOT_AVAILABLE:\n            exception_class = ImeNotAvailableException\n        elif status in ErrorCode.IME_ENGINE_ACTIVATION_FAILED:\n            exception_class = ImeActivationFailedException\n        elif status in ErrorCode.MOVE_TARGET_OUT_OF_BOUNDS:\n            exception_class = MoveTargetOutOfBoundsException\n        elif status in ErrorCode.JAVASCRIPT_ERROR:\n            exception_class = JavascriptException\n        elif status in ErrorCode.SESSION_NOT_CREATED:\n            exception_class = SessionNotCreatedException\n        elif status in ErrorCode.INVALID_ARGUMENT:\n            exception_class = InvalidArgumentException\n        elif status in ErrorCode.NO_SUCH_COOKIE:\n            exception_class = NoSuchCookieException\n        elif status in ErrorCode.UNABLE_TO_CAPTURE_SCREEN:\n            exception_class = ScreenshotException\n        elif status in ErrorCode.ELEMENT_CLICK_INTERCEPTED:\n            exception_class = ElementClickInterceptedException\n        elif status in ErrorCode.INSECURE_CERTIFICATE:\n            exception_class = InsecureCertificateException\n        elif status in ErrorCode.INVALID_COORDINATES:\n            exception_class = InvalidCoordinatesException\n        elif status in ErrorCode.INVALID_SESSION_ID:\n            exception_class = InvalidSessionIdException\n        elif status in ErrorCode.UNKNOWN_METHOD:\n            exception_class = UnknownMethodException\n        else:\n            exception_class = WebDriverException\n        if not value:\n            value = response[\"value\"]\n        if isinstance(value, str):\n            raise exception_class(value)\n        if message == \"\" and \"message\" in value:\n            message = value[\"message\"]\n    \n        screen = None  # type: ignore[assignment]\n        if \"screen\" in value:\n            screen = value[\"screen\"]\n    \n        stacktrace = None\n        st_value = value.get(\"stackTrace\") or value.get(\"stacktrace\")\n        if st_value:\n            if isinstance(st_value, str):\n                stacktrace = st_value.split(\"\\n\")\n            else:\n                stacktrace = []\n                try:\n                    for frame in st_value:\n                        line = frame.get(\"lineNumber\", \"\")\n                        file = frame.get(\"fileName\", \"<anonymous>\")\n                        if line:\n                            file = f\"{file}:{line}\"\n                        meth = frame.get(\"methodName\", \"<anonymous>\")\n                        if \"className\" in frame:\n                            meth = f\"{frame['className']}.{meth}\"\n                        msg = \"    at %s (%s)\"\n                        msg = msg % (meth, file)\n                        stacktrace.append(msg)\n                except TypeError:\n                    pass\n        if exception_class == UnexpectedAlertPresentException:\n            alert_text = None\n            if \"data\" in value:\n                alert_text = value[\"data\"].get(\"text\")\n            elif \"alert\" in value:\n                alert_text = value[\"alert\"].get(\"text\")\n            raise exception_class(message, screen, stacktrace, alert_text)  # type: ignore[call-arg]  # mypy is not smart enough here\n>       raise exception_class(message, screen, stacktrace)\nE       selenium.common.exceptions.ElementClickInterceptedException: Message: element click intercepted: Element is not clickable at point (1183, 641)\nE         (Session info: chrome=116.0.5845.188)\nE       Stacktrace:\nE       Backtrace:\nE       \tGetHandleVerifier [0x00007FF6F51E3E62+57250]\nE       \t(No symbol) [0x00007FF6F515BC02]\nE       \t(No symbol) [0x00007FF6F502E0BB]\nE       \t(No symbol) [0x00007FF6F506D080]\nE       \t(No symbol) [0x00007FF6F506B6FD]\nE       \t(No symbol) [0x00007FF6F50696E5]\nE       \t(No symbol) [0x00007FF6F50688F5]\nE       \t(No symbol) [0x00007FF6F505EC1F]\nE       \t(No symbol) [0x00007FF6F50867AA]\nE       \t(No symbol) [0x00007FF6F505E536]\nE       \t(No symbol) [0x00007FF6F50869C0]\nE       \t(No symbol) [0x00007FF6F509E312]\nE       \t(No symbol) [0x00007FF6F5086583]\nE       \t(No symbol) [0x00007FF6F505CC71]\nE       \t(No symbol) [0x00007FF6F505DE54]\nE       \tGetHandleVerifier [0x00007FF6F5494CF2+2879026]\nE       \tGetHandleVerifier [0x00007FF6F54E6F30+3215472]\nE       \tGetHandleVerifier [0x00007FF6F54DFD4F+3186319]\nE       \tGetHandleVerifier [0x00007FF6F5275505+652869]\nE       \t(No symbol) [0x00007FF6F5167518]\nE       \t(No symbol) [0x00007FF6F51635F4]\nE       \t(No symbol) [0x00007FF6F51636EC]\nE       \t(No symbol) [0x00007FF6F51538E3]\nE       \tBaseThreadInitThunk [0x00007FFF50327344+20]\nE       \tRtlUserThreadStart [0x00007FFF513226B1+33]\n\nvenv\\lib\\site-packages\\selenium\\webdriver\\remote\\errorhandler.py:245: ElementClickInterceptedException"}, "steps": [{"name": "clicking to \"Login\" button", "status": "passed", "start": 1695709908824, "stop": 1695709911533}, {"name": "clicking to \"Login with password\" button", "status": "passed", "start": 1695709911533, "stop": 1695709911859}, {"name": "set up password", "status": "passed", "start": 1695709912384, "stop": 1695709912597}, {"name": "clicking to \"Authorize\" button", "status": "passed", "start": 1695709912597, "stop": 1695709912733}, {"name": "click to \"3 dots\" button on automatic order session", "status": "passed", "start": 1695709912734, "stop": 1695709916470}, {"name": "click to \"deny order payment\" button on drop down link from three dots in ordered session", "status": "broken", "statusDetails": {"message": "selenium.common.exceptions.ElementClickInterceptedException: Message: element click intercepted: Element is not clickable at point (1183, 641)\n  (Session info: chrome=116.0.5845.188)\nStacktrace:\nBacktrace:\n\tGetHandleVerifier [0x00007FF6F51E3E62+57250]\n\t(No symbol) [0x00007FF6F515BC02]\n\t(No symbol) [0x00007FF6F502E0BB]\n\t(No symbol) [0x00007FF6F506D080]\n\t(No symbol) [0x00007FF6F506B6FD]\n\t(No symbol) [0x00007FF6F50696E5]\n\t(No symbol) [0x00007FF6F50688F5]\n\t(No symbol) [0x00007FF6F505EC1F]\n\t(No symbol) [0x00007FF6F50867AA]\n\t(No symbol) [0x00007FF6F505E536]\n\t(No symbol) [0x00007FF6F50869C0]\n\t(No symbol) [0x00007FF6F509E312]\n\t(No symbol) [0x00007FF6F5086583]\n\t(No symbol) [0x00007FF6F505CC71]\n\t(No symbol) [0x00007FF6F505DE54]\n\tGetHandleVerifier [0x00007FF6F5494CF2+2879026]\n\tGetHandleVerifier [0x00007FF6F54E6F30+3215472]\n\tGetHandleVerifier [0x00007FF6F54DFD4F+3186319]\n\tGetHandleVerifier [0x00007FF6F5275505+652869]\n\t(No symbol) [0x00007FF6F5167518]\n\t(No symbol) [0x00007FF6F51635F4]\n\t(No symbol) [0x00007FF6F51636EC]\n\t(No symbol) [0x00007FF6F51538E3]\n\tBaseThreadInitThunk [0x00007FFF50327344+20]\n\tRtlUserThreadStart [0x00007FFF513226B1+33]\n\n", "trace": "  File \"C:\\Users\\Owner\\PycharmProjects\\LifeHelp\\venv\\lib\\site-packages\\allure_commons\\_allure.py\", line 192, in impl\n    return func(*a, **kw)\n  File \"C:\\Users\\Owner\\PycharmProjects\\LifeHelp\\pages\\authorization_page.py\", line 620, in click_to_deny_payment_ordered_session_drop_down\n    self.to_click(AuthorizationLocators.DENY_ORDER_PAYMENT_DROP_DOWN_LINK)\n  File \"C:\\Users\\Owner\\PycharmProjects\\LifeHelp\\base\\base_object.py\", line 32, in to_click\n    self.is_clickable(locator).click()\n  File \"C:\\Users\\Owner\\PycharmProjects\\LifeHelp\\venv\\lib\\site-packages\\selenium\\webdriver\\remote\\webelement.py\", line 93, in click\n    self._execute(Command.CLICK_ELEMENT)\n  File \"C:\\Users\\Owner\\PycharmProjects\\LifeHelp\\venv\\lib\\site-packages\\selenium\\webdriver\\remote\\webelement.py\", line 403, in _execute\n    return self._parent.execute(command, params)\n  File \"C:\\Users\\Owner\\PycharmProjects\\LifeHelp\\venv\\lib\\site-packages\\selenium\\webdriver\\remote\\webdriver.py\", line 440, in execute\n    self.error_handler.check_response(response)\n  File \"C:\\Users\\Owner\\PycharmProjects\\LifeHelp\\venv\\lib\\site-packages\\selenium\\webdriver\\remote\\errorhandler.py\", line 245, in check_response\n    raise exception_class(message, screen, stacktrace)\n"}, "start": 1695709916470, "stop": 1695709917876}], "start": 1695709908824, "stop": 1695709917914, "uuid": "f8c7d1b9-5647-4f50-a4d2-f214ccd3c51a", "historyId": "f3cabf34790ed74f83b78bd0af6c9640", "testCaseId": "937c0cf717d47dfb2c87a25ca33999b4", "fullName": "tests.test_authorization#test_deny_payment_automatic_order", "labels": [{"name": "parentSuite", "value": "tests"}, {"name": "suite", "value": "test_authorization"}, {"name": "host", "value": "DESKTOP-MNCDD93"}, {"name": "thread", "value": "14736-MainThread"}, {"name": "framework", "value": "pytest"}, {"name": "language", "value": "cpython3"}, {"name": "package", "value": "tests.test_authorization"}]}