{"name": "test_buy_package_54_w_tinkoff", "status": "broken", "statusDetails": {"message": "selenium.common.exceptions.TimeoutException: Message: \nStacktrace:\nBacktrace:\n\tGetHandleVerifier [0x00007FF6F51E3E62+57250]\n\t(No symbol) [0x00007FF6F515BC02]\n\t(No symbol) [0x00007FF6F502E0BB]\n\t(No symbol) [0x00007FF6F506765E]\n\t(No symbol) [0x00007FF6F506774C]\n\t(No symbol) [0x00007FF6F50A0267]\n\t(No symbol) [0x00007FF6F50867EF]\n\t(No symbol) [0x00007FF6F509E312]\n\t(No symbol) [0x00007FF6F5086583]\n\t(No symbol) [0x00007FF6F505CC71]\n\t(No symbol) [0x00007FF6F505DE54]\n\tGetHandleVerifier [0x00007FF6F5494CF2+2879026]\n\tGetHandleVerifier [0x00007FF6F54E6F30+3215472]\n\tGetHandleVerifier [0x00007FF6F54DFD4F+3186319]\n\tGetHandleVerifier [0x00007FF6F5275505+652869]\n\t(No symbol) [0x00007FF6F5167518]\n\t(No symbol) [0x00007FF6F51635F4]\n\t(No symbol) [0x00007FF6F51636EC]\n\t(No symbol) [0x00007FF6F51538E3]\n\tBaseThreadInitThunk [0x00007FFF50327344+20]\n\tRtlUserThreadStart [0x00007FFF513226B1+33]", "trace": "authorization_page = <pages.authorization_page.AuthorizationPage object at 0x000001F36F29A860>\n\n    def test_buy_package_54_w_tinkoff(authorization_page):\n        authorization_page.click_to_login_button()\n        authorization_page.click_to_login_w_password_button()\n        authorization_page.set_email_email()\n        authorization_page.set_password_pass()\n        authorization_page.click_to_authorize_button()\n        authorization_page.click_my_balance_menu_navigation()\n        authorization_page.click_buy_package()\n        authorization_page.click_buy_package_54_by_tinkoff_installments()\n        authorization_page.click_continue_button_by_tinkoff_installments()\n        # authorization_page.move_to_new_tinkoff_installments_page()\n>       authorization_page.verify_tinkoff_installments_application_page_conditions()\n\ntests\\test_authorization.py:578: \n_ _ _ _ _ _ _ _ _ _ _ _ _ _ _ _ _ _ _ _ _ _ _ _ _ _ _ _ _ _ _ _ _ _ _ _ _ _ _ _ _ _ _ _ _ _ _ _ _ _ _ _ _ _ _ _ _ _ _ _ _ _ _ _ _ _ _ _ _ _ _ _ _ _ _ \npages\\authorization_page.py:877: in verify_tinkoff_installments_application_page_conditions\n    actual_result = self.get_text_title_of_element(AuthorizationLocators.TINKOFF_INSTALLMENTS_CONDITIONS)\nbase\\base_object.py:56: in get_text_title_of_element\n    return self.is_visible(locator).text\nbase\\base_object.py:16: in is_visible\n    return self.wait.until(ec.visibility_of_element_located(locator))\n_ _ _ _ _ _ _ _ _ _ _ _ _ _ _ _ _ _ _ _ _ _ _ _ _ _ _ _ _ _ _ _ _ _ _ _ _ _ _ _ _ _ _ _ _ _ _ _ _ _ _ _ _ _ _ _ _ _ _ _ _ _ _ _ _ _ _ _ _ _ _ _ _ _ _ \n\nself = <selenium.webdriver.support.wait.WebDriverWait (session=\"c78d85f8eab31683aab48b347c30c498\")>\nmethod = <function visibility_of_element_located.<locals>._predicate at 0x000001F36E6D8790>, message = ''\n\n    def until(self, method, message: str = \"\"):\n        \"\"\"Calls the method provided with the driver as an argument until the \\\n        return value does not evaluate to ``False``.\n    \n        :param method: callable(WebDriver)\n        :param message: optional message for :exc:`TimeoutException`\n        :returns: the result of the last call to `method`\n        :raises: :exc:`selenium.common.exceptions.TimeoutException` if timeout occurs\n        \"\"\"\n        screen = None\n        stacktrace = None\n    \n        end_time = time.monotonic() + self._timeout\n        while True:\n            try:\n                value = method(self._driver)\n                if value:\n                    return value\n            except self._ignored_exceptions as exc:\n                screen = getattr(exc, \"screen\", None)\n                stacktrace = getattr(exc, \"stacktrace\", None)\n            time.sleep(self._poll)\n            if time.monotonic() > end_time:\n                break\n>       raise TimeoutException(message, screen, stacktrace)\nE       selenium.common.exceptions.TimeoutException: Message: \nE       Stacktrace:\nE       Backtrace:\nE       \tGetHandleVerifier [0x00007FF6F51E3E62+57250]\nE       \t(No symbol) [0x00007FF6F515BC02]\nE       \t(No symbol) [0x00007FF6F502E0BB]\nE       \t(No symbol) [0x00007FF6F506765E]\nE       \t(No symbol) [0x00007FF6F506774C]\nE       \t(No symbol) [0x00007FF6F50A0267]\nE       \t(No symbol) [0x00007FF6F50867EF]\nE       \t(No symbol) [0x00007FF6F509E312]\nE       \t(No symbol) [0x00007FF6F5086583]\nE       \t(No symbol) [0x00007FF6F505CC71]\nE       \t(No symbol) [0x00007FF6F505DE54]\nE       \tGetHandleVerifier [0x00007FF6F5494CF2+2879026]\nE       \tGetHandleVerifier [0x00007FF6F54E6F30+3215472]\nE       \tGetHandleVerifier [0x00007FF6F54DFD4F+3186319]\nE       \tGetHandleVerifier [0x00007FF6F5275505+652869]\nE       \t(No symbol) [0x00007FF6F5167518]\nE       \t(No symbol) [0x00007FF6F51635F4]\nE       \t(No symbol) [0x00007FF6F51636EC]\nE       \t(No symbol) [0x00007FF6F51538E3]\nE       \tBaseThreadInitThunk [0x00007FFF50327344+20]\nE       \tRtlUserThreadStart [0x00007FFF513226B1+33]\n\nvenv\\lib\\site-packages\\selenium\\webdriver\\support\\wait.py:95: TimeoutException"}, "steps": [{"name": "clicking to \"Login\" button", "status": "passed", "start": 1695710214357, "stop": 1695710216743}, {"name": "clicking to \"Login with password\" button", "status": "passed", "start": 1695710216743, "stop": 1695710217067}, {"name": "set up password", "status": "passed", "start": 1695710217460, "stop": 1695710217687}, {"name": "clicking to \"Authorize\" button", "status": "passed", "start": 1695710217687, "stop": 1695710217816}, {"name": "click to \"my balance\" in clients menu navigation", "status": "passed", "start": 1695710217816, "stop": 1695710222580}, {"name": "click to \"buy package\" button", "status": "passed", "start": 1695710222580, "stop": 1695710223901}, {"name": "click to \"buy package of 54 sessions\" by installments button", "status": "passed", "start": 1695710223902, "stop": 1695710224131}, {"name": "click to \"continue\" by tinkoff installments button", "status": "passed", "start": 1695710224131, "stop": 1695710224350}, {"name": "verify title of the page with tinkoff installments application", "status": "broken", "statusDetails": {"message": "selenium.common.exceptions.TimeoutException: Message: \nStacktrace:\nBacktrace:\n\tGetHandleVerifier [0x00007FF6F51E3E62+57250]\n\t(No symbol) [0x00007FF6F515BC02]\n\t(No symbol) [0x00007FF6F502E0BB]\n\t(No symbol) [0x00007FF6F506765E]\n\t(No symbol) [0x00007FF6F506774C]\n\t(No symbol) [0x00007FF6F50A0267]\n\t(No symbol) [0x00007FF6F50867EF]\n\t(No symbol) [0x00007FF6F509E312]\n\t(No symbol) [0x00007FF6F5086583]\n\t(No symbol) [0x00007FF6F505CC71]\n\t(No symbol) [0x00007FF6F505DE54]\n\tGetHandleVerifier [0x00007FF6F5494CF2+2879026]\n\tGetHandleVerifier [0x00007FF6F54E6F30+3215472]\n\tGetHandleVerifier [0x00007FF6F54DFD4F+3186319]\n\tGetHandleVerifier [0x00007FF6F5275505+652869]\n\t(No symbol) [0x00007FF6F5167518]\n\t(No symbol) [0x00007FF6F51635F4]\n\t(No symbol) [0x00007FF6F51636EC]\n\t(No symbol) [0x00007FF6F51538E3]\n\tBaseThreadInitThunk [0x00007FFF50327344+20]\n\tRtlUserThreadStart [0x00007FFF513226B1+33]\n\n", "trace": "  File \"C:\\Users\\Owner\\PycharmProjects\\LifeHelp\\venv\\lib\\site-packages\\allure_commons\\_allure.py\", line 192, in impl\n    return func(*a, **kw)\n  File \"C:\\Users\\Owner\\PycharmProjects\\LifeHelp\\pages\\authorization_page.py\", line 877, in verify_tinkoff_installments_application_page_conditions\n    actual_result = self.get_text_title_of_element(AuthorizationLocators.TINKOFF_INSTALLMENTS_CONDITIONS)\n  File \"C:\\Users\\Owner\\PycharmProjects\\LifeHelp\\base\\base_object.py\", line 56, in get_text_title_of_element\n    return self.is_visible(locator).text\n  File \"C:\\Users\\Owner\\PycharmProjects\\LifeHelp\\base\\base_object.py\", line 16, in is_visible\n    return self.wait.until(ec.visibility_of_element_located(locator))\n  File \"C:\\Users\\Owner\\PycharmProjects\\LifeHelp\\venv\\lib\\site-packages\\selenium\\webdriver\\support\\wait.py\", line 95, in until\n    raise TimeoutException(message, screen, stacktrace)\n"}, "start": 1695710224350, "stop": 1695710229831}], "start": 1695710214356, "stop": 1695710229834, "uuid": "227edfb7-527a-429b-aa86-7309ae89d179", "historyId": "fd0862c2ac7cebe188071534c194161a", "testCaseId": "0cb43e4dbc8df4b4c1d3714f5788c500", "fullName": "tests.test_authorization#test_buy_package_54_w_tinkoff", "labels": [{"name": "parentSuite", "value": "tests"}, {"name": "suite", "value": "test_authorization"}, {"name": "host", "value": "DESKTOP-MNCDD93"}, {"name": "thread", "value": "14736-MainThread"}, {"name": "framework", "value": "pytest"}, {"name": "language", "value": "cpython3"}, {"name": "package", "value": "tests.test_authorization"}]}