{"name": "test_deny_payment_automatic_order", "status": "broken", "statusDetails": {"message": "selenium.common.exceptions.TimeoutException: Message: \nStacktrace:\nBacktrace:\n\tGetHandleVerifier [0x0104A813+48355]\n\t(No symbol) [0x00FDC4B1]\n\t(No symbol) [0x00EE5358]\n\t(No symbol) [0x00F109A5]\n\t(No symbol) [0x00F10B3B]\n\t(No symbol) [0x00F3E232]\n\t(No symbol) [0x00F2A784]\n\t(No symbol) [0x00F3C922]\n\t(No symbol) [0x00F2A536]\n\t(No symbol) [0x00F082DC]\n\t(No symbol) [0x00F093DD]\n\tGetHandleVerifier [0x012AAABD+2539405]\n\tGetHandleVerifier [0x012EA78F+2800735]\n\tGetHandleVerifier [0x012E456C+2775612]\n\tGetHandleVerifier [0x010D51E0+616112]\n\t(No symbol) [0x00FE5F8C]\n\t(No symbol) [0x00FE2328]\n\t(No symbol) [0x00FE240B]\n\t(No symbol) [0x00FD4FF7]\n\tBaseThreadInitThunk [0x759B00C9+25]\n\tRtlGetAppContainerNamedObjectPath [0x77B57B1E+286]\n\tRtlGetAppContainerNamedObjectPath [0x77B57AEE+238]", "trace": "authorization_page = <pages.authorization_page.AuthorizationPage object at 0x000001F13386C130>\n\n    def test_deny_payment_automatic_order(authorization_page):\n        authorization_page.click_to_login_button()\n        authorization_page.click_to_login_w_password_button()\n        authorization_page.set_email_email()\n        authorization_page.set_password_pass()\n        authorization_page.click_to_authorize_button()\n        authorization_page.click_to_three_dots_button_ordered_session()\n>       authorization_page.click_to_deny_payment_ordered_session_drop_down()\n\ntests\\test_authorization.py:380: \n_ _ _ _ _ _ _ _ _ _ _ _ _ _ _ _ _ _ _ _ _ _ _ _ _ _ _ _ _ _ _ _ _ _ _ _ _ _ _ _ _ _ _ _ _ _ _ _ _ _ _ _ _ _ _ _ _ _ _ _ _ _ _ _ _ _ _ _ _ _ _ _ _ _ _ \npages\\authorization_page.py:520: in click_to_deny_payment_ordered_session_drop_down\n    self.to_click(AuthorizationLocators.DENY_ORDER_PAYMENT_DROP_DOWN_LINK)\nbase\\base_object.py:17: in to_click\n    self.is_clickable(locator).click()\nbase\\base_object.py:14: in is_clickable\n    return self.wait.until(ec.element_to_be_clickable(locator))\n_ _ _ _ _ _ _ _ _ _ _ _ _ _ _ _ _ _ _ _ _ _ _ _ _ _ _ _ _ _ _ _ _ _ _ _ _ _ _ _ _ _ _ _ _ _ _ _ _ _ _ _ _ _ _ _ _ _ _ _ _ _ _ _ _ _ _ _ _ _ _ _ _ _ _ \n\nself = <selenium.webdriver.support.wait.WebDriverWait (session=\"c180ed34a831da7de041b4832f619c9a\")>\nmethod = <function element_to_be_clickable.<locals>._predicate at 0x000001F132F065F0>, message = ''\n\n    def until(self, method, message: str = \"\"):\n        \"\"\"Calls the method provided with the driver as an argument until the \\\n        return value does not evaluate to ``False``.\n    \n        :param method: callable(WebDriver)\n        :param message: optional message for :exc:`TimeoutException`\n        :returns: the result of the last call to `method`\n        :raises: :exc:`selenium.common.exceptions.TimeoutException` if timeout occurs\n        \"\"\"\n        screen = None\n        stacktrace = None\n    \n        end_time = time.monotonic() + self._timeout\n        while True:\n            try:\n                value = method(self._driver)\n                if value:\n                    return value\n            except self._ignored_exceptions as exc:\n                screen = getattr(exc, \"screen\", None)\n                stacktrace = getattr(exc, \"stacktrace\", None)\n            time.sleep(self._poll)\n            if time.monotonic() > end_time:\n                break\n>       raise TimeoutException(message, screen, stacktrace)\nE       selenium.common.exceptions.TimeoutException: Message: \nE       Stacktrace:\nE       Backtrace:\nE       \tGetHandleVerifier [0x0104A813+48355]\nE       \t(No symbol) [0x00FDC4B1]\nE       \t(No symbol) [0x00EE5358]\nE       \t(No symbol) [0x00F109A5]\nE       \t(No symbol) [0x00F10B3B]\nE       \t(No symbol) [0x00F3E232]\nE       \t(No symbol) [0x00F2A784]\nE       \t(No symbol) [0x00F3C922]\nE       \t(No symbol) [0x00F2A536]\nE       \t(No symbol) [0x00F082DC]\nE       \t(No symbol) [0x00F093DD]\nE       \tGetHandleVerifier [0x012AAABD+2539405]\nE       \tGetHandleVerifier [0x012EA78F+2800735]\nE       \tGetHandleVerifier [0x012E456C+2775612]\nE       \tGetHandleVerifier [0x010D51E0+616112]\nE       \t(No symbol) [0x00FE5F8C]\nE       \t(No symbol) [0x00FE2328]\nE       \t(No symbol) [0x00FE240B]\nE       \t(No symbol) [0x00FD4FF7]\nE       \tBaseThreadInitThunk [0x759B00C9+25]\nE       \tRtlGetAppContainerNamedObjectPath [0x77B57B1E+286]\nE       \tRtlGetAppContainerNamedObjectPath [0x77B57AEE+238]\n\nvenv\\lib\\site-packages\\selenium\\webdriver\\support\\wait.py:95: TimeoutException"}, "steps": [{"name": "clicking to \"Login\" button", "status": "passed", "start": 1690262917509, "stop": 1690262965324}, {"name": "clicking to \"Login with password\" button", "status": "passed", "start": 1690262965325, "stop": 1690262965540}, {"name": "set up password", "status": "passed", "start": 1690262966335, "stop": 1690262966482}, {"name": "clicking to \"Authorize\" button", "status": "passed", "start": 1690262966482, "stop": 1690262966635}, {"name": "click to \"3 dots\" button on automatic order session", "status": "passed", "start": 1690262966635, "stop": 1690262968970}, {"name": "click to \"deny order payment\" button on drop down link from three dots in ordered session", "status": "broken", "statusDetails": {"message": "selenium.common.exceptions.TimeoutException: Message: \nStacktrace:\nBacktrace:\n\tGetHandleVerifier [0x0104A813+48355]\n\t(No symbol) [0x00FDC4B1]\n\t(No symbol) [0x00EE5358]\n\t(No symbol) [0x00F109A5]\n\t(No symbol) [0x00F10B3B]\n\t(No symbol) [0x00F3E232]\n\t(No symbol) [0x00F2A784]\n\t(No symbol) [0x00F3C922]\n\t(No symbol) [0x00F2A536]\n\t(No symbol) [0x00F082DC]\n\t(No symbol) [0x00F093DD]\n\tGetHandleVerifier [0x012AAABD+2539405]\n\tGetHandleVerifier [0x012EA78F+2800735]\n\tGetHandleVerifier [0x012E456C+2775612]\n\tGetHandleVerifier [0x010D51E0+616112]\n\t(No symbol) [0x00FE5F8C]\n\t(No symbol) [0x00FE2328]\n\t(No symbol) [0x00FE240B]\n\t(No symbol) [0x00FD4FF7]\n\tBaseThreadInitThunk [0x759B00C9+25]\n\tRtlGetAppContainerNamedObjectPath [0x77B57B1E+286]\n\tRtlGetAppContainerNamedObjectPath [0x77B57AEE+238]\n\n", "trace": "  File \"C:\\Users\\Owner\\PycharmProjects\\LifeHelp\\venv\\lib\\site-packages\\allure_commons\\_allure.py\", line 192, in impl\n    return func(*a, **kw)\n  File \"C:\\Users\\Owner\\PycharmProjects\\LifeHelp\\pages\\authorization_page.py\", line 520, in click_to_deny_payment_ordered_session_drop_down\n    self.to_click(AuthorizationLocators.DENY_ORDER_PAYMENT_DROP_DOWN_LINK)\n  File \"C:\\Users\\Owner\\PycharmProjects\\LifeHelp\\base\\base_object.py\", line 17, in to_click\n    self.is_clickable(locator).click()\n  File \"C:\\Users\\Owner\\PycharmProjects\\LifeHelp\\base\\base_object.py\", line 14, in is_clickable\n    return self.wait.until(ec.element_to_be_clickable(locator))\n  File \"C:\\Users\\Owner\\PycharmProjects\\LifeHelp\\venv\\lib\\site-packages\\selenium\\webdriver\\support\\wait.py\", line 95, in until\n    raise TimeoutException(message, screen, stacktrace)\n"}, "start": 1690262968970, "stop": 1690262973980}], "start": 1690262917509, "stop": 1690262973992, "uuid": "ecad9234-fe84-42a9-9b4b-bcb4d1ae89ad", "historyId": "f3cabf34790ed74f83b78bd0af6c9640", "testCaseId": "937c0cf717d47dfb2c87a25ca33999b4", "fullName": "tests.test_authorization#test_deny_payment_automatic_order", "labels": [{"name": "parentSuite", "value": "tests"}, {"name": "suite", "value": "test_authorization"}, {"name": "host", "value": "DESKTOP-MNCDD93"}, {"name": "thread", "value": "30120-MainThread"}, {"name": "framework", "value": "pytest"}, {"name": "language", "value": "cpython3"}, {"name": "package", "value": "tests.test_authorization"}]}