{"name": "test_order_session_in_package_4", "status": "broken", "statusDetails": {"message": "selenium.common.exceptions.TimeoutException: Message: \nStacktrace:\nBacktrace:\n\tGetHandleVerifier [0x008FA813+48355]\n\t(No symbol) [0x0088C4B1]\n\t(No symbol) [0x00795358]\n\t(No symbol) [0x007C09A5]\n\t(No symbol) [0x007C0B3B]\n\t(No symbol) [0x007EE232]\n\t(No symbol) [0x007DA784]\n\t(No symbol) [0x007EC922]\n\t(No symbol) [0x007DA536]\n\t(No symbol) [0x007B82DC]\n\t(No symbol) [0x007B93DD]\n\tGetHandleVerifier [0x00B5AABD+2539405]\n\tGetHandleVerifier [0x00B9A78F+2800735]\n\tGetHandleVerifier [0x00B9456C+2775612]\n\tGetHandleVerifier [0x009851E0+616112]\n\t(No symbol) [0x00895F8C]\n\t(No symbol) [0x00892328]\n\t(No symbol) [0x0089240B]\n\t(No symbol) [0x00884FF7]\n\tBaseThreadInitThunk [0x759B00C9+25]\n\tRtlGetAppContainerNamedObjectPath [0x77B57B1E+286]\n\tRtlGetAppContainerNamedObjectPath [0x77B57AEE+238]", "trace": "authorization_page = <pages.authorization_page.AuthorizationPage object at 0x000001E1473FA410>\n\n    def test_order_session_in_package_4(authorization_page):\n        authorization_page.click_to_login_button()\n        authorization_page.click_to_login_w_password_button()\n        authorization_page.set_email_email()\n        authorization_page.set_password_pass()\n        authorization_page.click_to_authorize_button()\n        authorization_page.click_my_balance_menu_navigation()\n>       authorization_page.click_to_order_session_package()\n\ntests\\test_authorization.py:434: \n_ _ _ _ _ _ _ _ _ _ _ _ _ _ _ _ _ _ _ _ _ _ _ _ _ _ _ _ _ _ _ _ _ _ _ _ _ _ _ _ _ _ _ _ _ _ _ _ _ _ _ _ _ _ _ _ _ _ _ _ _ _ _ _ _ _ _ _ _ _ _ _ _ _ _ \npages\\authorization_page.py:590: in click_to_order_session_package\n    self.to_click(AuthorizationLocators.ORDER_SESSION_IN_PACKAGE)\nbase\\base_object.py:17: in to_click\n    self.is_clickable(locator).click()\nbase\\base_object.py:14: in is_clickable\n    return self.wait.until(ec.element_to_be_clickable(locator))\n_ _ _ _ _ _ _ _ _ _ _ _ _ _ _ _ _ _ _ _ _ _ _ _ _ _ _ _ _ _ _ _ _ _ _ _ _ _ _ _ _ _ _ _ _ _ _ _ _ _ _ _ _ _ _ _ _ _ _ _ _ _ _ _ _ _ _ _ _ _ _ _ _ _ _ \n\nself = <selenium.webdriver.support.wait.WebDriverWait (session=\"4cab0c57cea88b2d2554b36e503fe664\")>\nmethod = <function element_to_be_clickable.<locals>._predicate at 0x000001E14697D2D0>, message = ''\n\n    def until(self, method, message: str = \"\"):\n        \"\"\"Calls the method provided with the driver as an argument until the \\\n        return value does not evaluate to ``False``.\n    \n        :param method: callable(WebDriver)\n        :param message: optional message for :exc:`TimeoutException`\n        :returns: the result of the last call to `method`\n        :raises: :exc:`selenium.common.exceptions.TimeoutException` if timeout occurs\n        \"\"\"\n        screen = None\n        stacktrace = None\n    \n        end_time = time.monotonic() + self._timeout\n        while True:\n            try:\n                value = method(self._driver)\n                if value:\n                    return value\n            except self._ignored_exceptions as exc:\n                screen = getattr(exc, \"screen\", None)\n                stacktrace = getattr(exc, \"stacktrace\", None)\n            time.sleep(self._poll)\n            if time.monotonic() > end_time:\n                break\n>       raise TimeoutException(message, screen, stacktrace)\nE       selenium.common.exceptions.TimeoutException: Message: \nE       Stacktrace:\nE       Backtrace:\nE       \tGetHandleVerifier [0x008FA813+48355]\nE       \t(No symbol) [0x0088C4B1]\nE       \t(No symbol) [0x00795358]\nE       \t(No symbol) [0x007C09A5]\nE       \t(No symbol) [0x007C0B3B]\nE       \t(No symbol) [0x007EE232]\nE       \t(No symbol) [0x007DA784]\nE       \t(No symbol) [0x007EC922]\nE       \t(No symbol) [0x007DA536]\nE       \t(No symbol) [0x007B82DC]\nE       \t(No symbol) [0x007B93DD]\nE       \tGetHandleVerifier [0x00B5AABD+2539405]\nE       \tGetHandleVerifier [0x00B9A78F+2800735]\nE       \tGetHandleVerifier [0x00B9456C+2775612]\nE       \tGetHandleVerifier [0x009851E0+616112]\nE       \t(No symbol) [0x00895F8C]\nE       \t(No symbol) [0x00892328]\nE       \t(No symbol) [0x0089240B]\nE       \t(No symbol) [0x00884FF7]\nE       \tBaseThreadInitThunk [0x759B00C9+25]\nE       \tRtlGetAppContainerNamedObjectPath [0x77B57B1E+286]\nE       \tRtlGetAppContainerNamedObjectPath [0x77B57AEE+238]\n\nvenv\\lib\\site-packages\\selenium\\webdriver\\support\\wait.py:95: TimeoutException"}, "steps": [{"name": "clicking to \"Login\" button", "status": "passed", "start": 1690178531129, "stop": 1690178533228}, {"name": "clicking to \"Login with password\" button", "status": "passed", "start": 1690178533228, "stop": 1690178533406}, {"name": "set up password", "status": "passed", "start": 1690178533807, "stop": 1690178534000}, {"name": "clicking to \"Authorize\" button", "status": "passed", "start": 1690178534000, "stop": 1690178534182}, {"name": "click to \"my balance\" in clients menu navigation", "status": "passed", "start": 1690178534183, "stop": 1690178538269}, {"name": "click to \"order session\" in the package", "status": "broken", "statusDetails": {"message": "selenium.common.exceptions.TimeoutException: Message: \nStacktrace:\nBacktrace:\n\tGetHandleVerifier [0x008FA813+48355]\n\t(No symbol) [0x0088C4B1]\n\t(No symbol) [0x00795358]\n\t(No symbol) [0x007C09A5]\n\t(No symbol) [0x007C0B3B]\n\t(No symbol) [0x007EE232]\n\t(No symbol) [0x007DA784]\n\t(No symbol) [0x007EC922]\n\t(No symbol) [0x007DA536]\n\t(No symbol) [0x007B82DC]\n\t(No symbol) [0x007B93DD]\n\tGetHandleVerifier [0x00B5AABD+2539405]\n\tGetHandleVerifier [0x00B9A78F+2800735]\n\tGetHandleVerifier [0x00B9456C+2775612]\n\tGetHandleVerifier [0x009851E0+616112]\n\t(No symbol) [0x00895F8C]\n\t(No symbol) [0x00892328]\n\t(No symbol) [0x0089240B]\n\t(No symbol) [0x00884FF7]\n\tBaseThreadInitThunk [0x759B00C9+25]\n\tRtlGetAppContainerNamedObjectPath [0x77B57B1E+286]\n\tRtlGetAppContainerNamedObjectPath [0x77B57AEE+238]\n\n", "trace": "  File \"C:\\Users\\Owner\\PycharmProjects\\LifeHelp\\venv\\lib\\site-packages\\allure_commons\\_allure.py\", line 192, in impl\n    return func(*a, **kw)\n  File \"C:\\Users\\Owner\\PycharmProjects\\LifeHelp\\pages\\authorization_page.py\", line 590, in click_to_order_session_package\n    self.to_click(AuthorizationLocators.ORDER_SESSION_IN_PACKAGE)\n  File \"C:\\Users\\Owner\\PycharmProjects\\LifeHelp\\base\\base_object.py\", line 17, in to_click\n    self.is_clickable(locator).click()\n  File \"C:\\Users\\Owner\\PycharmProjects\\LifeHelp\\base\\base_object.py\", line 14, in is_clickable\n    return self.wait.until(ec.element_to_be_clickable(locator))\n  File \"C:\\Users\\Owner\\PycharmProjects\\LifeHelp\\venv\\lib\\site-packages\\selenium\\webdriver\\support\\wait.py\", line 95, in until\n    raise TimeoutException(message, screen, stacktrace)\n"}, "start": 1690178538269, "stop": 1690178543516}], "start": 1690178531128, "stop": 1690178543518, "uuid": "3bf13650-f524-499f-be98-ff9c36f1e3b8", "historyId": "d07fd56f085475352fdd8a1a9c7fd74e", "testCaseId": "3b426889147c21f39513d8f7e95f6db8", "fullName": "tests.test_authorization#test_order_session_in_package_4", "labels": [{"name": "parentSuite", "value": "tests"}, {"name": "suite", "value": "test_authorization"}, {"name": "host", "value": "DESKTOP-MNCDD93"}, {"name": "thread", "value": "4020-MainThread"}, {"name": "framework", "value": "pytest"}, {"name": "language", "value": "cpython3"}, {"name": "package", "value": "tests.test_authorization"}]}