{"name": "test_client_second_session_order_prodamus", "status": "broken", "statusDetails": {"message": "selenium.common.exceptions.TimeoutException: Message: \nStacktrace:\nBacktrace:\n\tGetHandleVerifier [0x00C4A813+48355]\n\t(No symbol) [0x00BDC4B1]\n\t(No symbol) [0x00AE5358]\n\t(No symbol) [0x00B109A5]\n\t(No symbol) [0x00B10B3B]\n\t(No symbol) [0x00B3E232]\n\t(No symbol) [0x00B2A784]\n\t(No symbol) [0x00B3C922]\n\t(No symbol) [0x00B2A536]\n\t(No symbol) [0x00B082DC]\n\t(No symbol) [0x00B093DD]\n\tGetHandleVerifier [0x00EAAABD+2539405]\n\tGetHandleVerifier [0x00EEA78F+2800735]\n\tGetHandleVerifier [0x00EE456C+2775612]\n\tGetHandleVerifier [0x00CD51E0+616112]\n\t(No symbol) [0x00BE5F8C]\n\t(No symbol) [0x00BE2328]\n\t(No symbol) [0x00BE240B]\n\t(No symbol) [0x00BD4FF7]\n\tBaseThreadInitThunk [0x759B00C9+25]\n\tRtlGetAppContainerNamedObjectPath [0x77B57B1E+286]\n\tRtlGetAppContainerNamedObjectPath [0x77B57AEE+238]", "trace": "authorization_page = <pages.authorization_page.AuthorizationPage object at 0x000001B634C7E350>\n\n    def test_client_second_session_order_prodamus (authorization_page):\n        authorization_page.click_to_login_button()\n        authorization_page.click_to_login_w_password_button()\n        authorization_page.set_email_email()\n        authorization_page.set_password_pass()\n        authorization_page.click_to_authorize_button()\n        authorization_page.click_terminated_sessions_title()\n        authorization_page.click_order_session_again_button()\n        authorization_page.select_time_session_schedule_psychologist()\n        authorization_page.click_rapid_go_payment_btn()\n>       authorization_page.click_foreign_card_button_session()\n\ntests\\test_authorization.py:173: \n_ _ _ _ _ _ _ _ _ _ _ _ _ _ _ _ _ _ _ _ _ _ _ _ _ _ _ _ _ _ _ _ _ _ _ _ _ _ _ _ _ _ _ _ _ _ _ _ _ _ _ _ _ _ _ _ _ _ _ _ _ _ _ _ _ _ _ _ _ _ _ _ _ _ _ \npages\\authorization_page.py:248: in click_foreign_card_button_session\n    self.to_click(AuthorizationLocators.FOREIGN_CARD_SESSION)\nbase\\base_object.py:17: in to_click\n    self.is_clickable(locator).click()\nbase\\base_object.py:14: in is_clickable\n    return self.wait.until(ec.element_to_be_clickable(locator))\n_ _ _ _ _ _ _ _ _ _ _ _ _ _ _ _ _ _ _ _ _ _ _ _ _ _ _ _ _ _ _ _ _ _ _ _ _ _ _ _ _ _ _ _ _ _ _ _ _ _ _ _ _ _ _ _ _ _ _ _ _ _ _ _ _ _ _ _ _ _ _ _ _ _ _ \n\nself = <selenium.webdriver.support.wait.WebDriverWait (session=\"c382fd7532fe5e3cc30ff31927255bc3\")>\nmethod = <function element_to_be_clickable.<locals>._predicate at 0x000001B634BF2440>, message = ''\n\n    def until(self, method, message: str = \"\"):\n        \"\"\"Calls the method provided with the driver as an argument until the \\\n        return value does not evaluate to ``False``.\n    \n        :param method: callable(WebDriver)\n        :param message: optional message for :exc:`TimeoutException`\n        :returns: the result of the last call to `method`\n        :raises: :exc:`selenium.common.exceptions.TimeoutException` if timeout occurs\n        \"\"\"\n        screen = None\n        stacktrace = None\n    \n        end_time = time.monotonic() + self._timeout\n        while True:\n            try:\n                value = method(self._driver)\n                if value:\n                    return value\n            except self._ignored_exceptions as exc:\n                screen = getattr(exc, \"screen\", None)\n                stacktrace = getattr(exc, \"stacktrace\", None)\n            time.sleep(self._poll)\n            if time.monotonic() > end_time:\n                break\n>       raise TimeoutException(message, screen, stacktrace)\nE       selenium.common.exceptions.TimeoutException: Message: \nE       Stacktrace:\nE       Backtrace:\nE       \tGetHandleVerifier [0x00C4A813+48355]\nE       \t(No symbol) [0x00BDC4B1]\nE       \t(No symbol) [0x00AE5358]\nE       \t(No symbol) [0x00B109A5]\nE       \t(No symbol) [0x00B10B3B]\nE       \t(No symbol) [0x00B3E232]\nE       \t(No symbol) [0x00B2A784]\nE       \t(No symbol) [0x00B3C922]\nE       \t(No symbol) [0x00B2A536]\nE       \t(No symbol) [0x00B082DC]\nE       \t(No symbol) [0x00B093DD]\nE       \tGetHandleVerifier [0x00EAAABD+2539405]\nE       \tGetHandleVerifier [0x00EEA78F+2800735]\nE       \tGetHandleVerifier [0x00EE456C+2775612]\nE       \tGetHandleVerifier [0x00CD51E0+616112]\nE       \t(No symbol) [0x00BE5F8C]\nE       \t(No symbol) [0x00BE2328]\nE       \t(No symbol) [0x00BE240B]\nE       \t(No symbol) [0x00BD4FF7]\nE       \tBaseThreadInitThunk [0x759B00C9+25]\nE       \tRtlGetAppContainerNamedObjectPath [0x77B57B1E+286]\nE       \tRtlGetAppContainerNamedObjectPath [0x77B57AEE+238]\n\nvenv\\lib\\site-packages\\selenium\\webdriver\\support\\wait.py:95: TimeoutException"}, "steps": [{"name": "clicking to \"Login\" button", "status": "passed", "start": 1690256730237, "stop": 1690256734139}, {"name": "clicking to \"Login with password\" button", "status": "passed", "start": 1690256734140, "stop": 1690256734808}, {"name": "set up password", "status": "passed", "start": 1690256736178, "stop": 1690256736793}, {"name": "clicking to \"Authorize\" button", "status": "passed", "start": 1690256736793, "stop": 1690256737019}, {"name": "click terminated sessions title in client account", "status": "passed", "start": 1690256737019, "stop": 1690256739650}, {"name": "click order session again in client account", "status": "passed", "start": 1690256739650, "stop": 1690256740936}, {"name": "select the nearest time for second session", "status": "passed", "start": 1690256740937, "stop": 1690256741636}, {"name": "click to \"go to payment\" button", "status": "passed", "start": 1690256741636, "stop": 1690256743140}, {"name": "click to \"foreign card\" button", "status": "broken", "statusDetails": {"message": "selenium.common.exceptions.TimeoutException: Message: \nStacktrace:\nBacktrace:\n\tGetHandleVerifier [0x00C4A813+48355]\n\t(No symbol) [0x00BDC4B1]\n\t(No symbol) [0x00AE5358]\n\t(No symbol) [0x00B109A5]\n\t(No symbol) [0x00B10B3B]\n\t(No symbol) [0x00B3E232]\n\t(No symbol) [0x00B2A784]\n\t(No symbol) [0x00B3C922]\n\t(No symbol) [0x00B2A536]\n\t(No symbol) [0x00B082DC]\n\t(No symbol) [0x00B093DD]\n\tGetHandleVerifier [0x00EAAABD+2539405]\n\tGetHandleVerifier [0x00EEA78F+2800735]\n\tGetHandleVerifier [0x00EE456C+2775612]\n\tGetHandleVerifier [0x00CD51E0+616112]\n\t(No symbol) [0x00BE5F8C]\n\t(No symbol) [0x00BE2328]\n\t(No symbol) [0x00BE240B]\n\t(No symbol) [0x00BD4FF7]\n\tBaseThreadInitThunk [0x759B00C9+25]\n\tRtlGetAppContainerNamedObjectPath [0x77B57B1E+286]\n\tRtlGetAppContainerNamedObjectPath [0x77B57AEE+238]\n\n", "trace": "  File \"C:\\Users\\Owner\\PycharmProjects\\LifeHelp\\venv\\lib\\site-packages\\allure_commons\\_allure.py\", line 192, in impl\n    return func(*a, **kw)\n  File \"C:\\Users\\Owner\\PycharmProjects\\LifeHelp\\pages\\authorization_page.py\", line 248, in click_foreign_card_button_session\n    self.to_click(AuthorizationLocators.FOREIGN_CARD_SESSION)\n  File \"C:\\Users\\Owner\\PycharmProjects\\LifeHelp\\base\\base_object.py\", line 17, in to_click\n    self.is_clickable(locator).click()\n  File \"C:\\Users\\Owner\\PycharmProjects\\LifeHelp\\base\\base_object.py\", line 14, in is_clickable\n    return self.wait.until(ec.element_to_be_clickable(locator))\n  File \"C:\\Users\\Owner\\PycharmProjects\\LifeHelp\\venv\\lib\\site-packages\\selenium\\webdriver\\support\\wait.py\", line 95, in until\n    raise TimeoutException(message, screen, stacktrace)\n"}, "start": 1690256743140, "stop": 1690256748644}], "start": 1690256730237, "stop": 1690256748647, "uuid": "db59483b-e12e-4fc1-80dc-f49ab01e46f0", "historyId": "2f483f8bcc45a3cfdb54a41670501f68", "testCaseId": "dcef51c544ad4994c45baf222a5c534e", "fullName": "tests.test_authorization#test_client_second_session_order_prodamus", "labels": [{"name": "parentSuite", "value": "tests"}, {"name": "suite", "value": "test_authorization"}, {"name": "host", "value": "DESKTOP-MNCDD93"}, {"name": "thread", "value": "27048-MainThread"}, {"name": "framework", "value": "pytest"}, {"name": "language", "value": "cpython3"}, {"name": "package", "value": "tests.test_authorization"}]}