{"name": "test_client_second_session_order_tinkoff_kassa", "status": "broken", "statusDetails": {"message": "selenium.common.exceptions.TimeoutException: Message: \nStacktrace:\nBacktrace:\n\tGetHandleVerifier [0x00007FF76FD83E62+57250]\n\t(No symbol) [0x00007FF76FCFBC02]\n\t(No symbol) [0x00007FF76FBCE0BB]\n\t(No symbol) [0x00007FF76FC0765E]\n\t(No symbol) [0x00007FF76FC0774C]\n\t(No symbol) [0x00007FF76FC40267]\n\t(No symbol) [0x00007FF76FC267EF]\n\t(No symbol) [0x00007FF76FC3E312]\n\t(No symbol) [0x00007FF76FC26583]\n\t(No symbol) [0x00007FF76FBFCC71]\n\t(No symbol) [0x00007FF76FBFDE54]\n\tGetHandleVerifier [0x00007FF770034CF2+2879026]\n\tGetHandleVerifier [0x00007FF770086F30+3215472]\n\tGetHandleVerifier [0x00007FF77007FD4F+3186319]\n\tGetHandleVerifier [0x00007FF76FE15505+652869]\n\t(No symbol) [0x00007FF76FD07518]\n\t(No symbol) [0x00007FF76FD035F4]\n\t(No symbol) [0x00007FF76FD036EC]\n\t(No symbol) [0x00007FF76FCF38E3]\n\tBaseThreadInitThunk [0x00007FFF1B0A7614+20]\n\tRtlUserThreadStart [0x00007FFF1B8426B1+33]", "trace": "authorization_page = <pages.authorization_page.AuthorizationPage object at 0x000001F1A5020280>\n\n    def test_client_second_session_order_tinkoff_kassa (authorization_page):\n        authorization_page.click_to_login_button()\n        authorization_page.click_to_login_w_password_button()\n        authorization_page.set_phone_password_authorization()\n        authorization_page.set_password_pass()\n        authorization_page.click_to_authorize_button()\n        authorization_page.click_terminated_sessions_title()\n        authorization_page.click_order_session_again_button()\n        authorization_page.select_time_session_schedule_psychologist()\n        authorization_page.click_rapid_go_payment_btn()\n        authorization_page.click_card_rf_button_session()\n        authorization_page.click_pay_online_button_session()\n        authorization_page.click_no_continue_payment_button_order_page()\n>       authorization_page.verify_location_tinkoff_kassa_page()\n\ntests\\test_authorization.py:177: \n_ _ _ _ _ _ _ _ _ _ _ _ _ _ _ _ _ _ _ _ _ _ _ _ _ _ _ _ _ _ _ _ _ _ _ _ _ _ _ _ _ _ _ _ _ _ _ _ _ _ _ _ _ _ _ _ _ _ _ _ _ _ _ _ _ _ _ _ _ _ _ _ _ _ _ \npages\\authorization_page.py:261: in verify_location_tinkoff_kassa_page\n    actual_result = self.get_text_title_of_element(AuthorizationLocators.PAY_BY_CARD_TINKOFF_KASSA_PAGE)\nbase\\base_object.py:26: in get_text_title_of_element\n    return self.is_visible(locator).text\nbase\\base_object.py:11: in is_visible\n    return self.wait.until(ec.visibility_of_element_located(locator))\n_ _ _ _ _ _ _ _ _ _ _ _ _ _ _ _ _ _ _ _ _ _ _ _ _ _ _ _ _ _ _ _ _ _ _ _ _ _ _ _ _ _ _ _ _ _ _ _ _ _ _ _ _ _ _ _ _ _ _ _ _ _ _ _ _ _ _ _ _ _ _ _ _ _ _ \n\nself = <selenium.webdriver.support.wait.WebDriverWait (session=\"8d1e63b78127d68e42b5e1530e245642\")>\nmethod = <function visibility_of_element_located.<locals>._predicate at 0x000001F1A4988820>, message = ''\n\n    def until(self, method, message: str = \"\"):\n        \"\"\"Calls the method provided with the driver as an argument until the \\\n        return value does not evaluate to ``False``.\n    \n        :param method: callable(WebDriver)\n        :param message: optional message for :exc:`TimeoutException`\n        :returns: the result of the last call to `method`\n        :raises: :exc:`selenium.common.exceptions.TimeoutException` if timeout occurs\n        \"\"\"\n        screen = None\n        stacktrace = None\n    \n        end_time = time.monotonic() + self._timeout\n        while True:\n            try:\n                value = method(self._driver)\n                if value:\n                    return value\n            except self._ignored_exceptions as exc:\n                screen = getattr(exc, \"screen\", None)\n                stacktrace = getattr(exc, \"stacktrace\", None)\n            time.sleep(self._poll)\n            if time.monotonic() > end_time:\n                break\n>       raise TimeoutException(message, screen, stacktrace)\nE       selenium.common.exceptions.TimeoutException: Message: \nE       Stacktrace:\nE       Backtrace:\nE       \tGetHandleVerifier [0x00007FF76FD83E62+57250]\nE       \t(No symbol) [0x00007FF76FCFBC02]\nE       \t(No symbol) [0x00007FF76FBCE0BB]\nE       \t(No symbol) [0x00007FF76FC0765E]\nE       \t(No symbol) [0x00007FF76FC0774C]\nE       \t(No symbol) [0x00007FF76FC40267]\nE       \t(No symbol) [0x00007FF76FC267EF]\nE       \t(No symbol) [0x00007FF76FC3E312]\nE       \t(No symbol) [0x00007FF76FC26583]\nE       \t(No symbol) [0x00007FF76FBFCC71]\nE       \t(No symbol) [0x00007FF76FBFDE54]\nE       \tGetHandleVerifier [0x00007FF770034CF2+2879026]\nE       \tGetHandleVerifier [0x00007FF770086F30+3215472]\nE       \tGetHandleVerifier [0x00007FF77007FD4F+3186319]\nE       \tGetHandleVerifier [0x00007FF76FE15505+652869]\nE       \t(No symbol) [0x00007FF76FD07518]\nE       \t(No symbol) [0x00007FF76FD035F4]\nE       \t(No symbol) [0x00007FF76FD036EC]\nE       \t(No symbol) [0x00007FF76FCF38E3]\nE       \tBaseThreadInitThunk [0x00007FFF1B0A7614+20]\nE       \tRtlUserThreadStart [0x00007FFF1B8426B1+33]\n\nvenv\\lib\\site-packages\\selenium\\webdriver\\support\\wait.py:95: TimeoutException"}, "steps": [{"name": "clicking to \"Login\" button", "status": "passed", "start": 1691124967926, "stop": 1691124970726}, {"name": "clicking to \"Login with password\" button", "status": "passed", "start": 1691124970726, "stop": 1691124970994}, {"name": "set up password", "status": "passed", "start": 1691124971426, "stop": 1691124971725}, {"name": "clicking to \"Authorize\" button", "status": "passed", "start": 1691124971726, "stop": 1691124971937}, {"name": "click terminated sessions title in client account", "status": "passed", "start": 1691124971937, "stop": 1691124975372}, {"name": "click order session again in client account", "status": "passed", "start": 1691124975372, "stop": 1691124976875}, {"name": "select the nearest time for second session", "status": "passed", "start": 1691124976876, "stop": 1691124977967}, {"name": "click to \"go to payment\" button", "status": "passed", "start": 1691124977968, "stop": 1691124979951}, {"name": "click to \"card RF\" button", "status": "passed", "start": 1691124979952, "stop": 1691124980580}, {"name": "click to \"pay online\" green button", "status": "passed", "start": 1691124980581, "stop": 1691124980749}, {"name": "click to \"no, continue payment\" button to the question to see the package on the order page ", "status": "passed", "start": 1691124980749, "stop": 1691124981172}, {"name": "verify correct location on the tinkoff kassa page", "status": "broken", "statusDetails": {"message": "selenium.common.exceptions.TimeoutException: Message: \nStacktrace:\nBacktrace:\n\tGetHandleVerifier [0x00007FF76FD83E62+57250]\n\t(No symbol) [0x00007FF76FCFBC02]\n\t(No symbol) [0x00007FF76FBCE0BB]\n\t(No symbol) [0x00007FF76FC0765E]\n\t(No symbol) [0x00007FF76FC0774C]\n\t(No symbol) [0x00007FF76FC40267]\n\t(No symbol) [0x00007FF76FC267EF]\n\t(No symbol) [0x00007FF76FC3E312]\n\t(No symbol) [0x00007FF76FC26583]\n\t(No symbol) [0x00007FF76FBFCC71]\n\t(No symbol) [0x00007FF76FBFDE54]\n\tGetHandleVerifier [0x00007FF770034CF2+2879026]\n\tGetHandleVerifier [0x00007FF770086F30+3215472]\n\tGetHandleVerifier [0x00007FF77007FD4F+3186319]\n\tGetHandleVerifier [0x00007FF76FE15505+652869]\n\t(No symbol) [0x00007FF76FD07518]\n\t(No symbol) [0x00007FF76FD035F4]\n\t(No symbol) [0x00007FF76FD036EC]\n\t(No symbol) [0x00007FF76FCF38E3]\n\tBaseThreadInitThunk [0x00007FFF1B0A7614+20]\n\tRtlUserThreadStart [0x00007FFF1B8426B1+33]\n\n", "trace": "  File \"C:\\Users\\Owner\\PycharmProjects\\LifeHelp\\venv\\lib\\site-packages\\allure_commons\\_allure.py\", line 192, in impl\n    return func(*a, **kw)\n  File \"C:\\Users\\Owner\\PycharmProjects\\LifeHelp\\pages\\authorization_page.py\", line 261, in verify_location_tinkoff_kassa_page\n    actual_result = self.get_text_title_of_element(AuthorizationLocators.PAY_BY_CARD_TINKOFF_KASSA_PAGE)\n  File \"C:\\Users\\Owner\\PycharmProjects\\LifeHelp\\base\\base_object.py\", line 26, in get_text_title_of_element\n    return self.is_visible(locator).text\n  File \"C:\\Users\\Owner\\PycharmProjects\\LifeHelp\\base\\base_object.py\", line 11, in is_visible\n    return self.wait.until(ec.visibility_of_element_located(locator))\n  File \"C:\\Users\\Owner\\PycharmProjects\\LifeHelp\\venv\\lib\\site-packages\\selenium\\webdriver\\support\\wait.py\", line 95, in until\n    raise TimeoutException(message, screen, stacktrace)\n"}, "start": 1691124981172, "stop": 1691124986341}], "start": 1691124967926, "stop": 1691124986379, "uuid": "0f3520e1-fe24-4670-b335-b80acd738d85", "historyId": "aa3d47b04c17e5c23096a548d8892486", "testCaseId": "11c07a0475d53b48b14b696986baaec6", "fullName": "tests.test_authorization#test_client_second_session_order_tinkoff_kassa", "labels": [{"name": "parentSuite", "value": "tests"}, {"name": "suite", "value": "test_authorization"}, {"name": "host", "value": "DESKTOP-MNCDD93"}, {"name": "thread", "value": "4216-MainThread"}, {"name": "framework", "value": "pytest"}, {"name": "language", "value": "cpython3"}, {"name": "package", "value": "tests.test_authorization"}]}