{"name": "test_order_session_in_package_4", "status": "broken", "statusDetails": {"message": "selenium.common.exceptions.TimeoutException: Message: \nStacktrace:\nBacktrace:\n\tGetHandleVerifier [0x00007FF7A2363E62+57250]\n\t(No symbol) [0x00007FF7A22DBC02]\n\t(No symbol) [0x00007FF7A21AE0BB]\n\t(No symbol) [0x00007FF7A21E765E]\n\t(No symbol) [0x00007FF7A21E774C]\n\t(No symbol) [0x00007FF7A2220267]\n\t(No symbol) [0x00007FF7A22067EF]\n\t(No symbol) [0x00007FF7A221E312]\n\t(No symbol) [0x00007FF7A2206583]\n\t(No symbol) [0x00007FF7A21DCC71]\n\t(No symbol) [0x00007FF7A21DDE54]\n\tGetHandleVerifier [0x00007FF7A2614CF2+2879026]\n\tGetHandleVerifier [0x00007FF7A2666F30+3215472]\n\tGetHandleVerifier [0x00007FF7A265FD4F+3186319]\n\tGetHandleVerifier [0x00007FF7A23F5505+652869]\n\t(No symbol) [0x00007FF7A22E7518]\n\t(No symbol) [0x00007FF7A22E35F4]\n\t(No symbol) [0x00007FF7A22E36EC]\n\t(No symbol) [0x00007FF7A22D38E3]\n\tBaseThreadInitThunk [0x00007FFE057C7614+20]\n\tRtlUserThreadStart [0x00007FFE061626B1+33]", "trace": "authorization_page = <pages.authorization_page.AuthorizationPage object at 0x0000017277E4E320>\n\n    def test_order_session_in_package_4(authorization_page):\n>       authorization_page.click_to_login_button()\n\ntests\\test_authorization.py:454: \n_ _ _ _ _ _ _ _ _ _ _ _ _ _ _ _ _ _ _ _ _ _ _ _ _ _ _ _ _ _ _ _ _ _ _ _ _ _ _ _ _ _ _ _ _ _ _ _ _ _ _ _ _ _ _ _ _ _ _ _ _ _ _ _ _ _ _ _ _ _ _ _ _ _ _ \npages\\authorization_page.py:21: in click_to_login_button\n    self.to_click(AuthorizationLocators.LOGIN_BUTTON)\nbase\\base_object.py:17: in to_click\n    self.is_clickable(locator).click()\nbase\\base_object.py:14: in is_clickable\n    return self.wait.until(ec.element_to_be_clickable(locator))\n_ _ _ _ _ _ _ _ _ _ _ _ _ _ _ _ _ _ _ _ _ _ _ _ _ _ _ _ _ _ _ _ _ _ _ _ _ _ _ _ _ _ _ _ _ _ _ _ _ _ _ _ _ _ _ _ _ _ _ _ _ _ _ _ _ _ _ _ _ _ _ _ _ _ _ \n\nself = <selenium.webdriver.support.wait.WebDriverWait (session=\"e6a068917cef74c8ff7ec908f4778ec8\")>\nmethod = <function element_to_be_clickable.<locals>._predicate at 0x0000017277D3E5F0>, message = ''\n\n    def until(self, method, message: str = \"\"):\n        \"\"\"Calls the method provided with the driver as an argument until the \\\n        return value does not evaluate to ``False``.\n    \n        :param method: callable(WebDriver)\n        :param message: optional message for :exc:`TimeoutException`\n        :returns: the result of the last call to `method`\n        :raises: :exc:`selenium.common.exceptions.TimeoutException` if timeout occurs\n        \"\"\"\n        screen = None\n        stacktrace = None\n    \n        end_time = time.monotonic() + self._timeout\n        while True:\n            try:\n                value = method(self._driver)\n                if value:\n                    return value\n            except self._ignored_exceptions as exc:\n                screen = getattr(exc, \"screen\", None)\n                stacktrace = getattr(exc, \"stacktrace\", None)\n            time.sleep(self._poll)\n            if time.monotonic() > end_time:\n                break\n>       raise TimeoutException(message, screen, stacktrace)\nE       selenium.common.exceptions.TimeoutException: Message: \nE       Stacktrace:\nE       Backtrace:\nE       \tGetHandleVerifier [0x00007FF7A2363E62+57250]\nE       \t(No symbol) [0x00007FF7A22DBC02]\nE       \t(No symbol) [0x00007FF7A21AE0BB]\nE       \t(No symbol) [0x00007FF7A21E765E]\nE       \t(No symbol) [0x00007FF7A21E774C]\nE       \t(No symbol) [0x00007FF7A2220267]\nE       \t(No symbol) [0x00007FF7A22067EF]\nE       \t(No symbol) [0x00007FF7A221E312]\nE       \t(No symbol) [0x00007FF7A2206583]\nE       \t(No symbol) [0x00007FF7A21DCC71]\nE       \t(No symbol) [0x00007FF7A21DDE54]\nE       \tGetHandleVerifier [0x00007FF7A2614CF2+2879026]\nE       \tGetHandleVerifier [0x00007FF7A2666F30+3215472]\nE       \tGetHandleVerifier [0x00007FF7A265FD4F+3186319]\nE       \tGetHandleVerifier [0x00007FF7A23F5505+652869]\nE       \t(No symbol) [0x00007FF7A22E7518]\nE       \t(No symbol) [0x00007FF7A22E35F4]\nE       \t(No symbol) [0x00007FF7A22E36EC]\nE       \t(No symbol) [0x00007FF7A22D38E3]\nE       \tBaseThreadInitThunk [0x00007FFE057C7614+20]\nE       \tRtlUserThreadStart [0x00007FFE061626B1+33]\n\nvenv\\lib\\site-packages\\selenium\\webdriver\\support\\wait.py:95: TimeoutException"}, "steps": [{"name": "clicking to \"Login\" button", "status": "broken", "statusDetails": {"message": "selenium.common.exceptions.TimeoutException: Message: \nStacktrace:\nBacktrace:\n\tGetHandleVerifier [0x00007FF7A2363E62+57250]\n\t(No symbol) [0x00007FF7A22DBC02]\n\t(No symbol) [0x00007FF7A21AE0BB]\n\t(No symbol) [0x00007FF7A21E765E]\n\t(No symbol) [0x00007FF7A21E774C]\n\t(No symbol) [0x00007FF7A2220267]\n\t(No symbol) [0x00007FF7A22067EF]\n\t(No symbol) [0x00007FF7A221E312]\n\t(No symbol) [0x00007FF7A2206583]\n\t(No symbol) [0x00007FF7A21DCC71]\n\t(No symbol) [0x00007FF7A21DDE54]\n\tGetHandleVerifier [0x00007FF7A2614CF2+2879026]\n\tGetHandleVerifier [0x00007FF7A2666F30+3215472]\n\tGetHandleVerifier [0x00007FF7A265FD4F+3186319]\n\tGetHandleVerifier [0x00007FF7A23F5505+652869]\n\t(No symbol) [0x00007FF7A22E7518]\n\t(No symbol) [0x00007FF7A22E35F4]\n\t(No symbol) [0x00007FF7A22E36EC]\n\t(No symbol) [0x00007FF7A22D38E3]\n\tBaseThreadInitThunk [0x00007FFE057C7614+20]\n\tRtlUserThreadStart [0x00007FFE061626B1+33]\n\n", "trace": "  File \"C:\\Users\\Owner\\PycharmProjects\\LifeHelp\\venv\\lib\\site-packages\\allure_commons\\_allure.py\", line 192, in impl\n    return func(*a, **kw)\n  File \"C:\\Users\\Owner\\PycharmProjects\\LifeHelp\\pages\\authorization_page.py\", line 21, in click_to_login_button\n    self.to_click(AuthorizationLocators.LOGIN_BUTTON)\n  File \"C:\\Users\\Owner\\PycharmProjects\\LifeHelp\\base\\base_object.py\", line 17, in to_click\n    self.is_clickable(locator).click()\n  File \"C:\\Users\\Owner\\PycharmProjects\\LifeHelp\\base\\base_object.py\", line 14, in is_clickable\n    return self.wait.until(ec.element_to_be_clickable(locator))\n  File \"C:\\Users\\Owner\\PycharmProjects\\LifeHelp\\venv\\lib\\site-packages\\selenium\\webdriver\\support\\wait.py\", line 95, in until\n    raise TimeoutException(message, screen, stacktrace)\n"}, "start": 1692163609201, "stop": 1692163614580}], "start": 1692163609200, "stop": 1692163614595, "uuid": "9a9d45c5-fa2b-4f9a-b314-a9d5fa875329", "historyId": "d07fd56f085475352fdd8a1a9c7fd74e", "testCaseId": "3b426889147c21f39513d8f7e95f6db8", "fullName": "tests.test_authorization#test_order_session_in_package_4", "labels": [{"name": "parentSuite", "value": "tests"}, {"name": "suite", "value": "test_authorization"}, {"name": "host", "value": "DESKTOP-MNCDD93"}, {"name": "thread", "value": "23580-MainThread"}, {"name": "framework", "value": "pytest"}, {"name": "language", "value": "cpython3"}, {"name": "package", "value": "tests.test_authorization"}]}