{"name": "test_client_second_session_order_prodamus", "status": "broken", "statusDetails": {"message": "selenium.common.exceptions.TimeoutException: Message: \nStacktrace:\nBacktrace:\n\tGetHandleVerifier [0x00007FF79A643E62+57250]\n\t(No symbol) [0x00007FF79A5BBC02]\n\t(No symbol) [0x00007FF79A48E0BB]\n\t(No symbol) [0x00007FF79A4C765E]\n\t(No symbol) [0x00007FF79A4C774C]\n\t(No symbol) [0x00007FF79A500267]\n\t(No symbol) [0x00007FF79A4E67EF]\n\t(No symbol) [0x00007FF79A4FE312]\n\t(No symbol) [0x00007FF79A4E6583]\n\t(No symbol) [0x00007FF79A4BCC71]\n\t(No symbol) [0x00007FF79A4BDE54]\n\tGetHandleVerifier [0x00007FF79A8F4CF2+2879026]\n\tGetHandleVerifier [0x00007FF79A946F30+3215472]\n\tGetHandleVerifier [0x00007FF79A93FD4F+3186319]\n\tGetHandleVerifier [0x00007FF79A6D5505+652869]\n\t(No symbol) [0x00007FF79A5C7518]\n\t(No symbol) [0x00007FF79A5C35F4]\n\t(No symbol) [0x00007FF79A5C36EC]\n\t(No symbol) [0x00007FF79A5B38E3]\n\tBaseThreadInitThunk [0x00007FFF1B0A7614+20]\n\tRtlUserThreadStart [0x00007FFF1B8426B1+33]", "trace": "authorization_page = <pages.authorization_page.AuthorizationPage object at 0x0000026DF62AE6B0>\n\n    def test_client_second_session_order_prodamus (authorization_page):\n        authorization_page.click_to_login_button()\n        authorization_page.click_to_login_w_password_button()\n        authorization_page.set_phone_password_authorization()\n        authorization_page.set_password_pass()\n        authorization_page.click_to_authorize_button()\n        authorization_page.click_terminated_sessions_title()\n        authorization_page.click_order_session_again_button()\n        authorization_page.select_time_session_schedule_psychologist()\n        authorization_page.click_rapid_go_payment_btn()\n        authorization_page.click_foreign_card_button_session()\n        authorization_page.click_pay_online_button_session()\n        authorization_page.click_no_continue_payment_button_order_page()\n>       authorization_page.verify_whatsapp_care_page()\n\ntests\\test_authorization.py:194: \n_ _ _ _ _ _ _ _ _ _ _ _ _ _ _ _ _ _ _ _ _ _ _ _ _ _ _ _ _ _ _ _ _ _ _ _ _ _ _ _ _ _ _ _ _ _ _ _ _ _ _ _ _ _ _ _ _ _ _ _ _ _ _ _ _ _ _ _ _ _ _ _ _ _ _ \npages\\authorization_page.py:455: in verify_whatsapp_care_page\n    actual_result = self.is_visible(AuthorizationLocators.WHATSAPP_PAGE_HEADER).get_attribute('src')\nbase\\base_object.py:11: in is_visible\n    return self.wait.until(ec.visibility_of_element_located(locator))\n_ _ _ _ _ _ _ _ _ _ _ _ _ _ _ _ _ _ _ _ _ _ _ _ _ _ _ _ _ _ _ _ _ _ _ _ _ _ _ _ _ _ _ _ _ _ _ _ _ _ _ _ _ _ _ _ _ _ _ _ _ _ _ _ _ _ _ _ _ _ _ _ _ _ _ \n\nself = <selenium.webdriver.support.wait.WebDriverWait (session=\"e78cddc3bbb1d90c68274e2dc41f786b\")>\nmethod = <function visibility_of_element_located.<locals>._predicate at 0x0000026DF59BFD90>, message = ''\n\n    def until(self, method, message: str = \"\"):\n        \"\"\"Calls the method provided with the driver as an argument until the \\\n        return value does not evaluate to ``False``.\n    \n        :param method: callable(WebDriver)\n        :param message: optional message for :exc:`TimeoutException`\n        :returns: the result of the last call to `method`\n        :raises: :exc:`selenium.common.exceptions.TimeoutException` if timeout occurs\n        \"\"\"\n        screen = None\n        stacktrace = None\n    \n        end_time = time.monotonic() + self._timeout\n        while True:\n            try:\n                value = method(self._driver)\n                if value:\n                    return value\n            except self._ignored_exceptions as exc:\n                screen = getattr(exc, \"screen\", None)\n                stacktrace = getattr(exc, \"stacktrace\", None)\n            time.sleep(self._poll)\n            if time.monotonic() > end_time:\n                break\n>       raise TimeoutException(message, screen, stacktrace)\nE       selenium.common.exceptions.TimeoutException: Message: \nE       Stacktrace:\nE       Backtrace:\nE       \tGetHandleVerifier [0x00007FF79A643E62+57250]\nE       \t(No symbol) [0x00007FF79A5BBC02]\nE       \t(No symbol) [0x00007FF79A48E0BB]\nE       \t(No symbol) [0x00007FF79A4C765E]\nE       \t(No symbol) [0x00007FF79A4C774C]\nE       \t(No symbol) [0x00007FF79A500267]\nE       \t(No symbol) [0x00007FF79A4E67EF]\nE       \t(No symbol) [0x00007FF79A4FE312]\nE       \t(No symbol) [0x00007FF79A4E6583]\nE       \t(No symbol) [0x00007FF79A4BCC71]\nE       \t(No symbol) [0x00007FF79A4BDE54]\nE       \tGetHandleVerifier [0x00007FF79A8F4CF2+2879026]\nE       \tGetHandleVerifier [0x00007FF79A946F30+3215472]\nE       \tGetHandleVerifier [0x00007FF79A93FD4F+3186319]\nE       \tGetHandleVerifier [0x00007FF79A6D5505+652869]\nE       \t(No symbol) [0x00007FF79A5C7518]\nE       \t(No symbol) [0x00007FF79A5C35F4]\nE       \t(No symbol) [0x00007FF79A5C36EC]\nE       \t(No symbol) [0x00007FF79A5B38E3]\nE       \tBaseThreadInitThunk [0x00007FFF1B0A7614+20]\nE       \tRtlUserThreadStart [0x00007FFF1B8426B1+33]\n\nvenv\\lib\\site-packages\\selenium\\webdriver\\support\\wait.py:95: TimeoutException"}, "steps": [{"name": "clicking to \"Login\" button", "status": "passed", "start": 1690952184230, "stop": 1690952188334}, {"name": "clicking to \"Login with password\" button", "status": "passed", "start": 1690952188334, "stop": 1690952188795}, {"name": "set up password", "status": "passed", "start": 1690952189319, "stop": 1690952189648}, {"name": "clicking to \"Authorize\" button", "status": "passed", "start": 1690952189648, "stop": 1690952189819}, {"name": "click terminated sessions title in client account", "status": "passed", "start": 1690952189819, "stop": 1690952193717}, {"name": "click order session again in client account", "status": "passed", "start": 1690952193718, "stop": 1690952196099}, {"name": "select the nearest time for second session", "status": "passed", "start": 1690952196099, "stop": 1690952197126}, {"name": "click to \"go to payment\" button", "status": "passed", "start": 1690952197126, "stop": 1690952199929}, {"name": "click to \"foreign card\" button", "status": "passed", "start": 1690952199929, "stop": 1690952200360}, {"name": "click to \"pay online\" green button", "status": "passed", "start": 1690952200360, "stop": 1690952200928}, {"name": "click to \"no, continue payment\" button to the question to see the package on the order page ", "status": "passed", "start": 1690952200928, "stop": 1690952201876}, {"name": "verify url of whatsapp care page", "status": "broken", "statusDetails": {"message": "selenium.common.exceptions.TimeoutException: Message: \nStacktrace:\nBacktrace:\n\tGetHandleVerifier [0x00007FF79A643E62+57250]\n\t(No symbol) [0x00007FF79A5BBC02]\n\t(No symbol) [0x00007FF79A48E0BB]\n\t(No symbol) [0x00007FF79A4C765E]\n\t(No symbol) [0x00007FF79A4C774C]\n\t(No symbol) [0x00007FF79A500267]\n\t(No symbol) [0x00007FF79A4E67EF]\n\t(No symbol) [0x00007FF79A4FE312]\n\t(No symbol) [0x00007FF79A4E6583]\n\t(No symbol) [0x00007FF79A4BCC71]\n\t(No symbol) [0x00007FF79A4BDE54]\n\tGetHandleVerifier [0x00007FF79A8F4CF2+2879026]\n\tGetHandleVerifier [0x00007FF79A946F30+3215472]\n\tGetHandleVerifier [0x00007FF79A93FD4F+3186319]\n\tGetHandleVerifier [0x00007FF79A6D5505+652869]\n\t(No symbol) [0x00007FF79A5C7518]\n\t(No symbol) [0x00007FF79A5C35F4]\n\t(No symbol) [0x00007FF79A5C36EC]\n\t(No symbol) [0x00007FF79A5B38E3]\n\tBaseThreadInitThunk [0x00007FFF1B0A7614+20]\n\tRtlUserThreadStart [0x00007FFF1B8426B1+33]\n\n", "trace": "  File \"C:\\Users\\Owner\\PycharmProjects\\LifeHelp\\venv\\lib\\site-packages\\allure_commons\\_allure.py\", line 192, in impl\n    return func(*a, **kw)\n  File \"C:\\Users\\Owner\\PycharmProjects\\LifeHelp\\pages\\authorization_page.py\", line 455, in verify_whatsapp_care_page\n    actual_result = self.is_visible(AuthorizationLocators.WHATSAPP_PAGE_HEADER).get_attribute('src')\n  File \"C:\\Users\\Owner\\PycharmProjects\\LifeHelp\\base\\base_object.py\", line 11, in is_visible\n    return self.wait.until(ec.visibility_of_element_located(locator))\n  File \"C:\\Users\\Owner\\PycharmProjects\\LifeHelp\\venv\\lib\\site-packages\\selenium\\webdriver\\support\\wait.py\", line 95, in until\n    raise TimeoutException(message, screen, stacktrace)\n"}, "start": 1690952201877, "stop": 1690952208880}], "start": 1690952184230, "stop": 1690952208881, "uuid": "c0831c79-7fc3-405b-bec2-ec327cc145e6", "historyId": "2f483f8bcc45a3cfdb54a41670501f68", "testCaseId": "dcef51c544ad4994c45baf222a5c534e", "fullName": "tests.test_authorization#test_client_second_session_order_prodamus", "labels": [{"name": "parentSuite", "value": "tests"}, {"name": "suite", "value": "test_authorization"}, {"name": "host", "value": "DESKTOP-MNCDD93"}, {"name": "thread", "value": "18012-MainThread"}, {"name": "framework", "value": "pytest"}, {"name": "language", "value": "cpython3"}, {"name": "package", "value": "tests.test_authorization"}]}