{"name": "test_questionnaire_stress_Kapu", "status": "broken", "statusDetails": {"message": "selenium.common.exceptions.TimeoutException: Message: \nStacktrace:\nBacktrace:\n\tGetHandleVerifier [0x00007FF603693E62+57250]\n\t(No symbol) [0x00007FF60360BC02]\n\t(No symbol) [0x00007FF6034DE0BB]\n\t(No symbol) [0x00007FF60351765E]\n\t(No symbol) [0x00007FF60351774C]\n\t(No symbol) [0x00007FF603550267]\n\t(No symbol) [0x00007FF6035367EF]\n\t(No symbol) [0x00007FF60354E312]\n\t(No symbol) [0x00007FF603536583]\n\t(No symbol) [0x00007FF60350CC71]\n\t(No symbol) [0x00007FF60350DE54]\n\tGetHandleVerifier [0x00007FF603944CF2+2879026]\n\tGetHandleVerifier [0x00007FF603996F30+3215472]\n\tGetHandleVerifier [0x00007FF60398FD4F+3186319]\n\tGetHandleVerifier [0x00007FF603725505+652869]\n\t(No symbol) [0x00007FF603617518]\n\t(No symbol) [0x00007FF6036135F4]\n\t(No symbol) [0x00007FF6036136EC]\n\t(No symbol) [0x00007FF6036038E3]\n\tBaseThreadInitThunk [0x00007FFE057C7614+20]\n\tRtlUserThreadStart [0x00007FFE061626B1+33]", "trace": "authorization_page = <pages.authorization_page.AuthorizationPage object at 0x0000022B6D433A00>\n\n    def test_questionnaire_stress_Kapu(authorization_page):\n        authorization_page.click_get_psychologist_btn()\n        authorization_page.set_age_field_questionnaire()\n        authorization_page.click_personal_questions_title()\n        authorization_page.select_stress_questionnaire()\n        authorization_page.click_psychologist_preferences_title_questionnaire()\n        authorization_page.click_age_over_30_questionnaire()\n        authorization_page.click_select_psychologist_title_questionnaire()\n>       authorization_page.verify_presence_anna_kapu_choose_specialist()\n\ntests\\test_authorization.py:211: \n_ _ _ _ _ _ _ _ _ _ _ _ _ _ _ _ _ _ _ _ _ _ _ _ _ _ _ _ _ _ _ _ _ _ _ _ _ _ _ _ _ _ _ _ _ _ _ _ _ _ _ _ _ _ _ _ _ _ _ _ _ _ _ _ _ _ _ _ _ _ _ _ _ _ _ \npages\\authorization_page.py:325: in verify_presence_anna_kapu_choose_specialist\n    actual_result = self.get_text_title_of_element(AuthorizationLocators.ANNA_KAPU_TITLE_CHOOSE_DOCTOR_LIST)\nbase\\base_object.py:26: in get_text_title_of_element\n    return self.is_visible(locator).text\nbase\\base_object.py:11: in is_visible\n    return self.wait.until(ec.visibility_of_element_located(locator))\n_ _ _ _ _ _ _ _ _ _ _ _ _ _ _ _ _ _ _ _ _ _ _ _ _ _ _ _ _ _ _ _ _ _ _ _ _ _ _ _ _ _ _ _ _ _ _ _ _ _ _ _ _ _ _ _ _ _ _ _ _ _ _ _ _ _ _ _ _ _ _ _ _ _ _ \n\nself = <selenium.webdriver.support.wait.WebDriverWait (session=\"853b27e133dd5092aca0dbc00d4cddb6\")>\nmethod = <function visibility_of_element_located.<locals>._predicate at 0x0000022B6CB3F9A0>, message = ''\n\n    def until(self, method, message: str = \"\"):\n        \"\"\"Calls the method provided with the driver as an argument until the \\\n        return value does not evaluate to ``False``.\n    \n        :param method: callable(WebDriver)\n        :param message: optional message for :exc:`TimeoutException`\n        :returns: the result of the last call to `method`\n        :raises: :exc:`selenium.common.exceptions.TimeoutException` if timeout occurs\n        \"\"\"\n        screen = None\n        stacktrace = None\n    \n        end_time = time.monotonic() + self._timeout\n        while True:\n            try:\n                value = method(self._driver)\n                if value:\n                    return value\n            except self._ignored_exceptions as exc:\n                screen = getattr(exc, \"screen\", None)\n                stacktrace = getattr(exc, \"stacktrace\", None)\n            time.sleep(self._poll)\n            if time.monotonic() > end_time:\n                break\n>       raise TimeoutException(message, screen, stacktrace)\nE       selenium.common.exceptions.TimeoutException: Message: \nE       Stacktrace:\nE       Backtrace:\nE       \tGetHandleVerifier [0x00007FF603693E62+57250]\nE       \t(No symbol) [0x00007FF60360BC02]\nE       \t(No symbol) [0x00007FF6034DE0BB]\nE       \t(No symbol) [0x00007FF60351765E]\nE       \t(No symbol) [0x00007FF60351774C]\nE       \t(No symbol) [0x00007FF603550267]\nE       \t(No symbol) [0x00007FF6035367EF]\nE       \t(No symbol) [0x00007FF60354E312]\nE       \t(No symbol) [0x00007FF603536583]\nE       \t(No symbol) [0x00007FF60350CC71]\nE       \t(No symbol) [0x00007FF60350DE54]\nE       \tGetHandleVerifier [0x00007FF603944CF2+2879026]\nE       \tGetHandleVerifier [0x00007FF603996F30+3215472]\nE       \tGetHandleVerifier [0x00007FF60398FD4F+3186319]\nE       \tGetHandleVerifier [0x00007FF603725505+652869]\nE       \t(No symbol) [0x00007FF603617518]\nE       \t(No symbol) [0x00007FF6036135F4]\nE       \t(No symbol) [0x00007FF6036136EC]\nE       \t(No symbol) [0x00007FF6036038E3]\nE       \tBaseThreadInitThunk [0x00007FFE057C7614+20]\nE       \tRtlUserThreadStart [0x00007FFE061626B1+33]\n\nvenv\\lib\\site-packages\\selenium\\webdriver\\support\\wait.py:95: TimeoutException"}, "steps": [{"name": "click to \"get psychologist\" button", "status": "passed", "start": 1691992208577, "stop": 1691992210973}, {"name": "set age in questionnaire", "status": "passed", "start": 1691992210973, "stop": 1691992211311}, {"name": "click to \"get psychologist\" button", "status": "passed", "start": 1691992211311, "stop": 1691992211520}, {"name": "select \"Stress\" in questionnaire", "status": "passed", "start": 1691992211521, "stop": 1691992213289}, {"name": "click \"Psychologist preferences\" title in questionnaire", "status": "passed", "start": 1691992213289, "stop": 1691992213524}, {"name": "click \"age over 30\" button in questionnaire", "status": "passed", "start": 1691992213524, "stop": 1691992215718}, {"name": "click \"Select psychologist\" title in questionnaire", "status": "passed", "start": 1691992215718, "stop": 1691992216050}, {"name": "verify presence of Anna Kapu among \"choose specialist\" list", "status": "broken", "statusDetails": {"message": "selenium.common.exceptions.TimeoutException: Message: \nStacktrace:\nBacktrace:\n\tGetHandleVerifier [0x00007FF603693E62+57250]\n\t(No symbol) [0x00007FF60360BC02]\n\t(No symbol) [0x00007FF6034DE0BB]\n\t(No symbol) [0x00007FF60351765E]\n\t(No symbol) [0x00007FF60351774C]\n\t(No symbol) [0x00007FF603550267]\n\t(No symbol) [0x00007FF6035367EF]\n\t(No symbol) [0x00007FF60354E312]\n\t(No symbol) [0x00007FF603536583]\n\t(No symbol) [0x00007FF60350CC71]\n\t(No symbol) [0x00007FF60350DE54]\n\tGetHandleVerifier [0x00007FF603944CF2+2879026]\n\tGetHandleVerifier [0x00007FF603996F30+3215472]\n\tGetHandleVerifier [0x00007FF60398FD4F+3186319]\n\tGetHandleVerifier [0x00007FF603725505+652869]\n\t(No symbol) [0x00007FF603617518]\n\t(No symbol) [0x00007FF6036135F4]\n\t(No symbol) [0x00007FF6036136EC]\n\t(No symbol) [0x00007FF6036038E3]\n\tBaseThreadInitThunk [0x00007FFE057C7614+20]\n\tRtlUserThreadStart [0x00007FFE061626B1+33]\n\n", "trace": "  File \"C:\\Users\\Owner\\PycharmProjects\\LifeHelp\\venv\\lib\\site-packages\\allure_commons\\_allure.py\", line 192, in impl\n    return func(*a, **kw)\n  File \"C:\\Users\\Owner\\PycharmProjects\\LifeHelp\\pages\\authorization_page.py\", line 325, in verify_presence_anna_kapu_choose_specialist\n    actual_result = self.get_text_title_of_element(AuthorizationLocators.ANNA_KAPU_TITLE_CHOOSE_DOCTOR_LIST)\n  File \"C:\\Users\\Owner\\PycharmProjects\\LifeHelp\\base\\base_object.py\", line 26, in get_text_title_of_element\n    return self.is_visible(locator).text\n  File \"C:\\Users\\Owner\\PycharmProjects\\LifeHelp\\base\\base_object.py\", line 11, in is_visible\n    return self.wait.until(ec.visibility_of_element_located(locator))\n  File \"C:\\Users\\Owner\\PycharmProjects\\LifeHelp\\venv\\lib\\site-packages\\selenium\\webdriver\\support\\wait.py\", line 95, in until\n    raise TimeoutException(message, screen, stacktrace)\n"}, "start": 1691992216050, "stop": 1691992221534}], "start": 1691992208576, "stop": 1691992221549, "uuid": "a5a483b6-3134-4ec2-952f-b92cc8e4c6bf", "historyId": "dbb646e3d289c66be12c8a34af359f14", "testCaseId": "ba966992c6c0672ea701d38bc2f79cb4", "fullName": "tests.test_authorization#test_questionnaire_stress_Kapu", "labels": [{"name": "parentSuite", "value": "tests"}, {"name": "suite", "value": "test_authorization"}, {"name": "host", "value": "DESKTOP-MNCDD93"}, {"name": "thread", "value": "6772-MainThread"}, {"name": "framework", "value": "pytest"}, {"name": "language", "value": "cpython3"}, {"name": "package", "value": "tests.test_authorization"}]}